#Subprocess 1 (u,D -> ne,E,b,B)
 Cross section [pb] = 3.4596e-01 +/- 1.41e-03 (Nevnt = 48366)
#Subprocess 2 (u,D -> nm,M,b,B)
 Cross section [pb] = 3.4596e-01 +/- 1.41e-03 (Nevnt = 48366)
#Subprocess 3 (u,D -> nl,L,b,B)
 Cross section [pb] = 3.4571e-01 +/- 1.41e-03 (Nevnt = 48330)
#Subprocess 4 (u,S -> ne,E,b,B)
 Cross section [pb] = 1.3421e-02 +/- 1.55e-03 (Nevnt = 1876)
#Subprocess 5 (u,S -> nm,M,b,B)
 Cross section [pb] = 1.3421e-02 +/- 1.54e-03 (Nevnt = 1876)
#Subprocess 6 (u,S -> nl,L,b,B)
 Cross section [pb] = 1.3409e-02 +/- 1.52e-03 (Nevnt = 1875)
#Subprocess 7 (d,U -> Ne,e,b,B)
 Cross section [pb] = 1.7122e-01 +/- 1.37e-03 (Nevnt = 23937)
#Subprocess 8 (d,U -> Nm,m,b,B)
 Cross section [pb] = 1.7122e-01 +/- 1.37e-03 (Nevnt = 23937)
#Subprocess 9 (d,U -> Nl,l,b,B)
 Cross section [pb] = 1.7108e-01 +/- 1.36e-03 (Nevnt = 23918)
#Subprocess 10 (d,C -> Ne,e,b,B)
 Cross section [pb] = 5.8789e-03 +/- 1.42e-03 (Nevnt = 822)
#Subprocess 11 (d,C -> Nm,m,b,B)
 Cross section [pb] = 5.8789e-03 +/- 1.42e-03 (Nevnt = 822)
#Subprocess 12 (d,C -> Nl,l,b,B)
 Cross section [pb] = 5.8744e-03 +/- 1.42e-03 (Nevnt = 821)
#Subprocess 13 (U,d -> Ne,e,b,B)
 Cross section [pb] = 1.7115e-01 +/- 1.48e-03 (Nevnt = 23928)
#Subprocess 14 (U,d -> Nm,m,b,B)
 Cross section [pb] = 1.7115e-01 +/- 1.48e-03 (Nevnt = 23928)
#Subprocess 15 (U,d -> Nl,l,b,B)
 Cross section [pb] = 1.7102e-01 +/- 1.48e-03 (Nevnt = 23910)
#Subprocess 16 (U,s -> Ne,e,b,B)
 Cross section [pb] = 2.3834e-03 +/- 1.68e-03 (Nevnt = 333)
#Subprocess 17 (U,s -> Nm,m,b,B)
 Cross section [pb] = 2.3835e-03 +/- 1.68e-03 (Nevnt = 333)
#Subprocess 18 (U,s -> Nl,l,b,B)
 Cross section [pb] = 2.3827e-03 +/- 1.67e-03 (Nevnt = 333)
#Subprocess 19 (D,u -> ne,E,b,B)
 Cross section [pb] = 3.4560e-01 +/- 1.32e-03 (Nevnt = 48316)
#Subprocess 20 (D,u -> nm,M,b,B)
 Cross section [pb] = 3.4560e-01 +/- 1.32e-03 (Nevnt = 48316)
#Subprocess 21 (D,u -> nl,L,b,B)
 Cross section [pb] = 3.4533e-01 +/- 1.32e-03 (Nevnt = 48278)
#Subprocess 22 (D,c -> ne,E,b,B)
 Cross section [pb] = 2.1055e-03 +/- 1.78e-03 (Nevnt = 294)
#Subprocess 23 (D,c -> nm,M,b,B)
 Cross section [pb] = 2.1056e-03 +/- 1.78e-03 (Nevnt = 294)
#Subprocess 24 (D,c -> nl,L,b,B)
 Cross section [pb] = 2.1047e-03 +/- 1.79e-03 (Nevnt = 294)
#Subprocess 25 (s,U -> Ne,e,b,B)
 Cross section [pb] = 2.3772e-03 +/- 1.72e-03 (Nevnt = 332)
#Subprocess 26 (s,U -> Nm,m,b,B)
 Cross section [pb] = 2.3772e-03 +/- 1.72e-03 (Nevnt = 332)
#Subprocess 27 (s,U -> Nl,l,b,B)
 Cross section [pb] = 2.3755e-03 +/- 1.70e-03 (Nevnt = 332)
#Subprocess 28 (s,C -> Ne,e,b,B)
 Cross section [pb] = 2.7710e-02 +/- 1.59e-03 (Nevnt = 3874)
#Subprocess 29 (s,C -> Nm,m,b,B)
 Cross section [pb] = 2.7709e-02 +/- 1.59e-03 (Nevnt = 3874)
#Subprocess 30 (s,C -> Nl,l,b,B)
 Cross section [pb] = 2.7688e-02 +/- 1.62e-03 (Nevnt = 3871)
#Subprocess 31 (c,D -> ne,E,b,B)
 Cross section [pb] = 2.1112e-03 +/- 1.74e-03 (Nevnt = 295)
#Subprocess 32 (c,D -> nm,M,b,B)
 Cross section [pb] = 2.1111e-03 +/- 1.74e-03 (Nevnt = 295)
#Subprocess 33 (c,D -> nl,L,b,B)
 Cross section [pb] = 2.1095e-03 +/- 1.74e-03 (Nevnt = 295)
#Subprocess 34 (c,S -> ne,E,b,B)
 Cross section [pb] = 2.7763e-02 +/- 1.78e-03 (Nevnt = 3881)
#Subprocess 35 (c,S -> nm,M,b,B)
 Cross section [pb] = 2.7762e-02 +/- 1.78e-03 (Nevnt = 3881)
#Subprocess 36 (c,S -> nl,L,b,B)
 Cross section [pb] = 2.7745e-02 +/- 1.77e-03 (Nevnt = 3879)
#Subprocess 37 (S,u -> ne,E,b,B)
 Cross section [pb] = 1.3432e-02 +/- 1.32e-03 (Nevnt = 1878)
#Subprocess 38 (S,u -> nm,M,b,B)
 Cross section [pb] = 1.3432e-02 +/- 1.32e-03 (Nevnt = 1878)
#Subprocess 39 (S,u -> nl,L,b,B)
 Cross section [pb] = 1.3420e-02 +/- 1.32e-03 (Nevnt = 1876)
#Subprocess 40 (S,c -> ne,E,b,B)
 Cross section [pb] = 2.7710e-02 +/- 1.59e-03 (Nevnt = 3874)
#Subprocess 41 (S,c -> nm,M,b,B)
 Cross section [pb] = 2.7709e-02 +/- 1.59e-03 (Nevnt = 3874)
#Subprocess 42 (S,c -> nl,L,b,B)
 Cross section [pb] = 2.7688e-02 +/- 1.62e-03 (Nevnt = 3871)
#Subprocess 43 (C,d -> Ne,e,b,B)
 Cross section [pb] = 5.8809e-03 +/- 1.56e-03 (Nevnt = 822)
#Subprocess 44 (C,d -> Nm,m,b,B)
 Cross section [pb] = 5.8809e-03 +/- 1.56e-03 (Nevnt = 822)
#Subprocess 45 (C,d -> Nl,l,b,B)
 Cross section [pb] = 5.8766e-03 +/- 1.56e-03 (Nevnt = 822)
#Subprocess 46 (C,s -> Ne,e,b,B)
 Cross section [pb] = 2.7763e-02 +/- 1.78e-03 (Nevnt = 3881)
#Subprocess 47 (C,s -> Nm,m,b,B)
 Cross section [pb] = 2.7762e-02 +/- 1.78e-03 (Nevnt = 3881)
#Subprocess 48 (C,s -> Nl,l,b,B)
 Cross section [pb] = 2.7745e-02 +/- 1.77e-03 (Nevnt = 3879)

 Total cross section [pb]  = 3.5765e+00 +/- 1.09e-02 (Ntotal = 500002)
