#Subprocess 1 (u,D -> ne,E,b,B)
 Cross section [pb] = 2.2604e-01 +/- 1.42e-03 (Nevnt = 43794)
#Subprocess 2 (u,D -> nm,M,b,B)
 Cross section [pb] = 2.2604e-01 +/- 1.42e-03 (Nevnt = 43794)
#Subprocess 3 (u,D -> nl,L,b,B)
 Cross section [pb] = 2.2592e-01 +/- 1.43e-03 (Nevnt = 43770)
#Subprocess 4 (u,S -> ne,E,b,B)
 Cross section [pb] = 9.7920e-03 +/- 1.44e-03 (Nevnt = 1897)
#Subprocess 5 (u,S -> nm,M,b,B)
 Cross section [pb] = 9.7922e-03 +/- 1.44e-03 (Nevnt = 1897)
#Subprocess 6 (u,S -> nl,L,b,B)
 Cross section [pb] = 9.7851e-03 +/- 1.43e-03 (Nevnt = 1896)
#Subprocess 7 (d,U -> Ne,e,b,B)
 Cross section [pb] = 1.2931e-01 +/- 1.29e-03 (Nevnt = 25054)
#Subprocess 8 (d,U -> Nm,m,b,B)
 Cross section [pb] = 1.2931e-01 +/- 1.29e-03 (Nevnt = 25054)
#Subprocess 9 (d,U -> Nl,l,b,B)
 Cross section [pb] = 1.2922e-01 +/- 1.29e-03 (Nevnt = 25036)
#Subprocess 10 (d,C -> Ne,e,b,B)
 Cross section [pb] = 4.9928e-03 +/- 1.33e-03 (Nevnt = 967)
#Subprocess 11 (d,C -> Nm,m,b,B)
 Cross section [pb] = 4.9928e-03 +/- 1.33e-03 (Nevnt = 967)
#Subprocess 12 (d,C -> Nl,l,b,B)
 Cross section [pb] = 4.9892e-03 +/- 1.33e-03 (Nevnt = 967)
#Subprocess 13 (U,d -> Ne,e,b,B)
 Cross section [pb] = 1.2944e-01 +/- 1.42e-03 (Nevnt = 25079)
#Subprocess 14 (U,d -> Nm,m,b,B)
 Cross section [pb] = 1.2944e-01 +/- 1.42e-03 (Nevnt = 25079)
#Subprocess 15 (U,d -> Nl,l,b,B)
 Cross section [pb] = 1.2935e-01 +/- 1.42e-03 (Nevnt = 25060)
#Subprocess 16 (U,s -> Ne,e,b,B)
 Cross section [pb] = 2.2507e-03 +/- 1.96e-03 (Nevnt = 436)
#Subprocess 17 (U,s -> Nm,m,b,B)
 Cross section [pb] = 2.2508e-03 +/- 1.96e-03 (Nevnt = 436)
#Subprocess 18 (U,s -> Nl,l,b,B)
 Cross section [pb] = 2.2495e-03 +/- 1.92e-03 (Nevnt = 436)
#Subprocess 19 (D,u -> ne,E,b,B)
 Cross section [pb] = 2.2596e-01 +/- 1.39e-03 (Nevnt = 43778)
#Subprocess 20 (D,u -> nm,M,b,B)
 Cross section [pb] = 2.2596e-01 +/- 1.39e-03 (Nevnt = 43777)
#Subprocess 21 (D,u -> nl,L,b,B)
 Cross section [pb] = 2.2577e-01 +/- 1.38e-03 (Nevnt = 43741)
#Subprocess 22 (D,c -> ne,E,b,B)
 Cross section [pb] = 2.0513e-03 +/- 1.53e-03 (Nevnt = 397)
#Subprocess 23 (D,c -> nm,M,b,B)
 Cross section [pb] = 2.0513e-03 +/- 1.52e-03 (Nevnt = 397)
#Subprocess 24 (D,c -> nl,L,b,B)
 Cross section [pb] = 2.0497e-03 +/- 1.52e-03 (Nevnt = 397)
#Subprocess 25 (s,U -> Ne,e,b,B)
 Cross section [pb] = 2.2534e-03 +/- 1.47e-03 (Nevnt = 437)
#Subprocess 26 (s,U -> Nm,m,b,B)
 Cross section [pb] = 2.2534e-03 +/- 1.47e-03 (Nevnt = 437)
#Subprocess 27 (s,U -> Nl,l,b,B)
 Cross section [pb] = 2.2513e-03 +/- 1.41e-03 (Nevnt = 436)
#Subprocess 28 (s,C -> Ne,e,b,B)
 Cross section [pb] = 2.7873e-02 +/- 1.39e-03 (Nevnt = 5400)
#Subprocess 29 (s,C -> Nm,m,b,B)
 Cross section [pb] = 2.7873e-02 +/- 1.39e-03 (Nevnt = 5400)
#Subprocess 30 (s,C -> Nl,l,b,B)
 Cross section [pb] = 2.7849e-02 +/- 1.38e-03 (Nevnt = 5395)
#Subprocess 31 (c,D -> ne,E,b,B)
 Cross section [pb] = 2.0501e-03 +/- 1.63e-03 (Nevnt = 397)
#Subprocess 32 (c,D -> nm,M,b,B)
 Cross section [pb] = 2.0500e-03 +/- 1.63e-03 (Nevnt = 397)
#Subprocess 33 (c,D -> nl,L,b,B)
 Cross section [pb] = 2.0479e-03 +/- 1.63e-03 (Nevnt = 397)
#Subprocess 34 (c,S -> ne,E,b,B)
 Cross section [pb] = 2.7887e-02 +/- 1.78e-03 (Nevnt = 5403)
#Subprocess 35 (c,S -> nm,M,b,B)
 Cross section [pb] = 2.7887e-02 +/- 1.77e-03 (Nevnt = 5403)
#Subprocess 36 (c,S -> nl,L,b,B)
 Cross section [pb] = 2.7866e-02 +/- 1.76e-03 (Nevnt = 5399)
#Subprocess 37 (S,u -> ne,E,b,B)
 Cross section [pb] = 9.7916e-03 +/- 1.33e-03 (Nevnt = 1897)
#Subprocess 38 (S,u -> nm,M,b,B)
 Cross section [pb] = 9.7916e-03 +/- 1.33e-03 (Nevnt = 1897)
#Subprocess 39 (S,u -> nl,L,b,B)
 Cross section [pb] = 9.7847e-03 +/- 1.33e-03 (Nevnt = 1896)
#Subprocess 40 (S,c -> ne,E,b,B)
 Cross section [pb] = 2.7873e-02 +/- 1.39e-03 (Nevnt = 5400)
#Subprocess 41 (S,c -> nm,M,b,B)
 Cross section [pb] = 2.7873e-02 +/- 1.39e-03 (Nevnt = 5400)
#Subprocess 42 (S,c -> nl,L,b,B)
 Cross section [pb] = 2.7849e-02 +/- 1.38e-03 (Nevnt = 5395)
#Subprocess 43 (C,d -> Ne,e,b,B)
 Cross section [pb] = 4.9952e-03 +/- 1.43e-03 (Nevnt = 968)
#Subprocess 44 (C,d -> Nm,m,b,B)
 Cross section [pb] = 4.9952e-03 +/- 1.43e-03 (Nevnt = 968)
#Subprocess 45 (C,d -> Nl,l,b,B)
 Cross section [pb] = 4.9917e-03 +/- 1.43e-03 (Nevnt = 967)
#Subprocess 46 (C,s -> Ne,e,b,B)
 Cross section [pb] = 2.7887e-02 +/- 1.78e-03 (Nevnt = 5403)
#Subprocess 47 (C,s -> Nm,m,b,B)
 Cross section [pb] = 2.7887e-02 +/- 1.77e-03 (Nevnt = 5403)
#Subprocess 48 (C,s -> Nl,l,b,B)
 Cross section [pb] = 2.7866e-02 +/- 1.76e-03 (Nevnt = 5399)

 Total cross section [pb]  = 2.5807e+00 +/- 1.04e-02 (Ntotal = 500000)
