#Subprocess 1 (u,D -> ne,E,b,B)
 Cross section [pb] = 2.2478e-01 +/- 1.55e-03 (Nevnt = 43844)
#Subprocess 2 (u,D -> nm,M,b,B)
 Cross section [pb] = 2.2478e-01 +/- 1.55e-03 (Nevnt = 43844)
#Subprocess 3 (u,D -> nl,L,b,B)
 Cross section [pb] = 2.2464e-01 +/- 1.56e-03 (Nevnt = 43818)
#Subprocess 4 (u,S -> ne,E,b,B)
 Cross section [pb] = 9.7128e-03 +/- 1.47e-03 (Nevnt = 1895)
#Subprocess 5 (u,S -> nm,M,b,B)
 Cross section [pb] = 9.7131e-03 +/- 1.48e-03 (Nevnt = 1895)
#Subprocess 6 (u,S -> nl,L,b,B)
 Cross section [pb] = 9.7042e-03 +/- 1.47e-03 (Nevnt = 1893)
#Subprocess 7 (d,U -> Ne,e,b,B)
 Cross section [pb] = 1.2858e-01 +/- 1.32e-03 (Nevnt = 25080)
#Subprocess 8 (d,U -> Nm,m,b,B)
 Cross section [pb] = 1.2857e-01 +/- 1.32e-03 (Nevnt = 25079)
#Subprocess 9 (d,U -> Nl,l,b,B)
 Cross section [pb] = 1.2845e-01 +/- 1.32e-03 (Nevnt = 25055)
#Subprocess 10 (d,C -> Ne,e,b,B)
 Cross section [pb] = 4.9441e-03 +/- 1.36e-03 (Nevnt = 964)
#Subprocess 11 (d,C -> Nm,m,b,B)
 Cross section [pb] = 4.9441e-03 +/- 1.36e-03 (Nevnt = 964)
#Subprocess 12 (d,C -> Nl,l,b,B)
 Cross section [pb] = 4.9404e-03 +/- 1.36e-03 (Nevnt = 964)
#Subprocess 13 (U,d -> Ne,e,b,B)
 Cross section [pb] = 1.2857e-01 +/- 1.45e-03 (Nevnt = 25078)
#Subprocess 14 (U,d -> Nm,m,b,B)
 Cross section [pb] = 1.2856e-01 +/- 1.45e-03 (Nevnt = 25078)
#Subprocess 15 (U,d -> Nl,l,b,B)
 Cross section [pb] = 1.2846e-01 +/- 1.45e-03 (Nevnt = 25057)
#Subprocess 16 (U,s -> Ne,e,b,B)
 Cross section [pb] = 2.2303e-03 +/- 1.94e-03 (Nevnt = 435)
#Subprocess 17 (U,s -> Nm,m,b,B)
 Cross section [pb] = 2.2304e-03 +/- 1.94e-03 (Nevnt = 435)
#Subprocess 18 (U,s -> Nl,l,b,B)
 Cross section [pb] = 2.2298e-03 +/- 1.91e-03 (Nevnt = 435)
#Subprocess 19 (D,u -> ne,E,b,B)
 Cross section [pb] = 2.2472e-01 +/- 1.39e-03 (Nevnt = 43834)
#Subprocess 20 (D,u -> nm,M,b,B)
 Cross section [pb] = 2.2472e-01 +/- 1.39e-03 (Nevnt = 43834)
#Subprocess 21 (D,u -> nl,L,b,B)
 Cross section [pb] = 2.2455e-01 +/- 1.39e-03 (Nevnt = 43801)
#Subprocess 22 (D,c -> ne,E,b,B)
 Cross section [pb] = 2.0310e-03 +/- 1.50e-03 (Nevnt = 396)
#Subprocess 23 (D,c -> nm,M,b,B)
 Cross section [pb] = 2.0309e-03 +/- 1.50e-03 (Nevnt = 396)
#Subprocess 24 (D,c -> nl,L,b,B)
 Cross section [pb] = 2.0290e-03 +/- 1.51e-03 (Nevnt = 396)
#Subprocess 25 (s,U -> Ne,e,b,B)
 Cross section [pb] = 2.2333e-03 +/- 1.44e-03 (Nevnt = 436)
#Subprocess 26 (s,U -> Nm,m,b,B)
 Cross section [pb] = 2.2332e-03 +/- 1.44e-03 (Nevnt = 436)
#Subprocess 27 (s,U -> Nl,l,b,B)
 Cross section [pb] = 2.2310e-03 +/- 1.39e-03 (Nevnt = 435)
#Subprocess 28 (s,C -> Ne,e,b,B)
 Cross section [pb] = 2.7541e-02 +/- 1.37e-03 (Nevnt = 5372)
#Subprocess 29 (s,C -> Nm,m,b,B)
 Cross section [pb] = 2.7540e-02 +/- 1.37e-03 (Nevnt = 5372)
#Subprocess 30 (s,C -> Nl,l,b,B)
 Cross section [pb] = 2.7513e-02 +/- 1.36e-03 (Nevnt = 5367)
#Subprocess 31 (c,D -> ne,E,b,B)
 Cross section [pb] = 2.0291e-03 +/- 1.59e-03 (Nevnt = 396)
#Subprocess 32 (c,D -> nm,M,b,B)
 Cross section [pb] = 2.0291e-03 +/- 1.59e-03 (Nevnt = 396)
#Subprocess 33 (c,D -> nl,L,b,B)
 Cross section [pb] = 2.0267e-03 +/- 1.60e-03 (Nevnt = 395)
#Subprocess 34 (c,S -> ne,E,b,B)
 Cross section [pb] = 2.7550e-02 +/- 1.77e-03 (Nevnt = 5374)
#Subprocess 35 (c,S -> nm,M,b,B)
 Cross section [pb] = 2.7550e-02 +/- 1.77e-03 (Nevnt = 5374)
#Subprocess 36 (c,S -> nl,L,b,B)
 Cross section [pb] = 2.7529e-02 +/- 1.76e-03 (Nevnt = 5370)
#Subprocess 37 (S,u -> ne,E,b,B)
 Cross section [pb] = 9.7162e-03 +/- 1.37e-03 (Nevnt = 1895)
#Subprocess 38 (S,u -> nm,M,b,B)
 Cross section [pb] = 9.7162e-03 +/- 1.37e-03 (Nevnt = 1895)
#Subprocess 39 (S,u -> nl,L,b,B)
 Cross section [pb] = 9.7104e-03 +/- 1.37e-03 (Nevnt = 1894)
#Subprocess 40 (S,c -> ne,E,b,B)
 Cross section [pb] = 2.7541e-02 +/- 1.37e-03 (Nevnt = 5372)
#Subprocess 41 (S,c -> nm,M,b,B)
 Cross section [pb] = 2.7540e-02 +/- 1.37e-03 (Nevnt = 5372)
#Subprocess 42 (S,c -> nl,L,b,B)
 Cross section [pb] = 2.7513e-02 +/- 1.36e-03 (Nevnt = 5367)
#Subprocess 43 (C,d -> Ne,e,b,B)
 Cross section [pb] = 4.9486e-03 +/- 1.45e-03 (Nevnt = 965)
#Subprocess 44 (C,d -> Nm,m,b,B)
 Cross section [pb] = 4.9486e-03 +/- 1.45e-03 (Nevnt = 965)
#Subprocess 45 (C,d -> Nl,l,b,B)
 Cross section [pb] = 4.9488e-03 +/- 1.53e-03 (Nevnt = 965)
#Subprocess 46 (C,s -> Ne,e,b,B)
 Cross section [pb] = 2.7550e-02 +/- 1.77e-03 (Nevnt = 5374)
#Subprocess 47 (C,s -> Nm,m,b,B)
 Cross section [pb] = 2.7550e-02 +/- 1.77e-03 (Nevnt = 5374)
#Subprocess 48 (C,s -> Nl,l,b,B)
 Cross section [pb] = 2.7529e-02 +/- 1.76e-03 (Nevnt = 5370)

 Total cross section [pb]  = 2.5633e+00 +/- 1.05e-02 (Ntotal = 500001)
