#Subprocess 1 (u,D -> ne,E,b,B)
 Cross section [pb] = 2.2689e-01 +/- 1.59e-03 (Nevnt = 43857)
#Subprocess 2 (u,D -> nm,M,b,B)
 Cross section [pb] = 2.2690e-01 +/- 1.59e-03 (Nevnt = 43859)
#Subprocess 3 (u,D -> nl,L,b,B)
 Cross section [pb] = 2.2692e-01 +/- 1.64e-03 (Nevnt = 43864)
#Subprocess 4 (u,S -> ne,E,b,B)
 Cross section [pb] = 9.8119e-03 +/- 1.49e-03 (Nevnt = 1897)
#Subprocess 5 (u,S -> nm,M,b,B)
 Cross section [pb] = 9.8119e-03 +/- 1.49e-03 (Nevnt = 1897)
#Subprocess 6 (u,S -> nl,L,b,B)
 Cross section [pb] = 9.8039e-03 +/- 1.49e-03 (Nevnt = 1895)
#Subprocess 7 (d,U -> Ne,e,b,B)
 Cross section [pb] = 1.2954e-01 +/- 1.29e-03 (Nevnt = 25040)
#Subprocess 8 (d,U -> Nm,m,b,B)
 Cross section [pb] = 1.2954e-01 +/- 1.29e-03 (Nevnt = 25040)
#Subprocess 9 (d,U -> Nl,l,b,B)
 Cross section [pb] = 1.2945e-01 +/- 1.29e-03 (Nevnt = 25022)
#Subprocess 10 (d,C -> Ne,e,b,B)
 Cross section [pb] = 5.0003e-03 +/- 1.34e-03 (Nevnt = 967)
#Subprocess 11 (d,C -> Nm,m,b,B)
 Cross section [pb] = 5.0003e-03 +/- 1.34e-03 (Nevnt = 967)
#Subprocess 12 (d,C -> Nl,l,b,B)
 Cross section [pb] = 4.9967e-03 +/- 1.34e-03 (Nevnt = 966)
#Subprocess 13 (U,d -> Ne,e,b,B)
 Cross section [pb] = 1.2966e-01 +/- 1.43e-03 (Nevnt = 25064)
#Subprocess 14 (U,d -> Nm,m,b,B)
 Cross section [pb] = 1.2966e-01 +/- 1.43e-03 (Nevnt = 25064)
#Subprocess 15 (U,d -> Nl,l,b,B)
 Cross section [pb] = 1.2956e-01 +/- 1.43e-03 (Nevnt = 25044)
#Subprocess 16 (U,s -> Ne,e,b,B)
 Cross section [pb] = 2.2534e-03 +/- 1.90e-03 (Nevnt = 436)
#Subprocess 17 (U,s -> Nm,m,b,B)
 Cross section [pb] = 2.2534e-03 +/- 1.90e-03 (Nevnt = 436)
#Subprocess 18 (U,s -> Nl,l,b,B)
 Cross section [pb] = 2.2526e-03 +/- 1.88e-03 (Nevnt = 435)
#Subprocess 19 (D,u -> ne,E,b,B)
 Cross section [pb] = 2.2637e-01 +/- 1.35e-03 (Nevnt = 43757)
#Subprocess 20 (D,u -> nm,M,b,B)
 Cross section [pb] = 2.2637e-01 +/- 1.35e-03 (Nevnt = 43758)
#Subprocess 21 (D,u -> nl,L,b,B)
 Cross section [pb] = 2.2620e-01 +/- 1.35e-03 (Nevnt = 43725)
#Subprocess 22 (D,c -> ne,E,b,B)
 Cross section [pb] = 2.0558e-03 +/- 1.50e-03 (Nevnt = 397)
#Subprocess 23 (D,c -> nm,M,b,B)
 Cross section [pb] = 2.0557e-03 +/- 1.50e-03 (Nevnt = 397)
#Subprocess 24 (D,c -> nl,L,b,B)
 Cross section [pb] = 2.0542e-03 +/- 1.50e-03 (Nevnt = 397)
#Subprocess 25 (s,U -> Ne,e,b,B)
 Cross section [pb] = 2.2558e-03 +/- 1.47e-03 (Nevnt = 436)
#Subprocess 26 (s,U -> Nm,m,b,B)
 Cross section [pb] = 2.2558e-03 +/- 1.47e-03 (Nevnt = 436)
#Subprocess 27 (s,U -> Nl,l,b,B)
 Cross section [pb] = 2.2546e-03 +/- 1.41e-03 (Nevnt = 436)
#Subprocess 28 (s,C -> Ne,e,b,B)
 Cross section [pb] = 2.7914e-02 +/- 1.38e-03 (Nevnt = 5396)
#Subprocess 29 (s,C -> Nm,m,b,B)
 Cross section [pb] = 2.7914e-02 +/- 1.38e-03 (Nevnt = 5396)
#Subprocess 30 (s,C -> Nl,l,b,B)
 Cross section [pb] = 2.7889e-02 +/- 1.37e-03 (Nevnt = 5391)
#Subprocess 31 (c,D -> ne,E,b,B)
 Cross section [pb] = 2.0531e-03 +/- 1.62e-03 (Nevnt = 397)
#Subprocess 32 (c,D -> nm,M,b,B)
 Cross section [pb] = 2.0530e-03 +/- 1.62e-03 (Nevnt = 397)
#Subprocess 33 (c,D -> nl,L,b,B)
 Cross section [pb] = 2.0512e-03 +/- 1.60e-03 (Nevnt = 397)
#Subprocess 34 (c,S -> ne,E,b,B)
 Cross section [pb] = 2.7918e-02 +/- 1.74e-03 (Nevnt = 5396)
#Subprocess 35 (c,S -> nm,M,b,B)
 Cross section [pb] = 2.7918e-02 +/- 1.74e-03 (Nevnt = 5396)
#Subprocess 36 (c,S -> nl,L,b,B)
 Cross section [pb] = 2.7896e-02 +/- 1.74e-03 (Nevnt = 5392)
#Subprocess 37 (S,u -> ne,E,b,B)
 Cross section [pb] = 9.8067e-03 +/- 1.32e-03 (Nevnt = 1896)
#Subprocess 38 (S,u -> nm,M,b,B)
 Cross section [pb] = 9.8067e-03 +/- 1.32e-03 (Nevnt = 1896)
#Subprocess 39 (S,u -> nl,L,b,B)
 Cross section [pb] = 9.7995e-03 +/- 1.32e-03 (Nevnt = 1894)
#Subprocess 40 (S,c -> ne,E,b,B)
 Cross section [pb] = 2.7914e-02 +/- 1.38e-03 (Nevnt = 5396)
#Subprocess 41 (S,c -> nm,M,b,B)
 Cross section [pb] = 2.7914e-02 +/- 1.38e-03 (Nevnt = 5396)
#Subprocess 42 (S,c -> nl,L,b,B)
 Cross section [pb] = 2.7889e-02 +/- 1.37e-03 (Nevnt = 5391)
#Subprocess 43 (C,d -> Ne,e,b,B)
 Cross section [pb] = 5.0027e-03 +/- 1.43e-03 (Nevnt = 967)
#Subprocess 44 (C,d -> Nm,m,b,B)
 Cross section [pb] = 5.0027e-03 +/- 1.43e-03 (Nevnt = 967)
#Subprocess 45 (C,d -> Nl,l,b,B)
 Cross section [pb] = 4.9990e-03 +/- 1.43e-03 (Nevnt = 966)
#Subprocess 46 (C,s -> Ne,e,b,B)
 Cross section [pb] = 2.7918e-02 +/- 1.74e-03 (Nevnt = 5396)
#Subprocess 47 (C,s -> Nm,m,b,B)
 Cross section [pb] = 2.7918e-02 +/- 1.74e-03 (Nevnt = 5396)
#Subprocess 48 (C,s -> Nl,l,b,B)
 Cross section [pb] = 2.7896e-02 +/- 1.74e-03 (Nevnt = 5392)

 Total cross section [pb]  = 2.5867e+00 +/- 1.04e-02 (Ntotal = 500000)
