#Subprocess 1 (u,D -> ne,E,b,B)
 Cross section [pb] = 7.9060e-01 +/- 1.63e-03 (Nevnt = 50105)
#Subprocess 2 (u,D -> nm,M,b,B)
 Cross section [pb] = 7.9057e-01 +/- 1.63e-03 (Nevnt = 50103)
#Subprocess 3 (u,D -> nl,L,b,B)
 Cross section [pb] = 7.8981e-01 +/- 1.58e-03 (Nevnt = 50055)
#Subprocess 4 (u,S -> ne,E,b,B)
 Cross section [pb] = 3.0103e-02 +/- 1.50e-03 (Nevnt = 1908)
#Subprocess 5 (u,S -> nm,M,b,B)
 Cross section [pb] = 3.0104e-02 +/- 1.50e-03 (Nevnt = 1908)
#Subprocess 6 (u,S -> nl,L,b,B)
 Cross section [pb] = 3.0085e-02 +/- 1.52e-03 (Nevnt = 1907)
#Subprocess 7 (d,U -> Ne,e,b,B)
 Cross section [pb] = 3.8246e-01 +/- 1.37e-03 (Nevnt = 24239)
#Subprocess 8 (d,U -> Nm,m,b,B)
 Cross section [pb] = 3.8246e-01 +/- 1.37e-03 (Nevnt = 24239)
#Subprocess 9 (d,U -> Nl,l,b,B)
 Cross section [pb] = 3.8217e-01 +/- 1.37e-03 (Nevnt = 24220)
#Subprocess 10 (d,C -> Ne,e,b,B)
 Cross section [pb] = 1.2310e-02 +/- 1.41e-03 (Nevnt = 780)
#Subprocess 11 (d,C -> Nm,m,b,B)
 Cross section [pb] = 1.2310e-02 +/- 1.41e-03 (Nevnt = 780)
#Subprocess 12 (d,C -> Nl,l,b,B)
 Cross section [pb] = 1.2300e-02 +/- 1.41e-03 (Nevnt = 780)
#Subprocess 13 (U,d -> Ne,e,b,B)
 Cross section [pb] = 3.8182e-01 +/- 1.45e-03 (Nevnt = 24198)
#Subprocess 14 (U,d -> Nm,m,b,B)
 Cross section [pb] = 3.8182e-01 +/- 1.45e-03 (Nevnt = 24198)
#Subprocess 15 (U,d -> Nl,l,b,B)
 Cross section [pb] = 3.8152e-01 +/- 1.45e-03 (Nevnt = 24179)
#Subprocess 16 (U,s -> Ne,e,b,B)
 Cross section [pb] = 4.3754e-03 +/- 1.57e-03 (Nevnt = 277)
#Subprocess 17 (U,s -> Nm,m,b,B)
 Cross section [pb] = 4.3754e-03 +/- 1.57e-03 (Nevnt = 277)
#Subprocess 18 (U,s -> Nl,l,b,B)
 Cross section [pb] = 4.3722e-03 +/- 1.57e-03 (Nevnt = 277)
#Subprocess 19 (D,u -> ne,E,b,B)
 Cross section [pb] = 7.9022e-01 +/- 1.34e-03 (Nevnt = 50081)
#Subprocess 20 (D,u -> nm,M,b,B)
 Cross section [pb] = 7.9021e-01 +/- 1.34e-03 (Nevnt = 50080)
#Subprocess 21 (D,u -> nl,L,b,B)
 Cross section [pb] = 7.8945e-01 +/- 1.34e-03 (Nevnt = 50032)
#Subprocess 22 (D,c -> ne,E,b,B)
 Cross section [pb] = 3.7370e-03 +/- 1.41e-03 (Nevnt = 237)
#Subprocess 23 (D,c -> nm,M,b,B)
 Cross section [pb] = 3.7369e-03 +/- 1.41e-03 (Nevnt = 237)
#Subprocess 24 (D,c -> nl,L,b,B)
 Cross section [pb] = 3.7341e-03 +/- 1.42e-03 (Nevnt = 237)
#Subprocess 25 (s,U -> Ne,e,b,B)
 Cross section [pb] = 4.3750e-03 +/- 1.37e-03 (Nevnt = 277)
#Subprocess 26 (s,U -> Nm,m,b,B)
 Cross section [pb] = 4.3750e-03 +/- 1.37e-03 (Nevnt = 277)
#Subprocess 27 (s,U -> Nl,l,b,B)
 Cross section [pb] = 4.3710e-03 +/- 1.36e-03 (Nevnt = 277)
#Subprocess 28 (s,C -> Ne,e,b,B)
 Cross section [pb] = 4.6101e-02 +/- 1.35e-03 (Nevnt = 2922)
#Subprocess 29 (s,C -> Nm,m,b,B)
 Cross section [pb] = 4.6101e-02 +/- 1.35e-03 (Nevnt = 2922)
#Subprocess 30 (s,C -> Nl,l,b,B)
 Cross section [pb] = 4.6067e-02 +/- 1.36e-03 (Nevnt = 2920)
#Subprocess 31 (c,D -> ne,E,b,B)
 Cross section [pb] = 3.7414e-03 +/- 1.42e-03 (Nevnt = 237)
#Subprocess 32 (c,D -> nm,M,b,B)
 Cross section [pb] = 3.7414e-03 +/- 1.42e-03 (Nevnt = 237)
#Subprocess 33 (c,D -> nl,L,b,B)
 Cross section [pb] = 3.7383e-03 +/- 1.42e-03 (Nevnt = 237)
#Subprocess 34 (c,S -> ne,E,b,B)
 Cross section [pb] = 4.6151e-02 +/- 1.52e-03 (Nevnt = 2925)
#Subprocess 35 (c,S -> nm,M,b,B)
 Cross section [pb] = 4.6151e-02 +/- 1.52e-03 (Nevnt = 2925)
#Subprocess 36 (c,S -> nl,L,b,B)
 Cross section [pb] = 4.6116e-02 +/- 1.52e-03 (Nevnt = 2923)
#Subprocess 37 (S,u -> ne,E,b,B)
 Cross section [pb] = 3.0081e-02 +/- 1.43e-03 (Nevnt = 1906)
#Subprocess 38 (S,u -> nm,M,b,B)
 Cross section [pb] = 3.0081e-02 +/- 1.43e-03 (Nevnt = 1906)
#Subprocess 39 (S,u -> nl,L,b,B)
 Cross section [pb] = 3.0052e-02 +/- 1.42e-03 (Nevnt = 1905)
#Subprocess 40 (S,c -> ne,E,b,B)
 Cross section [pb] = 4.6101e-02 +/- 1.35e-03 (Nevnt = 2922)
#Subprocess 41 (S,c -> nm,M,b,B)
 Cross section [pb] = 4.6101e-02 +/- 1.35e-03 (Nevnt = 2922)
#Subprocess 42 (S,c -> nl,L,b,B)
 Cross section [pb] = 4.6067e-02 +/- 1.36e-03 (Nevnt = 2920)
#Subprocess 43 (C,d -> Ne,e,b,B)
 Cross section [pb] = 1.2287e-02 +/- 1.39e-03 (Nevnt = 779)
#Subprocess 44 (C,d -> Nm,m,b,B)
 Cross section [pb] = 1.2287e-02 +/- 1.39e-03 (Nevnt = 779)
#Subprocess 45 (C,d -> Nl,l,b,B)
 Cross section [pb] = 1.2278e-02 +/- 1.38e-03 (Nevnt = 778)
#Subprocess 46 (C,s -> Ne,e,b,B)
 Cross section [pb] = 4.6151e-02 +/- 1.52e-03 (Nevnt = 2925)
#Subprocess 47 (C,s -> Nm,m,b,B)
 Cross section [pb] = 4.6151e-02 +/- 1.52e-03 (Nevnt = 2925)
#Subprocess 48 (C,s -> Nl,l,b,B)
 Cross section [pb] = 4.6116e-02 +/- 1.52e-03 (Nevnt = 2923)

 Total cross section [pb]  = 7.8894e+00 +/- 9.98e-03 (Ntotal = 500003)
