#Subprocess 1 (u,D -> ne,E,b,B)
 Cross section [pb] = 2.2611e-01 +/- 1.48e-03 (Nevnt = 43911)
#Subprocess 2 (u,D -> nm,M,b,B)
 Cross section [pb] = 2.2610e-01 +/- 1.49e-03 (Nevnt = 43911)
#Subprocess 3 (u,D -> nl,L,b,B)
 Cross section [pb] = 2.2583e-01 +/- 1.51e-03 (Nevnt = 43858)
#Subprocess 4 (u,S -> ne,E,b,B)
 Cross section [pb] = 9.7564e-03 +/- 1.53e-03 (Nevnt = 1895)
#Subprocess 5 (u,S -> nm,M,b,B)
 Cross section [pb] = 9.7563e-03 +/- 1.53e-03 (Nevnt = 1895)
#Subprocess 6 (u,S -> nl,L,b,B)
 Cross section [pb] = 9.7472e-03 +/- 1.51e-03 (Nevnt = 1893)
#Subprocess 7 (d,U -> Ne,e,b,B)
 Cross section [pb] = 1.2897e-01 +/- 1.32e-03 (Nevnt = 25048)
#Subprocess 8 (d,U -> Nm,m,b,B)
 Cross section [pb] = 1.2897e-01 +/- 1.32e-03 (Nevnt = 25048)
#Subprocess 9 (d,U -> Nl,l,b,B)
 Cross section [pb] = 1.2887e-01 +/- 1.32e-03 (Nevnt = 25027)
#Subprocess 10 (d,C -> Ne,e,b,B)
 Cross section [pb] = 4.9583e-03 +/- 1.37e-03 (Nevnt = 963)
#Subprocess 11 (d,C -> Nm,m,b,B)
 Cross section [pb] = 4.9583e-03 +/- 1.37e-03 (Nevnt = 963)
#Subprocess 12 (d,C -> Nl,l,b,B)
 Cross section [pb] = 4.9543e-03 +/- 1.37e-03 (Nevnt = 962)
#Subprocess 13 (U,d -> Ne,e,b,B)
 Cross section [pb] = 1.2907e-01 +/- 1.48e-03 (Nevnt = 25066)
#Subprocess 14 (U,d -> Nm,m,b,B)
 Cross section [pb] = 1.2907e-01 +/- 1.48e-03 (Nevnt = 25066)
#Subprocess 15 (U,d -> Nl,l,b,B)
 Cross section [pb] = 1.2896e-01 +/- 1.47e-03 (Nevnt = 25045)
#Subprocess 16 (U,s -> Ne,e,b,B)
 Cross section [pb] = 2.2358e-03 +/- 1.82e-03 (Nevnt = 434)
#Subprocess 17 (U,s -> Nm,m,b,B)
 Cross section [pb] = 2.2357e-03 +/- 1.82e-03 (Nevnt = 434)
#Subprocess 18 (U,s -> Nl,l,b,B)
 Cross section [pb] = 2.2338e-03 +/- 1.81e-03 (Nevnt = 434)
#Subprocess 19 (D,u -> ne,E,b,B)
 Cross section [pb] = 2.2596e-01 +/- 1.60e-03 (Nevnt = 43883)
#Subprocess 20 (D,u -> nm,M,b,B)
 Cross section [pb] = 2.2596e-01 +/- 1.60e-03 (Nevnt = 43883)
#Subprocess 21 (D,u -> nl,L,b,B)
 Cross section [pb] = 2.2582e-01 +/- 1.62e-03 (Nevnt = 43857)
#Subprocess 22 (D,c -> ne,E,b,B)
 Cross section [pb] = 2.0349e-03 +/- 1.50e-03 (Nevnt = 395)
#Subprocess 23 (D,c -> nm,M,b,B)
 Cross section [pb] = 2.0349e-03 +/- 1.50e-03 (Nevnt = 395)
#Subprocess 24 (D,c -> nl,L,b,B)
 Cross section [pb] = 2.0337e-03 +/- 1.50e-03 (Nevnt = 395)
#Subprocess 25 (s,U -> Ne,e,b,B)
 Cross section [pb] = 2.2372e-03 +/- 1.44e-03 (Nevnt = 434)
#Subprocess 26 (s,U -> Nm,m,b,B)
 Cross section [pb] = 2.2372e-03 +/- 1.44e-03 (Nevnt = 434)
#Subprocess 27 (s,U -> Nl,l,b,B)
 Cross section [pb] = 2.2354e-03 +/- 1.38e-03 (Nevnt = 434)
#Subprocess 28 (s,C -> Ne,e,b,B)
 Cross section [pb] = 2.7595e-02 +/- 1.37e-03 (Nevnt = 5359)
#Subprocess 29 (s,C -> Nm,m,b,B)
 Cross section [pb] = 2.7595e-02 +/- 1.36e-03 (Nevnt = 5359)
#Subprocess 30 (s,C -> Nl,l,b,B)
 Cross section [pb] = 2.7571e-02 +/- 1.36e-03 (Nevnt = 5354)
#Subprocess 31 (c,D -> ne,E,b,B)
 Cross section [pb] = 2.0351e-03 +/- 1.58e-03 (Nevnt = 395)
#Subprocess 32 (c,D -> nm,M,b,B)
 Cross section [pb] = 2.0350e-03 +/- 1.58e-03 (Nevnt = 395)
#Subprocess 33 (c,D -> nl,L,b,B)
 Cross section [pb] = 2.0332e-03 +/- 1.57e-03 (Nevnt = 395)
#Subprocess 34 (c,S -> ne,E,b,B)
 Cross section [pb] = 2.7582e-02 +/- 1.65e-03 (Nevnt = 5357)
#Subprocess 35 (c,S -> nm,M,b,B)
 Cross section [pb] = 2.7582e-02 +/- 1.65e-03 (Nevnt = 5357)
#Subprocess 36 (c,S -> nl,L,b,B)
 Cross section [pb] = 2.7563e-02 +/- 1.65e-03 (Nevnt = 5353)
#Subprocess 37 (S,u -> ne,E,b,B)
 Cross section [pb] = 9.7541e-03 +/- 1.38e-03 (Nevnt = 1894)
#Subprocess 38 (S,u -> nm,M,b,B)
 Cross section [pb] = 9.7542e-03 +/- 1.38e-03 (Nevnt = 1894)
#Subprocess 39 (S,u -> nl,L,b,B)
 Cross section [pb] = 9.7491e-03 +/- 1.41e-03 (Nevnt = 1893)
#Subprocess 40 (S,c -> ne,E,b,B)
 Cross section [pb] = 2.7595e-02 +/- 1.37e-03 (Nevnt = 5359)
#Subprocess 41 (S,c -> nm,M,b,B)
 Cross section [pb] = 2.7595e-02 +/- 1.36e-03 (Nevnt = 5359)
#Subprocess 42 (S,c -> nl,L,b,B)
 Cross section [pb] = 2.7571e-02 +/- 1.36e-03 (Nevnt = 5354)
#Subprocess 43 (C,d -> Ne,e,b,B)
 Cross section [pb] = 4.9652e-03 +/- 1.47e-03 (Nevnt = 964)
#Subprocess 44 (C,d -> Nm,m,b,B)
 Cross section [pb] = 4.9654e-03 +/- 1.47e-03 (Nevnt = 964)
#Subprocess 45 (C,d -> Nl,l,b,B)
 Cross section [pb] = 4.9595e-03 +/- 1.45e-03 (Nevnt = 963)
#Subprocess 46 (C,s -> Ne,e,b,B)
 Cross section [pb] = 2.7582e-02 +/- 1.65e-03 (Nevnt = 5357)
#Subprocess 47 (C,s -> Nm,m,b,B)
 Cross section [pb] = 2.7582e-02 +/- 1.65e-03 (Nevnt = 5357)
#Subprocess 48 (C,s -> Nl,l,b,B)
 Cross section [pb] = 2.7563e-02 +/- 1.65e-03 (Nevnt = 5353)

 Total cross section [pb]  = 2.5746e+00 +/- 1.04e-02 (Ntotal = 499998)
