#Subprocess 1 (u,D -> ne,E,b,B)
 Cross section [pb] = 2.2400e-01 +/- 7.48e-04 (Nevnt = 43955)
#Subprocess 2 (u,D -> nm,M,b,B)
 Cross section [pb] = 2.2399e-01 +/- 7.48e-04 (Nevnt = 43953)
#Subprocess 3 (u,D -> nl,L,b,B)
 Cross section [pb] = 2.2378e-01 +/- 7.58e-04 (Nevnt = 43913)
#Subprocess 4 (u,S -> ne,E,b,B)
 Cross section [pb] = 9.6503e-03 +/- 7.71e-04 (Nevnt = 1894)
#Subprocess 5 (u,S -> nm,M,b,B)
 Cross section [pb] = 9.6522e-03 +/- 7.47e-04 (Nevnt = 1894)
#Subprocess 6 (u,S -> nl,L,b,B)
 Cross section [pb] = 9.6442e-03 +/- 7.69e-04 (Nevnt = 1892)
#Subprocess 7 (d,U -> Ne,e,b,B)
 Cross section [pb] = 1.2765e-01 +/- 6.55e-04 (Nevnt = 25049)
#Subprocess 8 (d,U -> Nm,m,b,B)
 Cross section [pb] = 1.2768e-01 +/- 6.75e-04 (Nevnt = 25054)
#Subprocess 9 (d,U -> Nl,l,b,B)
 Cross section [pb] = 1.2759e-01 +/- 6.33e-04 (Nevnt = 25037)
#Subprocess 10 (d,C -> Ne,e,b,B)
 Cross section [pb] = 4.8901e-03 +/- 6.55e-04 (Nevnt = 960)
#Subprocess 11 (d,C -> Nm,m,b,B)
 Cross section [pb] = 4.8902e-03 +/- 6.45e-04 (Nevnt = 960)
#Subprocess 12 (d,C -> Nl,l,b,B)
 Cross section [pb] = 4.8851e-03 +/- 6.66e-04 (Nevnt = 959)
#Subprocess 13 (U,d -> Ne,e,b,B)
 Cross section [pb] = 1.2765e-01 +/- 7.82e-04 (Nevnt = 25048)
#Subprocess 14 (U,d -> Nm,m,b,B)
 Cross section [pb] = 1.2767e-01 +/- 8.11e-04 (Nevnt = 25053)
#Subprocess 15 (U,d -> Nl,l,b,B)
 Cross section [pb] = 1.2759e-01 +/- 7.93e-04 (Nevnt = 25036)
#Subprocess 16 (U,s -> Ne,e,b,B)
 Cross section [pb] = 2.2071e-03 +/- 7.23e-04 (Nevnt = 433)
#Subprocess 17 (U,s -> Nm,m,b,B)
 Cross section [pb] = 2.2071e-03 +/- 7.23e-04 (Nevnt = 433)
#Subprocess 18 (U,s -> Nl,l,b,B)
 Cross section [pb] = 2.2057e-03 +/- 7.20e-04 (Nevnt = 433)
#Subprocess 19 (D,u -> ne,E,b,B)
 Cross section [pb] = 2.2399e-01 +/- 6.71e-04 (Nevnt = 43952)
#Subprocess 20 (D,u -> nm,M,b,B)
 Cross section [pb] = 2.2405e-01 +/- 6.92e-04 (Nevnt = 43964)
#Subprocess 21 (D,u -> nl,L,b,B)
 Cross section [pb] = 2.2392e-01 +/- 6.62e-04 (Nevnt = 43939)
#Subprocess 22 (D,c -> ne,E,b,B)
 Cross section [pb] = 2.0030e-03 +/- 6.40e-04 (Nevnt = 393)
#Subprocess 23 (D,c -> nm,M,b,B)
 Cross section [pb] = 2.0030e-03 +/- 6.40e-04 (Nevnt = 393)
#Subprocess 24 (D,c -> nl,L,b,B)
 Cross section [pb] = 2.0017e-03 +/- 6.41e-04 (Nevnt = 393)
#Subprocess 25 (s,U -> Ne,e,b,B)
 Cross section [pb] = 2.2072e-03 +/- 6.50e-04 (Nevnt = 433)
#Subprocess 26 (s,U -> Nm,m,b,B)
 Cross section [pb] = 2.2071e-03 +/- 6.46e-04 (Nevnt = 433)
#Subprocess 27 (s,U -> Nl,l,b,B)
 Cross section [pb] = 2.2064e-03 +/- 6.34e-04 (Nevnt = 433)
#Subprocess 28 (s,C -> Ne,e,b,B)
 Cross section [pb] = 2.7175e-02 +/- 6.21e-04 (Nevnt = 5332)
#Subprocess 29 (s,C -> Nm,m,b,B)
 Cross section [pb] = 2.7175e-02 +/- 6.21e-04 (Nevnt = 5332)
#Subprocess 30 (s,C -> Nl,l,b,B)
 Cross section [pb] = 2.7154e-02 +/- 6.20e-04 (Nevnt = 5328)
#Subprocess 31 (c,D -> ne,E,b,B)
 Cross section [pb] = 2.0038e-03 +/- 7.30e-04 (Nevnt = 393)
#Subprocess 32 (c,D -> nm,M,b,B)
 Cross section [pb] = 2.0038e-03 +/- 7.30e-04 (Nevnt = 393)
#Subprocess 33 (c,D -> nl,L,b,B)
 Cross section [pb] = 2.0022e-03 +/- 7.28e-04 (Nevnt = 393)
#Subprocess 34 (c,S -> ne,E,b,B)
 Cross section [pb] = 2.7178e-02 +/- 7.15e-04 (Nevnt = 5333)
#Subprocess 35 (c,S -> nm,M,b,B)
 Cross section [pb] = 2.7178e-02 +/- 7.15e-04 (Nevnt = 5333)
#Subprocess 36 (c,S -> nl,L,b,B)
 Cross section [pb] = 2.7157e-02 +/- 7.14e-04 (Nevnt = 5329)
#Subprocess 37 (S,u -> ne,E,b,B)
 Cross section [pb] = 9.6515e-03 +/- 7.09e-04 (Nevnt = 1894)
#Subprocess 38 (S,u -> nm,M,b,B)
 Cross section [pb] = 9.6514e-03 +/- 7.13e-04 (Nevnt = 1894)
#Subprocess 39 (S,u -> nl,L,b,B)
 Cross section [pb] = 9.6382e-03 +/- 7.15e-04 (Nevnt = 1891)
#Subprocess 40 (S,c -> ne,E,b,B)
 Cross section [pb] = 2.7175e-02 +/- 6.21e-04 (Nevnt = 5332)
#Subprocess 41 (S,c -> nm,M,b,B)
 Cross section [pb] = 2.7175e-02 +/- 6.21e-04 (Nevnt = 5332)
#Subprocess 42 (S,c -> nl,L,b,B)
 Cross section [pb] = 2.7154e-02 +/- 6.20e-04 (Nevnt = 5328)
#Subprocess 43 (C,d -> Ne,e,b,B)
 Cross section [pb] = 4.8922e-03 +/- 6.94e-04 (Nevnt = 960)
#Subprocess 44 (C,d -> Nm,m,b,B)
 Cross section [pb] = 4.8891e-03 +/- 7.07e-04 (Nevnt = 959)
#Subprocess 45 (C,d -> Nl,l,b,B)
 Cross section [pb] = 4.8861e-03 +/- 7.16e-04 (Nevnt = 959)
#Subprocess 46 (C,s -> Ne,e,b,B)
 Cross section [pb] = 2.7178e-02 +/- 7.15e-04 (Nevnt = 5333)
#Subprocess 47 (C,s -> Nm,m,b,B)
 Cross section [pb] = 2.7178e-02 +/- 7.15e-04 (Nevnt = 5333)
#Subprocess 48 (C,s -> Nl,l,b,B)
 Cross section [pb] = 2.7157e-02 +/- 7.14e-04 (Nevnt = 5329)

 Total cross section [pb]  = 2.5481e+00 +/- 4.83e-03 (Ntotal = 499999)
