#Subprocess 1 (u,D -> ne,E,b,B)
 Cross section [pb] = 2.2713e-01 +/- 7.82e-04 (Nevnt = 44387)
#Subprocess 2 (u,D -> nm,M,b,B)
 Cross section [pb] = 2.2714e-01 +/- 7.82e-04 (Nevnt = 44387)
#Subprocess 3 (u,D -> nl,L,b,B)
 Cross section [pb] = 2.2697e-01 +/- 7.79e-04 (Nevnt = 44356)
#Subprocess 4 (u,S -> ne,E,b,B)
 Cross section [pb] = 9.6592e-03 +/- 7.64e-04 (Nevnt = 1888)
#Subprocess 5 (u,S -> nm,M,b,B)
 Cross section [pb] = 9.6593e-03 +/- 7.65e-04 (Nevnt = 1888)
#Subprocess 6 (u,S -> nl,L,b,B)
 Cross section [pb] = 9.6575e-03 +/- 7.76e-04 (Nevnt = 1887)
#Subprocess 7 (d,U -> Ne,e,b,B)
 Cross section [pb] = 1.2759e-01 +/- 6.73e-04 (Nevnt = 24933)
#Subprocess 8 (d,U -> Nm,m,b,B)
 Cross section [pb] = 1.2757e-01 +/- 6.73e-04 (Nevnt = 24931)
#Subprocess 9 (d,U -> Nl,l,b,B)
 Cross section [pb] = 1.2750e-01 +/- 6.83e-04 (Nevnt = 24916)
#Subprocess 10 (d,C -> Ne,e,b,B)
 Cross section [pb] = 4.8367e-03 +/- 7.27e-04 (Nevnt = 945)
#Subprocess 11 (d,C -> Nm,m,b,B)
 Cross section [pb] = 4.8412e-03 +/- 7.38e-04 (Nevnt = 946)
#Subprocess 12 (d,C -> Nl,l,b,B)
 Cross section [pb] = 4.8359e-03 +/- 7.04e-04 (Nevnt = 945)
#Subprocess 13 (U,d -> Ne,e,b,B)
 Cross section [pb] = 1.2766e-01 +/- 7.99e-04 (Nevnt = 24947)
#Subprocess 14 (U,d -> Nm,m,b,B)
 Cross section [pb] = 1.2766e-01 +/- 8.02e-04 (Nevnt = 24948)
#Subprocess 15 (U,d -> Nl,l,b,B)
 Cross section [pb] = 1.2759e-01 +/- 7.99e-04 (Nevnt = 24934)
#Subprocess 16 (U,s -> Ne,e,b,B)
 Cross section [pb] = 2.1737e-03 +/- 8.05e-04 (Nevnt = 425)
#Subprocess 17 (U,s -> Nm,m,b,B)
 Cross section [pb] = 2.1742e-03 +/- 7.80e-04 (Nevnt = 425)
#Subprocess 18 (U,s -> Nl,l,b,B)
 Cross section [pb] = 2.1725e-03 +/- 7.49e-04 (Nevnt = 425)
#Subprocess 19 (D,u -> ne,E,b,B)
 Cross section [pb] = 2.2692e-01 +/- 6.79e-04 (Nevnt = 44345)
#Subprocess 20 (D,u -> nm,M,b,B)
 Cross section [pb] = 2.2692e-01 +/- 6.79e-04 (Nevnt = 44345)
#Subprocess 21 (D,u -> nl,L,b,B)
 Cross section [pb] = 2.2675e-01 +/- 6.79e-04 (Nevnt = 44312)
#Subprocess 22 (D,c -> ne,E,b,B)
 Cross section [pb] = 1.9680e-03 +/- 6.50e-04 (Nevnt = 385)
#Subprocess 23 (D,c -> nm,M,b,B)
 Cross section [pb] = 1.9678e-03 +/- 6.55e-04 (Nevnt = 385)
#Subprocess 24 (D,c -> nl,L,b,B)
 Cross section [pb] = 1.9662e-03 +/- 6.68e-04 (Nevnt = 384)
#Subprocess 25 (s,U -> Ne,e,b,B)
 Cross section [pb] = 2.1736e-03 +/- 6.80e-04 (Nevnt = 425)
#Subprocess 26 (s,U -> Nm,m,b,B)
 Cross section [pb] = 2.1728e-03 +/- 6.76e-04 (Nevnt = 425)
#Subprocess 27 (s,U -> Nl,l,b,B)
 Cross section [pb] = 2.1719e-03 +/- 6.80e-04 (Nevnt = 424)
#Subprocess 28 (s,C -> Ne,e,b,B)
 Cross section [pb] = 2.6623e-02 +/- 6.97e-04 (Nevnt = 5203)
#Subprocess 29 (s,C -> Nm,m,b,B)
 Cross section [pb] = 2.6602e-02 +/- 7.02e-04 (Nevnt = 5199)
#Subprocess 30 (s,C -> Nl,l,b,B)
 Cross section [pb] = 2.6601e-02 +/- 6.82e-04 (Nevnt = 5198)
#Subprocess 31 (c,D -> ne,E,b,B)
 Cross section [pb] = 1.9690e-03 +/- 7.66e-04 (Nevnt = 385)
#Subprocess 32 (c,D -> nm,M,b,B)
 Cross section [pb] = 1.9690e-03 +/- 7.64e-04 (Nevnt = 385)
#Subprocess 33 (c,D -> nl,L,b,B)
 Cross section [pb] = 1.9679e-03 +/- 7.74e-04 (Nevnt = 385)
#Subprocess 34 (c,S -> ne,E,b,B)
 Cross section [pb] = 2.6620e-02 +/- 7.58e-04 (Nevnt = 5202)
#Subprocess 35 (c,S -> nm,M,b,B)
 Cross section [pb] = 2.6618e-02 +/- 7.45e-04 (Nevnt = 5202)
#Subprocess 36 (c,S -> nl,L,b,B)
 Cross section [pb] = 2.6599e-02 +/- 7.67e-04 (Nevnt = 5198)
#Subprocess 37 (S,u -> ne,E,b,B)
 Cross section [pb] = 9.6600e-03 +/- 6.72e-04 (Nevnt = 1888)
#Subprocess 38 (S,u -> nm,M,b,B)
 Cross section [pb] = 9.6596e-03 +/- 6.71e-04 (Nevnt = 1888)
#Subprocess 39 (S,u -> nl,L,b,B)
 Cross section [pb] = 9.6555e-03 +/- 6.79e-04 (Nevnt = 1887)
#Subprocess 40 (S,c -> ne,E,b,B)
 Cross section [pb] = 2.6623e-02 +/- 6.97e-04 (Nevnt = 5203)
#Subprocess 41 (S,c -> nm,M,b,B)
 Cross section [pb] = 2.6602e-02 +/- 7.02e-04 (Nevnt = 5199)
#Subprocess 42 (S,c -> nl,L,b,B)
 Cross section [pb] = 2.6601e-02 +/- 6.82e-04 (Nevnt = 5198)
#Subprocess 43 (C,d -> Ne,e,b,B)
 Cross section [pb] = 4.8408e-03 +/- 7.58e-04 (Nevnt = 946)
#Subprocess 44 (C,d -> Nm,m,b,B)
 Cross section [pb] = 4.8415e-03 +/- 7.59e-04 (Nevnt = 946)
#Subprocess 45 (C,d -> Nl,l,b,B)
 Cross section [pb] = 4.8377e-03 +/- 7.58e-04 (Nevnt = 945)
#Subprocess 46 (C,s -> Ne,e,b,B)
 Cross section [pb] = 2.6620e-02 +/- 7.58e-04 (Nevnt = 5202)
#Subprocess 47 (C,s -> Nm,m,b,B)
 Cross section [pb] = 2.6618e-02 +/- 7.45e-04 (Nevnt = 5202)
#Subprocess 48 (C,s -> Nl,l,b,B)
 Cross section [pb] = 2.6599e-02 +/- 7.67e-04 (Nevnt = 5198)

 Total cross section [pb]  = 2.5586e+00 +/- 5.05e-03 (Ntotal = 500002)
