#Subprocess 1 (u,D -> ne,E,b,B)
 Cross section [pb] = 2.4287e-01 +/- 1.58e-03 (Nevnt = 45162)
#Subprocess 2 (u,D -> nm,M,b,B)
 Cross section [pb] = 2.4287e-01 +/- 1.58e-03 (Nevnt = 45162)
#Subprocess 3 (u,D -> nl,L,b,B)
 Cross section [pb] = 2.4266e-01 +/- 1.63e-03 (Nevnt = 45124)
#Subprocess 4 (u,S -> ne,E,b,B)
 Cross section [pb] = 1.0150e-02 +/- 1.59e-03 (Nevnt = 1887)
#Subprocess 5 (u,S -> nm,M,b,B)
 Cross section [pb] = 1.0150e-02 +/- 1.59e-03 (Nevnt = 1887)
#Subprocess 6 (u,S -> nl,L,b,B)
 Cross section [pb] = 1.0142e-02 +/- 1.64e-03 (Nevnt = 1886)
#Subprocess 7 (d,U -> Ne,e,b,B)
 Cross section [pb] = 1.3266e-01 +/- 1.46e-03 (Nevnt = 24669)
#Subprocess 8 (d,U -> Nm,m,b,B)
 Cross section [pb] = 1.3266e-01 +/- 1.46e-03 (Nevnt = 24669)
#Subprocess 9 (d,U -> Nl,l,b,B)
 Cross section [pb] = 1.3256e-01 +/- 1.47e-03 (Nevnt = 24650)
#Subprocess 10 (d,C -> Ne,e,b,B)
 Cross section [pb] = 4.9574e-03 +/- 1.51e-03 (Nevnt = 922)
#Subprocess 11 (d,C -> Nm,m,b,B)
 Cross section [pb] = 4.9574e-03 +/- 1.51e-03 (Nevnt = 922)
#Subprocess 12 (d,C -> Nl,l,b,B)
 Cross section [pb] = 4.9534e-03 +/- 1.51e-03 (Nevnt = 921)
#Subprocess 13 (U,d -> Ne,e,b,B)
 Cross section [pb] = 1.3287e-01 +/- 1.63e-03 (Nevnt = 24707)
#Subprocess 14 (U,d -> Nm,m,b,B)
 Cross section [pb] = 1.3286e-01 +/- 1.63e-03 (Nevnt = 24706)
#Subprocess 15 (U,d -> Nl,l,b,B)
 Cross section [pb] = 1.3275e-01 +/- 1.62e-03 (Nevnt = 24686)
#Subprocess 16 (U,s -> Ne,e,b,B)
 Cross section [pb] = 2.1975e-03 +/- 1.58e-03 (Nevnt = 409)
#Subprocess 17 (U,s -> Nm,m,b,B)
 Cross section [pb] = 2.1975e-03 +/- 1.58e-03 (Nevnt = 409)
#Subprocess 18 (U,s -> Nl,l,b,B)
 Cross section [pb] = 2.1956e-03 +/- 1.58e-03 (Nevnt = 408)
#Subprocess 19 (D,u -> ne,E,b,B)
 Cross section [pb] = 2.4260e-01 +/- 1.52e-03 (Nevnt = 45112)
#Subprocess 20 (D,u -> nm,M,b,B)
 Cross section [pb] = 2.4259e-01 +/- 1.52e-03 (Nevnt = 45112)
#Subprocess 21 (D,u -> nl,L,b,B)
 Cross section [pb] = 2.4239e-01 +/- 1.52e-03 (Nevnt = 45074)
#Subprocess 22 (D,c -> ne,E,b,B)
 Cross section [pb] = 1.9796e-03 +/- 1.55e-03 (Nevnt = 368)
#Subprocess 23 (D,c -> nm,M,b,B)
 Cross section [pb] = 1.9796e-03 +/- 1.55e-03 (Nevnt = 368)
#Subprocess 24 (D,c -> nl,L,b,B)
 Cross section [pb] = 1.9782e-03 +/- 1.54e-03 (Nevnt = 368)
#Subprocess 25 (s,U -> Ne,e,b,B)
 Cross section [pb] = 2.1937e-03 +/- 1.65e-03 (Nevnt = 408)
#Subprocess 26 (s,U -> Nm,m,b,B)
 Cross section [pb] = 2.1934e-03 +/- 1.65e-03 (Nevnt = 408)
#Subprocess 27 (s,U -> Nl,l,b,B)
 Cross section [pb] = 2.1915e-03 +/- 1.71e-03 (Nevnt = 408)
#Subprocess 28 (s,C -> Ne,e,b,B)
 Cross section [pb] = 2.6708e-02 +/- 1.67e-03 (Nevnt = 4966)
#Subprocess 29 (s,C -> Nm,m,b,B)
 Cross section [pb] = 2.6707e-02 +/- 1.67e-03 (Nevnt = 4966)
#Subprocess 30 (s,C -> Nl,l,b,B)
 Cross section [pb] = 2.6688e-02 +/- 1.64e-03 (Nevnt = 4963)
#Subprocess 31 (c,D -> ne,E,b,B)
 Cross section [pb] = 1.9855e-03 +/- 1.56e-03 (Nevnt = 369)
#Subprocess 32 (c,D -> nm,M,b,B)
 Cross section [pb] = 1.9855e-03 +/- 1.56e-03 (Nevnt = 369)
#Subprocess 33 (c,D -> nl,L,b,B)
 Cross section [pb] = 1.9841e-03 +/- 1.56e-03 (Nevnt = 369)
#Subprocess 34 (c,S -> ne,E,b,B)
 Cross section [pb] = 2.6789e-02 +/- 1.62e-03 (Nevnt = 4982)
#Subprocess 35 (c,S -> nm,M,b,B)
 Cross section [pb] = 2.6789e-02 +/- 1.62e-03 (Nevnt = 4982)
#Subprocess 36 (c,S -> nl,L,b,B)
 Cross section [pb] = 2.6770e-02 +/- 1.63e-03 (Nevnt = 4978)
#Subprocess 37 (S,u -> ne,E,b,B)
 Cross section [pb] = 1.0113e-02 +/- 1.59e-03 (Nevnt = 1881)
#Subprocess 38 (S,u -> nm,M,b,B)
 Cross section [pb] = 1.0113e-02 +/- 1.59e-03 (Nevnt = 1881)
#Subprocess 39 (S,u -> nl,L,b,B)
 Cross section [pb] = 1.0104e-02 +/- 1.59e-03 (Nevnt = 1879)
#Subprocess 40 (S,c -> ne,E,b,B)
 Cross section [pb] = 2.6708e-02 +/- 1.67e-03 (Nevnt = 4966)
#Subprocess 41 (S,c -> nm,M,b,B)
 Cross section [pb] = 2.6707e-02 +/- 1.67e-03 (Nevnt = 4966)
#Subprocess 42 (S,c -> nl,L,b,B)
 Cross section [pb] = 2.6688e-02 +/- 1.64e-03 (Nevnt = 4963)
#Subprocess 43 (C,d -> Ne,e,b,B)
 Cross section [pb] = 4.9629e-03 +/- 1.61e-03 (Nevnt = 923)
#Subprocess 44 (C,d -> Nm,m,b,B)
 Cross section [pb] = 4.9644e-03 +/- 1.63e-03 (Nevnt = 923)
#Subprocess 45 (C,d -> Nl,l,b,B)
 Cross section [pb] = 4.9583e-03 +/- 1.55e-03 (Nevnt = 922)
#Subprocess 46 (C,s -> Ne,e,b,B)
 Cross section [pb] = 2.6789e-02 +/- 1.62e-03 (Nevnt = 4982)
#Subprocess 47 (C,s -> Nm,m,b,B)
 Cross section [pb] = 2.6789e-02 +/- 1.62e-03 (Nevnt = 4982)
#Subprocess 48 (C,s -> Nl,l,b,B)
 Cross section [pb] = 2.6770e-02 +/- 1.63e-03 (Nevnt = 4978)

 Total cross section [pb]  = 2.6888e+00 +/- 1.10e-02 (Ntotal = 500002)
