#Subprocess 1 (u,D -> ne,E,b,B)
 Cross section [pb] = 2.2608e-01 +/- 1.48e-03 (Nevnt = 43864)
#Subprocess 2 (u,D -> nm,M,b,B)
 Cross section [pb] = 2.2607e-01 +/- 1.48e-03 (Nevnt = 43863)
#Subprocess 3 (u,D -> nl,L,b,B)
 Cross section [pb] = 2.2584e-01 +/- 1.51e-03 (Nevnt = 43819)
#Subprocess 4 (u,S -> ne,E,b,B)
 Cross section [pb] = 9.7687e-03 +/- 1.48e-03 (Nevnt = 1895)
#Subprocess 5 (u,S -> nm,M,b,B)
 Cross section [pb] = 9.7688e-03 +/- 1.48e-03 (Nevnt = 1895)
#Subprocess 6 (u,S -> nl,L,b,B)
 Cross section [pb] = 9.7620e-03 +/- 1.48e-03 (Nevnt = 1894)
#Subprocess 7 (d,U -> Ne,e,b,B)
 Cross section [pb] = 1.2919e-01 +/- 1.31e-03 (Nevnt = 25067)
#Subprocess 8 (d,U -> Nm,m,b,B)
 Cross section [pb] = 1.2919e-01 +/- 1.31e-03 (Nevnt = 25067)
#Subprocess 9 (d,U -> Nl,l,b,B)
 Cross section [pb] = 1.2909e-01 +/- 1.30e-03 (Nevnt = 25047)
#Subprocess 10 (d,C -> Ne,e,b,B)
 Cross section [pb] = 4.9733e-03 +/- 1.36e-03 (Nevnt = 965)
#Subprocess 11 (d,C -> Nm,m,b,B)
 Cross section [pb] = 4.9733e-03 +/- 1.36e-03 (Nevnt = 965)
#Subprocess 12 (d,C -> Nl,l,b,B)
 Cross section [pb] = 4.9695e-03 +/- 1.35e-03 (Nevnt = 964)
#Subprocess 13 (U,d -> Ne,e,b,B)
 Cross section [pb] = 1.2922e-01 +/- 1.63e-03 (Nevnt = 25072)
#Subprocess 14 (U,d -> Nm,m,b,B)
 Cross section [pb] = 1.2922e-01 +/- 1.63e-03 (Nevnt = 25071)
#Subprocess 15 (U,d -> Nl,l,b,B)
 Cross section [pb] = 1.2910e-01 +/- 1.59e-03 (Nevnt = 25049)
#Subprocess 16 (U,s -> Ne,e,b,B)
 Cross section [pb] = 2.2432e-03 +/- 1.85e-03 (Nevnt = 435)
#Subprocess 17 (U,s -> Nm,m,b,B)
 Cross section [pb] = 2.2432e-03 +/- 1.85e-03 (Nevnt = 435)
#Subprocess 18 (U,s -> Nl,l,b,B)
 Cross section [pb] = 2.2412e-03 +/- 1.84e-03 (Nevnt = 435)
#Subprocess 19 (D,u -> ne,E,b,B)
 Cross section [pb] = 2.2586e-01 +/- 1.35e-03 (Nevnt = 43824)
#Subprocess 20 (D,u -> nm,M,b,B)
 Cross section [pb] = 2.2586e-01 +/- 1.35e-03 (Nevnt = 43823)
#Subprocess 21 (D,u -> nl,L,b,B)
 Cross section [pb] = 2.2569e-01 +/- 1.35e-03 (Nevnt = 43789)
#Subprocess 22 (D,c -> ne,E,b,B)
 Cross section [pb] = 2.0427e-03 +/- 1.50e-03 (Nevnt = 396)
#Subprocess 23 (D,c -> nm,M,b,B)
 Cross section [pb] = 2.0428e-03 +/- 1.50e-03 (Nevnt = 396)
#Subprocess 24 (D,c -> nl,L,b,B)
 Cross section [pb] = 2.0417e-03 +/- 1.50e-03 (Nevnt = 396)
#Subprocess 25 (s,U -> Ne,e,b,B)
 Cross section [pb] = 2.2444e-03 +/- 1.44e-03 (Nevnt = 435)
#Subprocess 26 (s,U -> Nm,m,b,B)
 Cross section [pb] = 2.2444e-03 +/- 1.44e-03 (Nevnt = 435)
#Subprocess 27 (s,U -> Nl,l,b,B)
 Cross section [pb] = 2.2430e-03 +/- 1.39e-03 (Nevnt = 435)
#Subprocess 28 (s,C -> Ne,e,b,B)
 Cross section [pb] = 2.7714e-02 +/- 1.37e-03 (Nevnt = 5377)
#Subprocess 29 (s,C -> Nm,m,b,B)
 Cross section [pb] = 2.7714e-02 +/- 1.37e-03 (Nevnt = 5377)
#Subprocess 30 (s,C -> Nl,l,b,B)
 Cross section [pb] = 2.7690e-02 +/- 1.36e-03 (Nevnt = 5372)
#Subprocess 31 (c,D -> ne,E,b,B)
 Cross section [pb] = 2.0416e-03 +/- 1.57e-03 (Nevnt = 396)
#Subprocess 32 (c,D -> nm,M,b,B)
 Cross section [pb] = 2.0415e-03 +/- 1.57e-03 (Nevnt = 396)
#Subprocess 33 (c,D -> nl,L,b,B)
 Cross section [pb] = 2.0398e-03 +/- 1.56e-03 (Nevnt = 396)
#Subprocess 34 (c,S -> ne,E,b,B)
 Cross section [pb] = 2.7699e-02 +/- 1.70e-03 (Nevnt = 5374)
#Subprocess 35 (c,S -> nm,M,b,B)
 Cross section [pb] = 2.7699e-02 +/- 1.70e-03 (Nevnt = 5374)
#Subprocess 36 (c,S -> nl,L,b,B)
 Cross section [pb] = 2.7680e-02 +/- 1.69e-03 (Nevnt = 5371)
#Subprocess 37 (S,u -> ne,E,b,B)
 Cross section [pb] = 9.7732e-03 +/- 1.36e-03 (Nevnt = 1896)
#Subprocess 38 (S,u -> nm,M,b,B)
 Cross section [pb] = 9.7731e-03 +/- 1.36e-03 (Nevnt = 1896)
#Subprocess 39 (S,u -> nl,L,b,B)
 Cross section [pb] = 9.7656e-03 +/- 1.35e-03 (Nevnt = 1895)
#Subprocess 40 (S,c -> ne,E,b,B)
 Cross section [pb] = 2.7714e-02 +/- 1.37e-03 (Nevnt = 5377)
#Subprocess 41 (S,c -> nm,M,b,B)
 Cross section [pb] = 2.7714e-02 +/- 1.37e-03 (Nevnt = 5377)
#Subprocess 42 (S,c -> nl,L,b,B)
 Cross section [pb] = 2.7690e-02 +/- 1.36e-03 (Nevnt = 5372)
#Subprocess 43 (C,d -> Ne,e,b,B)
 Cross section [pb] = 4.9794e-03 +/- 1.46e-03 (Nevnt = 966)
#Subprocess 44 (C,d -> Nm,m,b,B)
 Cross section [pb] = 4.9794e-03 +/- 1.46e-03 (Nevnt = 966)
#Subprocess 45 (C,d -> Nl,l,b,B)
 Cross section [pb] = 4.9756e-03 +/- 1.46e-03 (Nevnt = 965)
#Subprocess 46 (C,s -> Ne,e,b,B)
 Cross section [pb] = 2.7699e-02 +/- 1.70e-03 (Nevnt = 5374)
#Subprocess 47 (C,s -> Nm,m,b,B)
 Cross section [pb] = 2.7699e-02 +/- 1.70e-03 (Nevnt = 5374)
#Subprocess 48 (C,s -> Nl,l,b,B)
 Cross section [pb] = 2.7680e-02 +/- 1.69e-03 (Nevnt = 5371)

 Total cross section [pb]  = 2.5770e+00 +/- 1.04e-02 (Ntotal = 499993)
