#Subprocess 1 (u,D -> ne,E,b,B)
 Cross section [pb] = 2.2425e-01 +/- 7.33e-04 (Nevnt = 43911)
#Subprocess 2 (u,D -> nm,M,b,B)
 Cross section [pb] = 2.2415e-01 +/- 7.47e-04 (Nevnt = 43892)
#Subprocess 3 (u,D -> nl,L,b,B)
 Cross section [pb] = 2.2400e-01 +/- 7.36e-04 (Nevnt = 43862)
#Subprocess 4 (u,S -> ne,E,b,B)
 Cross section [pb] = 9.6731e-03 +/- 8.56e-04 (Nevnt = 1894)
#Subprocess 5 (u,S -> nm,M,b,B)
 Cross section [pb] = 9.6691e-03 +/- 8.29e-04 (Nevnt = 1893)
#Subprocess 6 (u,S -> nl,L,b,B)
 Cross section [pb] = 9.6676e-03 +/- 7.44e-04 (Nevnt = 1893)
#Subprocess 7 (d,U -> Ne,e,b,B)
 Cross section [pb] = 1.2801e-01 +/- 6.80e-04 (Nevnt = 25067)
#Subprocess 8 (d,U -> Nm,m,b,B)
 Cross section [pb] = 1.2806e-01 +/- 7.22e-04 (Nevnt = 25075)
#Subprocess 9 (d,U -> Nl,l,b,B)
 Cross section [pb] = 1.2790e-01 +/- 6.67e-04 (Nevnt = 25045)
#Subprocess 10 (d,C -> Ne,e,b,B)
 Cross section [pb] = 4.9155e-03 +/- 7.10e-04 (Nevnt = 963)
#Subprocess 11 (d,C -> Nm,m,b,B)
 Cross section [pb] = 4.9138e-03 +/- 6.60e-04 (Nevnt = 962)
#Subprocess 12 (d,C -> Nl,l,b,B)
 Cross section [pb] = 4.9070e-03 +/- 6.43e-04 (Nevnt = 961)
#Subprocess 13 (U,d -> Ne,e,b,B)
 Cross section [pb] = 1.2795e-01 +/- 7.55e-04 (Nevnt = 25055)
#Subprocess 14 (U,d -> Nm,m,b,B)
 Cross section [pb] = 1.2802e-01 +/- 7.71e-04 (Nevnt = 25067)
#Subprocess 15 (U,d -> Nl,l,b,B)
 Cross section [pb] = 1.2783e-01 +/- 7.62e-04 (Nevnt = 25031)
#Subprocess 16 (U,s -> Ne,e,b,B)
 Cross section [pb] = 2.2194e-03 +/- 7.12e-04 (Nevnt = 435)
#Subprocess 17 (U,s -> Nm,m,b,B)
 Cross section [pb] = 2.2192e-03 +/- 7.23e-04 (Nevnt = 435)
#Subprocess 18 (U,s -> Nl,l,b,B)
 Cross section [pb] = 2.2181e-03 +/- 7.09e-04 (Nevnt = 434)
#Subprocess 19 (D,u -> ne,E,b,B)
 Cross section [pb] = 2.2424e-01 +/- 7.36e-04 (Nevnt = 43910)
#Subprocess 20 (D,u -> nm,M,b,B)
 Cross section [pb] = 2.2417e-01 +/- 7.49e-04 (Nevnt = 43895)
#Subprocess 21 (D,u -> nl,L,b,B)
 Cross section [pb] = 2.2399e-01 +/- 6.87e-04 (Nevnt = 43860)
#Subprocess 22 (D,c -> ne,E,b,B)
 Cross section [pb] = 2.0148e-03 +/- 6.65e-04 (Nevnt = 395)
#Subprocess 23 (D,c -> nm,M,b,B)
 Cross section [pb] = 2.0147e-03 +/- 6.65e-04 (Nevnt = 395)
#Subprocess 24 (D,c -> nl,L,b,B)
 Cross section [pb] = 2.0131e-03 +/- 6.66e-04 (Nevnt = 394)
#Subprocess 25 (s,U -> Ne,e,b,B)
 Cross section [pb] = 2.2182e-03 +/- 6.48e-04 (Nevnt = 434)
#Subprocess 26 (s,U -> Nm,m,b,B)
 Cross section [pb] = 2.2183e-03 +/- 6.38e-04 (Nevnt = 434)
#Subprocess 27 (s,U -> Nl,l,b,B)
 Cross section [pb] = 2.2164e-03 +/- 6.58e-04 (Nevnt = 434)
#Subprocess 28 (s,C -> Ne,e,b,B)
 Cross section [pb] = 2.7330e-02 +/- 6.48e-04 (Nevnt = 5352)
#Subprocess 29 (s,C -> Nm,m,b,B)
 Cross section [pb] = 2.7330e-02 +/- 6.48e-04 (Nevnt = 5352)
#Subprocess 30 (s,C -> Nl,l,b,B)
 Cross section [pb] = 2.7310e-02 +/- 6.49e-04 (Nevnt = 5348)
#Subprocess 31 (c,D -> ne,E,b,B)
 Cross section [pb] = 2.0150e-03 +/- 7.64e-04 (Nevnt = 395)
#Subprocess 32 (c,D -> nm,M,b,B)
 Cross section [pb] = 2.0150e-03 +/- 7.64e-04 (Nevnt = 395)
#Subprocess 33 (c,D -> nl,L,b,B)
 Cross section [pb] = 2.0132e-03 +/- 7.62e-04 (Nevnt = 394)
#Subprocess 34 (c,S -> ne,E,b,B)
 Cross section [pb] = 2.7352e-02 +/- 7.66e-04 (Nevnt = 5356)
#Subprocess 35 (c,S -> nm,M,b,B)
 Cross section [pb] = 2.7352e-02 +/- 7.66e-04 (Nevnt = 5356)
#Subprocess 36 (c,S -> nl,L,b,B)
 Cross section [pb] = 2.7332e-02 +/- 7.50e-04 (Nevnt = 5352)
#Subprocess 37 (S,u -> ne,E,b,B)
 Cross section [pb] = 9.6643e-03 +/- 6.88e-04 (Nevnt = 1892)
#Subprocess 38 (S,u -> nm,M,b,B)
 Cross section [pb] = 9.6695e-03 +/- 7.00e-04 (Nevnt = 1893)
#Subprocess 39 (S,u -> nl,L,b,B)
 Cross section [pb] = 9.6592e-03 +/- 7.64e-04 (Nevnt = 1891)
#Subprocess 40 (S,c -> ne,E,b,B)
 Cross section [pb] = 2.7330e-02 +/- 6.48e-04 (Nevnt = 5352)
#Subprocess 41 (S,c -> nm,M,b,B)
 Cross section [pb] = 2.7330e-02 +/- 6.48e-04 (Nevnt = 5352)
#Subprocess 42 (S,c -> nl,L,b,B)
 Cross section [pb] = 2.7310e-02 +/- 6.49e-04 (Nevnt = 5348)
#Subprocess 43 (C,d -> Ne,e,b,B)
 Cross section [pb] = 4.9152e-03 +/- 6.97e-04 (Nevnt = 962)
#Subprocess 44 (C,d -> Nm,m,b,B)
 Cross section [pb] = 4.9154e-03 +/- 6.99e-04 (Nevnt = 962)
#Subprocess 45 (C,d -> Nl,l,b,B)
 Cross section [pb] = 4.9111e-03 +/- 6.86e-04 (Nevnt = 962)
#Subprocess 46 (C,s -> Ne,e,b,B)
 Cross section [pb] = 2.7352e-02 +/- 7.66e-04 (Nevnt = 5356)
#Subprocess 47 (C,s -> Nm,m,b,B)
 Cross section [pb] = 2.7352e-02 +/- 7.66e-04 (Nevnt = 5356)
#Subprocess 48 (C,s -> Nl,l,b,B)
 Cross section [pb] = 2.7332e-02 +/- 7.50e-04 (Nevnt = 5352)

 Total cross section [pb]  = 2.5535e+00 +/- 4.96e-03 (Ntotal = 500004)
