mv: cannot stat 'COLLIER-*': No such file or directory
Decompressing COLLIER
COLLIER-1.2.8/
COLLIER-1.2.8/demos/
COLLIER-1.2.8/demos/democache.f90
COLLIER-1.2.8/demos/demo.f90
COLLIER-1.2.8/src/
COLLIER-1.2.8/src/collier_global.F90
COLLIER-1.2.8/src/DDlib/
COLLIER-1.2.8/src/DDlib/DD_2pt.F
COLLIER-1.2.8/src/DDlib/DD_5pt.F
COLLIER-1.2.8/src/DDlib/makefile
COLLIER-1.2.8/src/DDlib/DD_4pt.F
COLLIER-1.2.8/src/DDlib/DD_3pt.F
COLLIER-1.2.8/src/DDlib/DD_aux.F
COLLIER-1.2.8/src/DDlib/DD_to_COLLIER.F
COLLIER-1.2.8/src/DDlib/DD_global.F90
COLLIER-1.2.8/src/DDlib/DD_6pt.F
COLLIER-1.2.8/src/tensors/
COLLIER-1.2.8/src/tensors/TensorReduction.F90
COLLIER-1.2.8/src/tensors/InitTensors.F90
COLLIER-1.2.8/src/tensors/BuildTensors.F90
COLLIER-1.2.8/src/collier_coefs.F90
COLLIER-1.2.8/src/COLLIER.F90
COLLIER-1.2.8/src/COLI/
COLLIER-1.2.8/src/COLI/global_coli.h
COLLIER-1.2.8/src/COLI/common_coli.h
COLLIER-1.2.8/src/COLI/reductionEFG.F90
COLLIER-1.2.8/src/COLI/coli_aux.F
COLLIER-1.2.8/src/COLI/params_coli.h
COLLIER-1.2.8/src/COLI/interfaceAD.F90
COLLIER-1.2.8/src/COLI/checkparams_coli.h
COLLIER-1.2.8/src/COLI/reductionD.F90
COLLIER-1.2.8/src/COLI/reductionC.F90
COLLIER-1.2.8/src/COLI/reductionAB.F90
COLLIER-1.2.8/src/COLI/coli_stat.F90
COLLIER-1.2.8/src/COLI/coli_c0.F
COLLIER-1.2.8/src/COLI/coli_aux2.F90
COLLIER-1.2.8/src/COLI/coli_b0.F
COLLIER-1.2.8/src/COLI/coli_d0reg.F
COLLIER-1.2.8/src/COLI/coli_d0.F
COLLIER-1.2.8/src/COLI/reductionTN.F90
COLLIER-1.2.8/src/collier_init.F90
COLLIER-1.2.8/src/collier_aux.F90
COLLIER-1.2.8/src/collier_tensors.F90
COLLIER-1.2.8/src/Aux/
COLLIER-1.2.8/src/Aux/master.F90
COLLIER-1.2.8/src/Aux/Combinatorics.F90
COLLIER-1.2.8/src/Aux/cache.F90
COLLIER-1.2.8/manual/
COLLIER-1.2.8/manual/collier.tex
COLLIER-1.2.8/manual/collier.bib
COLLIER-1.2.8/manual/collier.pdf
COLLIER-1.2.8/COPYING
COLLIER-1.2.8/build/
COLLIER-1.2.8/modules/
COLLIER-1.2.8/CMakeLists.txt
COLLIER-1.2.8/makefile_basic
COLLIER-1.2.8/config/
COLLIER-1.2.8/config/CMakeCheckCompilerFlagCommonPatterns.cmake
COLLIER-1.2.8/config/CheckFortranCompilerFlag.cmake
COLLIER-1.2.8/config/CMakeUninstall.cmake.in
COLLIER-1.2.8/config/PackageConfigInstall.cmake
COLLIER-1.2.8/config/PackageConfig.cmake.in
COLLIER-1.2.8/config/CheckFortranSourceCompiles.cmake
COLLIER-1.2.8/config/PackageConfigVersion.cmake.in
Enter COLLIER directory and installing COLLIER
CMake Deprecation Warning at CMakeLists.txt:72 (cmake_minimum_required):
  Compatibility with CMake < 2.8.12 will be removed from a future version of
  CMake.

  Update the VERSION argument <min> value or use a ...<max> suffix to tell
  CMake that the project does not need compatibility with older versions.


-- The C compiler identification is GNU 10.3.0
-- The CXX compiler identification is GNU 10.3.0
-- Detecting C compiler ABI info
-- Detecting C compiler ABI info - done
-- Check for working C compiler: /cvmfs/cms.cern.ch/el8_amd64_gcc10/external/gcc/10.3.0-84898dea653199466402e67d73657f10/bin/cc - skipped
-- Detecting C compile features
-- Detecting C compile features - done
-- Detecting CXX compiler ABI info
-- Detecting CXX compiler ABI info - done
-- Check for working CXX compiler: /cvmfs/cms.cern.ch/el8_amd64_gcc10/external/gcc/10.3.0-84898dea653199466402e67d73657f10/bin/g++ - skipped
-- Detecting CXX compile features
-- Detecting CXX compile features - done
-- The Fortran compiler identification is GNU 10.3.0
-- Detecting Fortran compiler ABI info
-- Detecting Fortran compiler ABI info - done
-- Check for working Fortran compiler: /cvmfs/cms.cern.ch/el8_amd64_gcc10/external/gcc/10.3.0-84898dea653199466402e67d73657f10/bin/gfortran - skipped
Using Fortran compiler: gfortran
Build type: Release
Collier:  Fortran compiler  = gfortran
          Fortran flags    = -ffixed-line-length-132  -fno-default-integer-8 -O2 -funroll-loops -ffast-math -Wtabs

Building COLLIER as static library
Collier install include prefix: /usr/local/include
Collier install library prefix: /usr/local/lib
-- Configuring done (1.7s)
-- Generating done (1.6s)
-- Build files have been written to: /uscms_data/d3/bweiss/mcgen/genproductions/bin/MadGraph5_aMCatNLO/WGammaToJJGamma/WGammaToJJGamma_gridpack/work/MG5_aMC_v2_9_18/HEPTools/collier/COLLIER-1.2.8/build
[  3%] Building Fortran object CMakeFiles/collier.dir/src/collier_global.F90.o
[  6%] Building Fortran object CMakeFiles/collier.dir/src/Aux/Combinatorics.F90.o
[  9%] Building Fortran object CMakeFiles/collier.dir/src/Aux/cache.F90.o
[ 12%] Building Fortran object CMakeFiles/collier.dir/src/Aux/master.F90.o
[ 15%] Building Fortran object CMakeFiles/collier.dir/src/COLI/coli_aux2.F90.o
[ 18%] Building Fortran object CMakeFiles/collier.dir/src/COLI/coli_stat.F90.o
[ 21%] Building Fortran object CMakeFiles/collier.dir/src/COLI/reductionAB.F90.o
[ 24%] Building Fortran object CMakeFiles/collier.dir/src/COLI/reductionC.F90.o
[ 27%] Building Fortran object CMakeFiles/collier.dir/src/COLI/reductionD.F90.o
[ 30%] Building Fortran object CMakeFiles/collier.dir/src/COLI/reductionEFG.F90.o
[ 33%] Building Fortran object CMakeFiles/collier.dir/src/COLI/reductionTN.F90.o
[ 36%] Building Fortran object CMakeFiles/collier.dir/src/collier_aux.F90.o
[ 39%] Building Fortran object CMakeFiles/collier.dir/src/tensors/InitTensors.F90.o
[ 42%] Building Fortran object CMakeFiles/collier.dir/src/collier_init.F90.o
[ 45%] Building Fortran object CMakeFiles/collier.dir/src/collier_coefs.F90.o
[ 48%] Building Fortran object CMakeFiles/collier.dir/src/tensors/BuildTensors.F90.o
[ 51%] Building Fortran object CMakeFiles/collier.dir/src/tensors/TensorReduction.F90.o
[ 54%] Building Fortran object CMakeFiles/collier.dir/src/collier_tensors.F90.o
[ 57%] Building Fortran object CMakeFiles/collier.dir/src/COLLIER.F90.o
[ 60%] Building Fortran object CMakeFiles/collier.dir/src/DDlib/DD_global.F90.o
[ 63%] Building Fortran object CMakeFiles/collier.dir/src/COLI/coli_b0.F.o
[ 66%] Building Fortran object CMakeFiles/collier.dir/src/COLI/coli_d0.F.o
[ 69%] Building Fortran object CMakeFiles/collier.dir/src/COLI/coli_d0reg.F.o
[ 72%] Building Fortran object CMakeFiles/collier.dir/src/COLI/coli_aux.F.o
[ 75%] Building Fortran object CMakeFiles/collier.dir/src/COLI/coli_c0.F.o
[ 78%] Building Fortran object CMakeFiles/collier.dir/src/DDlib/DD_aux.F.o
[ 81%] Building Fortran object CMakeFiles/collier.dir/src/DDlib/DD_5pt.F.o
[ 84%] Building Fortran object CMakeFiles/collier.dir/src/DDlib/DD_6pt.F.o
[ 87%] Building Fortran object CMakeFiles/collier.dir/src/DDlib/DD_3pt.F.o
[ 90%] Building Fortran object CMakeFiles/collier.dir/src/DDlib/DD_to_COLLIER.F.o
[ 93%] Building Fortran object CMakeFiles/collier.dir/src/DDlib/DD_2pt.F.o
[ 96%] Building Fortran object CMakeFiles/collier.dir/src/DDlib/DD_4pt.F.o
[100%] Linking Fortran static library /uscms_data/d3/bweiss/mcgen/genproductions/bin/MadGraph5_aMCatNLO/WGammaToJJGamma/WGammaToJJGamma_gridpack/work/MG5_aMC_v2_9_18/HEPTools/collier/COLLIER-1.2.8/libcollier.a
[100%] Built target collier
Copying the static library and modules generated to target directory
Finished installing COLLIER
