Decompressing OneLOop
OneLOop-3.6/
OneLOop-3.6/DESCRIPTION
OneLOop-3.6/make_cuttools
OneLOop-3.6/example_cpp/
OneLOop-3.6/example_cpp/Config
OneLOop-3.6/example_cpp/cavh_olo.h
OneLOop-3.6/example_cpp/example.cpp
OneLOop-3.6/example_cpp/clean
OneLOop-3.6/example_cpp/README
OneLOop-3.6/src/
OneLOop-3.6/src/avh_pc_exe.py
OneLOop-3.6/src/avh_olo_mpfun90.f90
OneLOop-3.6/src/avh_olo_an.h90
OneLOop-3.6/src/avh_olo_a0.h90
OneLOop-3.6/src/avh_olo_arrays.f90
OneLOop-3.6/src/avh_olo_qmplx.f90
OneLOop-3.6/src/avh_olo_bub.f90
OneLOop-3.6/src/avh_olo_main.f90
OneLOop-3.6/src/avh_olo_b0.h90
OneLOop-3.6/src/avh_olo_tri.f90
OneLOop-3.6/src/avh_olo_version.f90
OneLOop-3.6/src/avh_olo_dilog.f90
OneLOop-3.6/src/avh_olo_real.h90
OneLOop-3.6/src/avh_pc_olo.py
OneLOop-3.6/src/avh_olo_bnlog.f90
OneLOop-3.6/src/avh_olo_auxfun.f90
OneLOop-3.6/src/avh_olo_olog.f90
OneLOop-3.6/src/avh_olo_print.f90
OneLOop-3.6/src/avh_olo_units.f90
OneLOop-3.6/src/avh_olo_qdcpp.f90
OneLOop-3.6/src/avh_olo_comb.f90
OneLOop-3.6/src/avh_olo_db0.h90
OneLOop-3.6/src/avh_pc.py
OneLOop-3.6/src/avh_olo_kinds.f90
OneLOop-3.6/src/avh_olo_arprec.f90
OneLOop-3.6/src/avh_pc_olo.pyc
OneLOop-3.6/src/avh_olo_c0.h90
OneLOop-3.6/src/avh_olo_d0.h90
OneLOop-3.6/src/avh_olo_ddfun90.f90
OneLOop-3.6/src/avh_olo.py
OneLOop-3.6/src/avh_olo_bub.h90
OneLOop-3.6/src/avh_olo_intrf.h90
OneLOop-3.6/src/avh_olo_box.f90
OneLOop-3.6/src/avh_pc.pyc
OneLOop-3.6/src/avh_olo_intrinsic.f90
OneLOop-3.6/src/avh_olo_wrp01.f90
OneLOop-3.6/src/avh_olo_boxc.f90
OneLOop-3.6/src/avh_olo_complex.h90
OneLOop-3.6/src/avh_olo_bn.h90
OneLOop-3.6/src/avh_olo_b11.h90
OneLOop-3.6/example_mpfun90/
OneLOop-3.6/example_mpfun90/irdiv_input
OneLOop-3.6/example_mpfun90/example.f
OneLOop-3.6/example_mpfun90/makefile
OneLOop-3.6/example_mpfun90/input
OneLOop-3.6/example_mpfun90/README
OneLOop-3.6/Config
OneLOop-3.6/create.py
OneLOop-3.6/example_ddfun90/
OneLOop-3.6/example_ddfun90/irdiv_input
OneLOop-3.6/example_ddfun90/example.f
OneLOop-3.6/example_ddfun90/makefile
OneLOop-3.6/example_ddfun90/input
OneLOop-3.6/example_ddfun90/README
OneLOop-3.6/clean.sh
OneLOop-3.6/COPYING
OneLOop-3.6/ONI/
OneLOop-3.6/ONI/src/
OneLOop-3.6/ONI/src/avh_oni_hello.f
OneLOop-3.6/ONI/src/avh_oni_real.f
OneLOop-3.6/ONI/src/avh_oni_cuba.h
OneLOop-3.6/ONI/src/avh_oni_cuba-1.x.h
OneLOop-3.6/ONI/src/avh_oni_3div.f
OneLOop-3.6/ONI/src/avh_oni_3fin.f
OneLOop-3.6/ONI/src/avh_oni_cmplx.f
OneLOop-3.6/ONI/src/avh_oni_func.f
OneLOop-3.6/ONI/src/avh_oni_d1mach.f
OneLOop-3.6/ONI/src/avh_oni_dfam.f
OneLOop-3.6/ONI/src/avh_oni_4div.f
OneLOop-3.6/ONI/src/avh_oni_dqagpe.f
OneLOop-3.6/ONI/src/avh_oni_cuba.f
OneLOop-3.6/ONI/src/avh_oni_cuba-2.x.h
OneLOop-3.6/ONI/build/
OneLOop-3.6/ONI/makefile
OneLOop-3.6/ONI/example/
OneLOop-3.6/ONI/example/input12
OneLOop-3.6/ONI/example/input10
OneLOop-3.6/ONI/example/input05
OneLOop-3.6/ONI/example/input11
OneLOop-3.6/ONI/example/input16
OneLOop-3.6/ONI/example/input08
OneLOop-3.6/ONI/example/input14
OneLOop-3.6/ONI/example/input09
OneLOop-3.6/ONI/example/example.f
OneLOop-3.6/ONI/example/makefile
OneLOop-3.6/ONI/example/input15
OneLOop-3.6/ONI/example/input13
OneLOop-3.6/ONI/example/input06
OneLOop-3.6/ONI/example/input
OneLOop-3.6/ONI/example/README
OneLOop-3.6/ONI/example/input07
OneLOop-3.6/ONI/README
OneLOop-3.6/example_arprec/
OneLOop-3.6/example_arprec/irdiv_input
OneLOop-3.6/example_arprec/f_test.f
OneLOop-3.6/example_arprec/makefile
OneLOop-3.6/example_arprec/input
OneLOop-3.6/example_arprec/README
OneLOop-3.6/example/
OneLOop-3.6/example/irdiv_input
OneLOop-3.6/example/example.f
OneLOop-3.6/example/makefile
OneLOop-3.6/example/input
OneLOop-3.6/example/README
OneLOop-3.6/example/example16.f
OneLOop-3.6/example_qdcpp/
OneLOop-3.6/example_qdcpp/irdiv_input
OneLOop-3.6/example_qdcpp/f_test.f
OneLOop-3.6/example_qdcpp/makefile
OneLOop-3.6/example_qdcpp/input
OneLOop-3.6/example_qdcpp/README
OneLOop-3.6/README
Enter OneLOop directory and installing OneLOop
Modding Config file to activate quadruple precision
ar: `u' modifier ignored since `D' is the default (see `U')
./create.py: creating source file...
./create.py: compiling source file...
./create.py: building library...
Copying the static library and modules generated to target directory
Finished installing OneLOop
