#Subprocess 1 (u,D -> ne,E,b,B)
 Cross section [pb] = 2.2434e-01 +/- 7.70e-04 (Nevnt = 44040)
#Subprocess 2 (u,D -> nm,M,b,B)
 Cross section [pb] = 2.2444e-01 +/- 7.72e-04 (Nevnt = 44060)
#Subprocess 3 (u,D -> nl,L,b,B)
 Cross section [pb] = 2.2445e-01 +/- 7.91e-04 (Nevnt = 44061)
#Subprocess 4 (u,S -> ne,E,b,B)
 Cross section [pb] = 9.6343e-03 +/- 7.48e-04 (Nevnt = 1891)
#Subprocess 5 (u,S -> nm,M,b,B)
 Cross section [pb] = 9.6354e-03 +/- 7.54e-04 (Nevnt = 1892)
#Subprocess 6 (u,S -> nl,L,b,B)
 Cross section [pb] = 9.6261e-03 +/- 7.95e-04 (Nevnt = 1890)
#Subprocess 7 (d,U -> Ne,e,b,B)
 Cross section [pb] = 1.2750e-01 +/- 6.63e-04 (Nevnt = 25029)
#Subprocess 8 (d,U -> Nm,m,b,B)
 Cross section [pb] = 1.2744e-01 +/- 6.78e-04 (Nevnt = 25018)
#Subprocess 9 (d,U -> Nl,l,b,B)
 Cross section [pb] = 1.2729e-01 +/- 7.17e-04 (Nevnt = 24988)
#Subprocess 10 (d,C -> Ne,e,b,B)
 Cross section [pb] = 4.8668e-03 +/- 6.80e-04 (Nevnt = 955)
#Subprocess 11 (d,C -> Nm,m,b,B)
 Cross section [pb] = 4.8656e-03 +/- 6.67e-04 (Nevnt = 955)
#Subprocess 12 (d,C -> Nl,l,b,B)
 Cross section [pb] = 4.8612e-03 +/- 6.91e-04 (Nevnt = 954)
#Subprocess 13 (U,d -> Ne,e,b,B)
 Cross section [pb] = 1.2755e-01 +/- 8.01e-04 (Nevnt = 25040)
#Subprocess 14 (U,d -> Nm,m,b,B)
 Cross section [pb] = 1.2746e-01 +/- 7.82e-04 (Nevnt = 25022)
#Subprocess 15 (U,d -> Nl,l,b,B)
 Cross section [pb] = 1.2745e-01 +/- 7.83e-04 (Nevnt = 25019)
#Subprocess 16 (U,s -> Ne,e,b,B)
 Cross section [pb] = 2.1949e-03 +/- 7.38e-04 (Nevnt = 431)
#Subprocess 17 (U,s -> Nm,m,b,B)
 Cross section [pb] = 2.1949e-03 +/- 7.36e-04 (Nevnt = 431)
#Subprocess 18 (U,s -> Nl,l,b,B)
 Cross section [pb] = 2.1928e-03 +/- 7.52e-04 (Nevnt = 430)
#Subprocess 19 (D,u -> ne,E,b,B)
 Cross section [pb] = 2.2452e-01 +/- 6.77e-04 (Nevnt = 44075)
#Subprocess 20 (D,u -> nm,M,b,B)
 Cross section [pb] = 2.2452e-01 +/- 6.76e-04 (Nevnt = 44075)
#Subprocess 21 (D,u -> nl,L,b,B)
 Cross section [pb] = 2.2422e-01 +/- 6.86e-04 (Nevnt = 44016)
#Subprocess 22 (D,c -> ne,E,b,B)
 Cross section [pb] = 1.9901e-03 +/- 6.48e-04 (Nevnt = 391)
#Subprocess 23 (D,c -> nm,M,b,B)
 Cross section [pb] = 1.9900e-03 +/- 6.52e-04 (Nevnt = 391)
#Subprocess 24 (D,c -> nl,L,b,B)
 Cross section [pb] = 1.9893e-03 +/- 6.44e-04 (Nevnt = 391)
#Subprocess 25 (s,U -> Ne,e,b,B)
 Cross section [pb] = 2.1954e-03 +/- 6.41e-04 (Nevnt = 431)
#Subprocess 26 (s,U -> Nm,m,b,B)
 Cross section [pb] = 2.1957e-03 +/- 6.43e-04 (Nevnt = 431)
#Subprocess 27 (s,U -> Nl,l,b,B)
 Cross section [pb] = 2.1935e-03 +/- 6.96e-04 (Nevnt = 431)
#Subprocess 28 (s,C -> Ne,e,b,B)
 Cross section [pb] = 2.6975e-02 +/- 6.50e-04 (Nevnt = 5296)
#Subprocess 29 (s,C -> Nm,m,b,B)
 Cross section [pb] = 2.6971e-02 +/- 6.24e-04 (Nevnt = 5295)
#Subprocess 30 (s,C -> Nl,l,b,B)
 Cross section [pb] = 2.6959e-02 +/- 6.37e-04 (Nevnt = 5292)
#Subprocess 31 (c,D -> ne,E,b,B)
 Cross section [pb] = 1.9923e-03 +/- 7.16e-04 (Nevnt = 391)
#Subprocess 32 (c,D -> nm,M,b,B)
 Cross section [pb] = 1.9914e-03 +/- 7.49e-04 (Nevnt = 391)
#Subprocess 33 (c,D -> nl,L,b,B)
 Cross section [pb] = 1.9896e-03 +/- 7.42e-04 (Nevnt = 391)
#Subprocess 34 (c,S -> ne,E,b,B)
 Cross section [pb] = 2.6993e-02 +/- 7.17e-04 (Nevnt = 5299)
#Subprocess 35 (c,S -> nm,M,b,B)
 Cross section [pb] = 2.6989e-02 +/- 7.17e-04 (Nevnt = 5298)
#Subprocess 36 (c,S -> nl,L,b,B)
 Cross section [pb] = 2.6974e-02 +/- 7.17e-04 (Nevnt = 5295)
#Subprocess 37 (S,u -> ne,E,b,B)
 Cross section [pb] = 9.6347e-03 +/- 7.67e-04 (Nevnt = 1891)
#Subprocess 38 (S,u -> nm,M,b,B)
 Cross section [pb] = 9.6347e-03 +/- 7.65e-04 (Nevnt = 1891)
#Subprocess 39 (S,u -> nl,L,b,B)
 Cross section [pb] = 9.6270e-03 +/- 7.80e-04 (Nevnt = 1890)
#Subprocess 40 (S,c -> ne,E,b,B)
 Cross section [pb] = 2.6975e-02 +/- 6.50e-04 (Nevnt = 5296)
#Subprocess 41 (S,c -> nm,M,b,B)
 Cross section [pb] = 2.6971e-02 +/- 6.24e-04 (Nevnt = 5295)
#Subprocess 42 (S,c -> nl,L,b,B)
 Cross section [pb] = 2.6959e-02 +/- 6.37e-04 (Nevnt = 5292)
#Subprocess 43 (C,d -> Ne,e,b,B)
 Cross section [pb] = 4.8671e-03 +/- 7.31e-04 (Nevnt = 955)
#Subprocess 44 (C,d -> Nm,m,b,B)
 Cross section [pb] = 4.8669e-03 +/- 7.39e-04 (Nevnt = 955)
#Subprocess 45 (C,d -> Nl,l,b,B)
 Cross section [pb] = 4.8644e-03 +/- 7.41e-04 (Nevnt = 955)
#Subprocess 46 (C,s -> Ne,e,b,B)
 Cross section [pb] = 2.6993e-02 +/- 7.17e-04 (Nevnt = 5299)
#Subprocess 47 (C,s -> Nm,m,b,B)
 Cross section [pb] = 2.6989e-02 +/- 7.17e-04 (Nevnt = 5298)
#Subprocess 48 (C,s -> Nl,l,b,B)
 Cross section [pb] = 2.6974e-02 +/- 7.17e-04 (Nevnt = 5295)

 Total cross section [pb]  = 2.5470e+00 +/- 4.94e-03 (Ntotal = 499998)
