#Subprocess 1 (u,D -> ne,E,b,B)
 Cross section [pb] = 2.2674e-01 +/- 1.59e-03 (Nevnt = 43866)
#Subprocess 2 (u,D -> nm,M,b,B)
 Cross section [pb] = 2.2675e-01 +/- 1.59e-03 (Nevnt = 43867)
#Subprocess 3 (u,D -> nl,L,b,B)
 Cross section [pb] = 2.2658e-01 +/- 1.57e-03 (Nevnt = 43834)
#Subprocess 4 (u,S -> ne,E,b,B)
 Cross section [pb] = 9.8086e-03 +/- 1.63e-03 (Nevnt = 1898)
#Subprocess 5 (u,S -> nm,M,b,B)
 Cross section [pb] = 9.8084e-03 +/- 1.63e-03 (Nevnt = 1898)
#Subprocess 6 (u,S -> nl,L,b,B)
 Cross section [pb] = 9.7952e-03 +/- 1.60e-03 (Nevnt = 1895)
#Subprocess 7 (d,U -> Ne,e,b,B)
 Cross section [pb] = 1.2945e-01 +/- 1.29e-03 (Nevnt = 25044)
#Subprocess 8 (d,U -> Nm,m,b,B)
 Cross section [pb] = 1.2945e-01 +/- 1.29e-03 (Nevnt = 25044)
#Subprocess 9 (d,U -> Nl,l,b,B)
 Cross section [pb] = 1.2936e-01 +/- 1.29e-03 (Nevnt = 25026)
#Subprocess 10 (d,C -> Ne,e,b,B)
 Cross section [pb] = 4.9941e-03 +/- 1.34e-03 (Nevnt = 966)
#Subprocess 11 (d,C -> Nm,m,b,B)
 Cross section [pb] = 4.9941e-03 +/- 1.34e-03 (Nevnt = 966)
#Subprocess 12 (d,C -> Nl,l,b,B)
 Cross section [pb] = 4.9904e-03 +/- 1.34e-03 (Nevnt = 965)
#Subprocess 13 (U,d -> Ne,e,b,B)
 Cross section [pb] = 1.2959e-01 +/- 1.46e-03 (Nevnt = 25071)
#Subprocess 14 (U,d -> Nm,m,b,B)
 Cross section [pb] = 1.2959e-01 +/- 1.46e-03 (Nevnt = 25071)
#Subprocess 15 (U,d -> Nl,l,b,B)
 Cross section [pb] = 1.2950e-01 +/- 1.46e-03 (Nevnt = 25053)
#Subprocess 16 (U,s -> Ne,e,b,B)
 Cross section [pb] = 2.2508e-03 +/- 1.89e-03 (Nevnt = 435)
#Subprocess 17 (U,s -> Nm,m,b,B)
 Cross section [pb] = 2.2508e-03 +/- 1.89e-03 (Nevnt = 435)
#Subprocess 18 (U,s -> Nl,l,b,B)
 Cross section [pb] = 2.2499e-03 +/- 1.87e-03 (Nevnt = 435)
#Subprocess 19 (D,u -> ne,E,b,B)
 Cross section [pb] = 2.2626e-01 +/- 1.36e-03 (Nevnt = 43772)
#Subprocess 20 (D,u -> nm,M,b,B)
 Cross section [pb] = 2.2625e-01 +/- 1.36e-03 (Nevnt = 43772)
#Subprocess 21 (D,u -> nl,L,b,B)
 Cross section [pb] = 2.2610e-01 +/- 1.36e-03 (Nevnt = 43741)
#Subprocess 22 (D,c -> ne,E,b,B)
 Cross section [pb] = 2.0524e-03 +/- 1.50e-03 (Nevnt = 397)
#Subprocess 23 (D,c -> nm,M,b,B)
 Cross section [pb] = 2.0524e-03 +/- 1.50e-03 (Nevnt = 397)
#Subprocess 24 (D,c -> nl,L,b,B)
 Cross section [pb] = 2.0512e-03 +/- 1.50e-03 (Nevnt = 397)
#Subprocess 25 (s,U -> Ne,e,b,B)
 Cross section [pb] = 2.2530e-03 +/- 1.47e-03 (Nevnt = 436)
#Subprocess 26 (s,U -> Nm,m,b,B)
 Cross section [pb] = 2.2530e-03 +/- 1.47e-03 (Nevnt = 436)
#Subprocess 27 (s,U -> Nl,l,b,B)
 Cross section [pb] = 2.2518e-03 +/- 1.41e-03 (Nevnt = 436)
#Subprocess 28 (s,C -> Ne,e,b,B)
 Cross section [pb] = 2.7865e-02 +/- 1.38e-03 (Nevnt = 5391)
#Subprocess 29 (s,C -> Nm,m,b,B)
 Cross section [pb] = 2.7865e-02 +/- 1.38e-03 (Nevnt = 5391)
#Subprocess 30 (s,C -> Nl,l,b,B)
 Cross section [pb] = 2.7840e-02 +/- 1.37e-03 (Nevnt = 5386)
#Subprocess 31 (c,D -> ne,E,b,B)
 Cross section [pb] = 2.0504e-03 +/- 1.62e-03 (Nevnt = 397)
#Subprocess 32 (c,D -> nm,M,b,B)
 Cross section [pb] = 2.0504e-03 +/- 1.62e-03 (Nevnt = 397)
#Subprocess 33 (c,D -> nl,L,b,B)
 Cross section [pb] = 2.0485e-03 +/- 1.60e-03 (Nevnt = 396)
#Subprocess 34 (c,S -> ne,E,b,B)
 Cross section [pb] = 2.7867e-02 +/- 1.74e-03 (Nevnt = 5391)
#Subprocess 35 (c,S -> nm,M,b,B)
 Cross section [pb] = 2.7867e-02 +/- 1.74e-03 (Nevnt = 5391)
#Subprocess 36 (c,S -> nl,L,b,B)
 Cross section [pb] = 2.7845e-02 +/- 1.74e-03 (Nevnt = 5387)
#Subprocess 37 (S,u -> ne,E,b,B)
 Cross section [pb] = 9.7974e-03 +/- 1.32e-03 (Nevnt = 1895)
#Subprocess 38 (S,u -> nm,M,b,B)
 Cross section [pb] = 9.7974e-03 +/- 1.32e-03 (Nevnt = 1895)
#Subprocess 39 (S,u -> nl,L,b,B)
 Cross section [pb] = 9.7903e-03 +/- 1.33e-03 (Nevnt = 1894)
#Subprocess 40 (S,c -> ne,E,b,B)
 Cross section [pb] = 2.7865e-02 +/- 1.38e-03 (Nevnt = 5391)
#Subprocess 41 (S,c -> nm,M,b,B)
 Cross section [pb] = 2.7865e-02 +/- 1.38e-03 (Nevnt = 5391)
#Subprocess 42 (S,c -> nl,L,b,B)
 Cross section [pb] = 2.7840e-02 +/- 1.37e-03 (Nevnt = 5386)
#Subprocess 43 (C,d -> Ne,e,b,B)
 Cross section [pb] = 4.9971e-03 +/- 1.43e-03 (Nevnt = 967)
#Subprocess 44 (C,d -> Nm,m,b,B)
 Cross section [pb] = 4.9971e-03 +/- 1.43e-03 (Nevnt = 967)
#Subprocess 45 (C,d -> Nl,l,b,B)
 Cross section [pb] = 4.9933e-03 +/- 1.43e-03 (Nevnt = 966)
#Subprocess 46 (C,s -> Ne,e,b,B)
 Cross section [pb] = 2.7867e-02 +/- 1.74e-03 (Nevnt = 5391)
#Subprocess 47 (C,s -> Nm,m,b,B)
 Cross section [pb] = 2.7867e-02 +/- 1.74e-03 (Nevnt = 5391)
#Subprocess 48 (C,s -> Nl,l,b,B)
 Cross section [pb] = 2.7845e-02 +/- 1.74e-03 (Nevnt = 5387)

 Total cross section [pb]  = 2.5845e+00 +/- 1.05e-02 (Ntotal = 500001)
