Starting job on  mer 4 ott 2023, 10.56.39, CEST
Running on  Linux lxplus746.cern.ch 3.10.0-1160.95.1.el7.x86_64 #1 SMP Mon Jul 24 13:59:37 UTC 2023 x86_64 x86_64 x86_64 GNU/Linux
System release  CentOS Linux release 7.9.2009 (Core)
name: ewkwpjjjj_5f_LO
carddir: cards/production/13p6TeV/EWKWp2Jets_WToQQ
queue: local
scram_arch: slc7_amd64_gcc10
cmssw_version: CMSSW_12_4_8
# Sul branch master
# Untracked files:
#   (use "git add <file>..." to include in what will be committed)
#
#	ewkwpjjjj_5f_LO.log
#	ewkzjjjj_5f_LO.log
#	ewkzjjjj_5f_LO_.log
#	ewkzjjjj_5f_LO_slc7_amd64_gcc10_CMSSW_12_4_8_tarball.tar.xz
#
# It took 3.22 seconds to enumerate untracked files. 'status -uno'
# may speed it up, but you have to be careful not to forget to add
# new files yourself (see 'git help status').
nothing added to commit but untracked files present (use "git add" to track)
Current git revision is:
d9fc891d3bb84dce61eba27ab2c6d992e56d97ac
/afs/cern.ch/work/a/azaza/MC_EWK_ZWqq/genproductions/bin/MadGraph5_aMCatNLO
WARNING: In non-interactive mode release checks e.g. deprecated releases, production architectures are disabled.
WARNING: In non-interactive mode release checks e.g. deprecated releases, production architectures are disabled.
--2023-10-04 10:56:59--  https://cms-project-generators.web.cern.ch/cms-project-generators/MG5_aMC_v2.9.13.tar.gz
Resolving cms-project-generators.web.cern.ch (cms-project-generators.web.cern.ch)... 2001:1458:d00:4e::100:3c0, 188.184.74.207
Connecting to cms-project-generators.web.cern.ch (cms-project-generators.web.cern.ch)|2001:1458:d00:4e::100:3c0|:443... connected.
HTTP request sent, awaiting response... 200 OK
Length: 26561088 (25M) [application/gzip]
Saving to: 'MG5_aMC_v2.9.13.tar.gz'

     0K .......... .......... .......... .......... ..........  0%  101M 0s
    50K .......... .......... .......... .......... ..........  0%  196M 0s
   100K .......... .......... .......... .......... ..........  0%  170M 0s
   150K .......... .......... .......... .......... ..........  0%  210M 0s
   200K .......... .......... .......... .......... ..........  0%  163M 0s
   250K .......... .......... .......... .......... ..........  1%  177M 0s
   300K .......... .......... .......... .......... ..........  1%  157M 0s
   350K .......... .......... .......... .......... ..........  1%  208M 0s
   400K .......... .......... .......... .......... ..........  1%  147M 0s
   450K .......... .......... .......... .......... ..........  1%  162M 0s
   500K .......... .......... .......... .......... ..........  2%  191M 0s
   550K .......... .......... .......... .......... ..........  2%  177M 0s
   600K .......... .......... .......... .......... ..........  2%  214M 0s
   650K .......... .......... .......... .......... ..........  2%  144M 0s
   700K .......... .......... .......... .......... ..........  2%  191M 0s
   750K .......... .......... .......... .......... ..........  3%  171M 0s
   800K .......... .......... .......... .......... ..........  3%  173M 0s
   850K .......... .......... .......... .......... ..........  3%  142M 0s
   900K .......... .......... .......... .......... ..........  3%  169M 0s
   950K .......... .......... .......... .......... ..........  3%  179M 0s
  1000K .......... .......... .......... .......... ..........  4%  154M 0s
  1050K .......... .......... .......... .......... ..........  4%  196M 0s
  1100K .......... .......... .......... .......... ..........  4%  163M 0s
  1150K .......... .......... .......... .......... ..........  4%  185M 0s
  1200K .......... .......... .......... .......... ..........  4%  181M 0s
  1250K .......... .......... .......... .......... ..........  5%  194M 0s
  1300K .......... .......... .......... .......... ..........  5%  130M 0s
  1350K .......... .......... .......... .......... ..........  5%  185M 0s
  1400K .......... .......... .......... .......... ..........  5%  164M 0s
  1450K .......... .......... .......... .......... ..........  5%  191M 0s
  1500K .......... .......... .......... .......... ..........  5%  138M 0s
  1550K .......... .......... .......... .......... ..........  6%  124M 0s
  1600K .......... .......... .......... .......... ..........  6%  176M 0s
  1650K .......... .......... .......... .......... ..........  6%  136M 0s
  1700K .......... .......... .......... .......... ..........  6%  164M 0s
  1750K .......... .......... .......... .......... ..........  6%  127M 0s
  1800K .......... .......... .......... .......... ..........  7%  172M 0s
  1850K .......... .......... .......... .......... ..........  7%  176M 0s
  1900K .......... .......... .......... .......... ..........  7%  145M 0s
  1950K .......... .......... .......... .......... ..........  7%  114M 0s
  2000K .......... .......... .......... .......... ..........  7%  172M 0s
  2050K .......... .......... .......... .......... ..........  8%  174M 0s
  2100K .......... .......... .......... .......... ..........  8%  148M 0s
  2150K .......... .......... .......... .......... ..........  8%  159M 0s
  2200K .......... .......... .......... .......... ..........  8%  150M 0s
  2250K .......... .......... .......... .......... ..........  8%  178M 0s
  2300K .......... .......... .......... .......... ..........  9%  143M 0s
  2350K .......... .......... .......... .......... ..........  9%  192M 0s
  2400K .......... .......... .......... .......... ..........  9%  142M 0s
  2450K .......... .......... .......... .......... ..........  9%  181M 0s
  2500K .......... .......... .......... .......... ..........  9%  179M 0s
  2550K .......... .......... .......... .......... .......... 10%  180M 0s
  2600K .......... .......... .......... .......... .......... 10%  172M 0s
  2650K .......... .......... .......... .......... .......... 10%  130M 0s
  2700K .......... .......... .......... .......... .......... 10%  166M 0s
  2750K .......... .......... .......... .......... .......... 10%  170M 0s
  2800K .......... .......... .......... .......... .......... 10%  183M 0s
  2850K .......... .......... .......... .......... .......... 11%  146M 0s
  2900K .......... .......... .......... .......... .......... 11%  177M 0s
  2950K .......... .......... .......... .......... .......... 11%  152M 0s
  3000K .......... .......... .......... .......... .......... 11%  184M 0s
  3050K .......... .......... .......... .......... .......... 11%  161M 0s
  3100K .......... .......... .......... .......... .......... 12%  122M 0s
  3150K .......... .......... .......... .......... .......... 12%  187M 0s
  3200K .......... .......... .......... .......... .......... 12%  157M 0s
  3250K .......... .......... .......... .......... .......... 12%  174M 0s
  3300K .......... .......... .......... .......... .......... 12%  138M 0s
  3350K .......... .......... .......... .......... .......... 13%  166M 0s
  3400K .......... .......... .......... .......... .......... 13%  146M 0s
  3450K .......... .......... .......... .......... .......... 13%  154M 0s
  3500K .......... .......... .......... .......... .......... 13%  133M 0s
  3550K .......... .......... .......... .......... .......... 13%  154M 0s
  3600K .......... .......... .......... .......... .......... 14%  118M 0s
  3650K .......... .......... .......... .......... .......... 14%  122M 0s
  3700K .......... .......... .......... .......... .......... 14%  160M 0s
  3750K .......... .......... .......... .......... .......... 14%  137M 0s
  3800K .......... .......... .......... .......... .......... 14%  175M 0s
  3850K .......... .......... .......... .......... .......... 15%  181M 0s
  3900K .......... .......... .......... .......... .......... 15%  187M 0s
  3950K .......... .......... .......... .......... .......... 15%  169M 0s
  4000K .......... .......... .......... .......... .......... 15%  176M 0s
  4050K .......... .......... .......... .......... .......... 15%  163M 0s
  4100K .......... .......... .......... .......... .......... 15%  215M 0s
  4150K .......... .......... .......... .......... .......... 16%  190M 0s
  4200K .......... .......... .......... .......... .......... 16%  212M 0s
  4250K .......... .......... .......... .......... .......... 16%  147M 0s
  4300K .......... .......... .......... .......... .......... 16%  194M 0s
  4350K .......... .......... .......... .......... .......... 16%  157M 0s
  4400K .......... .......... .......... .......... .......... 17%  175M 0s
  4450K .......... .......... .......... .......... .......... 17%  113M 0s
  4500K .......... .......... .......... .......... .......... 17%  119M 0s
  4550K .......... .......... .......... .......... .......... 17%  126M 0s
  4600K .......... .......... .......... .......... .......... 17%  108M 0s
  4650K .......... .......... .......... .......... .......... 18%  143M 0s
  4700K .......... .......... .......... .......... .......... 18%  138M 0s
  4750K .......... .......... .......... .......... .......... 18%  175M 0s
  4800K .......... .......... .......... .......... .......... 18%  107M 0s
  4850K .......... .......... .......... .......... .......... 18%  159M 0s
  4900K .......... .......... .......... .......... .......... 19%  143M 0s
  4950K .......... .......... .......... .......... .......... 19%  181M 0s
  5000K .......... .......... .......... .......... .......... 19%  155M 0s
  5050K .......... .......... .......... .......... .......... 19%  182M 0s
  5100K .......... .......... .......... .......... .......... 19%  193M 0s
  5150K .......... .......... .......... .......... .......... 20%  129M 0s
  5200K .......... .......... .......... .......... .......... 20%  175M 0s
  5250K .......... .......... .......... .......... .......... 20%  154M 0s
  5300K .......... .......... .......... .......... .......... 20%  162M 0s
  5350K .......... .......... .......... .......... .......... 20%  139M 0s
  5400K .......... .......... .......... .......... .......... 21%  158M 0s
  5450K .......... .......... .......... .......... .......... 21%  142M 0s
  5500K .......... .......... .......... .......... .......... 21%  155M 0s
  5550K .......... .......... .......... .......... .......... 21%  126M 0s
  5600K .......... .......... .......... .......... .......... 21% 95.6M 0s
  5650K .......... .......... .......... .......... .......... 21%  155M 0s
  5700K .......... .......... .......... .......... .......... 22%  154M 0s
  5750K .......... .......... .......... .......... .......... 22%  160M 0s
  5800K .......... .......... .......... .......... .......... 22%  144M 0s
  5850K .......... .......... .......... .......... .......... 22%  163M 0s
  5900K .......... .......... .......... .......... .......... 22%  150M 0s
  5950K .......... .......... .......... .......... .......... 23%  168M 0s
  6000K .......... .......... .......... .......... .......... 23%  133M 0s
  6050K .......... .......... .......... .......... .......... 23%  176M 0s
  6100K .......... .......... .......... .......... .......... 23%  155M 0s
  6150K .......... .......... .......... .......... .......... 23%  162M 0s
  6200K .......... .......... .......... .......... .......... 24%  158M 0s
  6250K .......... .......... .......... .......... .......... 24%  141M 0s
  6300K .......... .......... .......... .......... .......... 24%  179M 0s
  6350K .......... .......... .......... .......... .......... 24%  159M 0s
  6400K .......... .......... .......... .......... .......... 24%  172M 0s
  6450K .......... .......... .......... .......... .......... 25%  150M 0s
  6500K .......... .......... .......... .......... .......... 25%  174M 0s
  6550K .......... .......... .......... .......... .......... 25%  161M 0s
  6600K .......... .......... .......... .......... .......... 25%  167M 0s
  6650K .......... .......... .......... .......... .......... 25%  198M 0s
  6700K .......... .......... .......... .......... .......... 26% 90.1M 0s
  6750K .......... .......... .......... .......... .......... 26%  173M 0s
  6800K .......... .......... .......... .......... .......... 26%  178M 0s
  6850K .......... .......... .......... .......... .......... 26%  166M 0s
  6900K .......... .......... .......... .......... .......... 26% 79.9M 0s
  6950K .......... .......... .......... .......... .......... 26%  167M 0s
  7000K .......... .......... .......... .......... .......... 27%  167M 0s
  7050K .......... .......... .......... .......... .......... 27%  172M 0s
  7100K .......... .......... .......... .......... .......... 27%  148M 0s
  7150K .......... .......... .......... .......... .......... 27%  183M 0s
  7200K .......... .......... .......... .......... .......... 27%  167M 0s
  7250K .......... .......... .......... .......... .......... 28%  139M 0s
  7300K .......... .......... .......... .......... .......... 28%  165M 0s
  7350K .......... .......... .......... .......... .......... 28%  135M 0s
  7400K .......... .......... .......... .......... .......... 28%  174M 0s
  7450K .......... .......... .......... .......... .......... 28%  179M 0s
  7500K .......... .......... .......... .......... .......... 29%  190M 0s
  7550K .......... .......... .......... .......... .......... 29%  148M 0s
  7600K .......... .......... .......... .......... .......... 29%  159M 0s
  7650K .......... .......... .......... .......... .......... 29%  109M 0s
  7700K .......... .......... .......... .......... .......... 29%  158M 0s
  7750K .......... .......... .......... .......... .......... 30%  151M 0s
  7800K .......... .......... .......... .......... .......... 30%  142M 0s
  7850K .......... .......... .......... .......... .......... 30%  185M 0s
  7900K .......... .......... .......... .......... .......... 30%  156M 0s
  7950K .......... .......... .......... .......... .......... 30%  210M 0s
  8000K .......... .......... .......... .......... .......... 31%  149M 0s
  8050K .......... .......... .......... .......... .......... 31%  188M 0s
  8100K .......... .......... .......... .......... .......... 31%  157M 0s
  8150K .......... .......... .......... .......... .......... 31%  174M 0s
  8200K .......... .......... .......... .......... .......... 31%  162M 0s
  8250K .......... .......... .......... .......... .......... 31%  146M 0s
  8300K .......... .......... .......... .......... .......... 32%  142M 0s
  8350K .......... .......... .......... .......... .......... 32%  174M 0s
  8400K .......... .......... .......... .......... .......... 32%  149M 0s
  8450K .......... .......... .......... .......... .......... 32%  165M 0s
  8500K .......... .......... .......... .......... .......... 32%  154M 0s
  8550K .......... .......... .......... .......... .......... 33%  171M 0s
  8600K .......... .......... .......... .......... .......... 33%  142M 0s
  8650K .......... .......... .......... .......... .......... 33%  155M 0s
  8700K .......... .......... .......... .......... .......... 33%  163M 0s
  8750K .......... .......... .......... .......... .......... 33%  135M 0s
  8800K .......... .......... .......... .......... .......... 34%  186M 0s
  8850K .......... .......... .......... .......... .......... 34%  151M 0s
  8900K .......... .......... .......... .......... .......... 34%  163M 0s
  8950K .......... .......... .......... .......... .......... 34%  128M 0s
  9000K .......... .......... .......... .......... .......... 34%  186M 0s
  9050K .......... .......... .......... .......... .......... 35%  149M 0s
  9100K .......... .......... .......... .......... .......... 35%  164M 0s
  9150K .......... .......... .......... .......... .......... 35%  150M 0s
  9200K .......... .......... .......... .......... .......... 35%  147M 0s
  9250K .......... .......... .......... .......... .......... 35%  176M 0s
  9300K .......... .......... .......... .......... .......... 36%  174M 0s
  9350K .......... .......... .......... .......... .......... 36%  184M 0s
  9400K .......... .......... .......... .......... .......... 36%  150M 0s
  9450K .......... .......... .......... .......... .......... 36%  193M 0s
  9500K .......... .......... .......... .......... .......... 36%  165M 0s
  9550K .......... .......... .......... .......... .......... 37%  142M 0s
  9600K .......... .......... .......... .......... .......... 37%  140M 0s
  9650K .......... .......... .......... .......... .......... 37%  165M 0s
  9700K .......... .......... .......... .......... .......... 37%  176M 0s
  9750K .......... .......... .......... .......... .......... 37%  174M 0s
  9800K .......... .......... .......... .......... .......... 37%  196M 0s
  9850K .......... .......... .......... .......... .......... 38%  141M 0s
  9900K .......... .......... .......... .......... .......... 38%  135M 0s
  9950K .......... .......... .......... .......... .......... 38%  161M 0s
 10000K .......... .......... .......... .......... .......... 38%  181M 0s
 10050K .......... .......... .......... .......... .......... 38%  151M 0s
 10100K .......... .......... .......... .......... .......... 39%  188M 0s
 10150K .......... .......... .......... .......... .......... 39%  178M 0s
 10200K .......... .......... .......... .......... .......... 39%  181M 0s
 10250K .......... .......... .......... .......... .......... 39%  183M 0s
 10300K .......... .......... .......... .......... .......... 39%  169M 0s
 10350K .......... .......... .......... .......... .......... 40%  199M 0s
 10400K .......... .......... .......... .......... .......... 40%  152M 0s
 10450K .......... .......... .......... .......... .......... 40%  176M 0s
 10500K .......... .......... .......... .......... .......... 40%  160M 0s
 10550K .......... .......... .......... .......... .......... 40%  180M 0s
 10600K .......... .......... .......... .......... .......... 41%  150M 0s
 10650K .......... .......... .......... .......... .......... 41%  178M 0s
 10700K .......... .......... .......... .......... .......... 41%  153M 0s
 10750K .......... .......... .......... .......... .......... 41%  170M 0s
 10800K .......... .......... .......... .......... .......... 41%  133M 0s
 10850K .......... .......... .......... .......... .......... 42%  120M 0s
 10900K .......... .......... .......... .......... .......... 42%  141M 0s
 10950K .......... .......... .......... .......... .......... 42%  119M 0s
 11000K .......... .......... .......... .......... .......... 42%  146M 0s
 11050K .......... .......... .......... .......... .......... 42%  161M 0s
 11100K .......... .......... .......... .......... .......... 42%  169M 0s
 11150K .......... .......... .......... .......... .......... 43%  130M 0s
 11200K .......... .......... .......... .......... .......... 43%  171M 0s
 11250K .......... .......... .......... .......... .......... 43%  176M 0s
 11300K .......... .......... .......... .......... .......... 43%  171M 0s
 11350K .......... .......... .......... .......... .......... 43%  155M 0s
 11400K .......... .......... .......... .......... .......... 44%  140M 0s
 11450K .......... .......... .......... .......... .......... 44%  175M 0s
 11500K .......... .......... .......... .......... .......... 44%  128M 0s
 11550K .......... .......... .......... .......... .......... 44%  181M 0s
 11600K .......... .......... .......... .......... .......... 44%  154M 0s
 11650K .......... .......... .......... .......... .......... 45%  163M 0s
 11700K .......... .......... .......... .......... .......... 45%  162M 0s
 11750K .......... .......... .......... .......... .......... 45%  184M 0s
 11800K .......... .......... .......... .......... .......... 45%  204M 0s
 11850K .......... .......... .......... .......... .......... 45%  133M 0s
 11900K .......... .......... .......... .......... .......... 46%  174M 0s
 11950K .......... .......... .......... .......... .......... 46%  172M 0s
 12000K .......... .......... .......... .......... .......... 46%  150M 0s
 12050K .......... .......... .......... .......... .......... 46%  165M 0s
 12100K .......... .......... .......... .......... .......... 46%  195M 0s
 12150K .......... .......... .......... .......... .......... 47%  148M 0s
 12200K .......... .......... .......... .......... .......... 47%  143M 0s
 12250K .......... .......... .......... .......... .......... 47%  157M 0s
 12300K .......... .......... .......... .......... .......... 47%  183M 0s
 12350K .......... .......... .......... .......... .......... 47%  140M 0s
 12400K .......... .......... .......... .......... .......... 47%  159M 0s
 12450K .......... .......... .......... .......... .......... 48%  147M 0s
 12500K .......... .......... .......... .......... .......... 48%  132M 0s
 12550K .......... .......... .......... .......... .......... 48%  151M 0s
 12600K .......... .......... .......... .......... .......... 48%  172M 0s
 12650K .......... .......... .......... .......... .......... 48%  157M 0s
 12700K .......... .......... .......... .......... .......... 49%  187M 0s
 12750K .......... .......... .......... .......... .......... 49%  141M 0s
 12800K .......... .......... .......... .......... .......... 49%  191M 0s
 12850K .......... .......... .......... .......... .......... 49%  196M 0s
 12900K .......... .......... .......... .......... .......... 49%  188M 0s
 12950K .......... .......... .......... .......... .......... 50%  182M 0s
 13000K .......... .......... .......... .......... .......... 50%  154M 0s
 13050K .......... .......... .......... .......... .......... 50%  188M 0s
 13100K .......... .......... .......... .......... .......... 50%  160M 0s
 13150K .......... .......... .......... .......... .......... 50%  199M 0s
 13200K .......... .......... .......... .......... .......... 51%  147M 0s
 13250K .......... .......... .......... .......... .......... 51%  200M 0s
 13300K .......... .......... .......... .......... .......... 51%  155M 0s
 13350K .......... .......... .......... .......... .......... 51%  141M 0s
 13400K .......... .......... .......... .......... .......... 51%  201M 0s
 13450K .......... .......... .......... .......... .......... 52%  132M 0s
 13500K .......... .......... .......... .......... .......... 52%  139M 0s
 13550K .......... .......... .......... .......... .......... 52%  158M 0s
 13600K .......... .......... .......... .......... .......... 52%  187M 0s
 13650K .......... .......... .......... .......... .......... 52%  160M 0s
 13700K .......... .......... .......... .......... .......... 53%  180M 0s
 13750K .......... .......... .......... .......... .......... 53%  174M 0s
 13800K .......... .......... .......... .......... .......... 53%  129M 0s
 13850K .......... .......... .......... .......... .......... 53%  163M 0s
 13900K .......... .......... .......... .......... .......... 53%  143M 0s
 13950K .......... .......... .......... .......... .......... 53%  178M 0s
 14000K .......... .......... .......... .......... .......... 54%  158M 0s
 14050K .......... .......... .......... .......... .......... 54%  182M 0s
 14100K .......... .......... .......... .......... .......... 54%  168M 0s
 14150K .......... .......... .......... .......... .......... 54%  190M 0s
 14200K .......... .......... .......... .......... .......... 54%  157M 0s
 14250K .......... .......... .......... .......... .......... 55%  185M 0s
 14300K .......... .......... .......... .......... .......... 55%  148M 0s
 14350K .......... .......... .......... .......... .......... 55%  175M 0s
 14400K .......... .......... .......... .......... .......... 55%  204M 0s
 14450K .......... .......... .......... .......... .......... 55%  185M 0s
 14500K .......... .......... .......... .......... .......... 56%  203M 0s
 14550K .......... .......... .......... .......... .......... 56%  157M 0s
 14600K .......... .......... .......... .......... .......... 56%  207M 0s
 14650K .......... .......... .......... .......... .......... 56%  196M 0s
 14700K .......... .......... .......... .......... .......... 56%  197M 0s
 14750K .......... .......... .......... .......... .......... 57%  172M 0s
 14800K .......... .......... .......... .......... .......... 57%  210M 0s
 14850K .......... .......... .......... .......... .......... 57%  200M 0s
 14900K .......... .......... .......... .......... .......... 57%  176M 0s
 14950K .......... .......... .......... .......... .......... 57%  194M 0s
 15000K .......... .......... .......... .......... .......... 58%  160M 0s
 15050K .......... .......... .......... .......... .......... 58%  203M 0s
 15100K .......... .......... .......... .......... .......... 58%  143M 0s
 15150K .......... .......... .......... .......... .......... 58%  194M 0s
 15200K .......... .......... .......... .......... .......... 58%  152M 0s
 15250K .......... .......... .......... .......... .......... 58%  185M 0s
 15300K .......... .......... .......... .......... .......... 59%  170M 0s
 15350K .......... .......... .......... .......... .......... 59%  149M 0s
 15400K .......... .......... .......... .......... .......... 59%  197M 0s
 15450K .......... .......... .......... .......... .......... 59%  168M 0s
 15500K .......... .......... .......... .......... .......... 59%  193M 0s
 15550K .......... .......... .......... .......... .......... 60%  183M 0s
 15600K .......... .......... .......... .......... .......... 60%  188M 0s
 15650K .......... .......... .......... .......... .......... 60%  127M 0s
 15700K .......... .......... .......... .......... .......... 60%  167M 0s
 15750K .......... .......... .......... .......... .......... 60%  166M 0s
 15800K .......... .......... .......... .......... .......... 61%  167M 0s
 15850K .......... .......... .......... .......... .......... 61%  164M 0s
 15900K .......... .......... .......... .......... .......... 61%  175M 0s
 15950K .......... .......... .......... .......... .......... 61%  177M 0s
 16000K .......... .......... .......... .......... .......... 61%  146M 0s
 16050K .......... .......... .......... .......... .......... 62%  176M 0s
 16100K .......... .......... .......... .......... .......... 62%  126M 0s
 16150K .......... .......... .......... .......... .......... 62%  155M 0s
 16200K .......... .......... .......... .......... .......... 62%  179M 0s
 16250K .......... .......... .......... .......... .......... 62%  210M 0s
 16300K .......... .......... .......... .......... .......... 63%  133M 0s
 16350K .......... .......... .......... .......... .......... 63%  178M 0s
 16400K .......... .......... .......... .......... .......... 63%  185M 0s
 16450K .......... .......... .......... .......... .......... 63% 94.8M 0s
 16500K .......... .......... .......... .......... .......... 63%  170M 0s
 16550K .......... .......... .......... .......... .......... 63%  196M 0s
 16600K .......... .......... .......... .......... .......... 64%  153M 0s
 16650K .......... .......... .......... .......... .......... 64%  187M 0s
 16700K .......... .......... .......... .......... .......... 64%  160M 0s
 16750K .......... .......... .......... .......... .......... 64%  221M 0s
 16800K .......... .......... .......... .......... .......... 64%  150M 0s
 16850K .......... .......... .......... .......... .......... 65%  194M 0s
 16900K .......... .......... .......... .......... .......... 65%  206M 0s
 16950K .......... .......... .......... .......... .......... 65%  183M 0s
 17000K .......... .......... .......... .......... .......... 65%  188M 0s
 17050K .......... .......... .......... .......... .......... 65% 85.4M 0s
 17100K .......... .......... .......... .......... .......... 66%  135M 0s
 17150K .......... .......... .......... .......... .......... 66%  145M 0s
 17200K .......... .......... .......... .......... .......... 66%  154M 0s
 17250K .......... .......... .......... .......... .......... 66%  152M 0s
 17300K .......... .......... .......... .......... .......... 66%  190M 0s
 17350K .......... .......... .......... .......... .......... 67%  195M 0s
 17400K .......... .......... .......... .......... .......... 67%  174M 0s
 17450K .......... .......... .......... .......... .......... 67%  195M 0s
 17500K .......... .......... .......... .......... .......... 67%  160M 0s
 17550K .......... .......... .......... .......... .......... 67%  205M 0s
 17600K .......... .......... .......... .......... .......... 68%  167M 0s
 17650K .......... .......... .......... .......... .......... 68%  184M 0s
 17700K .......... .......... .......... .......... .......... 68%  162M 0s
 17750K .......... .......... .......... .......... .......... 68%  195M 0s
 17800K .......... .......... .......... .......... .......... 68%  161M 0s
 17850K .......... .......... .......... .......... .......... 69%  205M 0s
 17900K .......... .......... .......... .......... .......... 69%  140M 0s
 17950K .......... .......... .......... .......... .......... 69%  190M 0s
 18000K .......... .......... .......... .......... .......... 69%  182M 0s
 18050K .......... .......... .......... .......... .......... 69%  182M 0s
 18100K .......... .......... .......... .......... .......... 69%  206M 0s
 18150K .......... .......... .......... .......... .......... 70%  146M 0s
 18200K .......... .......... .......... .......... .......... 70%  193M 0s
 18250K .......... .......... .......... .......... .......... 70%  180M 0s
 18300K .......... .......... .......... .......... .......... 70%  187M 0s
 18350K .......... .......... .......... .......... .......... 70% 61.4M 0s
 18400K .......... .......... .......... .......... .......... 71%  154M 0s
 18450K .......... .......... .......... .......... .......... 71%  148M 0s
 18500K .......... .......... .......... .......... .......... 71%  172M 0s
 18550K .......... .......... .......... .......... .......... 71%  164M 0s
 18600K .......... .......... .......... .......... .......... 71%  135M 0s
 18650K .......... .......... .......... .......... .......... 72%  134M 0s
 18700K .......... .......... .......... .......... .......... 72%  164M 0s
 18750K .......... .......... .......... .......... .......... 72%  177M 0s
 18800K .......... .......... .......... .......... .......... 72%  155M 0s
 18850K .......... .......... .......... .......... .......... 72%  198M 0s
 18900K .......... .......... .......... .......... .......... 73%  159M 0s
 18950K .......... .......... .......... .......... .......... 73%  192M 0s
 19000K .......... .......... .......... .......... .......... 73%  195M 0s
 19050K .......... .......... .......... .......... .......... 73%  105M 0s
 19100K .......... .......... .......... .......... .......... 73%  208M 0s
 19150K .......... .......... .......... .......... .......... 74%  201M 0s
 19200K .......... .......... .......... .......... .......... 74%  196M 0s
 19250K .......... .......... .......... .......... .......... 74%  151M 0s
 19300K .......... .......... .......... .......... .......... 74%  198M 0s
 19350K .......... .......... .......... .......... .......... 74% 49.1M 0s
 19400K .......... .......... .......... .......... .......... 74%  134M 0s
 19450K .......... .......... .......... .......... .......... 75%  147M 0s
 19500K .......... .......... .......... .......... .......... 75%  125M 0s
 19550K .......... .......... .......... .......... .......... 75%  167M 0s
 19600K .......... .......... .......... .......... .......... 75%  157M 0s
 19650K .......... .......... .......... .......... .......... 75%  174M 0s
 19700K .......... .......... .......... .......... .......... 76%  160M 0s
 19750K .......... .......... .......... .......... .......... 76%  187M 0s
 19800K .......... .......... .......... .......... .......... 76%  162M 0s
 19850K .......... .......... .......... .......... .......... 76%  155M 0s
 19900K .......... .......... .......... .......... .......... 76%  163M 0s
 19950K .......... .......... .......... .......... .......... 77%  197M 0s
 20000K .......... .......... .......... .......... .......... 77%  172M 0s
 20050K .......... .......... .......... .......... .......... 77%  158M 0s
 20100K .......... .......... .......... .......... .......... 77%  198M 0s
 20150K .......... .......... .......... .......... .......... 77%  141M 0s
 20200K .......... .......... .......... .......... .......... 78%  178M 0s
 20250K .......... .......... .......... .......... .......... 78%  127M 0s
 20300K .......... .......... .......... .......... .......... 78%  158M 0s
 20350K .......... .......... .......... .......... .......... 78%  150M 0s
 20400K .......... .......... .......... .......... .......... 78%  180M 0s
 20450K .......... .......... .......... .......... .......... 79%  162M 0s
 20500K .......... .......... .......... .......... .......... 79%  205M 0s
 20550K .......... .......... .......... .......... .......... 79%  179M 0s
 20600K .......... .......... .......... .......... .......... 79%  184M 0s
 20650K .......... .......... .......... .......... .......... 79%  133M 0s
 20700K .......... .......... .......... .......... .......... 79%  186M 0s
 20750K .......... .......... .......... .......... .......... 80%  137M 0s
 20800K .......... .......... .......... .......... .......... 80%  164M 0s
 20850K .......... .......... .......... .......... .......... 80%  138M 0s
 20900K .......... .......... .......... .......... .......... 80%  187M 0s
 20950K .......... .......... .......... .......... .......... 80%  164M 0s
 21000K .......... .......... .......... .......... .......... 81%  173M 0s
 21050K .......... .......... .......... .......... .......... 81%  177M 0s
 21100K .......... .......... .......... .......... .......... 81%  122M 0s
 21150K .......... .......... .......... .......... .......... 81%  147M 0s
 21200K .......... .......... .......... .......... .......... 81%  177M 0s
 21250K .......... .......... .......... .......... .......... 82%  197M 0s
 21300K .......... .......... .......... .......... .......... 82%  165M 0s
 21350K .......... .......... .......... .......... .......... 82%  231M 0s
 21400K .......... .......... .......... .......... .......... 82%  203M 0s
 21450K .......... .......... .......... .......... .......... 82%  226M 0s
 21500K .......... .......... .......... .......... .......... 83%  156M 0s
 21550K .......... .......... .......... .......... .......... 83% 88.8M 0s
 21600K .......... .......... .......... .......... .......... 83%  187M 0s
 21650K .......... .......... .......... .......... .......... 83%  165M 0s
 21700K .......... .......... .......... .......... .......... 83%  200M 0s
 21750K .......... .......... .......... .......... .......... 84%  145M 0s
 21800K .......... .......... .......... .......... .......... 84%  193M 0s
 21850K .......... .......... .......... .......... .......... 84%  169M 0s
 21900K .......... .......... .......... .......... .......... 84%  197M 0s
 21950K .......... .......... .......... .......... .......... 84%  156M 0s
 22000K .......... .......... .......... .......... .......... 85%  195M 0s
 22050K .......... .......... .......... .......... .......... 85%  164M 0s
 22100K .......... .......... .......... .......... .......... 85%  191M 0s
 22150K .......... .......... .......... .......... .......... 85%  205M 0s
 22200K .......... .......... .......... .......... .......... 85%  173M 0s
 22250K .......... .......... .......... .......... .......... 85%  210M 0s
 22300K .......... .......... .......... .......... .......... 86%  199M 0s
 22350K .......... .......... .......... .......... .......... 86%  210M 0s
 22400K .......... .......... .......... .......... .......... 86%  163M 0s
 22450K .......... .......... .......... .......... .......... 86% 41.8M 0s
 22500K .......... .......... .......... .......... .......... 86%  161M 0s
 22550K .......... .......... .......... .......... .......... 87%  181M 0s
 22600K .......... .......... .......... .......... .......... 87%  180M 0s
 22650K .......... .......... .......... .......... .......... 87%  153M 0s
 22700K .......... .......... .......... .......... .......... 87%  178M 0s
 22750K .......... .......... .......... .......... .......... 87%  174M 0s
 22800K .......... .......... .......... .......... .......... 88%  203M 0s
 22850K .......... .......... .......... .......... .......... 88%  174M 0s
 22900K .......... .......... .......... .......... .......... 88%  184M 0s
 22950K .......... .......... .......... .......... .......... 88%  179M 0s
 23000K .......... .......... .......... .......... .......... 88%  212M 0s
 23050K .......... .......... .......... .......... .......... 89%  127M 0s
 23100K .......... .......... .......... .......... .......... 89%  170M 0s
 23150K .......... .......... .......... .......... .......... 89%  206M 0s
 23200K .......... .......... .......... .......... .......... 89%  176M 0s
 23250K .......... .......... .......... .......... .......... 89%  188M 0s
 23300K .......... .......... .......... .......... .......... 90%  152M 0s
 23350K .......... .......... .......... .......... .......... 90%  192M 0s
 23400K .......... .......... .......... .......... .......... 90%  178M 0s
 23450K .......... .......... .......... .......... .......... 90%  196M 0s
 23500K .......... .......... .......... .......... .......... 90%  158M 0s
 23550K .......... .......... .......... .......... .......... 90%  186M 0s
 23600K .......... .......... .......... .......... .......... 91%  185M 0s
 23650K .......... .......... .......... .......... .......... 91%  154M 0s
 23700K .......... .......... .......... .......... .......... 91%  200M 0s
 23750K .......... .......... .......... .......... .......... 91%  143M 0s
 23800K .......... .......... .......... .......... .......... 91%  189M 0s
 23850K .......... .......... .......... .......... .......... 92%  177M 0s
 23900K .......... .......... .......... .......... .......... 92%  201M 0s
 23950K .......... .......... .......... .......... .......... 92%  154M 0s
 24000K .......... .......... .......... .......... .......... 92%  196M 0s
 24050K .......... .......... .......... .......... .......... 92%  159M 0s
 24100K .......... .......... .......... .......... .......... 93%  187M 0s
 24150K .......... .......... .......... .......... .......... 93%  192M 0s
 24200K .......... .......... .......... .......... .......... 93%  163M 0s
 24250K .......... .......... .......... .......... .......... 93%  188M 0s
 24300K .......... .......... .......... .......... .......... 93%  180M 0s
 24350K .......... .......... .......... .......... .......... 94%  194M 0s
 24400K .......... .......... .......... .......... .......... 94%  138M 0s
 24450K .......... .......... .......... .......... .......... 94%  206M 0s
 24500K .......... .......... .......... .......... .......... 94%  179M 0s
 24550K .......... .......... .......... .......... .......... 94%  164M 0s
 24600K .......... .......... .......... .......... .......... 95%  195M 0s
 24650K .......... .......... .......... .......... .......... 95%  205M 0s
 24700K .......... .......... .......... .......... .......... 95%  184M 0s
 24750K .......... .......... .......... .......... .......... 95%  185M 0s
 24800K .......... .......... .......... .......... .......... 95%  192M 0s
 24850K .......... .......... .......... .......... .......... 95%  171M 0s
 24900K .......... .......... .......... .......... .......... 96%  144M 0s
 24950K .......... .......... .......... .......... .......... 96%  169M 0s
 25000K .......... .......... .......... .......... .......... 96%  160M 0s
 25050K .......... .......... .......... .......... .......... 96%  186M 0s
 25100K .......... .......... .......... .......... .......... 96%  160M 0s
 25150K .......... .......... .......... .......... .......... 97%  208M 0s
 25200K .......... .......... .......... .......... .......... 97%  215M 0s
 25250K .......... .......... .......... .......... .......... 97%  178M 0s
 25300K .......... .......... .......... .......... .......... 97%  200M 0s
 25350K .......... .......... .......... .......... .......... 97%  133M 0s
 25400K .......... .......... .......... .......... .......... 98%  196M 0s
 25450K .......... .......... .......... .......... .......... 98%  161M 0s
 25500K .......... .......... .......... .......... .......... 98%  139M 0s
 25550K .......... .......... .......... .......... .......... 98%  153M 0s
 25600K .......... .......... .......... .......... .......... 98%  196M 0s
 25650K .......... .......... .......... .......... .......... 99%  202M 0s
 25700K .......... .......... .......... .......... .......... 99%  195M 0s
 25750K .......... .......... .......... .......... .......... 99%  210M 0s
 25800K .......... .......... .......... .......... .......... 99%  174M 0s
 25850K .......... .......... .......... .......... .......... 99%  197M 0s
 25900K .......... .......... .......... ........             100%  205M=0.2s

2023-10-04 10:57:00 (161 MB/s) - 'MG5_aMC_v2.9.13.tar.gz' saved [26561088/26561088]

patching file models/loop_qcd_qed_sm/restrict_lepton_masses_no_lepton_yukawas.dat
patching file models/loop_sm/restrict_ckm_no_b_mass.dat
patching file models/sm/restrict_ckm_lepton_masses.dat
patching file models/sm/restrict_ckm_lepton_masses_no_b_mass.dat
patching file models/sm/restrict_ckm_no_b_mass.dat
patching file models/sm/restrict_lepton_masses_no_b_mass.dat
patching file Template/NLO/SubProcesses/MCmasses_PYTHIA8.inc
patching file madgraph/interface/loop_interface.py
patching file madgraph/various/systematics.py
patching file Template/NLO/Source/make_opts.inc
patching file madgraph/iolibs/export_v4.py
patching file madgraph/iolibs/template_files/pdf_opendata.f
patching file madgraph/iolibs/template_files/pdf_wrap_lhapdf.f
patching file madgraph/iolibs/template_files/pdf_wrap_lhapdf.f
patching file madgraph/interface/reweight_interface.py
patching file madgraph/interface/common_run_interface.py
patching file Template/LO/SubProcesses/refine.sh
patching file Template/LO/SubProcesses/refine_splitted.sh
patching file Template/LO/SubProcesses/survey.sh
patching file Template/NLO/SubProcesses/ajob_template
patching file Template/NLO/SubProcesses/reweight_xsec_events.local
patching file madgraph/various/misc.py
patching file madgraph/various/cluster.py
patching file madgraph/interface/amcatnlo_run_interface.py
patching file madgraph/various/cluster.py
patching file madgraph/interface/reweight_interface.py
patching file madgraph/various/cluster.py
ls: cannot access /afs/cern.ch/work/a/azaza/MC_EWK_ZWqq/genproductions/bin/MadGraph5_aMCatNLO/cards/production/13p6TeV/EWKWp2Jets_WToQQ/ewkwpjjjj_5f_LO*.patch: No such file or directory
************************************************************
*                                                          *
*                     W E L C O M E to                     *
*              M A D G R A P H 5 _ a M C @ N L O           *
*                                                          *
*                                                          *
*                 *                       *                *
*                   *        * *        *                  *
*                     * * * * 5 * * * *                    *
*                   *        * *        *                  *
*                 *                       *                *
*                                                          *
*         VERSION 2.9.13                2022-12-15         *
*                                                          *
*    The MadGraph5_aMC@NLO Development Team - Find us at   *
*    https://server06.fynu.ucl.ac.be/projects/madgraph     *
*                            and                           *
*            http://amcatnlo.web.cern.ch/amcatnlo/         *
*                                                          *
*               Type 'help' for in-line help.              *
*           Type 'tutorial' to learn how MG5 works         *
*    Type 'tutorial aMCatNLO' to learn how aMC@NLO works   *
*    Type 'tutorial MadLoop' to learn how MadLoop works    *
*                                                          *
************************************************************
load MG5 configuration from input/mg5_configuration.txt 
fastjet-config does not seem to correspond to a valid fastjet-config executable (v3+). We will use fjcore instead.
 Please set the 'fastjet'variable to the full (absolute) /PATH/TO/fastjet-config (including fastjet-config).
 MG5_aMC> set fastjet /PATH/TO/fastjet-config

set lhapdf to lhapdf-config
None does not seem to correspond to a valid lhapdf-config executable. 
Please set the 'lhapdf' variable to the (absolute) /PATH/TO/lhapdf-config (including lhapdf-config).
Note that you can still compile and run aMC@NLO with the built-in PDFs
 MG5_aMC> set lhapdf /PATH/TO/lhapdf-config

Using default eps viewer "evince". Set another one in ./input/mg5_configuration.txt
Using default web browser "firefox". Set another one in ./input/mg5_configuration.txt
import /afs/cern.ch/work/a/azaza/MC_EWK_ZWqq/genproductions/bin/MadGraph5_aMCatNLO/ewkwpjjjj_5f_LO/ewkwpjjjj_5f_LO_gridpack/work/MG5_aMC_v2_9_13/mgconfigscript
The import format was not given, so we guess it as command
set auto_update 0
set automatic_html_opening False
This option will be the default in any output that you are going to create in this session.
In order to keep this changes permanent please run 'save options'
set auto_convert_model True
save options auto_convert_model
save configuration file to /afs/cern.ch/work/a/azaza/MC_EWK_ZWqq/genproductions/bin/MadGraph5_aMCatNLO/ewkwpjjjj_5f_LO/ewkwpjjjj_5f_LO_gridpack/work/MG5_aMC_v2_9_13/input/mg5_configuration.txt
set lhapdf_py3 /cvmfs/cms.cern.ch/slc7_amd64_gcc10/external/lhapdf/6.4.0-68defff11ffd434c73727d03802bfb85/share/LHAPDF/../../bin/lhapdf-config
set lhapdf to /cvmfs/cms.cern.ch/slc7_amd64_gcc10/external/lhapdf/6.4.0-68defff11ffd434c73727d03802bfb85/share/LHAPDF/../../bin/lhapdf-config
save options lhapdf_py3
save configuration file to /afs/cern.ch/work/a/azaza/MC_EWK_ZWqq/genproductions/bin/MadGraph5_aMCatNLO/ewkwpjjjj_5f_LO/ewkwpjjjj_5f_LO_gridpack/work/MG5_aMC_v2_9_13/input/mg5_configuration.txt
set run_mode 2
This option will be the default in any output that you are going to create in this session.
In order to keep this changes permanent please run 'save options'
save options
The option auto_update is modified [7] but will not be written in the configuration files.
If you want to make this value the default for future session, you can run 'save options --all'
save configuration file to /afs/cern.ch/work/a/azaza/MC_EWK_ZWqq/genproductions/bin/MadGraph5_aMCatNLO/ewkwpjjjj_5f_LO/ewkwpjjjj_5f_LO_gridpack/work/MG5_aMC_v2_9_13/input/mg5_configuration.txt
quit
/afs/cern.ch/work/a/azaza/MC_EWK_ZWqq/genproductions/bin/MadGraph5_aMCatNLO/ewkwpjjjj_5f_LO/ewkwpjjjj_5f_LO_gridpack/work
************************************************************
*                                                          *
*                     W E L C O M E to                     *
*              M A D G R A P H 5 _ a M C @ N L O           *
*                                                          *
*                                                          *
*                 *                       *                *
*                   *        * *        *                  *
*                     * * * * 5 * * * *                    *
*                   *        * *        *                  *
*                 *                       *                *
*                                                          *
*         VERSION 2.9.13                2022-12-15         *
*                                                          *
*    The MadGraph5_aMC@NLO Development Team - Find us at   *
*    https://server06.fynu.ucl.ac.be/projects/madgraph     *
*                            and                           *
*            http://amcatnlo.web.cern.ch/amcatnlo/         *
*                                                          *
*               Type 'help' for in-line help.              *
*           Type 'tutorial' to learn how MG5 works         *
*    Type 'tutorial aMCatNLO' to learn how aMC@NLO works   *
*    Type 'tutorial MadLoop' to learn how MadLoop works    *
*                                                          *
************************************************************
load MG5 configuration from MG5_aMC_v2_9_13/input/mg5_configuration.txt 
None does not seem to correspond to a valid fastjet-config executable (v3+). We will use fjcore instead.
 Please set the 'fastjet'variable to the full (absolute) /PATH/TO/fastjet-config (including fastjet-config).
 MG5_aMC> set fastjet /PATH/TO/fastjet-config

set lhapdf to /cvmfs/cms.cern.ch/slc7_amd64_gcc10/external/lhapdf/6.4.0-68defff11ffd434c73727d03802bfb85/share/LHAPDF/../../bin/lhapdf-config
set lhapdf to /cvmfs/cms.cern.ch/slc7_amd64_gcc10/external/lhapdf/6.4.0-68defff11ffd434c73727d03802bfb85/share/LHAPDF/../../bin/lhapdf-config
Using default eps viewer "evince". Set another one in ./input/mg5_configuration.txt
Using default web browser "firefox". Set another one in ./input/mg5_configuration.txt
import /afs/cern.ch/work/a/azaza/MC_EWK_ZWqq/genproductions/bin/MadGraph5_aMCatNLO/ewkwpjjjj_5f_LO/ewkwpjjjj_5f_LO_gridpack/work/ewkwpjjjj_5f_LO_proc_card.dat
The import format was not given, so we guess it as command
import model sm-no_b_mass
INFO: load particles 
INFO: load vertices 
INFO: Restrict model sm-no_b_mass with file MG5_aMC_v2_9_13/models/sm/restrict_no_b_mass.dat . 
INFO: Run "set stdout_level DEBUG" before import for more information. 
INFO: Change particles name to pass to MG5 convention 
Defined multiparticle p = g u c d s u~ c~ d~ s~
Defined multiparticle j = g u c d s u~ c~ d~ s~
Defined multiparticle l+ = e+ mu+
Defined multiparticle l- = e- mu-
Defined multiparticle vl = ve vm vt
Defined multiparticle vl~ = ve~ vm~ vt~
[1;34mPass the definition of 'j' and 'p' to 5 flavour scheme.[0m
Defined multiparticle all = g u c d s b u~ c~ d~ s~ b~ a ve vm vt e- mu- ve~ vm~ vt~ e+ mu+ t t~ z w+ h w- ta- ta+
generate p p > w+ j j / t t~ h QED=4 QCD=0, w+ > j j
[1;34mInterpreting 'QED=4' as 'QED<=4'[0m
INFO: Trying process: g g > w+ d u~ QCD=0 QED<=4 / t t h @1  
INFO: Trying process: g g > w+ d c~ QCD=0 QED<=4 / t t h @1  
INFO: Trying process: g g > w+ s u~ QCD=0 QED<=4 / t t h @1  
INFO: Trying process: g g > w+ s c~ QCD=0 QED<=4 / t t h @1  
INFO: Trying process: g g > w+ b u~ QCD=0 QED<=4 / t t h @1  
INFO: Trying process: g g > w+ b c~ QCD=0 QED<=4 / t t h @1  
INFO: Trying process: u u > w+ u d QCD=0 QED<=4 / t t h @1  
INFO: Process has 14 diagrams 
INFO: Trying process: u u > w+ u s QCD=0 QED<=4 / t t h @1  
INFO: Trying process: u u > w+ u b QCD=0 QED<=4 / t t h @1  
INFO: Trying process: u u > w+ c d QCD=0 QED<=4 / t t h @1  
INFO: Trying process: u u > w+ c s QCD=0 QED<=4 / t t h @1  
INFO: Trying process: u u > w+ c b QCD=0 QED<=4 / t t h @1  
INFO: Trying process: u c > w+ u d QCD=0 QED<=4 / t t h @1  
INFO: Trying process: u c > w+ u s QCD=0 QED<=4 / t t h @1  
INFO: Process has 7 diagrams 
INFO: Trying process: u c > w+ u b QCD=0 QED<=4 / t t h @1  
INFO: Trying process: u c > w+ c d QCD=0 QED<=4 / t t h @1  
INFO: Process has 7 diagrams 
INFO: Trying process: u c > w+ c s QCD=0 QED<=4 / t t h @1  
INFO: Trying process: u c > w+ c b QCD=0 QED<=4 / t t h @1  
INFO: Trying process: u d > w+ d d QCD=0 QED<=4 / t t h @1  
INFO: Process has 14 diagrams 
INFO: Trying process: u d > w+ d s QCD=0 QED<=4 / t t h @1  
INFO: Trying process: u d > w+ d b QCD=0 QED<=4 / t t h @1  
INFO: Trying process: u d > w+ s s QCD=0 QED<=4 / t t h @1  
INFO: Trying process: u d > w+ s b QCD=0 QED<=4 / t t h @1  
INFO: Trying process: u d > w+ b b QCD=0 QED<=4 / t t h @1  
INFO: Trying process: u s > w+ d d QCD=0 QED<=4 / t t h @1  
INFO: Trying process: u s > w+ d s QCD=0 QED<=4 / t t h @1  
INFO: Process has 7 diagrams 
INFO: Trying process: u s > w+ d b QCD=0 QED<=4 / t t h @1  
INFO: Trying process: u s > w+ s s QCD=0 QED<=4 / t t h @1  
INFO: Trying process: u s > w+ s b QCD=0 QED<=4 / t t h @1  
INFO: Trying process: u s > w+ b b QCD=0 QED<=4 / t t h @1  
INFO: Crossed process found for u u~ > w+ d u~, reuse diagrams. 
INFO: Crossed process found for u u~ > w+ s c~, reuse diagrams. 
INFO: Crossed process found for u c~ > w+ d c~, reuse diagrams. 
INFO: Crossed process found for u d~ > w+ u u~, reuse diagrams. 
INFO: Crossed process found for u d~ > w+ c c~, reuse diagrams. 
INFO: Crossed process found for u d~ > w+ d d~, reuse diagrams. 
INFO: Trying process: u d~ > w+ d b~ QCD=0 QED<=4 / t t h @1  
INFO: Crossed process found for u d~ > w+ s s~, reuse diagrams. 
INFO: Trying process: u d~ > w+ s b~ QCD=0 QED<=4 / t t h @1  
INFO: Trying process: u d~ > w+ b b~ QCD=0 QED<=4 / t t h @1  
INFO: Process has 6 diagrams 
INFO: Crossed process found for u s~ > w+ u c~, reuse diagrams. 
INFO: Crossed process found for u s~ > w+ d s~, reuse diagrams. 
INFO: Trying process: u s~ > w+ s b~ QCD=0 QED<=4 / t t h @1  
INFO: Trying process: u s~ > w+ b b~ QCD=0 QED<=4 / t t h @1  
INFO: Crossed process found for u b > w+ d b, reuse diagrams. 
INFO: Trying process: u b > w+ b b QCD=0 QED<=4 / t t h @1  
INFO: Crossed process found for u b~ > w+ d b~, reuse diagrams. 
INFO: Process c u > w+ u s added to mirror process u c > w+ u s 
INFO: Process c u > w+ c d added to mirror process u c > w+ c d 
INFO: Trying process: c c > w+ u d QCD=0 QED<=4 / t t h @1  
INFO: Trying process: c c > w+ u s QCD=0 QED<=4 / t t h @1  
INFO: Trying process: c c > w+ u b QCD=0 QED<=4 / t t h @1  
INFO: Trying process: c c > w+ c d QCD=0 QED<=4 / t t h @1  
INFO: Trying process: c c > w+ c s QCD=0 QED<=4 / t t h @1  
INFO: Process has 14 diagrams 
INFO: Trying process: c c > w+ c b QCD=0 QED<=4 / t t h @1  
INFO: Trying process: c d > w+ d d QCD=0 QED<=4 / t t h @1  
INFO: Trying process: c d > w+ d s QCD=0 QED<=4 / t t h @1  
INFO: Process has 7 diagrams 
INFO: Trying process: c d > w+ d b QCD=0 QED<=4 / t t h @1  
INFO: Trying process: c d > w+ s s QCD=0 QED<=4 / t t h @1  
INFO: Trying process: c d > w+ s b QCD=0 QED<=4 / t t h @1  
INFO: Trying process: c d > w+ b b QCD=0 QED<=4 / t t h @1  
INFO: Trying process: c s > w+ d d QCD=0 QED<=4 / t t h @1  
INFO: Trying process: c s > w+ d s QCD=0 QED<=4 / t t h @1  
INFO: Trying process: c s > w+ d b QCD=0 QED<=4 / t t h @1  
INFO: Trying process: c s > w+ s s QCD=0 QED<=4 / t t h @1  
INFO: Process has 14 diagrams 
INFO: Trying process: c s > w+ s b QCD=0 QED<=4 / t t h @1  
INFO: Trying process: c s > w+ b b QCD=0 QED<=4 / t t h @1  
INFO: Crossed process found for c u~ > w+ s u~, reuse diagrams. 
INFO: Crossed process found for c c~ > w+ d u~, reuse diagrams. 
INFO: Crossed process found for c c~ > w+ s c~, reuse diagrams. 
INFO: Crossed process found for c d~ > w+ c u~, reuse diagrams. 
INFO: Trying process: c d~ > w+ d b~ QCD=0 QED<=4 / t t h @1  
INFO: Crossed process found for c d~ > w+ s d~, reuse diagrams. 
INFO: Trying process: c d~ > w+ s b~ QCD=0 QED<=4 / t t h @1  
INFO: Trying process: c d~ > w+ b b~ QCD=0 QED<=4 / t t h @1  
INFO: Crossed process found for c s~ > w+ u u~, reuse diagrams. 
INFO: Crossed process found for c s~ > w+ c c~, reuse diagrams. 
INFO: Crossed process found for c s~ > w+ d d~, reuse diagrams. 
INFO: Crossed process found for c s~ > w+ s s~, reuse diagrams. 
INFO: Trying process: c s~ > w+ s b~ QCD=0 QED<=4 / t t h @1  
INFO: Trying process: c s~ > w+ b b~ QCD=0 QED<=4 / t t h @1  
INFO: Process has 6 diagrams 
INFO: Crossed process found for c b > w+ s b, reuse diagrams. 
INFO: Trying process: c b > w+ b b QCD=0 QED<=4 / t t h @1  
INFO: Crossed process found for c b~ > w+ s b~, reuse diagrams. 
INFO: Process d u > w+ d d added to mirror process u d > w+ d d 
INFO: Process d c > w+ d s added to mirror process c d > w+ d s 
INFO: Crossed process found for d d~ > w+ d u~, reuse diagrams. 
INFO: Crossed process found for d d~ > w+ s c~, reuse diagrams. 
INFO: Crossed process found for d s~ > w+ d c~, reuse diagrams. 
INFO: Process s u > w+ d s added to mirror process u s > w+ d s 
INFO: Process s c > w+ s s added to mirror process c s > w+ s s 
INFO: Crossed process found for s d~ > w+ s u~, reuse diagrams. 
INFO: Crossed process found for s s~ > w+ d u~, reuse diagrams. 
INFO: Crossed process found for s s~ > w+ s c~, reuse diagrams. 
INFO: Process u~ u > w+ d u~ added to mirror process u u~ > w+ d u~ 
INFO: Process u~ u > w+ s c~ added to mirror process u u~ > w+ s c~ 
INFO: Process u~ c > w+ s u~ added to mirror process c u~ > w+ s u~ 
INFO: Crossed process found for u~ d~ > w+ u~ u~, reuse diagrams. 
INFO: Crossed process found for u~ s~ > w+ u~ c~, reuse diagrams. 
INFO: Process c~ u > w+ d c~ added to mirror process u c~ > w+ d c~ 
INFO: Process c~ c > w+ d u~ added to mirror process c c~ > w+ d u~ 
INFO: Process c~ c > w+ s c~ added to mirror process c c~ > w+ s c~ 
INFO: Crossed process found for c~ d~ > w+ u~ c~, reuse diagrams. 
INFO: Crossed process found for c~ s~ > w+ c~ c~, reuse diagrams. 
INFO: Process d~ u > w+ u u~ added to mirror process u d~ > w+ u u~ 
INFO: Process d~ u > w+ c c~ added to mirror process u d~ > w+ c c~ 
INFO: Process d~ u > w+ d d~ added to mirror process u d~ > w+ d d~ 
INFO: Process d~ u > w+ s s~ added to mirror process u d~ > w+ s s~ 
INFO: Process d~ u > w+ b b~ added to mirror process u d~ > w+ b b~ 
INFO: Process d~ c > w+ c u~ added to mirror process c d~ > w+ c u~ 
INFO: Process d~ c > w+ s d~ added to mirror process c d~ > w+ s d~ 
INFO: Process d~ d > w+ d u~ added to mirror process d d~ > w+ d u~ 
INFO: Process d~ d > w+ s c~ added to mirror process d d~ > w+ s c~ 
INFO: Process d~ s > w+ s u~ added to mirror process s d~ > w+ s u~ 
INFO: Process d~ u~ > w+ u~ u~ added to mirror process u~ d~ > w+ u~ u~ 
INFO: Process d~ c~ > w+ u~ c~ added to mirror process c~ d~ > w+ u~ c~ 
INFO: Crossed process found for d~ d~ > w+ u~ d~, reuse diagrams. 
INFO: Crossed process found for d~ s~ > w+ u~ s~, reuse diagrams. 
INFO: Crossed process found for d~ s~ > w+ c~ d~, reuse diagrams. 
INFO: Crossed process found for d~ b > w+ b u~, reuse diagrams. 
INFO: Crossed process found for d~ b~ > w+ u~ b~, reuse diagrams. 
INFO: Process s~ u > w+ u c~ added to mirror process u s~ > w+ u c~ 
INFO: Process s~ u > w+ d s~ added to mirror process u s~ > w+ d s~ 
INFO: Process s~ c > w+ u u~ added to mirror process c s~ > w+ u u~ 
INFO: Process s~ c > w+ c c~ added to mirror process c s~ > w+ c c~ 
INFO: Process s~ c > w+ d d~ added to mirror process c s~ > w+ d d~ 
INFO: Process s~ c > w+ s s~ added to mirror process c s~ > w+ s s~ 
INFO: Process s~ c > w+ b b~ added to mirror process c s~ > w+ b b~ 
INFO: Process s~ d > w+ d c~ added to mirror process d s~ > w+ d c~ 
INFO: Process s~ s > w+ d u~ added to mirror process s s~ > w+ d u~ 
INFO: Process s~ s > w+ s c~ added to mirror process s s~ > w+ s c~ 
INFO: Process s~ u~ > w+ u~ c~ added to mirror process u~ s~ > w+ u~ c~ 
INFO: Process s~ c~ > w+ c~ c~ added to mirror process c~ s~ > w+ c~ c~ 
INFO: Process s~ d~ > w+ u~ s~ added to mirror process d~ s~ > w+ u~ s~ 
INFO: Process s~ d~ > w+ c~ d~ added to mirror process d~ s~ > w+ c~ d~ 
INFO: Crossed process found for s~ s~ > w+ c~ s~, reuse diagrams. 
INFO: Crossed process found for s~ b > w+ b c~, reuse diagrams. 
INFO: Crossed process found for s~ b~ > w+ c~ b~, reuse diagrams. 
INFO: Process b u > w+ d b added to mirror process u b > w+ d b 
INFO: Process b c > w+ s b added to mirror process c b > w+ s b 
INFO: Process b d~ > w+ b u~ added to mirror process d~ b > w+ b u~ 
INFO: Process b s~ > w+ b c~ added to mirror process s~ b > w+ b c~ 
INFO: Crossed process found for b b~ > w+ d u~, reuse diagrams. 
INFO: Crossed process found for b b~ > w+ s c~, reuse diagrams. 
INFO: Process b~ u > w+ d b~ added to mirror process u b~ > w+ d b~ 
INFO: Process b~ c > w+ s b~ added to mirror process c b~ > w+ s b~ 
INFO: Process b~ d~ > w+ u~ b~ added to mirror process d~ b~ > w+ u~ b~ 
INFO: Process b~ s~ > w+ c~ b~ added to mirror process s~ b~ > w+ c~ b~ 
INFO: Process b~ b > w+ d u~ added to mirror process b b~ > w+ d u~ 
INFO: Process b~ b > w+ s c~ added to mirror process b b~ > w+ s c~ 
INFO: Checking for minimal orders which gives processes. 
INFO: Please specify coupling orders to bypass this step. 
INFO: Trying process: w+ > u d~ WEIGHTED<=2  
INFO: Process has 1 diagrams 
INFO: Trying process: w+ > u s~ WEIGHTED<=2  
INFO: Trying process: w+ > u b~ WEIGHTED<=2  
INFO: Trying process: w+ > c d~ WEIGHTED<=2  
INFO: Trying process: w+ > c s~ WEIGHTED<=2  
INFO: Process has 1 diagrams 
INFO: Trying process: w+ > c b~ WEIGHTED<=2  
1 processes with 466 diagrams generated in 0.580 s
Total: 1 processes with 466 diagrams
output ewkwpjjjj_5f_LO -nojpeg
[1;34mPlugin PLUGIN.CMS_CLUSTER has marked as NOT being validated with this version. 
It has been validated for the last time with version: 2.6.0[0m
INFO: initialize a new directory: ewkwpjjjj_5f_LO 
INFO: remove old information in ewkwpjjjj_5f_LO 
INFO: Organizing processes into subprocess groups 
INFO: Organizing processes into subprocess groups 
INFO: Generating Helas calls for process: u u > w+ u d QCD=0 QED<=4 / t t h @1 
INFO: Generating Helas calls for process: u c > w+ u s QCD=0 QED<=4 / t t h @1 
INFO: Generating Helas calls for process: u c > w+ c d QCD=0 QED<=4 / t t h @1 
INFO: Generating Helas calls for process: u d > w+ d d QCD=0 QED<=4 / t t h @1 
INFO: Generating Helas calls for process: u s > w+ d s QCD=0 QED<=4 / t t h @1 
INFO: Generating Helas calls for process: u u~ > w+ d u~ QCD=0 QED<=4 / t t h @1 
INFO: Generating Helas calls for process: u u~ > w+ s c~ QCD=0 QED<=4 / t t h @1 
INFO: Generating Helas calls for process: u c~ > w+ d c~ QCD=0 QED<=4 / t t h @1 
INFO: Generating Helas calls for process: u d~ > w+ u u~ QCD=0 QED<=4 / t t h @1 
INFO: Generating Helas calls for process: u d~ > w+ c c~ QCD=0 QED<=4 / t t h @1 
INFO: Generating Helas calls for process: u d~ > w+ d d~ QCD=0 QED<=4 / t t h @1 
INFO: Generating Helas calls for process: u d~ > w+ s s~ QCD=0 QED<=4 / t t h @1 
INFO: Generating Helas calls for process: u d~ > w+ b b~ QCD=0 QED<=4 / t t h @1 
INFO: Generating Helas calls for process: u s~ > w+ u c~ QCD=0 QED<=4 / t t h @1 
INFO: Generating Helas calls for process: u s~ > w+ d s~ QCD=0 QED<=4 / t t h @1 
INFO: Generating Helas calls for process: u b > w+ d b QCD=0 QED<=4 / t t h @1 
INFO: Generating Helas calls for process: u b~ > w+ d b~ QCD=0 QED<=4 / t t h @1 
INFO: Combined process c c > w+ c s QCD=0 QED<=4 / t t h @1 with process u u > w+ u d QCD=0 QED<=4 / t t h @1 
INFO: Combined process c d > w+ s d QCD=0 QED<=4 / t t h @1 with process u s > w+ d s QCD=0 QED<=4 / t t h @1 
INFO: Combined process c s > w+ s s QCD=0 QED<=4 / t t h @1 with process u d > w+ d d QCD=0 QED<=4 / t t h @1 
INFO: Combined process c u~ > w+ s u~ QCD=0 QED<=4 / t t h @1 with process u c~ > w+ d c~ QCD=0 QED<=4 / t t h @1 
INFO: Combined process c c~ > w+ d u~ QCD=0 QED<=4 / t t h @1 with process u u~ > w+ s c~ QCD=0 QED<=4 / t t h @1 
INFO: Combined process c c~ > w+ s c~ QCD=0 QED<=4 / t t h @1 with process u u~ > w+ d u~ QCD=0 QED<=4 / t t h @1 
INFO: Combined process c d~ > w+ c u~ QCD=0 QED<=4 / t t h @1 with process u s~ > w+ u c~ QCD=0 QED<=4 / t t h @1 
INFO: Combined process c d~ > w+ s d~ QCD=0 QED<=4 / t t h @1 with process u s~ > w+ d s~ QCD=0 QED<=4 / t t h @1 
INFO: Combined process c s~ > w+ u u~ QCD=0 QED<=4 / t t h @1 with process u d~ > w+ c c~ QCD=0 QED<=4 / t t h @1 
INFO: Combined process c s~ > w+ c c~ QCD=0 QED<=4 / t t h @1 with process u d~ > w+ u u~ QCD=0 QED<=4 / t t h @1 
INFO: Combined process c s~ > w+ d d~ QCD=0 QED<=4 / t t h @1 with process u d~ > w+ s s~ QCD=0 QED<=4 / t t h @1 
INFO: Combined process c s~ > w+ s s~ QCD=0 QED<=4 / t t h @1 with process u d~ > w+ d d~ QCD=0 QED<=4 / t t h @1 
INFO: Combined process c s~ > w+ b b~ QCD=0 QED<=4 / t t h @1 with process u d~ > w+ b b~ QCD=0 QED<=4 / t t h @1 
INFO: Combined process c b > w+ s b QCD=0 QED<=4 / t t h @1 with process u b > w+ d b QCD=0 QED<=4 / t t h @1 
INFO: Combined process c b~ > w+ s b~ QCD=0 QED<=4 / t t h @1 with process u b~ > w+ d b~ QCD=0 QED<=4 / t t h @1 
INFO: Generating Helas calls for process: d d~ > w+ d u~ QCD=0 QED<=4 / t t h @1 
INFO: Generating Helas calls for process: d d~ > w+ s c~ QCD=0 QED<=4 / t t h @1 
INFO: Generating Helas calls for process: d s~ > w+ d c~ QCD=0 QED<=4 / t t h @1 
INFO: Combined process s d~ > w+ s u~ QCD=0 QED<=4 / t t h @1 with process d s~ > w+ d c~ QCD=0 QED<=4 / t t h @1 
INFO: Combined process s s~ > w+ d u~ QCD=0 QED<=4 / t t h @1 with process d d~ > w+ s c~ QCD=0 QED<=4 / t t h @1 
INFO: Combined process s s~ > w+ s c~ QCD=0 QED<=4 / t t h @1 with process d d~ > w+ d u~ QCD=0 QED<=4 / t t h @1 
INFO: Generating Helas calls for process: u~ d~ > w+ u~ u~ QCD=0 QED<=4 / t t h @1 
INFO: Generating Helas calls for process: u~ s~ > w+ u~ c~ QCD=0 QED<=4 / t t h @1 
INFO: Combined process c~ d~ > w+ c~ u~ QCD=0 QED<=4 / t t h @1 with process u~ s~ > w+ u~ c~ QCD=0 QED<=4 / t t h @1 
INFO: Combined process c~ s~ > w+ c~ c~ QCD=0 QED<=4 / t t h @1 with process u~ d~ > w+ u~ u~ QCD=0 QED<=4 / t t h @1 
INFO: Generating Helas calls for process: d~ d~ > w+ u~ d~ QCD=0 QED<=4 / t t h @1 
INFO: Generating Helas calls for process: d~ s~ > w+ u~ s~ QCD=0 QED<=4 / t t h @1 
INFO: Generating Helas calls for process: d~ s~ > w+ c~ d~ QCD=0 QED<=4 / t t h @1 
INFO: Generating Helas calls for process: d~ b > w+ b u~ QCD=0 QED<=4 / t t h @1 
INFO: Generating Helas calls for process: d~ b~ > w+ u~ b~ QCD=0 QED<=4 / t t h @1 
INFO: Combined process s~ s~ > w+ c~ s~ QCD=0 QED<=4 / t t h @1 with process d~ d~ > w+ u~ d~ QCD=0 QED<=4 / t t h @1 
INFO: Combined process s~ b > w+ b c~ QCD=0 QED<=4 / t t h @1 with process d~ b > w+ b u~ QCD=0 QED<=4 / t t h @1 
INFO: Combined process s~ b~ > w+ c~ b~ QCD=0 QED<=4 / t t h @1 with process d~ b~ > w+ u~ b~ QCD=0 QED<=4 / t t h @1 
INFO: Generating Helas calls for process: b b~ > w+ d u~ QCD=0 QED<=4 / t t h @1 
INFO: Combined process b b~ > w+ s c~ QCD=0 QED<=4 / t t h @1 with process b b~ > w+ d u~ QCD=0 QED<=4 / t t h @1 
INFO: Generating Helas calls for process: w+ > u d~ WEIGHTED<=2 
INFO: Generating Helas calls for process: w+ > c s~ WEIGHTED<=2 
INFO: Combine u u > w+ u d QCD=0 QED<=4 / t t h @1 with decays w+ > u d~ WEIGHTED<=2 
INFO: Combine u u > w+ u d QCD=0 QED<=4 / t t h @1 with decays w+ > c s~ WEIGHTED<=2 
INFO: Combine u c > w+ u s QCD=0 QED<=4 / t t h @1 with decays w+ > u d~ WEIGHTED<=2 
INFO: Combine u c > w+ u s QCD=0 QED<=4 / t t h @1 with decays w+ > c s~ WEIGHTED<=2 
INFO: Combine u c > w+ c d QCD=0 QED<=4 / t t h @1 with decays w+ > u d~ WEIGHTED<=2 
INFO: Combine u c > w+ c d QCD=0 QED<=4 / t t h @1 with decays w+ > c s~ WEIGHTED<=2 
INFO: Combine u d > w+ d d QCD=0 QED<=4 / t t h @1 with decays w+ > u d~ WEIGHTED<=2 
INFO: Combine u d > w+ d d QCD=0 QED<=4 / t t h @1 with decays w+ > c s~ WEIGHTED<=2 
INFO: Combining process with u d > w+ d d QCD=0 QED<=4 / t t h @1
  Decay: w+ > u d~ WEIGHTED<=2 
INFO: Combine u s > w+ d s QCD=0 QED<=4 / t t h @1 with decays w+ > u d~ WEIGHTED<=2 
INFO: Combine u s > w+ d s QCD=0 QED<=4 / t t h @1 with decays w+ > c s~ WEIGHTED<=2 
INFO: Combining process with u s > w+ d s QCD=0 QED<=4 / t t h @1
  Decay: w+ > u d~ WEIGHTED<=2 
INFO: Combine u u~ > w+ d u~ QCD=0 QED<=4 / t t h @1 with decays w+ > u d~ WEIGHTED<=2 
INFO: Combine u u~ > w+ d u~ QCD=0 QED<=4 / t t h @1 with decays w+ > c s~ WEIGHTED<=2 
INFO: Combining process with u u~ > w+ d u~ QCD=0 QED<=4 / t t h @1
  Decay: w+ > u d~ WEIGHTED<=2 
INFO: Combine u u~ > w+ s c~ QCD=0 QED<=4 / t t h @1 with decays w+ > u d~ WEIGHTED<=2 
INFO: Combine u u~ > w+ s c~ QCD=0 QED<=4 / t t h @1 with decays w+ > c s~ WEIGHTED<=2 
INFO: Combining process with u u~ > w+ s c~ QCD=0 QED<=4 / t t h @1
  Decay: w+ > u d~ WEIGHTED<=2 
INFO: Combine u c~ > w+ d c~ QCD=0 QED<=4 / t t h @1 with decays w+ > u d~ WEIGHTED<=2 
INFO: Combine u c~ > w+ d c~ QCD=0 QED<=4 / t t h @1 with decays w+ > c s~ WEIGHTED<=2 
INFO: Combining process with u c~ > w+ d c~ QCD=0 QED<=4 / t t h @1
  Decay: w+ > u d~ WEIGHTED<=2 
INFO: Combine u d~ > w+ u u~ QCD=0 QED<=4 / t t h @1 with decays w+ > u d~ WEIGHTED<=2 
INFO: Combine u d~ > w+ u u~ QCD=0 QED<=4 / t t h @1 with decays w+ > c s~ WEIGHTED<=2 
INFO: Combine u d~ > w+ c c~ QCD=0 QED<=4 / t t h @1 with decays w+ > u d~ WEIGHTED<=2 
INFO: Combine u d~ > w+ c c~ QCD=0 QED<=4 / t t h @1 with decays w+ > c s~ WEIGHTED<=2 
INFO: Combine u d~ > w+ d d~ QCD=0 QED<=4 / t t h @1 with decays w+ > u d~ WEIGHTED<=2 
INFO: Combine u d~ > w+ d d~ QCD=0 QED<=4 / t t h @1 with decays w+ > c s~ WEIGHTED<=2 
INFO: Combine u d~ > w+ s s~ QCD=0 QED<=4 / t t h @1 with decays w+ > u d~ WEIGHTED<=2 
INFO: Combine u d~ > w+ s s~ QCD=0 QED<=4 / t t h @1 with decays w+ > c s~ WEIGHTED<=2 
INFO: Combine u d~ > w+ b b~ QCD=0 QED<=4 / t t h @1 with decays w+ > u d~ WEIGHTED<=2 
INFO: Combine u d~ > w+ b b~ QCD=0 QED<=4 / t t h @1 with decays w+ > c s~ WEIGHTED<=2 
INFO: Combining process with u d~ > w+ b b~ QCD=0 QED<=4 / t t h @1
  Decay: w+ > u d~ WEIGHTED<=2 
INFO: Combine u s~ > w+ u c~ QCD=0 QED<=4 / t t h @1 with decays w+ > u d~ WEIGHTED<=2 
INFO: Combine u s~ > w+ u c~ QCD=0 QED<=4 / t t h @1 with decays w+ > c s~ WEIGHTED<=2 
INFO: Combine u s~ > w+ d s~ QCD=0 QED<=4 / t t h @1 with decays w+ > u d~ WEIGHTED<=2 
INFO: Combine u s~ > w+ d s~ QCD=0 QED<=4 / t t h @1 with decays w+ > c s~ WEIGHTED<=2 
INFO: Combine u b > w+ d b QCD=0 QED<=4 / t t h @1 with decays w+ > u d~ WEIGHTED<=2 
INFO: Combine u b > w+ d b QCD=0 QED<=4 / t t h @1 with decays w+ > c s~ WEIGHTED<=2 
INFO: Combining process with u b > w+ d b QCD=0 QED<=4 / t t h @1
  Decay: w+ > u d~ WEIGHTED<=2 
INFO: Combine u b~ > w+ d b~ QCD=0 QED<=4 / t t h @1 with decays w+ > u d~ WEIGHTED<=2 
INFO: Combine u b~ > w+ d b~ QCD=0 QED<=4 / t t h @1 with decays w+ > c s~ WEIGHTED<=2 
INFO: Combining process with u b~ > w+ d b~ QCD=0 QED<=4 / t t h @1
  Decay: w+ > u d~ WEIGHTED<=2 
INFO: Combine d d~ > w+ d u~ QCD=0 QED<=4 / t t h @1 with decays w+ > u d~ WEIGHTED<=2 
INFO: Combine d d~ > w+ d u~ QCD=0 QED<=4 / t t h @1 with decays w+ > c s~ WEIGHTED<=2 
INFO: Combining process with d d~ > w+ d u~ QCD=0 QED<=4 / t t h @1
  Decay: w+ > u d~ WEIGHTED<=2 
INFO: Combine d d~ > w+ s c~ QCD=0 QED<=4 / t t h @1 with decays w+ > u d~ WEIGHTED<=2 
INFO: Combine d d~ > w+ s c~ QCD=0 QED<=4 / t t h @1 with decays w+ > c s~ WEIGHTED<=2 
INFO: Combining process with d d~ > w+ s c~ QCD=0 QED<=4 / t t h @1
  Decay: w+ > u d~ WEIGHTED<=2 
INFO: Combine d s~ > w+ d c~ QCD=0 QED<=4 / t t h @1 with decays w+ > u d~ WEIGHTED<=2 
INFO: Combine d s~ > w+ d c~ QCD=0 QED<=4 / t t h @1 with decays w+ > c s~ WEIGHTED<=2 
INFO: Combining process with d s~ > w+ d c~ QCD=0 QED<=4 / t t h @1
  Decay: w+ > u d~ WEIGHTED<=2 
INFO: Combine u~ d~ > w+ u~ u~ QCD=0 QED<=4 / t t h @1 with decays w+ > u d~ WEIGHTED<=2 
INFO: Combine u~ d~ > w+ u~ u~ QCD=0 QED<=4 / t t h @1 with decays w+ > c s~ WEIGHTED<=2 
INFO: Combining process with u~ d~ > w+ u~ u~ QCD=0 QED<=4 / t t h @1
  Decay: w+ > u d~ WEIGHTED<=2 
INFO: Combine u~ s~ > w+ u~ c~ QCD=0 QED<=4 / t t h @1 with decays w+ > u d~ WEIGHTED<=2 
INFO: Combine u~ s~ > w+ u~ c~ QCD=0 QED<=4 / t t h @1 with decays w+ > c s~ WEIGHTED<=2 
INFO: Combining process with u~ s~ > w+ u~ c~ QCD=0 QED<=4 / t t h @1
  Decay: w+ > u d~ WEIGHTED<=2 
INFO: Combine d~ d~ > w+ u~ d~ QCD=0 QED<=4 / t t h @1 with decays w+ > u d~ WEIGHTED<=2 
INFO: Combine d~ d~ > w+ u~ d~ QCD=0 QED<=4 / t t h @1 with decays w+ > c s~ WEIGHTED<=2 
INFO: Combine d~ s~ > w+ u~ s~ QCD=0 QED<=4 / t t h @1 with decays w+ > u d~ WEIGHTED<=2 
INFO: Combine d~ s~ > w+ u~ s~ QCD=0 QED<=4 / t t h @1 with decays w+ > c s~ WEIGHTED<=2 
INFO: Combine d~ s~ > w+ c~ d~ QCD=0 QED<=4 / t t h @1 with decays w+ > u d~ WEIGHTED<=2 
INFO: Combine d~ s~ > w+ c~ d~ QCD=0 QED<=4 / t t h @1 with decays w+ > c s~ WEIGHTED<=2 
INFO: Combine d~ b > w+ b u~ QCD=0 QED<=4 / t t h @1 with decays w+ > u d~ WEIGHTED<=2 
INFO: Combine d~ b > w+ b u~ QCD=0 QED<=4 / t t h @1 with decays w+ > c s~ WEIGHTED<=2 
INFO: Combining process with d~ b > w+ b u~ QCD=0 QED<=4 / t t h @1
  Decay: w+ > u d~ WEIGHTED<=2 
INFO: Combine d~ b~ > w+ u~ b~ QCD=0 QED<=4 / t t h @1 with decays w+ > u d~ WEIGHTED<=2 
INFO: Combine d~ b~ > w+ u~ b~ QCD=0 QED<=4 / t t h @1 with decays w+ > c s~ WEIGHTED<=2 
INFO: Combining process with d~ b~ > w+ u~ b~ QCD=0 QED<=4 / t t h @1
  Decay: w+ > u d~ WEIGHTED<=2 
INFO: Combine b b~ > w+ d u~ QCD=0 QED<=4 / t t h @1 with decays w+ > u d~ WEIGHTED<=2 
INFO: Combine b b~ > w+ d u~ QCD=0 QED<=4 / t t h @1 with decays w+ > c s~ WEIGHTED<=2 
INFO: Combining process with b b~ > w+ d u~ QCD=0 QED<=4 / t t h @1
  Decay: w+ > u d~ WEIGHTED<=2 
INFO: Processing color information for process: u u > w+ u d QCD=0 QED<=4 / t t h @1
  Decay: w+ > u d~ WEIGHTED<=2 
INFO: Reusing existing color information for process: u u > w+ u d QCD=0 QED<=4 / t t h @1
  Decay: w+ > c s~ WEIGHTED<=2 
INFO: Processing color information for process: u c > w+ u s QCD=0 QED<=4 / t t h @1
  Decay: w+ > u d~ WEIGHTED<=2 
INFO: Reusing existing color information for process: u c > w+ u s QCD=0 QED<=4 / t t h @1
  Decay: w+ > c s~ WEIGHTED<=2 
INFO: Processing color information for process: u c > w+ c d QCD=0 QED<=4 / t t h @1
  Decay: w+ > u d~ WEIGHTED<=2 
INFO: Reusing existing color information for process: u c > w+ c d QCD=0 QED<=4 / t t h @1
  Decay: w+ > c s~ WEIGHTED<=2 
INFO: Processing color information for process: u d > w+ d d QCD=0 QED<=4 / t t h @1
  Decay: w+ > u d~ WEIGHTED<=2 
INFO: Processing color information for process: u s > w+ d s QCD=0 QED<=4 / t t h @1
  Decay: w+ > u d~ WEIGHTED<=2 
INFO: Processing color information for process: u u~ > w+ d u~ QCD=0 QED<=4 / t t h @1
  Decay: w+ > u d~ WEIGHTED<=2 
INFO: Processing color information for process: u u~ > w+ s c~ QCD=0 QED<=4 / t t h @1
  Decay: w+ > u d~ WEIGHTED<=2 
INFO: Processing color information for process: u c~ > w+ d c~ QCD=0 QED<=4 / t t h @1
  Decay: w+ > u d~ WEIGHTED<=2 
INFO: Processing color information for process: u d~ > w+ u u~ QCD=0 QED<=4 / t t h @1
  Decay: w+ > u d~ WEIGHTED<=2 
INFO: Reusing existing color information for process: u d~ > w+ u u~ QCD=0 QED<=4 / t t h @1
  Decay: w+ > c s~ WEIGHTED<=2 
INFO: Processing color information for process: u d~ > w+ c c~ QCD=0 QED<=4 / t t h @1
  Decay: w+ > u d~ WEIGHTED<=2 
INFO: Reusing existing color information for process: u d~ > w+ c c~ QCD=0 QED<=4 / t t h @1
  Decay: w+ > c s~ WEIGHTED<=2 
INFO: Processing color information for process: u d~ > w+ d d~ QCD=0 QED<=4 / t t h @1
  Decay: w+ > u d~ WEIGHTED<=2 
INFO: Reusing existing color information for process: u d~ > w+ d d~ QCD=0 QED<=4 / t t h @1
  Decay: w+ > c s~ WEIGHTED<=2 
INFO: Processing color information for process: u d~ > w+ s s~ QCD=0 QED<=4 / t t h @1
  Decay: w+ > u d~ WEIGHTED<=2 
INFO: Reusing existing color information for process: u d~ > w+ s s~ QCD=0 QED<=4 / t t h @1
  Decay: w+ > c s~ WEIGHTED<=2 
INFO: Processing color information for process: u d~ > w+ b b~ QCD=0 QED<=4 / t t h @1
  Decay: w+ > u d~ WEIGHTED<=2 
INFO: Processing color information for process: u s~ > w+ u c~ QCD=0 QED<=4 / t t h @1
  Decay: w+ > u d~ WEIGHTED<=2 
INFO: Reusing existing color information for process: u s~ > w+ u c~ QCD=0 QED<=4 / t t h @1
  Decay: w+ > c s~ WEIGHTED<=2 
INFO: Processing color information for process: u s~ > w+ d s~ QCD=0 QED<=4 / t t h @1
  Decay: w+ > u d~ WEIGHTED<=2 
INFO: Reusing existing color information for process: u s~ > w+ d s~ QCD=0 QED<=4 / t t h @1
  Decay: w+ > c s~ WEIGHTED<=2 
INFO: Processing color information for process: u b > w+ d b QCD=0 QED<=4 / t t h @1
  Decay: w+ > u d~ WEIGHTED<=2 
INFO: Processing color information for process: u b~ > w+ d b~ QCD=0 QED<=4 / t t h @1
  Decay: w+ > u d~ WEIGHTED<=2 
INFO: Processing color information for process: d d~ > w+ d u~ QCD=0 QED<=4 / t t h @1
  Decay: w+ > u d~ WEIGHTED<=2 
INFO: Processing color information for process: d d~ > w+ s c~ QCD=0 QED<=4 / t t h @1
  Decay: w+ > u d~ WEIGHTED<=2 
INFO: Processing color information for process: d s~ > w+ d c~ QCD=0 QED<=4 / t t h @1
  Decay: w+ > u d~ WEIGHTED<=2 
INFO: Processing color information for process: u~ d~ > w+ u~ u~ QCD=0 QED<=4 / t t h @1
  Decay: w+ > u d~ WEIGHTED<=2 
INFO: Processing color information for process: u~ s~ > w+ u~ c~ QCD=0 QED<=4 / t t h @1
  Decay: w+ > u d~ WEIGHTED<=2 
INFO: Processing color information for process: d~ d~ > w+ u~ d~ QCD=0 QED<=4 / t t h @1
  Decay: w+ > u d~ WEIGHTED<=2 
INFO: Reusing existing color information for process: d~ d~ > w+ u~ d~ QCD=0 QED<=4 / t t h @1
  Decay: w+ > c s~ WEIGHTED<=2 
INFO: Processing color information for process: d~ s~ > w+ u~ s~ QCD=0 QED<=4 / t t h @1
  Decay: w+ > u d~ WEIGHTED<=2 
INFO: Reusing existing color information for process: d~ s~ > w+ u~ s~ QCD=0 QED<=4 / t t h @1
  Decay: w+ > c s~ WEIGHTED<=2 
INFO: Processing color information for process: d~ s~ > w+ c~ d~ QCD=0 QED<=4 / t t h @1
  Decay: w+ > u d~ WEIGHTED<=2 
INFO: Reusing existing color information for process: d~ s~ > w+ c~ d~ QCD=0 QED<=4 / t t h @1
  Decay: w+ > c s~ WEIGHTED<=2 
INFO: Processing color information for process: d~ b > w+ b u~ QCD=0 QED<=4 / t t h @1
  Decay: w+ > u d~ WEIGHTED<=2 
INFO: Processing color information for process: d~ b~ > w+ u~ b~ QCD=0 QED<=4 / t t h @1
  Decay: w+ > u d~ WEIGHTED<=2 
INFO: Processing color information for process: b b~ > w+ d u~ QCD=0 QED<=4 / t t h @1
  Decay: w+ > u d~ WEIGHTED<=2 
INFO: Creating files in directory P1_qq_wpqq_wp_qq 
[1mINFO: Some T-channel width have been set to zero [new since 2.8.0]
 if you want to keep this width please set "zerowidth_tchannel" to False [0m
INFO: Generating Feynman diagrams for Process: u u > w+ u d QCD=0 QED<=4 / t t h @1
  Decay: w+ > u d~ WEIGHTED<=2 
INFO: Generating Feynman diagrams for Process: u u > w+ u d QCD=0 QED<=4 / t t h @1
  Decay: w+ > c s~ WEIGHTED<=2 
INFO: Generating Feynman diagrams for Process: u c > w+ u s QCD=0 QED<=4 / t t h @1
  Decay: w+ > u d~ WEIGHTED<=2 
INFO: Generating Feynman diagrams for Process: u c > w+ u s QCD=0 QED<=4 / t t h @1
  Decay: w+ > c s~ WEIGHTED<=2 
INFO: Generating Feynman diagrams for Process: u c > w+ c d QCD=0 QED<=4 / t t h @1
  Decay: w+ > u d~ WEIGHTED<=2 
INFO: Generating Feynman diagrams for Process: u c > w+ c d QCD=0 QED<=4 / t t h @1
  Decay: w+ > c s~ WEIGHTED<=2 
INFO: Generating Feynman diagrams for Process: u d > w+ d d QCD=0 QED<=4 / t t h @1
  Decay: w+ > u d~ WEIGHTED<=2 
INFO: Generating Feynman diagrams for Process: u s > w+ d s QCD=0 QED<=4 / t t h @1
  Decay: w+ > u d~ WEIGHTED<=2 
INFO: Generating Feynman diagrams for Process: u u~ > w+ d u~ QCD=0 QED<=4 / t t h @1
  Decay: w+ > u d~ WEIGHTED<=2 
INFO: Generating Feynman diagrams for Process: u u~ > w+ s c~ QCD=0 QED<=4 / t t h @1
  Decay: w+ > u d~ WEIGHTED<=2 
INFO: Generating Feynman diagrams for Process: u c~ > w+ d c~ QCD=0 QED<=4 / t t h @1
  Decay: w+ > u d~ WEIGHTED<=2 
INFO: Generating Feynman diagrams for Process: u d~ > w+ u u~ QCD=0 QED<=4 / t t h @1
  Decay: w+ > u d~ WEIGHTED<=2 
INFO: Generating Feynman diagrams for Process: u d~ > w+ u u~ QCD=0 QED<=4 / t t h @1
  Decay: w+ > c s~ WEIGHTED<=2 
INFO: Generating Feynman diagrams for Process: u d~ > w+ c c~ QCD=0 QED<=4 / t t h @1
  Decay: w+ > u d~ WEIGHTED<=2 
INFO: Generating Feynman diagrams for Process: u d~ > w+ c c~ QCD=0 QED<=4 / t t h @1
  Decay: w+ > c s~ WEIGHTED<=2 
INFO: Generating Feynman diagrams for Process: u d~ > w+ d d~ QCD=0 QED<=4 / t t h @1
  Decay: w+ > u d~ WEIGHTED<=2 
INFO: Generating Feynman diagrams for Process: u d~ > w+ d d~ QCD=0 QED<=4 / t t h @1
  Decay: w+ > c s~ WEIGHTED<=2 
INFO: Generating Feynman diagrams for Process: u d~ > w+ s s~ QCD=0 QED<=4 / t t h @1
  Decay: w+ > u d~ WEIGHTED<=2 
INFO: Generating Feynman diagrams for Process: u d~ > w+ s s~ QCD=0 QED<=4 / t t h @1
  Decay: w+ > c s~ WEIGHTED<=2 
INFO: Generating Feynman diagrams for Process: u d~ > w+ b b~ QCD=0 QED<=4 / t t h @1
  Decay: w+ > u d~ WEIGHTED<=2 
INFO: Generating Feynman diagrams for Process: u s~ > w+ u c~ QCD=0 QED<=4 / t t h @1
  Decay: w+ > u d~ WEIGHTED<=2 
INFO: Generating Feynman diagrams for Process: u s~ > w+ u c~ QCD=0 QED<=4 / t t h @1
  Decay: w+ > c s~ WEIGHTED<=2 
INFO: Generating Feynman diagrams for Process: u s~ > w+ d s~ QCD=0 QED<=4 / t t h @1
  Decay: w+ > u d~ WEIGHTED<=2 
INFO: Generating Feynman diagrams for Process: u s~ > w+ d s~ QCD=0 QED<=4 / t t h @1
  Decay: w+ > c s~ WEIGHTED<=2 
INFO: Generating Feynman diagrams for Process: u b > w+ d b QCD=0 QED<=4 / t t h @1
  Decay: w+ > u d~ WEIGHTED<=2 
INFO: Generating Feynman diagrams for Process: u b~ > w+ d b~ QCD=0 QED<=4 / t t h @1
  Decay: w+ > u d~ WEIGHTED<=2 
INFO: Generating Feynman diagrams for Process: d d~ > w+ d u~ QCD=0 QED<=4 / t t h @1
  Decay: w+ > u d~ WEIGHTED<=2 
INFO: Generating Feynman diagrams for Process: d d~ > w+ s c~ QCD=0 QED<=4 / t t h @1
  Decay: w+ > u d~ WEIGHTED<=2 
INFO: Generating Feynman diagrams for Process: d s~ > w+ d c~ QCD=0 QED<=4 / t t h @1
  Decay: w+ > u d~ WEIGHTED<=2 
INFO: Generating Feynman diagrams for Process: u~ d~ > w+ u~ u~ QCD=0 QED<=4 / t t h @1
  Decay: w+ > u d~ WEIGHTED<=2 
INFO: Generating Feynman diagrams for Process: u~ s~ > w+ u~ c~ QCD=0 QED<=4 / t t h @1
  Decay: w+ > u d~ WEIGHTED<=2 
INFO: Generating Feynman diagrams for Process: d~ d~ > w+ u~ d~ QCD=0 QED<=4 / t t h @1
  Decay: w+ > u d~ WEIGHTED<=2 
INFO: Generating Feynman diagrams for Process: d~ d~ > w+ u~ d~ QCD=0 QED<=4 / t t h @1
  Decay: w+ > c s~ WEIGHTED<=2 
INFO: Generating Feynman diagrams for Process: d~ s~ > w+ u~ s~ QCD=0 QED<=4 / t t h @1
  Decay: w+ > u d~ WEIGHTED<=2 
INFO: Generating Feynman diagrams for Process: d~ s~ > w+ u~ s~ QCD=0 QED<=4 / t t h @1
  Decay: w+ > c s~ WEIGHTED<=2 
INFO: Generating Feynman diagrams for Process: d~ s~ > w+ c~ d~ QCD=0 QED<=4 / t t h @1
  Decay: w+ > u d~ WEIGHTED<=2 
INFO: Generating Feynman diagrams for Process: d~ s~ > w+ c~ d~ QCD=0 QED<=4 / t t h @1
  Decay: w+ > c s~ WEIGHTED<=2 
INFO: Generating Feynman diagrams for Process: d~ b > w+ b u~ QCD=0 QED<=4 / t t h @1
  Decay: w+ > u d~ WEIGHTED<=2 
INFO: Generating Feynman diagrams for Process: d~ b~ > w+ u~ b~ QCD=0 QED<=4 / t t h @1
  Decay: w+ > u d~ WEIGHTED<=2 
INFO: Generating Feynman diagrams for Process: b b~ > w+ d u~ QCD=0 QED<=4 / t t h @1
  Decay: w+ > u d~ WEIGHTED<=2 
INFO: Finding symmetric diagrams for subprocess group qq_wpqq_wp_qq 
Generated helas calls for 40 subprocesses (358 diagrams) in 0.944 s
Wrote files for 908 helas calls in 1.972 s
ALOHA: aloha creates FFV2 routines
ALOHA: aloha creates FFV5 routines
ALOHA: aloha creates FFV1 routines
ALOHA: aloha creates FFV3 routines
ALOHA: aloha creates VVV1 routines
save configuration file to /afs/cern.ch/work/a/azaza/MC_EWK_ZWqq/genproductions/bin/MadGraph5_aMCatNLO/ewkwpjjjj_5f_LO/ewkwpjjjj_5f_LO_gridpack/work/ewkwpjjjj_5f_LO/Cards/me5_configuration.txt
INFO: Use Fortran compiler gfortran 
INFO: Use c++ compiler g++ 
INFO: Generate web pages 
Output to directory /afs/cern.ch/work/a/azaza/MC_EWK_ZWqq/genproductions/bin/MadGraph5_aMCatNLO/ewkwpjjjj_5f_LO/ewkwpjjjj_5f_LO_gridpack/work/ewkwpjjjj_5f_LO done.
Type "launch" to generate events from this process, or see
/afs/cern.ch/work/a/azaza/MC_EWK_ZWqq/genproductions/bin/MadGraph5_aMCatNLO/ewkwpjjjj_5f_LO/ewkwpjjjj_5f_LO_gridpack/work/ewkwpjjjj_5f_LO/README
Run "open index.html" to see more information about this process.
display multiparticles
Multiparticle labels:
p = g u c d s u~ c~ d~ s~ b b~
j = g u c d s b u~ c~ d~ s~ b~
l+ = e+ mu+
l- = e- mu-
vl = ve vm vt
vl~ = ve~ vm~ vt~
all = g u c d s b u~ c~ d~ s~ b~ a ve vm vt e- mu- ve~ vm~ vt~ e+ mu+ t t~ z w+ h w- ta- ta+
quit
Checking if MG5 is up-to-date... (takes up to 5s)
New Version of MG5 available! Do you want to update your current version? [[4mn[0m, y][60s to answer] 
>Update bypassed.
The next check for a new version will be performed in 7 days
In order to change this delay. Enter the command:
set auto_update X
Putting X to zero will prevent this check at anytime.
You can upgrade your version at any time by typing:
install update
copying generated process to working directory
INFO: Using default PDF sets for run3 production
starting LO mode
************************************************************
*                                                          *
*                      W E L C O M E to                    *
*             M A D G R A P H 5 _ a M C @ N L O            *
*                      M A D E V E N T                     *
*                                                          *
*                 *                       *                *
*                   *        * *        *                  *
*                     * * * * 5 * * * *                    *
*                   *        * *        *                  *
*                 *                       *                *
*                                                          *
*         VERSION 2.9.13                20xx-xx-xx         *
*                                                          *
*    The MadGraph5_aMC@NLO Development Team - Find us at   *
*    https://server06.fynu.ucl.ac.be/projects/madgraph     *
*                                                          *
*               Type 'help' for in-line help.              *
*                                                          *
************************************************************
INFO: load configuration from /afs/cern.ch/work/a/azaza/MC_EWK_ZWqq/genproductions/bin/MadGraph5_aMCatNLO/ewkwpjjjj_5f_LO/ewkwpjjjj_5f_LO_gridpack/work/processtmp/Cards/me5_configuration.txt  
INFO: load configuration from /afs/cern.ch/work/a/azaza/MC_EWK_ZWqq/genproductions/bin/MadGraph5_aMCatNLO/ewkwpjjjj_5f_LO/ewkwpjjjj_5f_LO_gridpack/work/MG5_aMC_v2_9_13/input/mg5_configuration.txt  
INFO: load configuration from /afs/cern.ch/work/a/azaza/MC_EWK_ZWqq/genproductions/bin/MadGraph5_aMCatNLO/ewkwpjjjj_5f_LO/ewkwpjjjj_5f_LO_gridpack/work/processtmp/Cards/me5_configuration.txt  
Using default eps viewer "evince". Set another one in ./input/mg5_configuration.txt
Using default web browser "firefox". Set another one in ./input/mg5_configuration.txt
generate_events pilotrun
stty: standard input: Inappropriate ioctl for device
The following switches determine which programs are run:
/===========================================================================\
| 1. Choose the shower/hadronization program   [1m  shower[0m = [01mNot Avail.[0m        |
| 2. Choose the detector simulation program    [1mdetector[0m = [01mNot Avail.[0m        |
| 3. Choose an analysis package (plot/convert) [1manalysis[0m = [01mNot Avail.[0m        |
| 4. Decay onshell particles                   [1m madspin[0m = [31mOFF[0m               |
| 5. Add weights to events for new hypp.       [1mreweight[0m = [31mOFF[0m               |
\===========================================================================/
Either type the switch number (1 to 5) to change its setting,
Set any switch explicitly (e.g. type 'madspin=ON' at the prompt)
Type 'help' for the list of all valid option
Type '0', 'auto', 'done' or just press enter when you are done.[60s to answer] 
>stty: standard input: Inappropriate ioctl for device
[1;34mrun_card missed argument time_of_flight. Takes default: -1.0[0m
[1;34mrun_card missed argument bias_module. Takes default: None[0m
[1;34mrun_card missed argument pt_min_pdg. Takes default: {}[0m
[1;34mrun_card missed argument pt_max_pdg. Takes default: {}[0m
[1;34mrun_card missed argument eta_min_pdg. Takes default: {}[0m
[1;34mrun_card missed argument eta_max_pdg. Takes default: {}[0m
[1;34mrun_card missed argument mxx_min_pdg. Takes default: {}[0m
[1;34mrun_card missed argument mxx_only_part_antipart. Takes default: {'default': False}[0m
Do you want to edit a card (press enter to bypass editing)?
/------------------------------------------------------------\
|  [31m1[0m. param : [32mparam_card.dat[0m                                 |
|  [31m2[0m. run   : [32mrun_card.dat[0m                                   |
\------------------------------------------------------------/
 you can also
   - enter the path to a valid card or banner.
   - use the 'set' command to modify a parameter directly.
     The set option works only for param_card and run_card.
     Type 'help set' for more information on this command.
   - call an external program (ASperGE/MadWidth/...).
     Type 'help' for the list of available command
 [[4m0[0m, done, 1, param, 2, run, enter path][90s to answer] 
>[1mINFO: modify parameter gridpack of the run_card.dat to True [0m
Do you want to edit a card (press enter to bypass editing)?
/------------------------------------------------------------\
|  [31m1[0m. param : [32mparam_card.dat[0m                                 |
|  [31m2[0m. run   : [32mrun_card.dat[0m                                   |
\------------------------------------------------------------/
 you can also
   - enter the path to a valid card or banner.
   - use the 'set' command to modify a parameter directly.
     The set option works only for param_card and run_card.
     Type 'help set' for more information on this command.
   - call an external program (ASperGE/MadWidth/...).
     Type 'help' for the list of available command
 [[4m0[0m, done, 1, param, 2, run, enter path] 
>INFO: Update the dependent parameter of the param_card.dat 
Generating gridpack with run name pilotrun
survey  pilotrun --accuracy=0.01 --points=2000 --iterations=8 --gridpack=.true.
INFO: compile directory 
INFO: Using LHAPDF v6.4.0 interface for PDFs 
compile Source Directory
Using random number seed offset = 21
INFO: Running Survey 
Creating Jobs
Working on SubProcesses
INFO: Compiling for process 1/1. 
INFO:     P1_qq_wpqq_wp_qq  
  0%|          | 0/817 [00:00<?, ?it/s]100%|| 817/817 [00:00<00:00, 68991.65it/s]
  0%|          | 0/817 [00:00<?, ?it/s]100%|| 817/817 [00:00<00:00, 74184.85it/s]
  0%|          | 0/783 [00:00<?, ?it/s]100%|| 783/783 [00:00<00:00, 116524.98it/s]
  0%|          | 0/783 [00:00<?, ?it/s]100%|| 783/783 [00:00<00:00, 118236.61it/s]
  0%|          | 0/786 [00:00<?, ?it/s]100%|| 786/786 [00:00<00:00, 117066.97it/s]
  0%|          | 0/786 [00:00<?, ?it/s]100%|| 786/786 [00:00<00:00, 117392.12it/s]
  0%|          | 0/825 [00:00<?, ?it/s]100%|| 825/825 [00:00<00:00, 76803.41it/s]
  0%|          | 0/795 [00:00<?, ?it/s]100%|| 795/795 [00:00<00:00, 118038.57it/s]
  0%|          | 0/829 [00:00<?, ?it/s]100%|| 829/829 [00:00<00:00, 76420.98it/s]
  0%|          | 0/800 [00:00<?, ?it/s]100%|| 800/800 [00:00<00:00, 119525.64it/s]
  0%|          | 0/799 [00:00<?, ?it/s]100%|| 799/799 [00:00<00:00, 119777.29it/s]
  0%|          | 0/821 [00:00<?, ?it/s]100%|| 821/821 [00:00<00:00, 76422.55it/s]
  0%|          | 0/821 [00:00<?, ?it/s]100%|| 821/821 [00:00<00:00, 76441.21it/s]
  0%|          | 0/792 [00:00<?, ?it/s]100%|| 792/792 [00:00<00:00, 118541.51it/s]
  0%|          | 0/792 [00:00<?, ?it/s]100%|| 792/792 [00:00<00:00, 117759.89it/s]
  0%|          | 0/822 [00:00<?, ?it/s]100%|| 822/822 [00:00<00:00, 76498.66it/s]
  0%|          | 0/822 [00:00<?, ?it/s]100%|| 822/822 [00:00<00:00, 76298.89it/s]
  0%|          | 0/791 [00:00<?, ?it/s]100%|| 791/791 [00:00<00:00, 118667.09it/s]
  0%|          | 0/791 [00:00<?, ?it/s]100%|| 791/791 [00:00<00:00, 118832.85it/s]
  0%|          | 0/795 [00:00<?, ?it/s]100%|| 795/795 [00:00<00:00, 125459.84it/s]
  0%|          | 0/791 [00:00<?, ?it/s]100%|| 791/791 [00:00<00:00, 119427.45it/s]
  0%|          | 0/791 [00:00<?, ?it/s]100%|| 791/791 [00:00<00:00, 120084.50it/s]
  0%|          | 0/791 [00:00<?, ?it/s]100%|| 791/791 [00:00<00:00, 119101.61it/s]
  0%|          | 0/791 [00:00<?, ?it/s]100%|| 791/791 [00:00<00:00, 119118.72it/s]
  0%|          | 0/792 [00:00<?, ?it/s]100%|| 792/792 [00:00<00:00, 126983.52it/s]
  0%|          | 0/795 [00:00<?, ?it/s]100%|| 795/795 [00:00<00:00, 127425.55it/s]
  0%|          | 0/829 [00:00<?, ?it/s]100%|| 829/829 [00:00<00:00, 77204.92it/s]
  0%|          | 0/799 [00:00<?, ?it/s]100%|| 799/799 [00:00<00:00, 118922.96it/s]
  0%|          | 0/799 [00:00<?, ?it/s]100%|| 799/799 [00:00<00:00, 120155.21it/s]
  0%|          | 0/826 [00:00<?, ?it/s]100%|| 826/826 [00:00<00:00, 77108.73it/s]
  0%|          | 0/796 [00:00<?, ?it/s]100%|| 796/796 [00:00<00:00, 119755.59it/s]
  0%|          | 0/818 [00:00<?, ?it/s]100%|| 818/818 [00:00<00:00, 76693.06it/s]
  0%|          | 0/818 [00:00<?, ?it/s]100%|| 818/818 [00:00<00:00, 76523.71it/s]
  0%|          | 0/784 [00:00<?, ?it/s]100%|| 784/784 [00:00<00:00, 117793.89it/s]
  0%|          | 0/784 [00:00<?, ?it/s]100%|| 784/784 [00:00<00:00, 118738.15it/s]
  0%|          | 0/787 [00:00<?, ?it/s]100%|| 787/787 [00:00<00:00, 119477.24it/s]
  0%|          | 0/787 [00:00<?, ?it/s]100%|| 787/787 [00:00<00:00, 117057.95it/s]
  0%|          | 0/792 [00:00<?, ?it/s]100%|| 792/792 [00:00<00:00, 125302.28it/s]
  0%|          | 0/792 [00:00<?, ?it/s]100%|| 792/792 [00:00<00:00, 125165.36it/s]
  0%|          | 0/795 [00:00<?, ?it/s]100%|| 795/795 [00:00<00:00, 124355.62it/s]
INFO:     P1_qq_wpqq_wp_qq  
INFO:  Idle: 10,  Running: 10,  Completed: 0 [ current time: 10h58 ] 
INFO:  Idle: 9,  Running: 10,  Completed: 1 [  1.5s  ] 
INFO:  Idle: 5,  Running: 10,  Completed: 5 [  5.9s  ] 
INFO:  Idle: 1,  Running: 10,  Completed: 9 [  9.3s  ] 
INFO:  Idle: 0,  Running: 7,  Completed: 13 [  12.4s  ] 
INFO:  Idle: 0,  Running: 5,  Completed: 15 [  16.5s  ] 
INFO:  Idle: 0,  Running: 3,  Completed: 17 [  25.6s  ] 
INFO:  Idle: 0,  Running: 1,  Completed: 19 [  30.1s  ] 
INFO:  Idle: 0,  Running: 0,  Completed: 20 [  46.9s  ] 
INFO:  Idle: 0,  Running: 0,  Completed: 20 [  46.9s  ] 
sum of cpu time of last step: 2m50s
  === Results Summary for run: pilotrun tag: tag_1 ===

     Cross-section :   31.11 +- 0.1717 pb
     Nb of events :  0
 
INFO: End survey 
combine_events
INFO: Combining Events 
store_events
INFO: Storing parton level results 
INFO: End Parton 
decay_events -from_cards
create_gridpack
INFO: Creating gridpack 
P1_qq_wpqq_wp_qq
Cleaning  SubProcesses. 
INFO: gridpack created 
quit
INFO: storing files of previous run 
INFO: Done 
INFO:  
finished pilot run
cleaning temporary output
unpacking temporary gridpack
cleaning temporary gridpack
Now generating 1000 events with random seed 234567 and granularity 1
************************************************************
*                                                          *
*                      W E L C O M E to                    *
*             M A D G R A P H 5 _ a M C @ N L O            *
*                      M A D E V E N T                     *
*                                                          *
*                 *                       *                *
*                   *        * *        *                  *
*                     * * * * 5 * * * *                    *
*                   *        * *        *                  *
*                 *                       *                *
*                                                          *
*         VERSION 2.9.13                20xx-xx-xx         *
*                                                          *
*    The MadGraph5_aMC@NLO Development Team - Find us at   *
*    https://server06.fynu.ucl.ac.be/projects/madgraph     *
*                                                          *
*               Type 'help' for in-line help.              *
*                                                          *
************************************************************
INFO: load configuration from /afs/cern.ch/work/a/azaza/MC_EWK_ZWqq/genproductions/bin/MadGraph5_aMCatNLO/ewkwpjjjj_5f_LO/ewkwpjjjj_5f_LO_gridpack/work/process/madevent/Cards/me5_configuration.txt  
INFO: load configuration from /afs/cern.ch/work/a/azaza/MC_EWK_ZWqq/genproductions/bin/MadGraph5_aMCatNLO/ewkwpjjjj_5f_LO/ewkwpjjjj_5f_LO_gridpack/work/MG5_aMC_v2_9_13/input/mg5_configuration.txt  
INFO: load configuration from /afs/cern.ch/work/a/azaza/MC_EWK_ZWqq/genproductions/bin/MadGraph5_aMCatNLO/ewkwpjjjj_5f_LO/ewkwpjjjj_5f_LO_gridpack/work/process/madevent/Cards/me5_configuration.txt  
Using default eps viewer "evince". Set another one in ./input/mg5_configuration.txt
Using default web browser "firefox". Set another one in ./input/mg5_configuration.txt
WRITE GRIDCARD /afs/cern.ch/work/a/azaza/MC_EWK_ZWqq/genproductions/bin/MadGraph5_aMCatNLO/ewkwpjjjj_5f_LO/ewkwpjjjj_5f_LO_gridpack/work/process/madevent
generate 1000 events
P1_qq_wpqq_wp_qq
Using random number seed offset = 234567
INFO: Generating 1000.0 unweighted events. 
sum of cpu time of last step: 2m50s
INFO: need to improve 13 channels 
combine_events
store_events
  === Results Summary for run: GridRun_234567 tag: tag_1 ===

     Cross-section :   0 +- 0 pb
     Nb of events :  1000
 
decay_events -from_cards
DONE
write ./events.lhe.gz
preparing final gridpack
cleaning unneeded files from gridpack
