#Subprocess 1 (u,D -> ne,E,b,B)
 Cross section [pb] = 2.8831e-01 +/- 1.51e-03 (Nevnt = 46991)
#Subprocess 2 (u,D -> nm,M,b,B)
 Cross section [pb] = 2.8831e-01 +/- 1.51e-03 (Nevnt = 46990)
#Subprocess 3 (u,D -> nl,L,b,B)
 Cross section [pb] = 2.8807e-01 +/- 1.51e-03 (Nevnt = 46951)
#Subprocess 4 (u,S -> ne,E,b,B)
 Cross section [pb] = 1.1526e-02 +/- 1.56e-03 (Nevnt = 1879)
#Subprocess 5 (u,S -> nm,M,b,B)
 Cross section [pb] = 1.1526e-02 +/- 1.56e-03 (Nevnt = 1879)
#Subprocess 6 (u,S -> nl,L,b,B)
 Cross section [pb] = 1.1517e-02 +/- 1.55e-03 (Nevnt = 1877)
#Subprocess 7 (d,U -> Ne,e,b,B)
 Cross section [pb] = 1.4858e-01 +/- 1.45e-03 (Nevnt = 24217)
#Subprocess 8 (d,U -> Nm,m,b,B)
 Cross section [pb] = 1.4858e-01 +/- 1.45e-03 (Nevnt = 24217)
#Subprocess 9 (d,U -> Nl,l,b,B)
 Cross section [pb] = 1.4845e-01 +/- 1.45e-03 (Nevnt = 24196)
#Subprocess 10 (d,C -> Ne,e,b,B)
 Cross section [pb] = 5.2983e-03 +/- 1.46e-03 (Nevnt = 864)
#Subprocess 11 (d,C -> Nm,m,b,B)
 Cross section [pb] = 5.2983e-03 +/- 1.46e-03 (Nevnt = 864)
#Subprocess 12 (d,C -> Nl,l,b,B)
 Cross section [pb] = 5.2941e-03 +/- 1.47e-03 (Nevnt = 863)
#Subprocess 13 (U,d -> Ne,e,b,B)
 Cross section [pb] = 1.4855e-01 +/- 1.61e-03 (Nevnt = 24212)
#Subprocess 14 (U,d -> Nm,m,b,B)
 Cross section [pb] = 1.4855e-01 +/- 1.61e-03 (Nevnt = 24212)
#Subprocess 15 (U,d -> Nl,l,b,B)
 Cross section [pb] = 1.4844e-01 +/- 1.61e-03 (Nevnt = 24193)
#Subprocess 16 (U,s -> Ne,e,b,B)
 Cross section [pb] = 2.2535e-03 +/- 1.87e-03 (Nevnt = 367)
#Subprocess 17 (U,s -> Nm,m,b,B)
 Cross section [pb] = 2.2535e-03 +/- 1.87e-03 (Nevnt = 367)
#Subprocess 18 (U,s -> Nl,l,b,B)
 Cross section [pb] = 2.2512e-03 +/- 1.85e-03 (Nevnt = 367)
#Subprocess 19 (D,u -> ne,E,b,B)
 Cross section [pb] = 2.8784e-01 +/- 1.45e-03 (Nevnt = 46913)
#Subprocess 20 (D,u -> nm,M,b,B)
 Cross section [pb] = 2.8783e-01 +/- 1.45e-03 (Nevnt = 46912)
#Subprocess 21 (D,u -> nl,L,b,B)
 Cross section [pb] = 2.8761e-01 +/- 1.45e-03 (Nevnt = 46876)
#Subprocess 22 (D,c -> ne,E,b,B)
 Cross section [pb] = 2.0144e-03 +/- 1.67e-03 (Nevnt = 328)
#Subprocess 23 (D,c -> nm,M,b,B)
 Cross section [pb] = 2.0143e-03 +/- 1.67e-03 (Nevnt = 328)
#Subprocess 24 (D,c -> nl,L,b,B)
 Cross section [pb] = 2.0123e-03 +/- 1.68e-03 (Nevnt = 328)
#Subprocess 25 (s,U -> Ne,e,b,B)
 Cross section [pb] = 2.2448e-03 +/- 1.79e-03 (Nevnt = 366)
#Subprocess 26 (s,U -> Nm,m,b,B)
 Cross section [pb] = 2.2449e-03 +/- 1.79e-03 (Nevnt = 366)
#Subprocess 27 (s,U -> Nl,l,b,B)
 Cross section [pb] = 2.2440e-03 +/- 1.76e-03 (Nevnt = 366)
#Subprocess 28 (s,C -> Ne,e,b,B)
 Cross section [pb] = 2.6840e-02 +/- 1.58e-03 (Nevnt = 4374)
#Subprocess 29 (s,C -> Nm,m,b,B)
 Cross section [pb] = 2.6839e-02 +/- 1.58e-03 (Nevnt = 4374)
#Subprocess 30 (s,C -> Nl,l,b,B)
 Cross section [pb] = 2.6814e-02 +/- 1.58e-03 (Nevnt = 4370)
#Subprocess 31 (c,D -> ne,E,b,B)
 Cross section [pb] = 2.0146e-03 +/- 1.90e-03 (Nevnt = 328)
#Subprocess 32 (c,D -> nm,M,b,B)
 Cross section [pb] = 2.0146e-03 +/- 1.89e-03 (Nevnt = 328)
#Subprocess 33 (c,D -> nl,L,b,B)
 Cross section [pb] = 2.0132e-03 +/- 1.86e-03 (Nevnt = 328)
#Subprocess 34 (c,S -> ne,E,b,B)
 Cross section [pb] = 2.6879e-02 +/- 1.86e-03 (Nevnt = 4381)
#Subprocess 35 (c,S -> nm,M,b,B)
 Cross section [pb] = 2.6878e-02 +/- 1.86e-03 (Nevnt = 4381)
#Subprocess 36 (c,S -> nl,L,b,B)
 Cross section [pb] = 2.6844e-02 +/- 1.85e-03 (Nevnt = 4375)
#Subprocess 37 (S,u -> ne,E,b,B)
 Cross section [pb] = 1.1504e-02 +/- 1.48e-03 (Nevnt = 1875)
#Subprocess 38 (S,u -> nm,M,b,B)
 Cross section [pb] = 1.1504e-02 +/- 1.48e-03 (Nevnt = 1875)
#Subprocess 39 (S,u -> nl,L,b,B)
 Cross section [pb] = 1.1495e-02 +/- 1.48e-03 (Nevnt = 1874)
#Subprocess 40 (S,c -> ne,E,b,B)
 Cross section [pb] = 2.6840e-02 +/- 1.58e-03 (Nevnt = 4374)
#Subprocess 41 (S,c -> nm,M,b,B)
 Cross section [pb] = 2.6839e-02 +/- 1.58e-03 (Nevnt = 4374)
#Subprocess 42 (S,c -> nl,L,b,B)
 Cross section [pb] = 2.6814e-02 +/- 1.58e-03 (Nevnt = 4370)
#Subprocess 43 (C,d -> Ne,e,b,B)
 Cross section [pb] = 5.3037e-03 +/- 1.60e-03 (Nevnt = 864)
#Subprocess 44 (C,d -> Nm,m,b,B)
 Cross section [pb] = 5.3037e-03 +/- 1.60e-03 (Nevnt = 864)
#Subprocess 45 (C,d -> Nl,l,b,B)
 Cross section [pb] = 5.3003e-03 +/- 1.60e-03 (Nevnt = 864)
#Subprocess 46 (C,s -> Ne,e,b,B)
 Cross section [pb] = 2.6879e-02 +/- 1.86e-03 (Nevnt = 4381)
#Subprocess 47 (C,s -> Nm,m,b,B)
 Cross section [pb] = 2.6878e-02 +/- 1.86e-03 (Nevnt = 4381)
#Subprocess 48 (C,s -> Nl,l,b,B)
 Cross section [pb] = 2.6844e-02 +/- 1.85e-03 (Nevnt = 4375)

 Total cross section [pb]  = 3.0678e+00 +/- 1.14e-02 (Ntotal = 499999)
