#Subprocess 1 (u,D -> ne,E,b,B)
 Cross section [pb] = 2.2590e-01 +/- 7.95e-04 (Nevnt = 44255)
#Subprocess 2 (u,D -> nm,M,b,B)
 Cross section [pb] = 2.2590e-01 +/- 7.94e-04 (Nevnt = 44255)
#Subprocess 3 (u,D -> nl,L,b,B)
 Cross section [pb] = 2.2570e-01 +/- 7.69e-04 (Nevnt = 44217)
#Subprocess 4 (u,S -> ne,E,b,B)
 Cross section [pb] = 9.6493e-03 +/- 7.79e-04 (Nevnt = 1890)
#Subprocess 5 (u,S -> nm,M,b,B)
 Cross section [pb] = 9.6492e-03 +/- 7.80e-04 (Nevnt = 1890)
#Subprocess 6 (u,S -> nl,L,b,B)
 Cross section [pb] = 9.6307e-03 +/- 7.62e-04 (Nevnt = 1887)
#Subprocess 7 (d,U -> Ne,e,b,B)
 Cross section [pb] = 1.2749e-01 +/- 6.87e-04 (Nevnt = 24976)
#Subprocess 8 (d,U -> Nm,m,b,B)
 Cross section [pb] = 1.2749e-01 +/- 6.86e-04 (Nevnt = 24976)
#Subprocess 9 (d,U -> Nl,l,b,B)
 Cross section [pb] = 1.2740e-01 +/- 6.89e-04 (Nevnt = 24959)
#Subprocess 10 (d,C -> Ne,e,b,B)
 Cross section [pb] = 4.8469e-03 +/- 6.93e-04 (Nevnt = 950)
#Subprocess 11 (d,C -> Nm,m,b,B)
 Cross section [pb] = 4.8472e-03 +/- 7.02e-04 (Nevnt = 950)
#Subprocess 12 (d,C -> Nl,l,b,B)
 Cross section [pb] = 4.8434e-03 +/- 7.02e-04 (Nevnt = 949)
#Subprocess 13 (U,d -> Ne,e,b,B)
 Cross section [pb] = 1.2755e-01 +/- 7.41e-04 (Nevnt = 24988)
#Subprocess 14 (U,d -> Nm,m,b,B)
 Cross section [pb] = 1.2756e-01 +/- 7.48e-04 (Nevnt = 24989)
#Subprocess 15 (U,d -> Nl,l,b,B)
 Cross section [pb] = 1.2741e-01 +/- 7.81e-04 (Nevnt = 24960)
#Subprocess 16 (U,s -> Ne,e,b,B)
 Cross section [pb] = 2.1806e-03 +/- 7.63e-04 (Nevnt = 427)
#Subprocess 17 (U,s -> Nm,m,b,B)
 Cross section [pb] = 2.1805e-03 +/- 7.63e-04 (Nevnt = 427)
#Subprocess 18 (U,s -> Nl,l,b,B)
 Cross section [pb] = 2.1789e-03 +/- 7.64e-04 (Nevnt = 427)
#Subprocess 19 (D,u -> ne,E,b,B)
 Cross section [pb] = 2.2572e-01 +/- 7.03e-04 (Nevnt = 44221)
#Subprocess 20 (D,u -> nm,M,b,B)
 Cross section [pb] = 2.2572e-01 +/- 7.03e-04 (Nevnt = 44221)
#Subprocess 21 (D,u -> nl,L,b,B)
 Cross section [pb] = 2.2555e-01 +/- 7.03e-04 (Nevnt = 44187)
#Subprocess 22 (D,c -> ne,E,b,B)
 Cross section [pb] = 1.9753e-03 +/- 6.74e-04 (Nevnt = 387)
#Subprocess 23 (D,c -> nm,M,b,B)
 Cross section [pb] = 1.9753e-03 +/- 6.74e-04 (Nevnt = 387)
#Subprocess 24 (D,c -> nl,L,b,B)
 Cross section [pb] = 1.9749e-03 +/- 7.90e-04 (Nevnt = 387)
#Subprocess 25 (s,U -> Ne,e,b,B)
 Cross section [pb] = 2.1816e-03 +/- 7.43e-04 (Nevnt = 427)
#Subprocess 26 (s,U -> Nm,m,b,B)
 Cross section [pb] = 2.1828e-03 +/- 7.32e-04 (Nevnt = 428)
#Subprocess 27 (s,U -> Nl,l,b,B)
 Cross section [pb] = 2.1796e-03 +/- 7.63e-04 (Nevnt = 427)
#Subprocess 28 (s,C -> Ne,e,b,B)
 Cross section [pb] = 2.6743e-02 +/- 6.42e-04 (Nevnt = 5239)
#Subprocess 29 (s,C -> Nm,m,b,B)
 Cross section [pb] = 2.6746e-02 +/- 6.35e-04 (Nevnt = 5240)
#Subprocess 30 (s,C -> Nl,l,b,B)
 Cross section [pb] = 2.6722e-02 +/- 6.27e-04 (Nevnt = 5235)
#Subprocess 31 (c,D -> ne,E,b,B)
 Cross section [pb] = 1.9770e-03 +/- 7.29e-04 (Nevnt = 387)
#Subprocess 32 (c,D -> nm,M,b,B)
 Cross section [pb] = 1.9770e-03 +/- 7.28e-04 (Nevnt = 387)
#Subprocess 33 (c,D -> nl,L,b,B)
 Cross section [pb] = 1.9751e-03 +/- 7.52e-04 (Nevnt = 387)
#Subprocess 34 (c,S -> ne,E,b,B)
 Cross section [pb] = 2.6761e-02 +/- 7.00e-04 (Nevnt = 5243)
#Subprocess 35 (c,S -> nm,M,b,B)
 Cross section [pb] = 2.6766e-02 +/- 6.99e-04 (Nevnt = 5244)
#Subprocess 36 (c,S -> nl,L,b,B)
 Cross section [pb] = 2.6755e-02 +/- 7.09e-04 (Nevnt = 5242)
#Subprocess 37 (S,u -> ne,E,b,B)
 Cross section [pb] = 9.6399e-03 +/- 6.98e-04 (Nevnt = 1889)
#Subprocess 38 (S,u -> nm,M,b,B)
 Cross section [pb] = 9.6399e-03 +/- 6.98e-04 (Nevnt = 1889)
#Subprocess 39 (S,u -> nl,L,b,B)
 Cross section [pb] = 9.6350e-03 +/- 7.06e-04 (Nevnt = 1888)
#Subprocess 40 (S,c -> ne,E,b,B)
 Cross section [pb] = 2.6743e-02 +/- 6.42e-04 (Nevnt = 5239)
#Subprocess 41 (S,c -> nm,M,b,B)
 Cross section [pb] = 2.6746e-02 +/- 6.35e-04 (Nevnt = 5240)
#Subprocess 42 (S,c -> nl,L,b,B)
 Cross section [pb] = 2.6722e-02 +/- 6.27e-04 (Nevnt = 5235)
#Subprocess 43 (C,d -> Ne,e,b,B)
 Cross section [pb] = 4.8454e-03 +/- 7.45e-04 (Nevnt = 949)
#Subprocess 44 (C,d -> Nm,m,b,B)
 Cross section [pb] = 4.8451e-03 +/- 7.42e-04 (Nevnt = 949)
#Subprocess 45 (C,d -> Nl,l,b,B)
 Cross section [pb] = 4.8447e-03 +/- 7.52e-04 (Nevnt = 949)
#Subprocess 46 (C,s -> Ne,e,b,B)
 Cross section [pb] = 2.6761e-02 +/- 7.00e-04 (Nevnt = 5243)
#Subprocess 47 (C,s -> Nm,m,b,B)
 Cross section [pb] = 2.6766e-02 +/- 6.99e-04 (Nevnt = 5244)
#Subprocess 48 (C,s -> Nl,l,b,B)
 Cross section [pb] = 2.6755e-02 +/- 7.09e-04 (Nevnt = 5242)

 Total cross section [pb]  = 2.5522e+00 +/- 4.98e-03 (Ntotal = 500004)
