#Subprocess 1 (u,D -> ne,E,b,B)
 Cross section [pb] = 2.2550e-01 +/- 1.54e-03 (Nevnt = 43821)
#Subprocess 2 (u,D -> nm,M,b,B)
 Cross section [pb] = 2.2544e-01 +/- 1.49e-03 (Nevnt = 43809)
#Subprocess 3 (u,D -> nl,L,b,B)
 Cross section [pb] = 2.2527e-01 +/- 1.45e-03 (Nevnt = 43776)
#Subprocess 4 (u,S -> ne,E,b,B)
 Cross section [pb] = 9.7541e-03 +/- 1.46e-03 (Nevnt = 1896)
#Subprocess 5 (u,S -> nm,M,b,B)
 Cross section [pb] = 9.7542e-03 +/- 1.46e-03 (Nevnt = 1896)
#Subprocess 6 (u,S -> nl,L,b,B)
 Cross section [pb] = 9.7472e-03 +/- 1.46e-03 (Nevnt = 1894)
#Subprocess 7 (d,U -> Ne,e,b,B)
 Cross section [pb] = 1.2895e-01 +/- 1.33e-03 (Nevnt = 25058)
#Subprocess 8 (d,U -> Nm,m,b,B)
 Cross section [pb] = 1.2895e-01 +/- 1.33e-03 (Nevnt = 25058)
#Subprocess 9 (d,U -> Nl,l,b,B)
 Cross section [pb] = 1.2885e-01 +/- 1.34e-03 (Nevnt = 25040)
#Subprocess 10 (d,C -> Ne,e,b,B)
 Cross section [pb] = 4.9698e-03 +/- 1.34e-03 (Nevnt = 966)
#Subprocess 11 (d,C -> Nm,m,b,B)
 Cross section [pb] = 4.9698e-03 +/- 1.34e-03 (Nevnt = 966)
#Subprocess 12 (d,C -> Nl,l,b,B)
 Cross section [pb] = 4.9663e-03 +/- 1.34e-03 (Nevnt = 965)
#Subprocess 13 (U,d -> Ne,e,b,B)
 Cross section [pb] = 1.2905e-01 +/- 1.43e-03 (Nevnt = 25079)
#Subprocess 14 (U,d -> Nm,m,b,B)
 Cross section [pb] = 1.2905e-01 +/- 1.43e-03 (Nevnt = 25079)
#Subprocess 15 (U,d -> Nl,l,b,B)
 Cross section [pb] = 1.2896e-01 +/- 1.43e-03 (Nevnt = 25060)
#Subprocess 16 (U,s -> Ne,e,b,B)
 Cross section [pb] = 2.2420e-03 +/- 1.94e-03 (Nevnt = 436)
#Subprocess 17 (U,s -> Nm,m,b,B)
 Cross section [pb] = 2.2421e-03 +/- 1.94e-03 (Nevnt = 436)
#Subprocess 18 (U,s -> Nl,l,b,B)
 Cross section [pb] = 2.2397e-03 +/- 1.91e-03 (Nevnt = 435)
#Subprocess 19 (D,u -> ne,E,b,B)
 Cross section [pb] = 2.2550e-01 +/- 1.49e-03 (Nevnt = 43821)
#Subprocess 20 (D,u -> nm,M,b,B)
 Cross section [pb] = 2.2550e-01 +/- 1.49e-03 (Nevnt = 43821)
#Subprocess 21 (D,u -> nl,L,b,B)
 Cross section [pb] = 2.2527e-01 +/- 1.47e-03 (Nevnt = 43778)
#Subprocess 22 (D,c -> ne,E,b,B)
 Cross section [pb] = 2.0405e-03 +/- 1.55e-03 (Nevnt = 397)
#Subprocess 23 (D,c -> nm,M,b,B)
 Cross section [pb] = 2.0405e-03 +/- 1.55e-03 (Nevnt = 397)
#Subprocess 24 (D,c -> nl,L,b,B)
 Cross section [pb] = 2.0380e-03 +/- 1.55e-03 (Nevnt = 396)
#Subprocess 25 (s,U -> Ne,e,b,B)
 Cross section [pb] = 2.2446e-03 +/- 1.46e-03 (Nevnt = 436)
#Subprocess 26 (s,U -> Nm,m,b,B)
 Cross section [pb] = 2.2445e-03 +/- 1.46e-03 (Nevnt = 436)
#Subprocess 27 (s,U -> Nl,l,b,B)
 Cross section [pb] = 2.2417e-03 +/- 1.40e-03 (Nevnt = 436)
#Subprocess 28 (s,C -> Ne,e,b,B)
 Cross section [pb] = 2.7721e-02 +/- 1.38e-03 (Nevnt = 5387)
#Subprocess 29 (s,C -> Nm,m,b,B)
 Cross section [pb] = 2.7721e-02 +/- 1.38e-03 (Nevnt = 5387)
#Subprocess 30 (s,C -> Nl,l,b,B)
 Cross section [pb] = 2.7698e-02 +/- 1.37e-03 (Nevnt = 5383)
#Subprocess 31 (c,D -> ne,E,b,B)
 Cross section [pb] = 2.0405e-03 +/- 1.59e-03 (Nevnt = 397)
#Subprocess 32 (c,D -> nm,M,b,B)
 Cross section [pb] = 2.0405e-03 +/- 1.59e-03 (Nevnt = 397)
#Subprocess 33 (c,D -> nl,L,b,B)
 Cross section [pb] = 2.0381e-03 +/- 1.60e-03 (Nevnt = 396)
#Subprocess 34 (c,S -> ne,E,b,B)
 Cross section [pb] = 2.7732e-02 +/- 1.78e-03 (Nevnt = 5389)
#Subprocess 35 (c,S -> nm,M,b,B)
 Cross section [pb] = 2.7732e-02 +/- 1.78e-03 (Nevnt = 5389)
#Subprocess 36 (c,S -> nl,L,b,B)
 Cross section [pb] = 2.7711e-02 +/- 1.76e-03 (Nevnt = 5385)
#Subprocess 37 (S,u -> ne,E,b,B)
 Cross section [pb] = 9.7564e-03 +/- 1.36e-03 (Nevnt = 1896)
#Subprocess 38 (S,u -> nm,M,b,B)
 Cross section [pb] = 9.7564e-03 +/- 1.36e-03 (Nevnt = 1896)
#Subprocess 39 (S,u -> nl,L,b,B)
 Cross section [pb] = 9.7492e-03 +/- 1.36e-03 (Nevnt = 1895)
#Subprocess 40 (S,c -> ne,E,b,B)
 Cross section [pb] = 2.7721e-02 +/- 1.38e-03 (Nevnt = 5387)
#Subprocess 41 (S,c -> nm,M,b,B)
 Cross section [pb] = 2.7721e-02 +/- 1.38e-03 (Nevnt = 5387)
#Subprocess 42 (S,c -> nl,L,b,B)
 Cross section [pb] = 2.7698e-02 +/- 1.37e-03 (Nevnt = 5383)
#Subprocess 43 (C,d -> Ne,e,b,B)
 Cross section [pb] = 4.9736e-03 +/- 1.43e-03 (Nevnt = 967)
#Subprocess 44 (C,d -> Nm,m,b,B)
 Cross section [pb] = 4.9736e-03 +/- 1.43e-03 (Nevnt = 967)
#Subprocess 45 (C,d -> Nl,l,b,B)
 Cross section [pb] = 4.9705e-03 +/- 1.43e-03 (Nevnt = 966)
#Subprocess 46 (C,s -> Ne,e,b,B)
 Cross section [pb] = 2.7732e-02 +/- 1.78e-03 (Nevnt = 5389)
#Subprocess 47 (C,s -> Nm,m,b,B)
 Cross section [pb] = 2.7732e-02 +/- 1.78e-03 (Nevnt = 5389)
#Subprocess 48 (C,s -> Nl,l,b,B)
 Cross section [pb] = 2.7711e-02 +/- 1.76e-03 (Nevnt = 5385)

 Total cross section [pb]  = 2.5729e+00 +/- 1.05e-02 (Ntotal = 500005)
