#Subprocess 1 (u,D -> ne,E,b,B)
 Cross section [pb] = 2.2674e-01 +/- 1.45e-03 (Nevnt = 43814)
#Subprocess 2 (u,D -> nm,M,b,B)
 Cross section [pb] = 2.2673e-01 +/- 1.45e-03 (Nevnt = 43811)
#Subprocess 3 (u,D -> nl,L,b,B)
 Cross section [pb] = 2.2660e-01 +/- 1.47e-03 (Nevnt = 43786)
#Subprocess 4 (u,S -> ne,E,b,B)
 Cross section [pb] = 9.8214e-03 +/- 1.45e-03 (Nevnt = 1898)
#Subprocess 5 (u,S -> nm,M,b,B)
 Cross section [pb] = 9.8213e-03 +/- 1.45e-03 (Nevnt = 1898)
#Subprocess 6 (u,S -> nl,L,b,B)
 Cross section [pb] = 9.8125e-03 +/- 1.45e-03 (Nevnt = 1896)
#Subprocess 7 (d,U -> Ne,e,b,B)
 Cross section [pb] = 1.2962e-01 +/- 1.29e-03 (Nevnt = 25048)
#Subprocess 8 (d,U -> Nm,m,b,B)
 Cross section [pb] = 1.2962e-01 +/- 1.29e-03 (Nevnt = 25048)
#Subprocess 9 (d,U -> Nl,l,b,B)
 Cross section [pb] = 1.2953e-01 +/- 1.29e-03 (Nevnt = 25030)
#Subprocess 10 (d,C -> Ne,e,b,B)
 Cross section [pb] = 5.0058e-03 +/- 1.33e-03 (Nevnt = 967)
#Subprocess 11 (d,C -> Nm,m,b,B)
 Cross section [pb] = 5.0058e-03 +/- 1.33e-03 (Nevnt = 967)
#Subprocess 12 (d,C -> Nl,l,b,B)
 Cross section [pb] = 5.0024e-03 +/- 1.33e-03 (Nevnt = 967)
#Subprocess 13 (U,d -> Ne,e,b,B)
 Cross section [pb] = 1.2974e-01 +/- 1.42e-03 (Nevnt = 25069)
#Subprocess 14 (U,d -> Nm,m,b,B)
 Cross section [pb] = 1.2973e-01 +/- 1.42e-03 (Nevnt = 25069)
#Subprocess 15 (U,d -> Nl,l,b,B)
 Cross section [pb] = 1.2964e-01 +/- 1.42e-03 (Nevnt = 25050)
#Subprocess 16 (U,s -> Ne,e,b,B)
 Cross section [pb] = 2.2561e-03 +/- 1.90e-03 (Nevnt = 436)
#Subprocess 17 (U,s -> Nm,m,b,B)
 Cross section [pb] = 2.2562e-03 +/- 1.90e-03 (Nevnt = 436)
#Subprocess 18 (U,s -> Nl,l,b,B)
 Cross section [pb] = 2.2553e-03 +/- 1.88e-03 (Nevnt = 436)
#Subprocess 19 (D,u -> ne,E,b,B)
 Cross section [pb] = 2.2651e-01 +/- 1.35e-03 (Nevnt = 43770)
#Subprocess 20 (D,u -> nm,M,b,B)
 Cross section [pb] = 2.2651e-01 +/- 1.35e-03 (Nevnt = 43770)
#Subprocess 21 (D,u -> nl,L,b,B)
 Cross section [pb] = 2.2634e-01 +/- 1.35e-03 (Nevnt = 43736)
#Subprocess 22 (D,c -> ne,E,b,B)
 Cross section [pb] = 2.0585e-03 +/- 1.50e-03 (Nevnt = 398)
#Subprocess 23 (D,c -> nm,M,b,B)
 Cross section [pb] = 2.0585e-03 +/- 1.51e-03 (Nevnt = 398)
#Subprocess 24 (D,c -> nl,L,b,B)
 Cross section [pb] = 2.0570e-03 +/- 1.52e-03 (Nevnt = 397)
#Subprocess 25 (s,U -> Ne,e,b,B)
 Cross section [pb] = 2.2584e-03 +/- 1.47e-03 (Nevnt = 436)
#Subprocess 26 (s,U -> Nm,m,b,B)
 Cross section [pb] = 2.2584e-03 +/- 1.46e-03 (Nevnt = 436)
#Subprocess 27 (s,U -> Nl,l,b,B)
 Cross section [pb] = 2.2571e-03 +/- 1.42e-03 (Nevnt = 436)
#Subprocess 28 (s,C -> Ne,e,b,B)
 Cross section [pb] = 2.7957e-02 +/- 1.39e-03 (Nevnt = 5402)
#Subprocess 29 (s,C -> Nm,m,b,B)
 Cross section [pb] = 2.7957e-02 +/- 1.39e-03 (Nevnt = 5402)
#Subprocess 30 (s,C -> Nl,l,b,B)
 Cross section [pb] = 2.7932e-02 +/- 1.38e-03 (Nevnt = 5398)
#Subprocess 31 (c,D -> ne,E,b,B)
 Cross section [pb] = 2.0555e-03 +/- 1.62e-03 (Nevnt = 397)
#Subprocess 32 (c,D -> nm,M,b,B)
 Cross section [pb] = 2.0555e-03 +/- 1.62e-03 (Nevnt = 397)
#Subprocess 33 (c,D -> nl,L,b,B)
 Cross section [pb] = 2.0539e-03 +/- 1.61e-03 (Nevnt = 397)
#Subprocess 34 (c,S -> ne,E,b,B)
 Cross section [pb] = 2.7962e-02 +/- 1.75e-03 (Nevnt = 5403)
#Subprocess 35 (c,S -> nm,M,b,B)
 Cross section [pb] = 2.7962e-02 +/- 1.75e-03 (Nevnt = 5403)
#Subprocess 36 (c,S -> nl,L,b,B)
 Cross section [pb] = 2.7942e-02 +/- 1.75e-03 (Nevnt = 5399)
#Subprocess 37 (S,u -> ne,E,b,B)
 Cross section [pb] = 9.8142e-03 +/- 1.31e-03 (Nevnt = 1896)
#Subprocess 38 (S,u -> nm,M,b,B)
 Cross section [pb] = 9.8141e-03 +/- 1.31e-03 (Nevnt = 1896)
#Subprocess 39 (S,u -> nl,L,b,B)
 Cross section [pb] = 9.8069e-03 +/- 1.32e-03 (Nevnt = 1895)
#Subprocess 40 (S,c -> ne,E,b,B)
 Cross section [pb] = 2.7957e-02 +/- 1.39e-03 (Nevnt = 5402)
#Subprocess 41 (S,c -> nm,M,b,B)
 Cross section [pb] = 2.7957e-02 +/- 1.39e-03 (Nevnt = 5402)
#Subprocess 42 (S,c -> nl,L,b,B)
 Cross section [pb] = 2.7932e-02 +/- 1.38e-03 (Nevnt = 5398)
#Subprocess 43 (C,d -> Ne,e,b,B)
 Cross section [pb] = 5.0083e-03 +/- 1.43e-03 (Nevnt = 968)
#Subprocess 44 (C,d -> Nm,m,b,B)
 Cross section [pb] = 5.0083e-03 +/- 1.43e-03 (Nevnt = 968)
#Subprocess 45 (C,d -> Nl,l,b,B)
 Cross section [pb] = 5.0046e-03 +/- 1.43e-03 (Nevnt = 967)
#Subprocess 46 (C,s -> Ne,e,b,B)
 Cross section [pb] = 2.7962e-02 +/- 1.75e-03 (Nevnt = 5403)
#Subprocess 47 (C,s -> Nm,m,b,B)
 Cross section [pb] = 2.7962e-02 +/- 1.75e-03 (Nevnt = 5403)
#Subprocess 48 (C,s -> Nl,l,b,B)
 Cross section [pb] = 2.7942e-02 +/- 1.75e-03 (Nevnt = 5399)

 Total cross section [pb]  = 2.5875e+00 +/- 1.04e-02 (Ntotal = 499998)
