#Subprocess 1 (u,D -> ne,E,b,B)
 Cross section [pb] = 2.2647e-01 +/- 1.73e-03 (Nevnt = 44001)
#Subprocess 2 (u,D -> nm,M,b,B)
 Cross section [pb] = 2.2648e-01 +/- 1.73e-03 (Nevnt = 44002)
#Subprocess 3 (u,D -> nl,L,b,B)
 Cross section [pb] = 2.2626e-01 +/- 1.72e-03 (Nevnt = 43960)
#Subprocess 4 (u,S -> ne,E,b,B)
 Cross section [pb] = 9.7473e-03 +/- 1.49e-03 (Nevnt = 1894)
#Subprocess 5 (u,S -> nm,M,b,B)
 Cross section [pb] = 9.7471e-03 +/- 1.49e-03 (Nevnt = 1894)
#Subprocess 6 (u,S -> nl,L,b,B)
 Cross section [pb] = 9.7378e-03 +/- 1.49e-03 (Nevnt = 1892)
#Subprocess 7 (d,U -> Ne,e,b,B)
 Cross section [pb] = 1.2877e-01 +/- 1.34e-03 (Nevnt = 25019)
#Subprocess 8 (d,U -> Nm,m,b,B)
 Cross section [pb] = 1.2877e-01 +/- 1.34e-03 (Nevnt = 25019)
#Subprocess 9 (d,U -> Nl,l,b,B)
 Cross section [pb] = 1.2868e-01 +/- 1.34e-03 (Nevnt = 25002)
#Subprocess 10 (d,C -> Ne,e,b,B)
 Cross section [pb] = 4.9304e-03 +/- 1.45e-03 (Nevnt = 958)
#Subprocess 11 (d,C -> Nm,m,b,B)
 Cross section [pb] = 4.9303e-03 +/- 1.44e-03 (Nevnt = 958)
#Subprocess 12 (d,C -> Nl,l,b,B)
 Cross section [pb] = 4.9259e-03 +/- 1.44e-03 (Nevnt = 957)
#Subprocess 13 (U,d -> Ne,e,b,B)
 Cross section [pb] = 1.2898e-01 +/- 1.46e-03 (Nevnt = 25060)
#Subprocess 14 (U,d -> Nm,m,b,B)
 Cross section [pb] = 1.2898e-01 +/- 1.46e-03 (Nevnt = 25060)
#Subprocess 15 (U,d -> Nl,l,b,B)
 Cross section [pb] = 1.2888e-01 +/- 1.46e-03 (Nevnt = 25040)
#Subprocess 16 (U,s -> Ne,e,b,B)
 Cross section [pb] = 2.2212e-03 +/- 1.67e-03 (Nevnt = 432)
#Subprocess 17 (U,s -> Nm,m,b,B)
 Cross section [pb] = 2.2212e-03 +/- 1.67e-03 (Nevnt = 432)
#Subprocess 18 (U,s -> Nl,l,b,B)
 Cross section [pb] = 2.2194e-03 +/- 1.67e-03 (Nevnt = 431)
#Subprocess 19 (D,u -> ne,E,b,B)
 Cross section [pb] = 2.2651e-01 +/- 1.47e-03 (Nevnt = 44009)
#Subprocess 20 (D,u -> nm,M,b,B)
 Cross section [pb] = 2.2651e-01 +/- 1.47e-03 (Nevnt = 44009)
#Subprocess 21 (D,u -> nl,L,b,B)
 Cross section [pb] = 2.2635e-01 +/- 1.47e-03 (Nevnt = 43978)
#Subprocess 22 (D,c -> ne,E,b,B)
 Cross section [pb] = 2.0186e-03 +/- 1.49e-03 (Nevnt = 392)
#Subprocess 23 (D,c -> nm,M,b,B)
 Cross section [pb] = 2.0186e-03 +/- 1.48e-03 (Nevnt = 392)
#Subprocess 24 (D,c -> nl,L,b,B)
 Cross section [pb] = 2.0175e-03 +/- 1.48e-03 (Nevnt = 392)
#Subprocess 25 (s,U -> Ne,e,b,B)
 Cross section [pb] = 2.2264e-03 +/- 1.47e-03 (Nevnt = 433)
#Subprocess 26 (s,U -> Nm,m,b,B)
 Cross section [pb] = 2.2264e-03 +/- 1.46e-03 (Nevnt = 433)
#Subprocess 27 (s,U -> Nl,l,b,B)
 Cross section [pb] = 2.2233e-03 +/- 1.43e-03 (Nevnt = 432)
#Subprocess 28 (s,C -> Ne,e,b,B)
 Cross section [pb] = 2.7347e-02 +/- 1.38e-03 (Nevnt = 5313)
#Subprocess 29 (s,C -> Nm,m,b,B)
 Cross section [pb] = 2.7347e-02 +/- 1.38e-03 (Nevnt = 5313)
#Subprocess 30 (s,C -> Nl,l,b,B)
 Cross section [pb] = 2.7329e-02 +/- 1.36e-03 (Nevnt = 5310)
#Subprocess 31 (c,D -> ne,E,b,B)
 Cross section [pb] = 2.0184e-03 +/- 1.56e-03 (Nevnt = 392)
#Subprocess 32 (c,D -> nm,M,b,B)
 Cross section [pb] = 2.0184e-03 +/- 1.56e-03 (Nevnt = 392)
#Subprocess 33 (c,D -> nl,L,b,B)
 Cross section [pb] = 2.0167e-03 +/- 1.56e-03 (Nevnt = 392)
#Subprocess 34 (c,S -> ne,E,b,B)
 Cross section [pb] = 2.7384e-02 +/- 1.55e-03 (Nevnt = 5321)
#Subprocess 35 (c,S -> nm,M,b,B)
 Cross section [pb] = 2.7384e-02 +/- 1.55e-03 (Nevnt = 5321)
#Subprocess 36 (c,S -> nl,L,b,B)
 Cross section [pb] = 2.7365e-02 +/- 1.55e-03 (Nevnt = 5317)
#Subprocess 37 (S,u -> ne,E,b,B)
 Cross section [pb] = 9.7477e-03 +/- 1.50e-03 (Nevnt = 1894)
#Subprocess 38 (S,u -> nm,M,b,B)
 Cross section [pb] = 9.7475e-03 +/- 1.50e-03 (Nevnt = 1894)
#Subprocess 39 (S,u -> nl,L,b,B)
 Cross section [pb] = 9.7394e-03 +/- 1.50e-03 (Nevnt = 1892)
#Subprocess 40 (S,c -> ne,E,b,B)
 Cross section [pb] = 2.7347e-02 +/- 1.38e-03 (Nevnt = 5313)
#Subprocess 41 (S,c -> nm,M,b,B)
 Cross section [pb] = 2.7347e-02 +/- 1.38e-03 (Nevnt = 5313)
#Subprocess 42 (S,c -> nl,L,b,B)
 Cross section [pb] = 2.7329e-02 +/- 1.36e-03 (Nevnt = 5310)
#Subprocess 43 (C,d -> Ne,e,b,B)
 Cross section [pb] = 4.9316e-03 +/- 1.54e-03 (Nevnt = 958)
#Subprocess 44 (C,d -> Nm,m,b,B)
 Cross section [pb] = 4.9317e-03 +/- 1.54e-03 (Nevnt = 958)
#Subprocess 45 (C,d -> Nl,l,b,B)
 Cross section [pb] = 4.9289e-03 +/- 1.52e-03 (Nevnt = 958)
#Subprocess 46 (C,s -> Ne,e,b,B)
 Cross section [pb] = 2.7384e-02 +/- 1.55e-03 (Nevnt = 5321)
#Subprocess 47 (C,s -> Nm,m,b,B)
 Cross section [pb] = 2.7384e-02 +/- 1.55e-03 (Nevnt = 5321)
#Subprocess 48 (C,s -> Nl,l,b,B)
 Cross section [pb] = 2.7365e-02 +/- 1.55e-03 (Nevnt = 5317)

 Total cross section [pb]  = 2.5734e+00 +/- 1.04e-02 (Ntotal = 500001)
