#Subprocess 1 (u,D -> ne,E,b,B)
 Cross section [pb] = 2.2939e-01 +/- 2.22e-03 (Nevnt = 44330)
#Subprocess 2 (u,D -> nm,M,b,B)
 Cross section [pb] = 2.2939e-01 +/- 2.22e-03 (Nevnt = 44330)
#Subprocess 3 (u,D -> nl,L,b,B)
 Cross section [pb] = 2.2922e-01 +/- 2.20e-03 (Nevnt = 44297)
#Subprocess 4 (u,S -> ne,E,b,B)
 Cross section [pb] = 9.7771e-03 +/- 1.60e-03 (Nevnt = 1889)
#Subprocess 5 (u,S -> nm,M,b,B)
 Cross section [pb] = 9.7770e-03 +/- 1.60e-03 (Nevnt = 1889)
#Subprocess 6 (u,S -> nl,L,b,B)
 Cross section [pb] = 9.7694e-03 +/- 1.60e-03 (Nevnt = 1888)
#Subprocess 7 (d,U -> Ne,e,b,B)
 Cross section [pb] = 1.2897e-01 +/- 1.37e-03 (Nevnt = 24924)
#Subprocess 8 (d,U -> Nm,m,b,B)
 Cross section [pb] = 1.2897e-01 +/- 1.37e-03 (Nevnt = 24924)
#Subprocess 9 (d,U -> Nl,l,b,B)
 Cross section [pb] = 1.2888e-01 +/- 1.37e-03 (Nevnt = 24906)
#Subprocess 10 (d,C -> Ne,e,b,B)
 Cross section [pb] = 4.9142e-03 +/- 1.59e-03 (Nevnt = 950)
#Subprocess 11 (d,C -> Nm,m,b,B)
 Cross section [pb] = 4.9142e-03 +/- 1.59e-03 (Nevnt = 950)
#Subprocess 12 (d,C -> Nl,l,b,B)
 Cross section [pb] = 4.9106e-03 +/- 1.61e-03 (Nevnt = 949)
#Subprocess 13 (U,d -> Ne,e,b,B)
 Cross section [pb] = 1.2925e-01 +/- 1.54e-03 (Nevnt = 24978)
#Subprocess 14 (U,d -> Nm,m,b,B)
 Cross section [pb] = 1.2925e-01 +/- 1.54e-03 (Nevnt = 24978)
#Subprocess 15 (U,d -> Nl,l,b,B)
 Cross section [pb] = 1.2918e-01 +/- 1.78e-03 (Nevnt = 24965)
#Subprocess 16 (U,s -> Ne,e,b,B)
 Cross section [pb] = 2.2108e-03 +/- 1.71e-03 (Nevnt = 427)
#Subprocess 17 (U,s -> Nm,m,b,B)
 Cross section [pb] = 2.2108e-03 +/- 1.71e-03 (Nevnt = 427)
#Subprocess 18 (U,s -> Nl,l,b,B)
 Cross section [pb] = 2.2094e-03 +/- 1.71e-03 (Nevnt = 427)
#Subprocess 19 (D,u -> ne,E,b,B)
 Cross section [pb] = 2.2868e-01 +/- 1.46e-03 (Nevnt = 44192)
#Subprocess 20 (D,u -> nm,M,b,B)
 Cross section [pb] = 2.2868e-01 +/- 1.46e-03 (Nevnt = 44192)
#Subprocess 21 (D,u -> nl,L,b,B)
 Cross section [pb] = 2.2851e-01 +/- 1.47e-03 (Nevnt = 44160)
#Subprocess 22 (D,c -> ne,E,b,B)
 Cross section [pb] = 2.0034e-03 +/- 1.53e-03 (Nevnt = 387)
#Subprocess 23 (D,c -> nm,M,b,B)
 Cross section [pb] = 2.0034e-03 +/- 1.53e-03 (Nevnt = 387)
#Subprocess 24 (D,c -> nl,L,b,B)
 Cross section [pb] = 2.0018e-03 +/- 1.52e-03 (Nevnt = 387)
#Subprocess 25 (s,U -> Ne,e,b,B)
 Cross section [pb] = 2.2096e-03 +/- 1.49e-03 (Nevnt = 427)
#Subprocess 26 (s,U -> Nm,m,b,B)
 Cross section [pb] = 2.2096e-03 +/- 1.49e-03 (Nevnt = 427)
#Subprocess 27 (s,U -> Nl,l,b,B)
 Cross section [pb] = 2.2055e-03 +/- 1.48e-03 (Nevnt = 426)
#Subprocess 28 (s,C -> Ne,e,b,B)
 Cross section [pb] = 2.7101e-02 +/- 1.40e-03 (Nevnt = 5237)
#Subprocess 29 (s,C -> Nm,m,b,B)
 Cross section [pb] = 2.7101e-02 +/- 1.40e-03 (Nevnt = 5237)
#Subprocess 30 (s,C -> Nl,l,b,B)
 Cross section [pb] = 2.7081e-02 +/- 1.38e-03 (Nevnt = 5233)
#Subprocess 31 (c,D -> ne,E,b,B)
 Cross section [pb] = 2.0057e-03 +/- 1.60e-03 (Nevnt = 388)
#Subprocess 32 (c,D -> nm,M,b,B)
 Cross section [pb] = 2.0057e-03 +/- 1.60e-03 (Nevnt = 388)
#Subprocess 33 (c,D -> nl,L,b,B)
 Cross section [pb] = 2.0043e-03 +/- 1.60e-03 (Nevnt = 387)
#Subprocess 34 (c,S -> ne,E,b,B)
 Cross section [pb] = 2.7166e-02 +/- 1.57e-03 (Nevnt = 5250)
#Subprocess 35 (c,S -> nm,M,b,B)
 Cross section [pb] = 2.7166e-02 +/- 1.57e-03 (Nevnt = 5250)
#Subprocess 36 (c,S -> nl,L,b,B)
 Cross section [pb] = 2.7150e-02 +/- 1.58e-03 (Nevnt = 5247)
#Subprocess 37 (S,u -> ne,E,b,B)
 Cross section [pb] = 9.7717e-03 +/- 1.54e-03 (Nevnt = 1888)
#Subprocess 38 (S,u -> nm,M,b,B)
 Cross section [pb] = 9.7717e-03 +/- 1.54e-03 (Nevnt = 1888)
#Subprocess 39 (S,u -> nl,L,b,B)
 Cross section [pb] = 9.7640e-03 +/- 1.54e-03 (Nevnt = 1887)
#Subprocess 40 (S,c -> ne,E,b,B)
 Cross section [pb] = 2.7101e-02 +/- 1.40e-03 (Nevnt = 5237)
#Subprocess 41 (S,c -> nm,M,b,B)
 Cross section [pb] = 2.7101e-02 +/- 1.40e-03 (Nevnt = 5237)
#Subprocess 42 (S,c -> nl,L,b,B)
 Cross section [pb] = 2.7081e-02 +/- 1.38e-03 (Nevnt = 5233)
#Subprocess 43 (C,d -> Ne,e,b,B)
 Cross section [pb] = 4.9170e-03 +/- 1.47e-03 (Nevnt = 950)
#Subprocess 44 (C,d -> Nm,m,b,B)
 Cross section [pb] = 4.9169e-03 +/- 1.47e-03 (Nevnt = 950)
#Subprocess 45 (C,d -> Nl,l,b,B)
 Cross section [pb] = 4.9122e-03 +/- 1.46e-03 (Nevnt = 949)
#Subprocess 46 (C,s -> Ne,e,b,B)
 Cross section [pb] = 2.7166e-02 +/- 1.57e-03 (Nevnt = 5250)
#Subprocess 47 (C,s -> Nm,m,b,B)
 Cross section [pb] = 2.7166e-02 +/- 1.57e-03 (Nevnt = 5250)
#Subprocess 48 (C,s -> Nl,l,b,B)
 Cross section [pb] = 2.7150e-02 +/- 1.58e-03 (Nevnt = 5247)

 Total cross section [pb]  = 2.5873e+00 +/- 1.10e-02 (Ntotal = 499996)
