#Subprocess 1 (u,D -> ne,E,b,B)
 Cross section [pb] = 2.7360e-01 +/- 1.48e-03 (Nevnt = 46650)
#Subprocess 2 (u,D -> nm,M,b,B)
 Cross section [pb] = 2.7360e-01 +/- 1.48e-03 (Nevnt = 46650)
#Subprocess 3 (u,D -> nl,L,b,B)
 Cross section [pb] = 2.7338e-01 +/- 1.48e-03 (Nevnt = 46614)
#Subprocess 4 (u,S -> ne,E,b,B)
 Cross section [pb] = 1.1017e-02 +/- 1.47e-03 (Nevnt = 1879)
#Subprocess 5 (u,S -> nm,M,b,B)
 Cross section [pb] = 1.1017e-02 +/- 1.47e-03 (Nevnt = 1878)
#Subprocess 6 (u,S -> nl,L,b,B)
 Cross section [pb] = 1.1009e-02 +/- 1.47e-03 (Nevnt = 1877)
#Subprocess 7 (d,U -> Ne,e,b,B)
 Cross section [pb] = 1.4302e-01 +/- 1.40e-03 (Nevnt = 24386)
#Subprocess 8 (d,U -> Nm,m,b,B)
 Cross section [pb] = 1.4302e-01 +/- 1.40e-03 (Nevnt = 24386)
#Subprocess 9 (d,U -> Nl,l,b,B)
 Cross section [pb] = 1.4289e-01 +/- 1.40e-03 (Nevnt = 24364)
#Subprocess 10 (d,C -> Ne,e,b,B)
 Cross section [pb] = 5.1246e-03 +/- 1.42e-03 (Nevnt = 874)
#Subprocess 11 (d,C -> Nm,m,b,B)
 Cross section [pb] = 5.1246e-03 +/- 1.42e-03 (Nevnt = 874)
#Subprocess 12 (d,C -> Nl,l,b,B)
 Cross section [pb] = 5.1207e-03 +/- 1.42e-03 (Nevnt = 873)
#Subprocess 13 (U,d -> Ne,e,b,B)
 Cross section [pb] = 1.4307e-01 +/- 1.47e-03 (Nevnt = 24395)
#Subprocess 14 (U,d -> Nm,m,b,B)
 Cross section [pb] = 1.4307e-01 +/- 1.47e-03 (Nevnt = 24395)
#Subprocess 15 (U,d -> Nl,l,b,B)
 Cross section [pb] = 1.4296e-01 +/- 1.47e-03 (Nevnt = 24376)
#Subprocess 16 (U,s -> Ne,e,b,B)
 Cross section [pb] = 2.1855e-03 +/- 1.62e-03 (Nevnt = 373)
#Subprocess 17 (U,s -> Nm,m,b,B)
 Cross section [pb] = 2.1855e-03 +/- 1.62e-03 (Nevnt = 373)
#Subprocess 18 (U,s -> Nl,l,b,B)
 Cross section [pb] = 2.1844e-03 +/- 1.61e-03 (Nevnt = 372)
#Subprocess 19 (D,u -> ne,E,b,B)
 Cross section [pb] = 2.7327e-01 +/- 1.29e-03 (Nevnt = 46594)
#Subprocess 20 (D,u -> nm,M,b,B)
 Cross section [pb] = 2.7327e-01 +/- 1.29e-03 (Nevnt = 46594)
#Subprocess 21 (D,u -> nl,L,b,B)
 Cross section [pb] = 2.7304e-01 +/- 1.29e-03 (Nevnt = 46555)
#Subprocess 22 (D,c -> ne,E,b,B)
 Cross section [pb] = 1.9565e-03 +/- 1.76e-03 (Nevnt = 334)
#Subprocess 23 (D,c -> nm,M,b,B)
 Cross section [pb] = 1.9565e-03 +/- 1.76e-03 (Nevnt = 334)
#Subprocess 24 (D,c -> nl,L,b,B)
 Cross section [pb] = 1.9551e-03 +/- 1.74e-03 (Nevnt = 333)
#Subprocess 25 (s,U -> Ne,e,b,B)
 Cross section [pb] = 2.1855e-03 +/- 1.45e-03 (Nevnt = 373)
#Subprocess 26 (s,U -> Nm,m,b,B)
 Cross section [pb] = 2.1855e-03 +/- 1.45e-03 (Nevnt = 373)
#Subprocess 27 (s,U -> Nl,l,b,B)
 Cross section [pb] = 2.1837e-03 +/- 1.44e-03 (Nevnt = 372)
#Subprocess 28 (s,C -> Ne,e,b,B)
 Cross section [pb] = 2.6034e-02 +/- 1.49e-03 (Nevnt = 4439)
#Subprocess 29 (s,C -> Nm,m,b,B)
 Cross section [pb] = 2.6034e-02 +/- 1.49e-03 (Nevnt = 4439)
#Subprocess 30 (s,C -> Nl,l,b,B)
 Cross section [pb] = 2.6011e-02 +/- 1.48e-03 (Nevnt = 4435)
#Subprocess 31 (c,D -> ne,E,b,B)
 Cross section [pb] = 1.9527e-03 +/- 1.80e-03 (Nevnt = 333)
#Subprocess 32 (c,D -> nm,M,b,B)
 Cross section [pb] = 1.9527e-03 +/- 1.80e-03 (Nevnt = 333)
#Subprocess 33 (c,D -> nl,L,b,B)
 Cross section [pb] = 1.9511e-03 +/- 1.80e-03 (Nevnt = 333)
#Subprocess 34 (c,S -> ne,E,b,B)
 Cross section [pb] = 2.6073e-02 +/- 1.65e-03 (Nevnt = 4446)
#Subprocess 35 (c,S -> nm,M,b,B)
 Cross section [pb] = 2.6072e-02 +/- 1.65e-03 (Nevnt = 4445)
#Subprocess 36 (c,S -> nl,L,b,B)
 Cross section [pb] = 2.6045e-02 +/- 1.63e-03 (Nevnt = 4441)
#Subprocess 37 (S,u -> ne,E,b,B)
 Cross section [pb] = 1.1021e-02 +/- 1.30e-03 (Nevnt = 1879)
#Subprocess 38 (S,u -> nm,M,b,B)
 Cross section [pb] = 1.1021e-02 +/- 1.30e-03 (Nevnt = 1879)
#Subprocess 39 (S,u -> nl,L,b,B)
 Cross section [pb] = 1.1012e-02 +/- 1.30e-03 (Nevnt = 1878)
#Subprocess 40 (S,c -> ne,E,b,B)
 Cross section [pb] = 2.6034e-02 +/- 1.49e-03 (Nevnt = 4439)
#Subprocess 41 (S,c -> nm,M,b,B)
 Cross section [pb] = 2.6034e-02 +/- 1.49e-03 (Nevnt = 4439)
#Subprocess 42 (S,c -> nl,L,b,B)
 Cross section [pb] = 2.6011e-02 +/- 1.48e-03 (Nevnt = 4435)
#Subprocess 43 (C,d -> Ne,e,b,B)
 Cross section [pb] = 5.1341e-03 +/- 1.53e-03 (Nevnt = 875)
#Subprocess 44 (C,d -> Nm,m,b,B)
 Cross section [pb] = 5.1342e-03 +/- 1.53e-03 (Nevnt = 875)
#Subprocess 45 (C,d -> Nl,l,b,B)
 Cross section [pb] = 5.1302e-03 +/- 1.52e-03 (Nevnt = 875)
#Subprocess 46 (C,s -> Ne,e,b,B)
 Cross section [pb] = 2.6073e-02 +/- 1.65e-03 (Nevnt = 4446)
#Subprocess 47 (C,s -> Nm,m,b,B)
 Cross section [pb] = 2.6072e-02 +/- 1.65e-03 (Nevnt = 4445)
#Subprocess 48 (C,s -> Nl,l,b,B)
 Cross section [pb] = 2.6045e-02 +/- 1.63e-03 (Nevnt = 4441)

 Total cross section [pb]  = 2.9324e+00 +/- 1.05e-02 (Ntotal = 500001)
