#Subprocess 1 (u,D -> ne,E,b,B)
 Cross section [pb] = 2.2511e-01 +/- 7.79e-04 (Nevnt = 44172)
#Subprocess 2 (u,D -> nm,M,b,B)
 Cross section [pb] = 2.2509e-01 +/- 7.79e-04 (Nevnt = 44169)
#Subprocess 3 (u,D -> nl,L,b,B)
 Cross section [pb] = 2.2499e-01 +/- 8.28e-04 (Nevnt = 44148)
#Subprocess 4 (u,S -> ne,E,b,B)
 Cross section [pb] = 9.6358e-03 +/- 7.74e-04 (Nevnt = 1891)
#Subprocess 5 (u,S -> nm,M,b,B)
 Cross section [pb] = 9.6351e-03 +/- 7.73e-04 (Nevnt = 1891)
#Subprocess 6 (u,S -> nl,L,b,B)
 Cross section [pb] = 9.6262e-03 +/- 7.72e-04 (Nevnt = 1889)
#Subprocess 7 (d,U -> Ne,e,b,B)
 Cross section [pb] = 1.2737e-01 +/- 6.61e-04 (Nevnt = 24992)
#Subprocess 8 (d,U -> Nm,m,b,B)
 Cross section [pb] = 1.2737e-01 +/- 6.61e-04 (Nevnt = 24992)
#Subprocess 9 (d,U -> Nl,l,b,B)
 Cross section [pb] = 1.2732e-01 +/- 6.64e-04 (Nevnt = 24983)
#Subprocess 10 (d,C -> Ne,e,b,B)
 Cross section [pb] = 4.8545e-03 +/- 6.98e-04 (Nevnt = 953)
#Subprocess 11 (d,C -> Nm,m,b,B)
 Cross section [pb] = 4.8566e-03 +/- 7.00e-04 (Nevnt = 953)
#Subprocess 12 (d,C -> Nl,l,b,B)
 Cross section [pb] = 4.8549e-03 +/- 7.28e-04 (Nevnt = 953)
#Subprocess 13 (U,d -> Ne,e,b,B)
 Cross section [pb] = 1.2746e-01 +/- 7.45e-04 (Nevnt = 25010)
#Subprocess 14 (U,d -> Nm,m,b,B)
 Cross section [pb] = 1.2746e-01 +/- 7.48e-04 (Nevnt = 25011)
#Subprocess 15 (U,d -> Nl,l,b,B)
 Cross section [pb] = 1.2728e-01 +/- 7.38e-04 (Nevnt = 24976)
#Subprocess 16 (U,s -> Ne,e,b,B)
 Cross section [pb] = 2.1896e-03 +/- 7.30e-04 (Nevnt = 430)
#Subprocess 17 (U,s -> Nm,m,b,B)
 Cross section [pb] = 2.1888e-03 +/- 7.19e-04 (Nevnt = 429)
#Subprocess 18 (U,s -> Nl,l,b,B)
 Cross section [pb] = 2.1867e-03 +/- 7.31e-04 (Nevnt = 429)
#Subprocess 19 (D,u -> ne,E,b,B)
 Cross section [pb] = 2.2483e-01 +/- 6.80e-04 (Nevnt = 44117)
#Subprocess 20 (D,u -> nm,M,b,B)
 Cross section [pb] = 2.2483e-01 +/- 6.80e-04 (Nevnt = 44117)
#Subprocess 21 (D,u -> nl,L,b,B)
 Cross section [pb] = 2.2477e-01 +/- 6.80e-04 (Nevnt = 44105)
#Subprocess 22 (D,c -> ne,E,b,B)
 Cross section [pb] = 1.9835e-03 +/- 6.55e-04 (Nevnt = 389)
#Subprocess 23 (D,c -> nm,M,b,B)
 Cross section [pb] = 1.9835e-03 +/- 6.55e-04 (Nevnt = 389)
#Subprocess 24 (D,c -> nl,L,b,B)
 Cross section [pb] = 1.9822e-03 +/- 6.50e-04 (Nevnt = 389)
#Subprocess 25 (s,U -> Ne,e,b,B)
 Cross section [pb] = 2.1877e-03 +/- 6.66e-04 (Nevnt = 429)
#Subprocess 26 (s,U -> Nm,m,b,B)
 Cross section [pb] = 2.1882e-03 +/- 6.61e-04 (Nevnt = 429)
#Subprocess 27 (s,U -> Nl,l,b,B)
 Cross section [pb] = 2.1860e-03 +/- 6.54e-04 (Nevnt = 429)
#Subprocess 28 (s,C -> Ne,e,b,B)
 Cross section [pb] = 2.6851e-02 +/- 6.27e-04 (Nevnt = 5269)
#Subprocess 29 (s,C -> Nm,m,b,B)
 Cross section [pb] = 2.6855e-02 +/- 6.23e-04 (Nevnt = 5270)
#Subprocess 30 (s,C -> Nl,l,b,B)
 Cross section [pb] = 2.6830e-02 +/- 6.43e-04 (Nevnt = 5265)
#Subprocess 31 (c,D -> ne,E,b,B)
 Cross section [pb] = 1.9852e-03 +/- 7.47e-04 (Nevnt = 390)
#Subprocess 32 (c,D -> nm,M,b,B)
 Cross section [pb] = 1.9851e-03 +/- 7.47e-04 (Nevnt = 390)
#Subprocess 33 (c,D -> nl,L,b,B)
 Cross section [pb] = 1.9834e-03 +/- 7.53e-04 (Nevnt = 389)
#Subprocess 34 (c,S -> ne,E,b,B)
 Cross section [pb] = 2.6875e-02 +/- 6.93e-04 (Nevnt = 5273)
#Subprocess 35 (c,S -> nm,M,b,B)
 Cross section [pb] = 2.6877e-02 +/- 6.94e-04 (Nevnt = 5274)
#Subprocess 36 (c,S -> nl,L,b,B)
 Cross section [pb] = 2.6854e-02 +/- 7.18e-04 (Nevnt = 5269)
#Subprocess 37 (S,u -> ne,E,b,B)
 Cross section [pb] = 9.6352e-03 +/- 6.93e-04 (Nevnt = 1891)
#Subprocess 38 (S,u -> nm,M,b,B)
 Cross section [pb] = 9.6356e-03 +/- 6.93e-04 (Nevnt = 1891)
#Subprocess 39 (S,u -> nl,L,b,B)
 Cross section [pb] = 9.6266e-03 +/- 7.06e-04 (Nevnt = 1889)
#Subprocess 40 (S,c -> ne,E,b,B)
 Cross section [pb] = 2.6851e-02 +/- 6.27e-04 (Nevnt = 5269)
#Subprocess 41 (S,c -> nm,M,b,B)
 Cross section [pb] = 2.6855e-02 +/- 6.23e-04 (Nevnt = 5270)
#Subprocess 42 (S,c -> nl,L,b,B)
 Cross section [pb] = 2.6830e-02 +/- 6.43e-04 (Nevnt = 5265)
#Subprocess 43 (C,d -> Ne,e,b,B)
 Cross section [pb] = 4.8555e-03 +/- 7.27e-04 (Nevnt = 953)
#Subprocess 44 (C,d -> Nm,m,b,B)
 Cross section [pb] = 4.8581e-03 +/- 7.21e-04 (Nevnt = 953)
#Subprocess 45 (C,d -> Nl,l,b,B)
 Cross section [pb] = 4.8538e-03 +/- 7.61e-04 (Nevnt = 952)
#Subprocess 46 (C,s -> Ne,e,b,B)
 Cross section [pb] = 2.6875e-02 +/- 6.93e-04 (Nevnt = 5273)
#Subprocess 47 (C,s -> Nm,m,b,B)
 Cross section [pb] = 2.6877e-02 +/- 6.94e-04 (Nevnt = 5274)
#Subprocess 48 (C,s -> Nl,l,b,B)
 Cross section [pb] = 2.6854e-02 +/- 7.18e-04 (Nevnt = 5269)

 Total cross section [pb]  = 2.5481e+00 +/- 4.88e-03 (Ntotal = 500002)
