#Subprocess 1 (u,D -> ne,E,b,B)
 Cross section [pb] = 2.3805e-01 +/- 1.56e-03 (Nevnt = 44888)
#Subprocess 2 (u,D -> nm,M,b,B)
 Cross section [pb] = 2.3805e-01 +/- 1.56e-03 (Nevnt = 44887)
#Subprocess 3 (u,D -> nl,L,b,B)
 Cross section [pb] = 2.3787e-01 +/- 1.56e-03 (Nevnt = 44854)
#Subprocess 4 (u,S -> ne,E,b,B)
 Cross section [pb] = 1.0018e-02 +/- 1.63e-03 (Nevnt = 1889)
#Subprocess 5 (u,S -> nm,M,b,B)
 Cross section [pb] = 1.0018e-02 +/- 1.62e-03 (Nevnt = 1889)
#Subprocess 6 (u,S -> nl,L,b,B)
 Cross section [pb] = 1.0012e-02 +/- 1.61e-03 (Nevnt = 1888)
#Subprocess 7 (d,U -> Ne,e,b,B)
 Cross section [pb] = 1.3127e-01 +/- 1.45e-03 (Nevnt = 24753)
#Subprocess 8 (d,U -> Nm,m,b,B)
 Cross section [pb] = 1.3127e-01 +/- 1.45e-03 (Nevnt = 24753)
#Subprocess 9 (d,U -> Nl,l,b,B)
 Cross section [pb] = 1.3117e-01 +/- 1.45e-03 (Nevnt = 24734)
#Subprocess 10 (d,C -> Ne,e,b,B)
 Cross section [pb] = 4.9319e-03 +/- 1.51e-03 (Nevnt = 930)
#Subprocess 11 (d,C -> Nm,m,b,B)
 Cross section [pb] = 4.9319e-03 +/- 1.51e-03 (Nevnt = 930)
#Subprocess 12 (d,C -> Nl,l,b,B)
 Cross section [pb] = 4.9282e-03 +/- 1.50e-03 (Nevnt = 929)
#Subprocess 13 (U,d -> Ne,e,b,B)
 Cross section [pb] = 1.3143e-01 +/- 1.58e-03 (Nevnt = 24783)
#Subprocess 14 (U,d -> Nm,m,b,B)
 Cross section [pb] = 1.3143e-01 +/- 1.58e-03 (Nevnt = 24782)
#Subprocess 15 (U,d -> Nl,l,b,B)
 Cross section [pb] = 1.3133e-01 +/- 1.57e-03 (Nevnt = 24764)
#Subprocess 16 (U,s -> Ne,e,b,B)
 Cross section [pb] = 2.1975e-03 +/- 1.58e-03 (Nevnt = 414)
#Subprocess 17 (U,s -> Nm,m,b,B)
 Cross section [pb] = 2.1975e-03 +/- 1.58e-03 (Nevnt = 414)
#Subprocess 18 (U,s -> Nl,l,b,B)
 Cross section [pb] = 2.1957e-03 +/- 1.58e-03 (Nevnt = 414)
#Subprocess 19 (D,u -> ne,E,b,B)
 Cross section [pb] = 2.3784e-01 +/- 1.50e-03 (Nevnt = 44848)
#Subprocess 20 (D,u -> nm,M,b,B)
 Cross section [pb] = 2.3784e-01 +/- 1.50e-03 (Nevnt = 44848)
#Subprocess 21 (D,u -> nl,L,b,B)
 Cross section [pb] = 2.3767e-01 +/- 1.51e-03 (Nevnt = 44816)
#Subprocess 22 (D,c -> ne,E,b,B)
 Cross section [pb] = 1.9840e-03 +/- 1.54e-03 (Nevnt = 374)
#Subprocess 23 (D,c -> nm,M,b,B)
 Cross section [pb] = 1.9840e-03 +/- 1.54e-03 (Nevnt = 374)
#Subprocess 24 (D,c -> nl,L,b,B)
 Cross section [pb] = 1.9826e-03 +/- 1.54e-03 (Nevnt = 374)
#Subprocess 25 (s,U -> Ne,e,b,B)
 Cross section [pb] = 2.1956e-03 +/- 1.71e-03 (Nevnt = 414)
#Subprocess 26 (s,U -> Nm,m,b,B)
 Cross section [pb] = 2.1954e-03 +/- 1.70e-03 (Nevnt = 414)
#Subprocess 27 (s,U -> Nl,l,b,B)
 Cross section [pb] = 2.1918e-03 +/- 1.77e-03 (Nevnt = 413)
#Subprocess 28 (s,C -> Ne,e,b,B)
 Cross section [pb] = 2.6780e-02 +/- 1.76e-03 (Nevnt = 5050)
#Subprocess 29 (s,C -> Nm,m,b,B)
 Cross section [pb] = 2.6780e-02 +/- 1.76e-03 (Nevnt = 5050)
#Subprocess 30 (s,C -> Nl,l,b,B)
 Cross section [pb] = 2.6763e-02 +/- 1.73e-03 (Nevnt = 5047)
#Subprocess 31 (c,D -> ne,E,b,B)
 Cross section [pb] = 1.9891e-03 +/- 1.55e-03 (Nevnt = 375)
#Subprocess 32 (c,D -> nm,M,b,B)
 Cross section [pb] = 1.9891e-03 +/- 1.55e-03 (Nevnt = 375)
#Subprocess 33 (c,D -> nl,L,b,B)
 Cross section [pb] = 1.9878e-03 +/- 1.55e-03 (Nevnt = 375)
#Subprocess 34 (c,S -> ne,E,b,B)
 Cross section [pb] = 2.6858e-02 +/- 1.83e-03 (Nevnt = 5065)
#Subprocess 35 (c,S -> nm,M,b,B)
 Cross section [pb] = 2.6857e-02 +/- 1.83e-03 (Nevnt = 5064)
#Subprocess 36 (c,S -> nl,L,b,B)
 Cross section [pb] = 2.6829e-02 +/- 1.83e-03 (Nevnt = 5059)
#Subprocess 37 (S,u -> ne,E,b,B)
 Cross section [pb] = 9.9784e-03 +/- 1.62e-03 (Nevnt = 1882)
#Subprocess 38 (S,u -> nm,M,b,B)
 Cross section [pb] = 9.9783e-03 +/- 1.62e-03 (Nevnt = 1882)
#Subprocess 39 (S,u -> nl,L,b,B)
 Cross section [pb] = 9.9707e-03 +/- 1.62e-03 (Nevnt = 1880)
#Subprocess 40 (S,c -> ne,E,b,B)
 Cross section [pb] = 2.6780e-02 +/- 1.76e-03 (Nevnt = 5050)
#Subprocess 41 (S,c -> nm,M,b,B)
 Cross section [pb] = 2.6780e-02 +/- 1.76e-03 (Nevnt = 5050)
#Subprocess 42 (S,c -> nl,L,b,B)
 Cross section [pb] = 2.6763e-02 +/- 1.73e-03 (Nevnt = 5047)
#Subprocess 43 (C,d -> Ne,e,b,B)
 Cross section [pb] = 4.9385e-03 +/- 1.55e-03 (Nevnt = 931)
#Subprocess 44 (C,d -> Nm,m,b,B)
 Cross section [pb] = 4.9385e-03 +/- 1.55e-03 (Nevnt = 931)
#Subprocess 45 (C,d -> Nl,l,b,B)
 Cross section [pb] = 4.9353e-03 +/- 1.54e-03 (Nevnt = 931)
#Subprocess 46 (C,s -> Ne,e,b,B)
 Cross section [pb] = 2.6858e-02 +/- 1.83e-03 (Nevnt = 5065)
#Subprocess 47 (C,s -> Nm,m,b,B)
 Cross section [pb] = 2.6857e-02 +/- 1.83e-03 (Nevnt = 5064)
#Subprocess 48 (C,s -> Nl,l,b,B)
 Cross section [pb] = 2.6829e-02 +/- 1.83e-03 (Nevnt = 5059)

 Total cross section [pb]  = 2.6516e+00 +/- 1.13e-02 (Ntotal = 500002)
