#Subprocess 1 (u,D -> ne,E,b,B)
 Cross section [pb] = 4.5775e-01 +/- 1.52e-03 (Nevnt = 49464)
#Subprocess 2 (u,D -> nm,M,b,B)
 Cross section [pb] = 4.5775e-01 +/- 1.51e-03 (Nevnt = 49464)
#Subprocess 3 (u,D -> nl,L,b,B)
 Cross section [pb] = 4.5741e-01 +/- 1.51e-03 (Nevnt = 49427)
#Subprocess 4 (u,S -> ne,E,b,B)
 Cross section [pb] = 1.7494e-02 +/- 1.38e-03 (Nevnt = 1890)
#Subprocess 5 (u,S -> nm,M,b,B)
 Cross section [pb] = 1.7494e-02 +/- 1.38e-03 (Nevnt = 1890)
#Subprocess 6 (u,S -> nl,L,b,B)
 Cross section [pb] = 1.7481e-02 +/- 1.38e-03 (Nevnt = 1889)
#Subprocess 7 (d,U -> Ne,e,b,B)
 Cross section [pb] = 2.2231e-01 +/- 1.21e-03 (Nevnt = 24023)
#Subprocess 8 (d,U -> Nm,m,b,B)
 Cross section [pb] = 2.2231e-01 +/- 1.21e-03 (Nevnt = 24023)
#Subprocess 9 (d,U -> Nl,l,b,B)
 Cross section [pb] = 2.2215e-01 +/- 1.21e-03 (Nevnt = 24005)
#Subprocess 10 (d,C -> Ne,e,b,B)
 Cross section [pb] = 7.3285e-03 +/- 1.24e-03 (Nevnt = 792)
#Subprocess 11 (d,C -> Nm,m,b,B)
 Cross section [pb] = 7.3285e-03 +/- 1.24e-03 (Nevnt = 792)
#Subprocess 12 (d,C -> Nl,l,b,B)
 Cross section [pb] = 7.3230e-03 +/- 1.24e-03 (Nevnt = 791)
#Subprocess 13 (U,d -> Ne,e,b,B)
 Cross section [pb] = 2.2174e-01 +/- 1.62e-03 (Nevnt = 23961)
#Subprocess 14 (U,d -> Nm,m,b,B)
 Cross section [pb] = 2.2174e-01 +/- 1.62e-03 (Nevnt = 23960)
#Subprocess 15 (U,d -> Nl,l,b,B)
 Cross section [pb] = 2.2156e-01 +/- 1.62e-03 (Nevnt = 23941)
#Subprocess 16 (U,s -> Ne,e,b,B)
 Cross section [pb] = 2.7767e-03 +/- 1.54e-03 (Nevnt = 300)
#Subprocess 17 (U,s -> Nm,m,b,B)
 Cross section [pb] = 2.7767e-03 +/- 1.54e-03 (Nevnt = 300)
#Subprocess 18 (U,s -> Nl,l,b,B)
 Cross section [pb] = 2.7745e-03 +/- 1.54e-03 (Nevnt = 300)
#Subprocess 19 (D,u -> ne,E,b,B)
 Cross section [pb] = 4.5764e-01 +/- 1.25e-03 (Nevnt = 49451)
#Subprocess 20 (D,u -> nm,M,b,B)
 Cross section [pb] = 4.5763e-01 +/- 1.25e-03 (Nevnt = 49451)
#Subprocess 21 (D,u -> nl,L,b,B)
 Cross section [pb] = 4.5729e-01 +/- 1.25e-03 (Nevnt = 49414)
#Subprocess 22 (D,c -> ne,E,b,B)
 Cross section [pb] = 2.4091e-03 +/- 1.33e-03 (Nevnt = 260)
#Subprocess 23 (D,c -> nm,M,b,B)
 Cross section [pb] = 2.4091e-03 +/- 1.33e-03 (Nevnt = 260)
#Subprocess 24 (D,c -> nl,L,b,B)
 Cross section [pb] = 2.4073e-03 +/- 1.33e-03 (Nevnt = 260)
#Subprocess 25 (s,U -> Ne,e,b,B)
 Cross section [pb] = 2.7718e-03 +/- 1.37e-03 (Nevnt = 300)
#Subprocess 26 (s,U -> Nm,m,b,B)
 Cross section [pb] = 2.7718e-03 +/- 1.37e-03 (Nevnt = 300)
#Subprocess 27 (s,U -> Nl,l,b,B)
 Cross section [pb] = 2.7696e-03 +/- 1.37e-03 (Nevnt = 299)
#Subprocess 28 (s,C -> Ne,e,b,B)
 Cross section [pb] = 3.0801e-02 +/- 1.41e-03 (Nevnt = 3328)
#Subprocess 29 (s,C -> Nm,m,b,B)
 Cross section [pb] = 3.0801e-02 +/- 1.41e-03 (Nevnt = 3328)
#Subprocess 30 (s,C -> Nl,l,b,B)
 Cross section [pb] = 3.0768e-02 +/- 1.40e-03 (Nevnt = 3325)
#Subprocess 31 (c,D -> ne,E,b,B)
 Cross section [pb] = 2.4119e-03 +/- 1.47e-03 (Nevnt = 261)
#Subprocess 32 (c,D -> nm,M,b,B)
 Cross section [pb] = 2.4119e-03 +/- 1.47e-03 (Nevnt = 261)
#Subprocess 33 (c,D -> nl,L,b,B)
 Cross section [pb] = 2.4102e-03 +/- 1.47e-03 (Nevnt = 260)
#Subprocess 34 (c,S -> ne,E,b,B)
 Cross section [pb] = 3.0874e-02 +/- 1.51e-03 (Nevnt = 3336)
#Subprocess 35 (c,S -> nm,M,b,B)
 Cross section [pb] = 3.0874e-02 +/- 1.51e-03 (Nevnt = 3336)
#Subprocess 36 (c,S -> nl,L,b,B)
 Cross section [pb] = 3.0851e-02 +/- 1.51e-03 (Nevnt = 3334)
#Subprocess 37 (S,u -> ne,E,b,B)
 Cross section [pb] = 1.7471e-02 +/- 1.25e-03 (Nevnt = 1888)
#Subprocess 38 (S,u -> nm,M,b,B)
 Cross section [pb] = 1.7471e-02 +/- 1.25e-03 (Nevnt = 1888)
#Subprocess 39 (S,u -> nl,L,b,B)
 Cross section [pb] = 1.7458e-02 +/- 1.24e-03 (Nevnt = 1886)
#Subprocess 40 (S,c -> ne,E,b,B)
 Cross section [pb] = 3.0801e-02 +/- 1.41e-03 (Nevnt = 3328)
#Subprocess 41 (S,c -> nm,M,b,B)
 Cross section [pb] = 3.0801e-02 +/- 1.41e-03 (Nevnt = 3328)
#Subprocess 42 (S,c -> nl,L,b,B)
 Cross section [pb] = 3.0768e-02 +/- 1.40e-03 (Nevnt = 3325)
#Subprocess 43 (C,d -> Ne,e,b,B)
 Cross section [pb] = 7.3259e-03 +/- 1.49e-03 (Nevnt = 792)
#Subprocess 44 (C,d -> Nm,m,b,B)
 Cross section [pb] = 7.3259e-03 +/- 1.49e-03 (Nevnt = 792)
#Subprocess 45 (C,d -> Nl,l,b,B)
 Cross section [pb] = 7.3205e-03 +/- 1.49e-03 (Nevnt = 791)
#Subprocess 46 (C,s -> Ne,e,b,B)
 Cross section [pb] = 3.0874e-02 +/- 1.51e-03 (Nevnt = 3336)
#Subprocess 47 (C,s -> Nm,m,b,B)
 Cross section [pb] = 3.0874e-02 +/- 1.51e-03 (Nevnt = 3336)
#Subprocess 48 (C,s -> Nl,l,b,B)
 Cross section [pb] = 3.0851e-02 +/- 1.51e-03 (Nevnt = 3334)

 Total cross section [pb]  = 4.6271e+00 +/- 9.78e-03 (Ntotal = 500000)
