#Subprocess 1 (u,D -> ne,E,b,B)
 Cross section [pb] = 2.2743e-01 +/- 1.81e-03 (Nevnt = 44117)
#Subprocess 2 (u,D -> nm,M,b,B)
 Cross section [pb] = 2.2745e-01 +/- 1.82e-03 (Nevnt = 44120)
#Subprocess 3 (u,D -> nl,L,b,B)
 Cross section [pb] = 2.2756e-01 +/- 1.94e-03 (Nevnt = 44141)
#Subprocess 4 (u,S -> ne,E,b,B)
 Cross section [pb] = 9.7468e-03 +/- 1.49e-03 (Nevnt = 1891)
#Subprocess 5 (u,S -> nm,M,b,B)
 Cross section [pb] = 9.7466e-03 +/- 1.49e-03 (Nevnt = 1891)
#Subprocess 6 (u,S -> nl,L,b,B)
 Cross section [pb] = 9.7361e-03 +/- 1.49e-03 (Nevnt = 1889)
#Subprocess 7 (d,U -> Ne,e,b,B)
 Cross section [pb] = 1.2882e-01 +/- 1.37e-03 (Nevnt = 24989)
#Subprocess 8 (d,U -> Nm,m,b,B)
 Cross section [pb] = 1.2882e-01 +/- 1.37e-03 (Nevnt = 24989)
#Subprocess 9 (d,U -> Nl,l,b,B)
 Cross section [pb] = 1.2873e-01 +/- 1.36e-03 (Nevnt = 24971)
#Subprocess 10 (d,C -> Ne,e,b,B)
 Cross section [pb] = 4.9196e-03 +/- 1.47e-03 (Nevnt = 954)
#Subprocess 11 (d,C -> Nm,m,b,B)
 Cross section [pb] = 4.9196e-03 +/- 1.47e-03 (Nevnt = 954)
#Subprocess 12 (d,C -> Nl,l,b,B)
 Cross section [pb] = 4.9161e-03 +/- 1.48e-03 (Nevnt = 954)
#Subprocess 13 (U,d -> Ne,e,b,B)
 Cross section [pb] = 1.2905e-01 +/- 1.53e-03 (Nevnt = 25033)
#Subprocess 14 (U,d -> Nm,m,b,B)
 Cross section [pb] = 1.2905e-01 +/- 1.53e-03 (Nevnt = 25033)
#Subprocess 15 (U,d -> Nl,l,b,B)
 Cross section [pb] = 1.2895e-01 +/- 1.53e-03 (Nevnt = 25013)
#Subprocess 16 (U,s -> Ne,e,b,B)
 Cross section [pb] = 2.2157e-03 +/- 1.59e-03 (Nevnt = 430)
#Subprocess 17 (U,s -> Nm,m,b,B)
 Cross section [pb] = 2.2157e-03 +/- 1.59e-03 (Nevnt = 430)
#Subprocess 18 (U,s -> Nl,l,b,B)
 Cross section [pb] = 2.2138e-03 +/- 1.59e-03 (Nevnt = 429)
#Subprocess 19 (D,u -> ne,E,b,B)
 Cross section [pb] = 2.2697e-01 +/- 1.50e-03 (Nevnt = 44027)
#Subprocess 20 (D,u -> nm,M,b,B)
 Cross section [pb] = 2.2697e-01 +/- 1.50e-03 (Nevnt = 44027)
#Subprocess 21 (D,u -> nl,L,b,B)
 Cross section [pb] = 2.2684e-01 +/- 1.50e-03 (Nevnt = 44001)
#Subprocess 22 (D,c -> ne,E,b,B)
 Cross section [pb] = 2.0149e-03 +/- 1.49e-03 (Nevnt = 391)
#Subprocess 23 (D,c -> nm,M,b,B)
 Cross section [pb] = 2.0149e-03 +/- 1.49e-03 (Nevnt = 391)
#Subprocess 24 (D,c -> nl,L,b,B)
 Cross section [pb] = 2.0135e-03 +/- 1.49e-03 (Nevnt = 391)
#Subprocess 25 (s,U -> Ne,e,b,B)
 Cross section [pb] = 2.2186e-03 +/- 1.41e-03 (Nevnt = 430)
#Subprocess 26 (s,U -> Nm,m,b,B)
 Cross section [pb] = 2.2185e-03 +/- 1.41e-03 (Nevnt = 430)
#Subprocess 27 (s,U -> Nl,l,b,B)
 Cross section [pb] = 2.2152e-03 +/- 1.41e-03 (Nevnt = 430)
#Subprocess 28 (s,C -> Ne,e,b,B)
 Cross section [pb] = 2.7293e-02 +/- 1.40e-03 (Nevnt = 5294)
#Subprocess 29 (s,C -> Nm,m,b,B)
 Cross section [pb] = 2.7293e-02 +/- 1.40e-03 (Nevnt = 5294)
#Subprocess 30 (s,C -> Nl,l,b,B)
 Cross section [pb] = 2.7273e-02 +/- 1.39e-03 (Nevnt = 5290)
#Subprocess 31 (c,D -> ne,E,b,B)
 Cross section [pb] = 2.0145e-03 +/- 1.56e-03 (Nevnt = 391)
#Subprocess 32 (c,D -> nm,M,b,B)
 Cross section [pb] = 2.0145e-03 +/- 1.56e-03 (Nevnt = 391)
#Subprocess 33 (c,D -> nl,L,b,B)
 Cross section [pb] = 2.0126e-03 +/- 1.56e-03 (Nevnt = 390)
#Subprocess 34 (c,S -> ne,E,b,B)
 Cross section [pb] = 2.7322e-02 +/- 1.53e-03 (Nevnt = 5300)
#Subprocess 35 (c,S -> nm,M,b,B)
 Cross section [pb] = 2.7322e-02 +/- 1.53e-03 (Nevnt = 5300)
#Subprocess 36 (c,S -> nl,L,b,B)
 Cross section [pb] = 2.7299e-02 +/- 1.54e-03 (Nevnt = 5295)
#Subprocess 37 (S,u -> ne,E,b,B)
 Cross section [pb] = 9.7479e-03 +/- 1.52e-03 (Nevnt = 1891)
#Subprocess 38 (S,u -> nm,M,b,B)
 Cross section [pb] = 9.7479e-03 +/- 1.52e-03 (Nevnt = 1891)
#Subprocess 39 (S,u -> nl,L,b,B)
 Cross section [pb] = 9.7404e-03 +/- 1.51e-03 (Nevnt = 1889)
#Subprocess 40 (S,c -> ne,E,b,B)
 Cross section [pb] = 2.7293e-02 +/- 1.40e-03 (Nevnt = 5294)
#Subprocess 41 (S,c -> nm,M,b,B)
 Cross section [pb] = 2.7293e-02 +/- 1.40e-03 (Nevnt = 5294)
#Subprocess 42 (S,c -> nl,L,b,B)
 Cross section [pb] = 2.7273e-02 +/- 1.39e-03 (Nevnt = 5290)
#Subprocess 43 (C,d -> Ne,e,b,B)
 Cross section [pb] = 4.9282e-03 +/- 1.53e-03 (Nevnt = 956)
#Subprocess 44 (C,d -> Nm,m,b,B)
 Cross section [pb] = 4.9283e-03 +/- 1.53e-03 (Nevnt = 956)
#Subprocess 45 (C,d -> Nl,l,b,B)
 Cross section [pb] = 4.9256e-03 +/- 1.53e-03 (Nevnt = 955)
#Subprocess 46 (C,s -> Ne,e,b,B)
 Cross section [pb] = 2.7322e-02 +/- 1.53e-03 (Nevnt = 5300)
#Subprocess 47 (C,s -> Nm,m,b,B)
 Cross section [pb] = 2.7322e-02 +/- 1.53e-03 (Nevnt = 5300)
#Subprocess 48 (C,s -> Nl,l,b,B)
 Cross section [pb] = 2.7299e-02 +/- 1.54e-03 (Nevnt = 5295)

 Total cross section [pb]  = 2.5776e+00 +/- 1.05e-02 (Ntotal = 500002)
