#Subprocess 1 (u,D -> ne,E,b,B)
 Cross section [pb] = 7.3695e-01 +/- 1.10e-03 (Nevnt = 50847)
#Subprocess 2 (u,D -> nm,M,b,B)
 Cross section [pb] = 7.3695e-01 +/- 1.10e-03 (Nevnt = 50846)
#Subprocess 3 (u,D -> nl,L,b,B)
 Cross section [pb] = 7.3640e-01 +/- 1.10e-03 (Nevnt = 50809)
#Subprocess 4 (u,S -> ne,E,b,B)
 Cross section [pb] = 2.7539e-02 +/- 1.14e-03 (Nevnt = 1900)
#Subprocess 5 (u,S -> nm,M,b,B)
 Cross section [pb] = 2.7539e-02 +/- 1.14e-03 (Nevnt = 1900)
#Subprocess 6 (u,S -> nl,L,b,B)
 Cross section [pb] = 2.7520e-02 +/- 1.14e-03 (Nevnt = 1899)
#Subprocess 7 (d,U -> Ne,e,b,B)
 Cross section [pb] = 3.4406e-01 +/- 1.10e-03 (Nevnt = 23739)
#Subprocess 8 (d,U -> Nm,m,b,B)
 Cross section [pb] = 3.4406e-01 +/- 1.10e-03 (Nevnt = 23739)
#Subprocess 9 (d,U -> Nl,l,b,B)
 Cross section [pb] = 3.4380e-01 +/- 1.10e-03 (Nevnt = 23721)
#Subprocess 10 (d,C -> Ne,e,b,B)
 Cross section [pb] = 1.0903e-02 +/- 1.16e-03 (Nevnt = 752)
#Subprocess 11 (d,C -> Nm,m,b,B)
 Cross section [pb] = 1.0903e-02 +/- 1.16e-03 (Nevnt = 752)
#Subprocess 12 (d,C -> Nl,l,b,B)
 Cross section [pb] = 1.0894e-02 +/- 1.16e-03 (Nevnt = 752)
#Subprocess 13 (U,d -> Ne,e,b,B)
 Cross section [pb] = 3.4438e-01 +/- 1.15e-03 (Nevnt = 23761)
#Subprocess 14 (U,d -> Nm,m,b,B)
 Cross section [pb] = 3.4438e-01 +/- 1.15e-03 (Nevnt = 23761)
#Subprocess 15 (U,d -> Nl,l,b,B)
 Cross section [pb] = 3.4411e-01 +/- 1.15e-03 (Nevnt = 23742)
#Subprocess 16 (U,s -> Ne,e,b,B)
 Cross section [pb] = 3.8334e-03 +/- 1.32e-03 (Nevnt = 264)
#Subprocess 17 (U,s -> Nm,m,b,B)
 Cross section [pb] = 3.8334e-03 +/- 1.32e-03 (Nevnt = 264)
#Subprocess 18 (U,s -> Nl,l,b,B)
 Cross section [pb] = 3.8303e-03 +/- 1.32e-03 (Nevnt = 264)
#Subprocess 19 (D,u -> ne,E,b,B)
 Cross section [pb] = 7.3654e-01 +/- 1.08e-03 (Nevnt = 50818)
#Subprocess 20 (D,u -> nm,M,b,B)
 Cross section [pb] = 7.3654e-01 +/- 1.08e-03 (Nevnt = 50818)
#Subprocess 21 (D,u -> nl,L,b,B)
 Cross section [pb] = 7.3598e-01 +/- 1.08e-03 (Nevnt = 50780)
#Subprocess 22 (D,c -> ne,E,b,B)
 Cross section [pb] = 3.2746e-03 +/- 1.35e-03 (Nevnt = 226)
#Subprocess 23 (D,c -> nm,M,b,B)
 Cross section [pb] = 3.2746e-03 +/- 1.35e-03 (Nevnt = 226)
#Subprocess 24 (D,c -> nl,L,b,B)
 Cross section [pb] = 3.2722e-03 +/- 1.35e-03 (Nevnt = 226)
#Subprocess 25 (s,U -> Ne,e,b,B)
 Cross section [pb] = 3.8277e-03 +/- 1.33e-03 (Nevnt = 264)
#Subprocess 26 (s,U -> Nm,m,b,B)
 Cross section [pb] = 3.8276e-03 +/- 1.33e-03 (Nevnt = 264)
#Subprocess 27 (s,U -> Nl,l,b,B)
 Cross section [pb] = 3.8242e-03 +/- 1.33e-03 (Nevnt = 264)
#Subprocess 28 (s,C -> Ne,e,b,B)
 Cross section [pb] = 4.0793e-02 +/- 1.43e-03 (Nevnt = 2815)
#Subprocess 29 (s,C -> Nm,m,b,B)
 Cross section [pb] = 4.0793e-02 +/- 1.43e-03 (Nevnt = 2815)
#Subprocess 30 (s,C -> Nl,l,b,B)
 Cross section [pb] = 4.0763e-02 +/- 1.43e-03 (Nevnt = 2812)
#Subprocess 31 (c,D -> ne,E,b,B)
 Cross section [pb] = 3.2739e-03 +/- 1.41e-03 (Nevnt = 226)
#Subprocess 32 (c,D -> nm,M,b,B)
 Cross section [pb] = 3.2739e-03 +/- 1.41e-03 (Nevnt = 226)
#Subprocess 33 (c,D -> nl,L,b,B)
 Cross section [pb] = 3.2716e-03 +/- 1.41e-03 (Nevnt = 226)
#Subprocess 34 (c,S -> ne,E,b,B)
 Cross section [pb] = 4.0850e-02 +/- 1.41e-03 (Nevnt = 2818)
#Subprocess 35 (c,S -> nm,M,b,B)
 Cross section [pb] = 4.0850e-02 +/- 1.41e-03 (Nevnt = 2818)
#Subprocess 36 (c,S -> nl,L,b,B)
 Cross section [pb] = 4.0821e-02 +/- 1.40e-03 (Nevnt = 2816)
#Subprocess 37 (S,u -> ne,E,b,B)
 Cross section [pb] = 2.7447e-02 +/- 1.10e-03 (Nevnt = 1894)
#Subprocess 38 (S,u -> nm,M,b,B)
 Cross section [pb] = 2.7447e-02 +/- 1.10e-03 (Nevnt = 1894)
#Subprocess 39 (S,u -> nl,L,b,B)
 Cross section [pb] = 2.7426e-02 +/- 1.10e-03 (Nevnt = 1892)
#Subprocess 40 (S,c -> ne,E,b,B)
 Cross section [pb] = 4.0793e-02 +/- 1.43e-03 (Nevnt = 2815)
#Subprocess 41 (S,c -> nm,M,b,B)
 Cross section [pb] = 4.0793e-02 +/- 1.43e-03 (Nevnt = 2815)
#Subprocess 42 (S,c -> nl,L,b,B)
 Cross section [pb] = 4.0763e-02 +/- 1.43e-03 (Nevnt = 2812)
#Subprocess 43 (C,d -> Ne,e,b,B)
 Cross section [pb] = 1.0898e-02 +/- 1.23e-03 (Nevnt = 752)
#Subprocess 44 (C,d -> Nm,m,b,B)
 Cross section [pb] = 1.0898e-02 +/- 1.23e-03 (Nevnt = 752)
#Subprocess 45 (C,d -> Nl,l,b,B)
 Cross section [pb] = 1.0890e-02 +/- 1.23e-03 (Nevnt = 751)
#Subprocess 46 (C,s -> Ne,e,b,B)
 Cross section [pb] = 4.0850e-02 +/- 1.41e-03 (Nevnt = 2818)
#Subprocess 47 (C,s -> Nm,m,b,B)
 Cross section [pb] = 4.0850e-02 +/- 1.41e-03 (Nevnt = 2818)
#Subprocess 48 (C,s -> Nl,l,b,B)
 Cross section [pb] = 4.0821e-02 +/- 1.40e-03 (Nevnt = 2816)

 Total cross section [pb]  = 7.2468e+00 +/- 8.77e-03 (Ntotal = 499999)
