#Subprocess 1 (u,D -> ne,E,b,B)
 Cross section [pb] = 5.7427e-01 +/- 1.16e-03 (Nevnt = 50516)
#Subprocess 2 (u,D -> nm,M,b,B)
 Cross section [pb] = 5.7427e-01 +/- 1.16e-03 (Nevnt = 50516)
#Subprocess 3 (u,D -> nl,L,b,B)
 Cross section [pb] = 5.7385e-01 +/- 1.16e-03 (Nevnt = 50479)
#Subprocess 4 (u,S -> ne,E,b,B)
 Cross section [pb] = 2.1453e-02 +/- 1.18e-03 (Nevnt = 1887)
#Subprocess 5 (u,S -> nm,M,b,B)
 Cross section [pb] = 2.1453e-02 +/- 1.18e-03 (Nevnt = 1887)
#Subprocess 6 (u,S -> nl,L,b,B)
 Cross section [pb] = 2.1436e-02 +/- 1.18e-03 (Nevnt = 1886)
#Subprocess 7 (d,U -> Ne,e,b,B)
 Cross section [pb] = 2.6946e-01 +/- 1.16e-03 (Nevnt = 23703)
#Subprocess 8 (d,U -> Nm,m,b,B)
 Cross section [pb] = 2.6946e-01 +/- 1.16e-03 (Nevnt = 23703)
#Subprocess 9 (d,U -> Nl,l,b,B)
 Cross section [pb] = 2.6925e-01 +/- 1.16e-03 (Nevnt = 23685)
#Subprocess 10 (d,C -> Ne,e,b,B)
 Cross section [pb] = 8.6455e-03 +/- 1.23e-03 (Nevnt = 761)
#Subprocess 11 (d,C -> Nm,m,b,B)
 Cross section [pb] = 8.6454e-03 +/- 1.23e-03 (Nevnt = 761)
#Subprocess 12 (d,C -> Nl,l,b,B)
 Cross section [pb] = 8.6388e-03 +/- 1.23e-03 (Nevnt = 760)
#Subprocess 13 (U,d -> Ne,e,b,B)
 Cross section [pb] = 2.6930e-01 +/- 1.20e-03 (Nevnt = 23689)
#Subprocess 14 (U,d -> Nm,m,b,B)
 Cross section [pb] = 2.6929e-01 +/- 1.20e-03 (Nevnt = 23689)
#Subprocess 15 (U,d -> Nl,l,b,B)
 Cross section [pb] = 2.6909e-01 +/- 1.20e-03 (Nevnt = 23671)
#Subprocess 16 (U,s -> Ne,e,b,B)
 Cross section [pb] = 3.1441e-03 +/- 1.44e-03 (Nevnt = 277)
#Subprocess 17 (U,s -> Nm,m,b,B)
 Cross section [pb] = 3.1441e-03 +/- 1.44e-03 (Nevnt = 277)
#Subprocess 18 (U,s -> Nl,l,b,B)
 Cross section [pb] = 3.1416e-03 +/- 1.44e-03 (Nevnt = 276)
#Subprocess 19 (D,u -> ne,E,b,B)
 Cross section [pb] = 5.7262e-01 +/- 1.11e-03 (Nevnt = 50371)
#Subprocess 20 (D,u -> nm,M,b,B)
 Cross section [pb] = 5.7262e-01 +/- 1.11e-03 (Nevnt = 50371)
#Subprocess 21 (D,u -> nl,L,b,B)
 Cross section [pb] = 5.7220e-01 +/- 1.11e-03 (Nevnt = 50334)
#Subprocess 22 (D,c -> ne,E,b,B)
 Cross section [pb] = 2.7116e-03 +/- 1.48e-03 (Nevnt = 239)
#Subprocess 23 (D,c -> nm,M,b,B)
 Cross section [pb] = 2.7116e-03 +/- 1.48e-03 (Nevnt = 239)
#Subprocess 24 (D,c -> nl,L,b,B)
 Cross section [pb] = 2.7095e-03 +/- 1.48e-03 (Nevnt = 238)
#Subprocess 25 (s,U -> Ne,e,b,B)
 Cross section [pb] = 3.1436e-03 +/- 1.35e-03 (Nevnt = 277)
#Subprocess 26 (s,U -> Nm,m,b,B)
 Cross section [pb] = 3.1436e-03 +/- 1.35e-03 (Nevnt = 277)
#Subprocess 27 (s,U -> Nl,l,b,B)
 Cross section [pb] = 3.1413e-03 +/- 1.35e-03 (Nevnt = 276)
#Subprocess 28 (s,C -> Ne,e,b,B)
 Cross section [pb] = 3.4419e-02 +/- 1.46e-03 (Nevnt = 3028)
#Subprocess 29 (s,C -> Nm,m,b,B)
 Cross section [pb] = 3.4419e-02 +/- 1.46e-03 (Nevnt = 3028)
#Subprocess 30 (s,C -> Nl,l,b,B)
 Cross section [pb] = 3.4395e-02 +/- 1.46e-03 (Nevnt = 3026)
#Subprocess 31 (c,D -> ne,E,b,B)
 Cross section [pb] = 2.7134e-03 +/- 1.52e-03 (Nevnt = 239)
#Subprocess 32 (c,D -> nm,M,b,B)
 Cross section [pb] = 2.7133e-03 +/- 1.52e-03 (Nevnt = 239)
#Subprocess 33 (c,D -> nl,L,b,B)
 Cross section [pb] = 2.7111e-03 +/- 1.52e-03 (Nevnt = 238)
#Subprocess 34 (c,S -> ne,E,b,B)
 Cross section [pb] = 3.4400e-02 +/- 1.50e-03 (Nevnt = 3026)
#Subprocess 35 (c,S -> nm,M,b,B)
 Cross section [pb] = 3.4400e-02 +/- 1.50e-03 (Nevnt = 3026)
#Subprocess 36 (c,S -> nl,L,b,B)
 Cross section [pb] = 3.4372e-02 +/- 1.50e-03 (Nevnt = 3024)
#Subprocess 37 (S,u -> ne,E,b,B)
 Cross section [pb] = 2.1412e-02 +/- 1.14e-03 (Nevnt = 1884)
#Subprocess 38 (S,u -> nm,M,b,B)
 Cross section [pb] = 2.1412e-02 +/- 1.14e-03 (Nevnt = 1884)
#Subprocess 39 (S,u -> nl,L,b,B)
 Cross section [pb] = 2.1396e-02 +/- 1.14e-03 (Nevnt = 1882)
#Subprocess 40 (S,c -> ne,E,b,B)
 Cross section [pb] = 3.4419e-02 +/- 1.46e-03 (Nevnt = 3028)
#Subprocess 41 (S,c -> nm,M,b,B)
 Cross section [pb] = 3.4419e-02 +/- 1.46e-03 (Nevnt = 3028)
#Subprocess 42 (S,c -> nl,L,b,B)
 Cross section [pb] = 3.4395e-02 +/- 1.46e-03 (Nevnt = 3026)
#Subprocess 43 (C,d -> Ne,e,b,B)
 Cross section [pb] = 8.6449e-03 +/- 1.28e-03 (Nevnt = 760)
#Subprocess 44 (C,d -> Nm,m,b,B)
 Cross section [pb] = 8.6449e-03 +/- 1.28e-03 (Nevnt = 760)
#Subprocess 45 (C,d -> Nl,l,b,B)
 Cross section [pb] = 8.6384e-03 +/- 1.28e-03 (Nevnt = 760)
#Subprocess 46 (C,s -> Ne,e,b,B)
 Cross section [pb] = 3.4400e-02 +/- 1.50e-03 (Nevnt = 3026)
#Subprocess 47 (C,s -> Nm,m,b,B)
 Cross section [pb] = 3.4400e-02 +/- 1.50e-03 (Nevnt = 3026)
#Subprocess 48 (C,s -> Nl,l,b,B)
 Cross section [pb] = 3.4372e-02 +/- 1.50e-03 (Nevnt = 3024)

 Total cross section [pb]  = 5.6840e+00 +/- 9.22e-03 (Ntotal = 500007)
