#Subprocess 1 (u,D -> ne,E,b,B)
 Cross section [pb] = 2.2587e-01 +/- 1.46e-03 (Nevnt = 43806)
#Subprocess 2 (u,D -> nm,M,b,B)
 Cross section [pb] = 2.2587e-01 +/- 1.46e-03 (Nevnt = 43806)
#Subprocess 3 (u,D -> nl,L,b,B)
 Cross section [pb] = 2.2573e-01 +/- 1.47e-03 (Nevnt = 43779)
#Subprocess 4 (u,S -> ne,E,b,B)
 Cross section [pb] = 9.7789e-03 +/- 1.44e-03 (Nevnt = 1897)
#Subprocess 5 (u,S -> nm,M,b,B)
 Cross section [pb] = 9.7789e-03 +/- 1.44e-03 (Nevnt = 1897)
#Subprocess 6 (u,S -> nl,L,b,B)
 Cross section [pb] = 9.7722e-03 +/- 1.44e-03 (Nevnt = 1895)
#Subprocess 7 (d,U -> Ne,e,b,B)
 Cross section [pb] = 1.2922e-01 +/- 1.29e-03 (Nevnt = 25062)
#Subprocess 8 (d,U -> Nm,m,b,B)
 Cross section [pb] = 1.2922e-01 +/- 1.29e-03 (Nevnt = 25062)
#Subprocess 9 (d,U -> Nl,l,b,B)
 Cross section [pb] = 1.2913e-01 +/- 1.29e-03 (Nevnt = 25043)
#Subprocess 10 (d,C -> Ne,e,b,B)
 Cross section [pb] = 4.9859e-03 +/- 1.34e-03 (Nevnt = 967)
#Subprocess 11 (d,C -> Nm,m,b,B)
 Cross section [pb] = 4.9859e-03 +/- 1.34e-03 (Nevnt = 967)
#Subprocess 12 (d,C -> Nl,l,b,B)
 Cross section [pb] = 4.9823e-03 +/- 1.34e-03 (Nevnt = 966)
#Subprocess 13 (U,d -> Ne,e,b,B)
 Cross section [pb] = 1.2931e-01 +/- 1.42e-03 (Nevnt = 25078)
#Subprocess 14 (U,d -> Nm,m,b,B)
 Cross section [pb] = 1.2930e-01 +/- 1.42e-03 (Nevnt = 25078)
#Subprocess 15 (U,d -> Nl,l,b,B)
 Cross section [pb] = 1.2921e-01 +/- 1.42e-03 (Nevnt = 25059)
#Subprocess 16 (U,s -> Ne,e,b,B)
 Cross section [pb] = 2.2479e-03 +/- 1.96e-03 (Nevnt = 436)
#Subprocess 17 (U,s -> Nm,m,b,B)
 Cross section [pb] = 2.2480e-03 +/- 1.96e-03 (Nevnt = 436)
#Subprocess 18 (U,s -> Nl,l,b,B)
 Cross section [pb] = 2.2465e-03 +/- 1.92e-03 (Nevnt = 436)
#Subprocess 19 (D,u -> ne,E,b,B)
 Cross section [pb] = 2.2572e-01 +/- 1.38e-03 (Nevnt = 43778)
#Subprocess 20 (D,u -> nm,M,b,B)
 Cross section [pb] = 2.2572e-01 +/- 1.38e-03 (Nevnt = 43777)
#Subprocess 21 (D,u -> nl,L,b,B)
 Cross section [pb] = 2.2554e-01 +/- 1.38e-03 (Nevnt = 43743)
#Subprocess 22 (D,c -> ne,E,b,B)
 Cross section [pb] = 2.0484e-03 +/- 1.52e-03 (Nevnt = 397)
#Subprocess 23 (D,c -> nm,M,b,B)
 Cross section [pb] = 2.0484e-03 +/- 1.52e-03 (Nevnt = 397)
#Subprocess 24 (D,c -> nl,L,b,B)
 Cross section [pb] = 2.0468e-03 +/- 1.52e-03 (Nevnt = 397)
#Subprocess 25 (s,U -> Ne,e,b,B)
 Cross section [pb] = 2.2505e-03 +/- 1.48e-03 (Nevnt = 436)
#Subprocess 26 (s,U -> Nm,m,b,B)
 Cross section [pb] = 2.2505e-03 +/- 1.48e-03 (Nevnt = 436)
#Subprocess 27 (s,U -> Nl,l,b,B)
 Cross section [pb] = 2.2482e-03 +/- 1.42e-03 (Nevnt = 436)
#Subprocess 28 (s,C -> Ne,e,b,B)
 Cross section [pb] = 2.7824e-02 +/- 1.39e-03 (Nevnt = 5396)
#Subprocess 29 (s,C -> Nm,m,b,B)
 Cross section [pb] = 2.7823e-02 +/- 1.39e-03 (Nevnt = 5396)
#Subprocess 30 (s,C -> Nl,l,b,B)
 Cross section [pb] = 2.7798e-02 +/- 1.37e-03 (Nevnt = 5391)
#Subprocess 31 (c,D -> ne,E,b,B)
 Cross section [pb] = 2.0469e-03 +/- 1.63e-03 (Nevnt = 397)
#Subprocess 32 (c,D -> nm,M,b,B)
 Cross section [pb] = 2.0469e-03 +/- 1.63e-03 (Nevnt = 397)
#Subprocess 33 (c,D -> nl,L,b,B)
 Cross section [pb] = 2.0446e-03 +/- 1.63e-03 (Nevnt = 397)
#Subprocess 34 (c,S -> ne,E,b,B)
 Cross section [pb] = 2.7837e-02 +/- 1.78e-03 (Nevnt = 5399)
#Subprocess 35 (c,S -> nm,M,b,B)
 Cross section [pb] = 2.7837e-02 +/- 1.78e-03 (Nevnt = 5399)
#Subprocess 36 (c,S -> nl,L,b,B)
 Cross section [pb] = 2.7816e-02 +/- 1.76e-03 (Nevnt = 5395)
#Subprocess 37 (S,u -> ne,E,b,B)
 Cross section [pb] = 9.7836e-03 +/- 1.36e-03 (Nevnt = 1897)
#Subprocess 38 (S,u -> nm,M,b,B)
 Cross section [pb] = 9.7834e-03 +/- 1.35e-03 (Nevnt = 1897)
#Subprocess 39 (S,u -> nl,L,b,B)
 Cross section [pb] = 9.7742e-03 +/- 1.34e-03 (Nevnt = 1896)
#Subprocess 40 (S,c -> ne,E,b,B)
 Cross section [pb] = 2.7824e-02 +/- 1.39e-03 (Nevnt = 5396)
#Subprocess 41 (S,c -> nm,M,b,B)
 Cross section [pb] = 2.7823e-02 +/- 1.39e-03 (Nevnt = 5396)
#Subprocess 42 (S,c -> nl,L,b,B)
 Cross section [pb] = 2.7798e-02 +/- 1.37e-03 (Nevnt = 5391)
#Subprocess 43 (C,d -> Ne,e,b,B)
 Cross section [pb] = 4.9891e-03 +/- 1.43e-03 (Nevnt = 968)
#Subprocess 44 (C,d -> Nm,m,b,B)
 Cross section [pb] = 4.9891e-03 +/- 1.43e-03 (Nevnt = 968)
#Subprocess 45 (C,d -> Nl,l,b,B)
 Cross section [pb] = 4.9860e-03 +/- 1.43e-03 (Nevnt = 967)
#Subprocess 46 (C,s -> Ne,e,b,B)
 Cross section [pb] = 2.7837e-02 +/- 1.78e-03 (Nevnt = 5399)
#Subprocess 47 (C,s -> Nm,m,b,B)
 Cross section [pb] = 2.7837e-02 +/- 1.78e-03 (Nevnt = 5399)
#Subprocess 48 (C,s -> Nl,l,b,B)
 Cross section [pb] = 2.7816e-02 +/- 1.76e-03 (Nevnt = 5395)

 Total cross section [pb]  = 2.5781e+00 +/- 1.05e-02 (Ntotal = 500003)
