#Subprocess 1 (u,D -> ne,E,b,B)
 Cross section [pb] = 2.9562e-01 +/- 1.41e-03 (Nevnt = 47262)
#Subprocess 2 (u,D -> nm,M,b,B)
 Cross section [pb] = 2.9562e-01 +/- 1.41e-03 (Nevnt = 47261)
#Subprocess 3 (u,D -> nl,L,b,B)
 Cross section [pb] = 2.9539e-01 +/- 1.41e-03 (Nevnt = 47225)
#Subprocess 4 (u,S -> ne,E,b,B)
 Cross section [pb] = 1.1759e-02 +/- 1.42e-03 (Nevnt = 1880)
#Subprocess 5 (u,S -> nm,M,b,B)
 Cross section [pb] = 1.1759e-02 +/- 1.42e-03 (Nevnt = 1880)
#Subprocess 6 (u,S -> nl,L,b,B)
 Cross section [pb] = 1.1750e-02 +/- 1.42e-03 (Nevnt = 1878)
#Subprocess 7 (d,U -> Ne,e,b,B)
 Cross section [pb] = 1.5175e-01 +/- 1.30e-03 (Nevnt = 24261)
#Subprocess 8 (d,U -> Nm,m,b,B)
 Cross section [pb] = 1.5175e-01 +/- 1.30e-03 (Nevnt = 24261)
#Subprocess 9 (d,U -> Nl,l,b,B)
 Cross section [pb] = 1.5163e-01 +/- 1.30e-03 (Nevnt = 24242)
#Subprocess 10 (d,C -> Ne,e,b,B)
 Cross section [pb] = 5.3412e-03 +/- 1.41e-03 (Nevnt = 854)
#Subprocess 11 (d,C -> Nm,m,b,B)
 Cross section [pb] = 5.3412e-03 +/- 1.41e-03 (Nevnt = 854)
#Subprocess 12 (d,C -> Nl,l,b,B)
 Cross section [pb] = 5.3370e-03 +/- 1.41e-03 (Nevnt = 853)
#Subprocess 13 (U,d -> Ne,e,b,B)
 Cross section [pb] = 1.5191e-01 +/- 1.47e-03 (Nevnt = 24287)
#Subprocess 14 (U,d -> Nm,m,b,B)
 Cross section [pb] = 1.5191e-01 +/- 1.47e-03 (Nevnt = 24287)
#Subprocess 15 (U,d -> Nl,l,b,B)
 Cross section [pb] = 1.5180e-01 +/- 1.47e-03 (Nevnt = 24268)
#Subprocess 16 (U,s -> Ne,e,b,B)
 Cross section [pb] = 2.2341e-03 +/- 1.65e-03 (Nevnt = 357)
#Subprocess 17 (U,s -> Nm,m,b,B)
 Cross section [pb] = 2.2341e-03 +/- 1.65e-03 (Nevnt = 357)
#Subprocess 18 (U,s -> Nl,l,b,B)
 Cross section [pb] = 2.2322e-03 +/- 1.63e-03 (Nevnt = 357)
#Subprocess 19 (D,u -> ne,E,b,B)
 Cross section [pb] = 2.9565e-01 +/- 1.25e-03 (Nevnt = 47267)
#Subprocess 20 (D,u -> nm,M,b,B)
 Cross section [pb] = 2.9565e-01 +/- 1.25e-03 (Nevnt = 47267)
#Subprocess 21 (D,u -> nl,L,b,B)
 Cross section [pb] = 2.9543e-01 +/- 1.25e-03 (Nevnt = 47232)
#Subprocess 22 (D,c -> ne,E,b,B)
 Cross section [pb] = 1.9865e-03 +/- 1.60e-03 (Nevnt = 318)
#Subprocess 23 (D,c -> nm,M,b,B)
 Cross section [pb] = 1.9865e-03 +/- 1.61e-03 (Nevnt = 318)
#Subprocess 24 (D,c -> nl,L,b,B)
 Cross section [pb] = 1.9850e-03 +/- 1.61e-03 (Nevnt = 317)
#Subprocess 25 (s,U -> Ne,e,b,B)
 Cross section [pb] = 2.2290e-03 +/- 1.38e-03 (Nevnt = 356)
#Subprocess 26 (s,U -> Nm,m,b,B)
 Cross section [pb] = 2.2290e-03 +/- 1.38e-03 (Nevnt = 356)
#Subprocess 27 (s,U -> Nl,l,b,B)
 Cross section [pb] = 2.2276e-03 +/- 1.38e-03 (Nevnt = 356)
#Subprocess 28 (s,C -> Ne,e,b,B)
 Cross section [pb] = 2.6284e-02 +/- 1.49e-03 (Nevnt = 4202)
#Subprocess 29 (s,C -> Nm,m,b,B)
 Cross section [pb] = 2.6284e-02 +/- 1.49e-03 (Nevnt = 4202)
#Subprocess 30 (s,C -> Nl,l,b,B)
 Cross section [pb] = 2.6269e-02 +/- 1.52e-03 (Nevnt = 4200)
#Subprocess 31 (c,D -> ne,E,b,B)
 Cross section [pb] = 1.9882e-03 +/- 1.64e-03 (Nevnt = 318)
#Subprocess 32 (c,D -> nm,M,b,B)
 Cross section [pb] = 1.9882e-03 +/- 1.64e-03 (Nevnt = 318)
#Subprocess 33 (c,D -> nl,L,b,B)
 Cross section [pb] = 1.9859e-03 +/- 1.65e-03 (Nevnt = 317)
#Subprocess 34 (c,S -> ne,E,b,B)
 Cross section [pb] = 2.6306e-02 +/- 1.74e-03 (Nevnt = 4206)
#Subprocess 35 (c,S -> nm,M,b,B)
 Cross section [pb] = 2.6306e-02 +/- 1.74e-03 (Nevnt = 4206)
#Subprocess 36 (c,S -> nl,L,b,B)
 Cross section [pb] = 2.6284e-02 +/- 1.76e-03 (Nevnt = 4202)
#Subprocess 37 (S,u -> ne,E,b,B)
 Cross section [pb] = 1.1762e-02 +/- 1.24e-03 (Nevnt = 1880)
#Subprocess 38 (S,u -> nm,M,b,B)
 Cross section [pb] = 1.1762e-02 +/- 1.24e-03 (Nevnt = 1880)
#Subprocess 39 (S,u -> nl,L,b,B)
 Cross section [pb] = 1.1753e-02 +/- 1.24e-03 (Nevnt = 1879)
#Subprocess 40 (S,c -> ne,E,b,B)
 Cross section [pb] = 2.6284e-02 +/- 1.49e-03 (Nevnt = 4202)
#Subprocess 41 (S,c -> nm,M,b,B)
 Cross section [pb] = 2.6284e-02 +/- 1.49e-03 (Nevnt = 4202)
#Subprocess 42 (S,c -> nl,L,b,B)
 Cross section [pb] = 2.6269e-02 +/- 1.52e-03 (Nevnt = 4200)
#Subprocess 43 (C,d -> Ne,e,b,B)
 Cross section [pb] = 5.3426e-03 +/- 1.49e-03 (Nevnt = 854)
#Subprocess 44 (C,d -> Nm,m,b,B)
 Cross section [pb] = 5.3426e-03 +/- 1.49e-03 (Nevnt = 854)
#Subprocess 45 (C,d -> Nl,l,b,B)
 Cross section [pb] = 5.3382e-03 +/- 1.49e-03 (Nevnt = 853)
#Subprocess 46 (C,s -> Ne,e,b,B)
 Cross section [pb] = 2.6306e-02 +/- 1.74e-03 (Nevnt = 4206)
#Subprocess 47 (C,s -> Nm,m,b,B)
 Cross section [pb] = 2.6306e-02 +/- 1.74e-03 (Nevnt = 4206)
#Subprocess 48 (C,s -> Nl,l,b,B)
 Cross section [pb] = 2.6284e-02 +/- 1.76e-03 (Nevnt = 4202)

 Total cross section [pb]  = 3.1275e+00 +/- 1.03e-02 (Ntotal = 500000)
