Starting job on  Wed Feb 19 16:05:50 CST 2025
Running on  Linux cmslpc232.fnal.gov 4.18.0-553.30.1.el8_10.x86_64 #1 SMP Tue Nov 26 02:30:26 EST 2024 x86_64 x86_64 x86_64 GNU/Linux
System release  AlmaLinux release 8.10 (Cerulean Leopard)
name: ewkwmjjjj_5f_LO
carddir: cards/production/13p6TeV/EWKWm2Jets_WToQQ
queue: local
scram_arch: el8_amd64_gcc10
cmssw_version: CMSSW_12_4_8
On branch master
Your branch is up to date with 'origin/master'.

Untracked files:
  (use "git add <file>..." to include in what will be committed)
	ZGammaToJJGamma.log
	ZGammaToJJGamma.log~
	ZGammaToJJGamma/
	ZGammaToJJGamma_el8_amd64_gcc10_CMSSW_12_4_8_tarball.tar.xz
	ZGammaToJJGamma~/
	cards/production/13p6TeV/EWKWm2Jets_WToQQ/
	cards/production/13p6TeV/EWKWp2Jets_WToQQ/
	cards/production/13p6TeV/EWKZ2Jets_ZToQQ/
	cards/production/13p6TeV/ZGammaToJJGamma/
	ewkwmjjjj_5f_LO.log
	ewkwpjjjj_5f_LO.log
	ewkwpjjjj_5f_LO/
	ewkwpjjjj_5f_LO_el8_amd64_gcc10_CMSSW_12_4_8_tarball.tar.xz
	ewkzjjjj_5f_LO.log
	ewkzjjjj_5f_LO/
	ewkzjjjj_5f_LO_el8_amd64_gcc10_CMSSW_12_4_8_tarball.tar.xz
	wplustest_4f_LO.log
	wplustest_4f_LO/
	wplustest_4f_LO_el8_amd64_gcc10_CMSSW_12_4_8_tarball.tar.xz


It took 6.38 seconds to enumerate untracked files.
See 'git help status' for information on how to improve this.

nothing added to commit but untracked files present (use "git add" to track)
Current git revision is:
9155f149fc86fcb14439f26606ed931a4d2a8b40
/uscms/home/bweiss/nobackup/mcgen/genproductions/bin/MadGraph5_aMCatNLO
WARNING: In non-interactive mode release checks e.g. deprecated releases, production architectures are disabled.
--2025-02-19 16:06:14--  https://cms-project-generators.web.cern.ch/cms-project-generators/MG5_aMC_v2.9.18.tar.gz
Resolving cms-project-generators.web.cern.ch (cms-project-generators.web.cern.ch)... 2001:1458:d00:65::100:265, 2001:1458:d00:16::41d, 2001:1458:d00:62::100:2e8, ...
Connecting to cms-project-generators.web.cern.ch (cms-project-generators.web.cern.ch)|2001:1458:d00:65::100:265|:443... connected.
HTTP request sent, awaiting response... 200 OK
Length: 26651876 (25M) [application/x-gzip]
Saving to: 'MG5_aMC_v2.9.18.tar.gz'

     0K .......... .......... .......... .......... ..........  0%  240K 1m48s
    50K .......... .......... .......... .......... ..........  0%  538K 78s
   100K .......... .......... .......... .......... ..........  0% 4.05M 54s
   150K .......... .......... .......... .......... ..........  0%  541K 52s
   200K .......... .......... .......... .......... ..........  0% 4.13M 43s
   250K .......... .......... .......... .......... ..........  1%  120M 36s
   300K .......... .......... .......... .......... ..........  1%  186M 31s
   350K .......... .......... .......... .......... ..........  1%  158M 27s
   400K .......... .......... .......... .......... ..........  1%  544K 29s
   450K .......... .......... .......... .......... ..........  1% 4.26M 27s
   500K .......... .......... .......... .......... ..........  2% 91.1M 24s
   550K .......... .......... .......... .......... ..........  2%  191M 22s
   600K .......... .......... .......... .......... ..........  2%  173M 20s
   650K .......... .......... .......... .......... ..........  2%  269M 19s
   700K .......... .......... .......... .......... ..........  2%  234M 18s
   750K .......... .......... .......... .......... ..........  3% 1.21M 18s
   800K .......... .......... .......... .......... ..........  3%  974K 18s
   850K .......... .......... .......... .......... ..........  3%  212M 17s
   900K .......... .......... .......... .......... ..........  3%  200M 16s
   950K .......... .......... .......... .......... ..........  3%  255M 15s
  1000K .......... .......... .......... .......... ..........  4% 4.42M 15s
  1050K .......... .......... .......... .......... ..........  4%  118M 14s
  1100K .......... .......... .......... .......... ..........  4%  138M 14s
  1150K .......... .......... .......... .......... ..........  4%  194M 13s
  1200K .......... .......... .......... .......... ..........  4%  175M 12s
  1250K .......... .......... .......... .......... ..........  4%  260M 12s
  1300K .......... .......... .......... .......... ..........  5%  228M 11s
  1350K .......... .......... .......... .......... ..........  5%  227M 11s
  1400K .......... .......... .......... .......... ..........  5%  266M 11s
  1450K .......... .......... .......... .......... ..........  5%  276M 10s
  1500K .......... .......... .......... .......... ..........  5%  218M 10s
  1550K .......... .......... .......... .......... ..........  6%  256M 10s
  1600K .......... .......... .......... .......... ..........  6%  555K 11s
  1650K .......... .......... .......... .......... ..........  6%  185M 10s
  1700K .......... .......... .......... .......... ..........  6%  185M 10s
  1750K .......... .......... .......... .......... ..........  6%  261M 10s
  1800K .......... .......... .......... .......... ..........  7%  258M 9s
  1850K .......... .......... .......... .......... ..........  7%  201M 9s
  1900K .......... .......... .......... .......... ..........  7%  278M 9s
  1950K .......... .......... .......... .......... ..........  7%  281M 9s
  2000K .......... .......... .......... .......... ..........  7% 4.84M 9s
  2050K .......... .......... .......... .......... ..........  8%  179M 8s
  2100K .......... .......... .......... .......... ..........  8%  167M 8s
  2150K .......... .......... .......... .......... ..........  8%  115M 8s
  2200K .......... .......... .......... .......... ..........  8%  218M 8s
  2250K .......... .......... .......... .......... ..........  8%  171M 8s
  2300K .......... .......... .......... .......... ..........  9%  224M 7s
  2350K .......... .......... .......... .......... ..........  9%  245M 7s
  2400K .......... .......... .......... .......... ..........  9%  258M 7s
  2450K .......... .......... .......... .......... ..........  9%  233M 7s
  2500K .......... .......... .......... .......... ..........  9%  219M 7s
  2550K .......... .......... .......... .......... ..........  9%  275M 7s
  2600K .......... .......... .......... .......... .......... 10%  283M 6s
  2650K .......... .......... .......... .......... .......... 10%  121M 6s
  2700K .......... .......... .......... .......... .......... 10%  252M 6s
  2750K .......... .......... .......... .......... .......... 10%  247M 6s
  2800K .......... .......... .......... .......... .......... 10%  246M 6s
  2850K .......... .......... .......... .......... .......... 11%  274M 6s
  2900K .......... .......... .......... .......... .......... 11%  239M 6s
  2950K .......... .......... .......... .......... .......... 11%  237M 6s
  3000K .......... .......... .......... .......... .......... 11%  199M 6s
  3050K .......... .......... .......... .......... .......... 11%  273M 5s
  3100K .......... .......... .......... .......... .......... 12%  130M 5s
  3150K .......... .......... .......... .......... .......... 12%  212M 5s
  3200K .......... .......... .......... .......... .......... 12%  221M 5s
  3250K .......... .......... .......... .......... .......... 12%  574K 6s
  3300K .......... .......... .......... .......... .......... 12%  167M 6s
  3350K .......... .......... .......... .......... .......... 13% 77.1M 5s
  3400K .......... .......... .......... .......... .......... 13%  219M 5s
  3450K .......... .......... .......... .......... .......... 13%  247M 5s
  3500K .......... .......... .......... .......... .......... 13%  229M 5s
  3550K .......... .......... .......... .......... .......... 13%  259M 5s
  3600K .......... .......... .......... .......... .......... 14%  193M 5s
  3650K .......... .......... .......... .......... .......... 14%  214M 5s
  3700K .......... .......... .......... .......... .......... 14%  235M 5s
  3750K .......... .......... .......... .......... .......... 14%  221M 5s
  3800K .......... .......... .......... .......... .......... 14%  242M 5s
  3850K .......... .......... .......... .......... .......... 14%  226M 5s
  3900K .......... .......... .......... .......... .......... 15%  243M 5s
  3950K .......... .......... .......... .......... .......... 15%  240M 5s
  4000K .......... .......... .......... .......... .......... 15%  221M 4s
  4050K .......... .......... .......... .......... .......... 15%  238M 4s
  4100K .......... .......... .......... .......... .......... 15% 5.72M 4s
  4150K .......... .......... .......... .......... .......... 16%  163M 4s
  4200K .......... .......... .......... .......... .......... 16%  248M 4s
  4250K .......... .......... .......... .......... .......... 16%  218M 4s
  4300K .......... .......... .......... .......... .......... 16%  103M 4s
  4350K .......... .......... .......... .......... .......... 16%  104M 4s
  4400K .......... .......... .......... .......... .......... 17%  237M 4s
  4450K .......... .......... .......... .......... .......... 17%  158M 4s
  4500K .......... .......... .......... .......... .......... 17%  271M 4s
  4550K .......... .......... .......... .......... .......... 17%  276M 4s
  4600K .......... .......... .......... .......... .......... 17%  193M 4s
  4650K .......... .......... .......... .......... .......... 18%  232M 4s
  4700K .......... .......... .......... .......... .......... 18%  206M 4s
  4750K .......... .......... .......... .......... .......... 18%  187M 4s
  4800K .......... .......... .......... .......... .......... 18%  176M 4s
  4850K .......... .......... .......... .......... .......... 18%  217M 4s
  4900K .......... .......... .......... .......... .......... 19%  195M 4s
  4950K .......... .......... .......... .......... .......... 19%  219M 4s
  5000K .......... .......... .......... .......... .......... 19%  104M 3s
  5050K .......... .......... .......... .......... .......... 19%  257M 3s
  5100K .......... .......... .......... .......... .......... 19%  285M 3s
  5150K .......... .......... .......... .......... .......... 19%  273M 3s
  5200K .......... .......... .......... .......... .......... 20%  318M 3s
  5250K .......... .......... .......... .......... .......... 20%  307M 3s
  5300K .......... .......... .......... .......... .......... 20%  323M 3s
  5350K .......... .......... .......... .......... .......... 20%  232M 3s
  5400K .......... .......... .......... .......... .......... 20%  315M 3s
  5450K .......... .......... .......... .......... .......... 21%  322M 3s
  5500K .......... .......... .......... .......... .......... 21%  309M 3s
  5550K .......... .......... .......... .......... .......... 21%  289M 3s
  5600K .......... .......... .......... .......... .......... 21%  301M 3s
  5650K .......... .......... .......... .......... .......... 21%  291M 3s
  5700K .......... .......... .......... .......... .......... 22% 1.43M 3s
  5750K .......... .......... .......... .......... .......... 22%  224M 3s
  5800K .......... .......... .......... .......... .......... 22%  255M 3s
  5850K .......... .......... .......... .......... .......... 22%  291M 3s
  5900K .......... .......... .......... .......... .......... 22%  252M 3s
  5950K .......... .......... .......... .......... .......... 23%  262M 3s
  6000K .......... .......... .......... .......... .......... 23%  303M 3s
  6050K .......... .......... .......... .......... .......... 23%  265M 3s
  6100K .......... .......... .......... .......... .......... 23%  277M 3s
  6150K .......... .......... .......... .......... .......... 23%  246M 3s
  6200K .......... .......... .......... .......... .......... 24%  238M 3s
  6250K .......... .......... .......... .......... .......... 24%  260M 3s
  6300K .......... .......... .......... .......... .......... 24% 1021K 3s
  6350K .......... .......... .......... .......... .......... 24%  261M 3s
  6400K .......... .......... .......... .......... .......... 24% 35.3M 3s
  6450K .......... .......... .......... .......... .......... 24%  228M 3s
  6500K .......... .......... .......... .......... .......... 25%  243M 3s
  6550K .......... .......... .......... .......... .......... 25%  226M 3s
  6600K .......... .......... .......... .......... .......... 25%  275M 3s
  6650K .......... .......... .......... .......... .......... 25%  252M 3s
  6700K .......... .......... .......... .......... .......... 25%  269M 3s
  6750K .......... .......... .......... .......... .......... 26%  247M 3s
  6800K .......... .......... .......... .......... .......... 26%  285M 3s
  6850K .......... .......... .......... .......... .......... 26% 5.25M 3s
  6900K .......... .......... .......... .......... .......... 26%  247M 3s
  6950K .......... .......... .......... .......... .......... 26%  113M 3s
  7000K .......... .......... .......... .......... .......... 27%  257M 3s
  7050K .......... .......... .......... .......... .......... 27%  232M 3s
  7100K .......... .......... .......... .......... .......... 27%  263M 2s
  7150K .......... .......... .......... .......... .......... 27%  244M 2s
  7200K .......... .......... .......... .......... .......... 27% 43.8M 2s
  7250K .......... .......... .......... .......... .......... 28%  216M 2s
  7300K .......... .......... .......... .......... .......... 28%  223M 2s
  7350K .......... .......... .......... .......... .......... 28%  273M 2s
  7400K .......... .......... .......... .......... .......... 28%  127M 2s
  7450K .......... .......... .......... .......... .......... 28%  253M 2s
  7500K .......... .......... .......... .......... .......... 29%  251M 2s
  7550K .......... .......... .......... .......... .......... 29%  282M 2s
  7600K .......... .......... .......... .......... .......... 29%  249M 2s
  7650K .......... .......... .......... .......... .......... 29%  222M 2s
  7700K .......... .......... .......... .......... .......... 29%  301M 2s
  7750K .......... .......... .......... .......... .......... 29%  248M 2s
  7800K .......... .......... .......... .......... .......... 30%  271M 2s
  7850K .......... .......... .......... .......... .......... 30%  250M 2s
  7900K .......... .......... .......... .......... .......... 30%  284M 2s
  7950K .......... .......... .......... .......... .......... 30%  310M 2s
  8000K .......... .......... .......... .......... .......... 30%  241M 2s
  8050K .......... .......... .......... .......... .......... 31%  242M 2s
  8100K .......... .......... .......... .......... .......... 31%  164M 2s
  8150K .......... .......... .......... .......... .......... 31%  276M 2s
  8200K .......... .......... .......... .......... .......... 31%  298M 2s
  8250K .......... .......... .......... .......... .......... 31% 1.39M 2s
  8300K .......... .......... .......... .......... .......... 32%  265M 2s
  8350K .......... .......... .......... .......... .......... 32%  231M 2s
  8400K .......... .......... .......... .......... .......... 32%  165M 2s
  8450K .......... .......... .......... .......... .......... 32%  275M 2s
  8500K .......... .......... .......... .......... .......... 32%  237M 2s
  8550K .......... .......... .......... .......... .......... 33%  260M 2s
  8600K .......... .......... .......... .......... .......... 33%  187M 2s
  8650K .......... .......... .......... .......... .......... 33%  216M 2s
  8700K .......... .......... .......... .......... .......... 33%  216M 2s
  8750K .......... .......... .......... .......... .......... 33%  190M 2s
  8800K .......... .......... .......... .......... .......... 34%  237M 2s
  8850K .......... .......... .......... .......... .......... 34%  213M 2s
  8900K .......... .......... .......... .......... .......... 34% 1.02M 2s
  8950K .......... .......... .......... .......... .......... 34%  201M 2s
  9000K .......... .......... .......... .......... .......... 34%  172M 2s
  9050K .......... .......... .......... .......... .......... 34%  207M 2s
  9100K .......... .......... .......... .......... .......... 35%  188M 2s
  9150K .......... .......... .......... .......... .......... 35%  180M 2s
  9200K .......... .......... .......... .......... .......... 35%  227M 2s
  9250K .......... .......... .......... .......... .......... 35%  238M 2s
  9300K .......... .......... .......... .......... .......... 35%  193M 2s
  9350K .......... .......... .......... .......... .......... 36%  217M 2s
  9400K .......... .......... .......... .......... .......... 36%  221M 2s
  9450K .......... .......... .......... .......... .......... 36%  205M 2s
  9500K .......... .......... .......... .......... .......... 36%  229M 2s
  9550K .......... .......... .......... .......... .......... 36%  306M 2s
  9600K .......... .......... .......... .......... .......... 37%  222M 2s
  9650K .......... .......... .......... .......... .......... 37%  257M 2s
  9700K .......... .......... .......... .......... .......... 37% 5.09M 2s
  9750K .......... .......... .......... .......... .......... 37%  168M 2s
  9800K .......... .......... .......... .......... .......... 37%  184M 2s
  9850K .......... .......... .......... .......... .......... 38%  215M 2s
  9900K .......... .......... .......... .......... .......... 38%  226M 2s
  9950K .......... .......... .......... .......... .......... 38%  254M 2s
 10000K .......... .......... .......... .......... .......... 38%  282M 2s
 10050K .......... .......... .......... .......... .......... 38% 44.9M 2s
 10100K .......... .......... .......... .......... .......... 38%  251M 2s
 10150K .......... .......... .......... .......... .......... 39%  206M 2s
 10200K .......... .......... .......... .......... .......... 39%  272M 2s
 10250K .......... .......... .......... .......... .......... 39%  274M 2s
 10300K .......... .......... .......... .......... .......... 39%  274M 2s
 10350K .......... .......... .......... .......... .......... 39%  245M 2s
 10400K .......... .......... .......... .......... .......... 40%  226M 2s
 10450K .......... .......... .......... .......... .......... 40% 67.3M 2s
 10500K .......... .......... .......... .......... .......... 40%  129M 2s
 10550K .......... .......... .......... .......... .......... 40%  164M 2s
 10600K .......... .......... .......... .......... .......... 40%  138M 2s
 10650K .......... .......... .......... .......... .......... 41%  152M 2s
 10700K .......... .......... .......... .......... .......... 41%  217M 1s
 10750K .......... .......... .......... .......... .......... 41%  178M 1s
 10800K .......... .......... .......... .......... .......... 41%  172M 1s
 10850K .......... .......... .......... .......... .......... 41%  176M 1s
 10900K .......... .......... .......... .......... .......... 42%  168M 1s
 10950K .......... .......... .......... .......... .......... 42% 1.42M 1s
 11000K .......... .......... .......... .......... .......... 42%  173M 1s
 11050K .......... .......... .......... .......... .......... 42%  171M 1s
 11100K .......... .......... .......... .......... .......... 42%  217M 1s
 11150K .......... .......... .......... .......... .......... 43%  266M 1s
 11200K .......... .......... .......... .......... .......... 43%  240M 1s
 11250K .......... .......... .......... .......... .......... 43%  216M 1s
 11300K .......... .......... .......... .......... .......... 43%  276M 1s
 11350K .......... .......... .......... .......... .......... 43%  266M 1s
 11400K .......... .......... .......... .......... .......... 43%  252M 1s
 11450K .......... .......... .......... .......... .......... 44%  228M 1s
 11500K .......... .......... .......... .......... .......... 44%  255M 1s
 11550K .......... .......... .......... .......... .......... 44% 1.01M 1s
 11600K .......... .......... .......... .......... .......... 44%  154M 1s
 11650K .......... .......... .......... .......... .......... 44%  167M 1s
 11700K .......... .......... .......... .......... .......... 45%  189M 1s
 11750K .......... .......... .......... .......... .......... 45%  201M 1s
 11800K .......... .......... .......... .......... .......... 45%  239M 1s
 11850K .......... .......... .......... .......... .......... 45%  226M 1s
 11900K .......... .......... .......... .......... .......... 45%  203M 1s
 11950K .......... .......... .......... .......... .......... 46%  238M 1s
 12000K .......... .......... .......... .......... .......... 46%  221M 1s
 12050K .......... .......... .......... .......... .......... 46%  269M 1s
 12100K .......... .......... .......... .......... .......... 46%  234M 1s
 12150K .......... .......... .......... .......... .......... 46%  268M 1s
 12200K .......... .......... .......... .......... .......... 47%  258M 1s
 12250K .......... .......... .......... .......... .......... 47%  237M 1s
 12300K .......... .......... .......... .......... .......... 47%  213M 1s
 12350K .......... .......... .......... .......... .......... 47%  206M 1s
 12400K .......... .......... .......... .......... .......... 47%  216M 1s
 12450K .......... .......... .......... .......... .......... 48%  270M 1s
 12500K .......... .......... .......... .......... .......... 48% 5.65M 1s
 12550K .......... .......... .......... .......... .......... 48%  174M 1s
 12600K .......... .......... .......... .......... .......... 48%  230M 1s
 12650K .......... .......... .......... .......... .......... 48%  262M 1s
 12700K .......... .......... .......... .......... .......... 48%  231M 1s
 12750K .......... .......... .......... .......... .......... 49%  234M 1s
 12800K .......... .......... .......... .......... .......... 49%  284M 1s
 12850K .......... .......... .......... .......... .......... 49%  276M 1s
 12900K .......... .......... .......... .......... .......... 49% 38.1M 1s
 12950K .......... .......... .......... .......... .......... 49%  199M 1s
 13000K .......... .......... .......... .......... .......... 50%  233M 1s
 13050K .......... .......... .......... .......... .......... 50%  220M 1s
 13100K .......... .......... .......... .......... .......... 50%  228M 1s
 13150K .......... .......... .......... .......... .......... 50%  218M 1s
 13200K .......... .......... .......... .......... .......... 50%  227M 1s
 13250K .......... .......... .......... .......... .......... 51%  232M 1s
 13300K .......... .......... .......... .......... .......... 51%  164M 1s
 13350K .......... .......... .......... .......... .......... 51%  168M 1s
 13400K .......... .......... .......... .......... .......... 51%  196M 1s
 13450K .......... .......... .......... .......... .......... 51%  231M 1s
 13500K .......... .......... .......... .......... .......... 52%  200M 1s
 13550K .......... .......... .......... .......... .......... 52%  196M 1s
 13600K .......... .......... .......... .......... .......... 52%  273M 1s
 13650K .......... .......... .......... .......... .......... 52%  223M 1s
 13700K .......... .......... .......... .......... .......... 52% 1.36M 1s
 13750K .......... .......... .......... .......... .......... 53%  168M 1s
 13800K .......... .......... .......... .......... .......... 53%  222M 1s
 13850K .......... .......... .......... .......... .......... 53%  180M 1s
 13900K .......... .......... .......... .......... .......... 53%  227M 1s
 13950K .......... .......... .......... .......... .......... 53%  234M 1s
 14000K .......... .......... .......... .......... .......... 53%  291M 1s
 14050K .......... .......... .......... .......... .......... 54%  279M 1s
 14100K .......... .......... .......... .......... .......... 54%  242M 1s
 14150K .......... .......... .......... .......... .......... 54%  238M 1s
 14200K .......... .......... .......... .......... .......... 54%  280M 1s
 14250K .......... .......... .......... .......... .......... 54%  277M 1s
 14300K .......... .......... .......... .......... .......... 55% 1.01M 1s
 14350K .......... .......... .......... .......... .......... 55%  135M 1s
 14400K .......... .......... .......... .......... .......... 55%  188M 1s
 14450K .......... .......... .......... .......... .......... 55%  192M 1s
 14500K .......... .......... .......... .......... .......... 55%  187M 1s
 14550K .......... .......... .......... .......... .......... 56%  228M 1s
 14600K .......... .......... .......... .......... .......... 56%  244M 1s
 14650K .......... .......... .......... .......... .......... 56%  234M 1s
 14700K .......... .......... .......... .......... .......... 56%  204M 1s
 14750K .......... .......... .......... .......... .......... 56%  227M 1s
 14800K .......... .......... .......... .......... .......... 57%  132M 1s
 14850K .......... .......... .......... .......... .......... 57%  263M 1s
 14900K .......... .......... .......... .......... .......... 57%  235M 1s
 14950K .......... .......... .......... .......... .......... 57%  209M 1s
 15000K .......... .......... .......... .......... .......... 57%  250M 1s
 15050K .......... .......... .......... .......... .......... 58%  110M 1s
 15100K .......... .......... .......... .......... .......... 58% 5.78M 1s
 15150K .......... .......... .......... .......... .......... 58%  187M 1s
 15200K .......... .......... .......... .......... .......... 58%  228M 1s
 15250K .......... .......... .......... .......... .......... 58%  193M 1s
 15300K .......... .......... .......... .......... .......... 58%  228M 1s
 15350K .......... .......... .......... .......... .......... 59%  259M 1s
 15400K .......... .......... .......... .......... .......... 59%  238M 1s
 15450K .......... .......... .......... .......... .......... 59%  209M 1s
 15500K .......... .......... .......... .......... .......... 59%  264M 1s
 15550K .......... .......... .......... .......... .......... 59%  216M 1s
 15600K .......... .......... .......... .......... .......... 60% 76.3M 1s
 15650K .......... .......... .......... .......... .......... 60%  208M 1s
 15700K .......... .......... .......... .......... .......... 60%  178M 1s
 15750K .......... .......... .......... .......... .......... 60%  235M 1s
 15800K .......... .......... .......... .......... .......... 60%  218M 1s
 15850K .......... .......... .......... .......... .......... 61%  221M 1s
 15900K .......... .......... .......... .......... .......... 61%  258M 1s
 15950K .......... .......... .......... .......... .......... 61%  259M 1s
 16000K .......... .......... .......... .......... .......... 61%  254M 1s
 16050K .......... .......... .......... .......... .......... 61%  195M 1s
 16100K .......... .......... .......... .......... .......... 62%  248M 1s
 16150K .......... .......... .......... .......... .......... 62%  250M 1s
 16200K .......... .......... .......... .......... .......... 62%  215M 1s
 16250K .......... .......... .......... .......... .......... 62%  257M 1s
 16300K .......... .......... .......... .......... .......... 62%  159M 1s
 16350K .......... .......... .......... .......... .......... 63%  166M 1s
 16400K .......... .......... .......... .......... .......... 63%  227M 1s
 16450K .......... .......... .......... .......... .......... 63%  211M 1s
 16500K .......... .......... .......... .......... .......... 63%  227M 1s
 16550K .......... .......... .......... .......... .......... 63% 1.37M 1s
 16600K .......... .......... .......... .......... .......... 63%  147M 1s
 16650K .......... .......... .......... .......... .......... 64%  259M 1s
 16700K .......... .......... .......... .......... .......... 64%  230M 1s
 16750K .......... .......... .......... .......... .......... 64%  249M 1s
 16800K .......... .......... .......... .......... .......... 64%  234M 1s
 16850K .......... .......... .......... .......... .......... 64%  210M 1s
 16900K .......... .......... .......... .......... .......... 65%  239M 1s
 16950K .......... .......... .......... .......... .......... 65%  230M 1s
 17000K .......... .......... .......... .......... .......... 65% 1016K 1s
 17050K .......... .......... .......... .......... .......... 65%  147M 1s
 17100K .......... .......... .......... .......... .......... 65%  225M 1s
 17150K .......... .......... .......... .......... .......... 66%  223M 1s
 17200K .......... .......... .......... .......... .......... 66%  213M 1s
 17250K .......... .......... .......... .......... .......... 66%  230M 1s
 17300K .......... .......... .......... .......... .......... 66%  226M 1s
 17350K .......... .......... .......... .......... .......... 66%  267M 1s
 17400K .......... .......... .......... .......... .......... 67%  216M 1s
 17450K .......... .......... .......... .......... .......... 67%  254M 1s
 17500K .......... .......... .......... .......... .......... 67%  242M 1s
 17550K .......... .......... .......... .......... .......... 67%  234M 1s
 17600K .......... .......... .......... .......... .......... 67%  215M 1s
 17650K .......... .......... .......... .......... .......... 68%  286M 1s
 17700K .......... .......... .......... .......... .......... 68%  225M 1s
 17750K .......... .......... .......... .......... .......... 68% 5.49M 1s
 17800K .......... .......... .......... .......... .......... 68%  175M 1s
 17850K .......... .......... .......... .......... .......... 68%  157M 1s
 17900K .......... .......... .......... .......... .......... 68%  224M 1s
 17950K .......... .......... .......... .......... .......... 69%  272M 1s
 18000K .......... .......... .......... .......... .......... 69%  274M 1s
 18050K .......... .......... .......... .......... .......... 69%  206M 1s
 18100K .......... .......... .......... .......... .......... 69%  290M 1s
 18150K .......... .......... .......... .......... .......... 69%  281M 1s
 18200K .......... .......... .......... .......... .......... 70%  256M 1s
 18250K .......... .......... .......... .......... .......... 70%  223M 1s
 18300K .......... .......... .......... .......... .......... 70% 84.6M 1s
 18350K .......... .......... .......... .......... .......... 70%  254M 1s
 18400K .......... .......... .......... .......... .......... 70%  290M 1s
 18450K .......... .......... .......... .......... .......... 71%  189M 1s
 18500K .......... .......... .......... .......... .......... 71%  311M 1s
 18550K .......... .......... .......... .......... .......... 71%  246M 1s
 18600K .......... .......... .......... .......... .......... 71%  225M 1s
 18650K .......... .......... .......... .......... .......... 71%  220M 1s
 18700K .......... .......... .......... .......... .......... 72%  208M 1s
 18750K .......... .......... .......... .......... .......... 72%  227M 1s
 18800K .......... .......... .......... .......... .......... 72%  215M 1s
 18850K .......... .......... .......... .......... .......... 72%  197M 1s
 18900K .......... .......... .......... .......... .......... 72%  251M 1s
 18950K .......... .......... .......... .......... .......... 73%  240M 1s
 19000K .......... .......... .......... .......... .......... 73%  247M 1s
 19050K .......... .......... .......... .......... .......... 73%  289M 0s
 19100K .......... .......... .......... .......... .......... 73%  246M 0s
 19150K .......... .......... .......... .......... .......... 73%  242M 0s
 19200K .......... .......... .......... .......... .......... 73%  225M 0s
 19250K .......... .......... .......... .......... .......... 74%  222M 0s
 19300K .......... .......... .......... .......... .......... 74% 1.37M 0s
 19350K .......... .......... .......... .......... .......... 74%  232M 0s
 19400K .......... .......... .......... .......... .......... 74%  282M 0s
 19450K .......... .......... .......... .......... .......... 74%  281M 0s
 19500K .......... .......... .......... .......... .......... 75%  236M 0s
 19550K .......... .......... .......... .......... .......... 75%  272M 0s
 19600K .......... .......... .......... .......... .......... 75%  210M 0s
 19650K .......... .......... .......... .......... .......... 75%  210M 0s
 19700K .......... .......... .......... .......... .......... 75%  236M 0s
 19750K .......... .......... .......... .......... .......... 76% 1013K 0s
 19800K .......... .......... .......... .......... .......... 76%  170M 0s
 19850K .......... .......... .......... .......... .......... 76%  272M 0s
 19900K .......... .......... .......... .......... .......... 76%  231M 0s
 19950K .......... .......... .......... .......... .......... 76%  263M 0s
 20000K .......... .......... .......... .......... .......... 77%  210M 0s
 20050K .......... .......... .......... .......... .......... 77%  262M 0s
 20100K .......... .......... .......... .......... .......... 77%  261M 0s
 20150K .......... .......... .......... .......... .......... 77%  274M 0s
 20200K .......... .......... .......... .......... .......... 77%  242M 0s
 20250K .......... .......... .......... .......... .......... 77%  228M 0s
 20300K .......... .......... .......... .......... .......... 78%  244M 0s
 20350K .......... .......... .......... .......... .......... 78% 4.98M 0s
 20400K .......... .......... .......... .......... .......... 78%  202M 0s
 20450K .......... .......... .......... .......... .......... 78%  221M 0s
 20500K .......... .......... .......... .......... .......... 78%  250M 0s
 20550K .......... .......... .......... .......... .......... 79%  227M 0s
 20600K .......... .......... .......... .......... .......... 79%  217M 0s
 20650K .......... .......... .......... .......... .......... 79%  142M 0s
 20700K .......... .......... .......... .......... .......... 79%  237M 0s
 20750K .......... .......... .......... .......... .......... 79%  260M 0s
 20800K .......... .......... .......... .......... .......... 80%  228M 0s
 20850K .......... .......... .......... .......... .......... 80%  139M 0s
 20900K .......... .......... .......... .......... .......... 80%  301M 0s
 20950K .......... .......... .......... .......... .......... 80%  232M 0s
 21000K .......... .......... .......... .......... .......... 80%  234M 0s
 21050K .......... .......... .......... .......... .......... 81%  245M 0s
 21100K .......... .......... .......... .......... .......... 81%  274M 0s
 21150K .......... .......... .......... .......... .......... 81%  247M 0s
 21200K .......... .......... .......... .......... .......... 81%  274M 0s
 21250K .......... .......... .......... .......... .......... 81%  258M 0s
 21300K .......... .......... .......... .......... .......... 82%  274M 0s
 21350K .......... .......... .......... .......... .......... 82%  319M 0s
 21400K .......... .......... .......... .......... .......... 82%  282M 0s
 21450K .......... .......... .......... .......... .......... 82%  255M 0s
 21500K .......... .......... .......... .......... .......... 82%  194M 0s
 21550K .......... .......... .......... .......... .......... 82%  231M 0s
 21600K .......... .......... .......... .......... .......... 83%  295M 0s
 21650K .......... .......... .......... .......... .......... 83%  277M 0s
 21700K .......... .......... .......... .......... .......... 83%  208M 0s
 21750K .......... .......... .......... .......... .......... 83%  258M 0s
 21800K .......... .......... .......... .......... .......... 83%  212M 0s
 21850K .......... .......... .......... .......... .......... 84%  203M 0s
 21900K .......... .......... .......... .......... .......... 84%  233M 0s
 21950K .......... .......... .......... .......... .......... 84%  241M 0s
 22000K .......... .......... .......... .......... .......... 84%  202M 0s
 22050K .......... .......... .......... .......... .......... 84% 1.38M 0s
 22100K .......... .......... .......... .......... .......... 85%  190M 0s
 22150K .......... .......... .......... .......... .......... 85%  221M 0s
 22200K .......... .......... .......... .......... .......... 85%  196M 0s
 22250K .......... .......... .......... .......... .......... 85%  235M 0s
 22300K .......... .......... .......... .......... .......... 85%  235M 0s
 22350K .......... .......... .......... .......... .......... 86%  223M 0s
 22400K .......... .......... .......... .......... .......... 86%  218M 0s
 22450K .......... .......... .......... .......... .......... 86%  222M 0s
 22500K .......... .......... .......... .......... .......... 86%  255M 0s
 22550K .......... .......... .......... .......... .......... 86% 1017K 0s
 22600K .......... .......... .......... .......... .......... 87%  184M 0s
 22650K .......... .......... .......... .......... .......... 87%  229M 0s
 22700K .......... .......... .......... .......... .......... 87%  240M 0s
 22750K .......... .......... .......... .......... .......... 87%  262M 0s
 22800K .......... .......... .......... .......... .......... 87%  211M 0s
 22850K .......... .......... .......... .......... .......... 87%  231M 0s
 22900K .......... .......... .......... .......... .......... 88%  226M 0s
 22950K .......... .......... .......... .......... .......... 88%  261M 0s
 23000K .......... .......... .......... .......... .......... 88%  237M 0s
 23050K .......... .......... .......... .......... .......... 88% 5.03M 0s
 23100K .......... .......... .......... .......... .......... 88%  239M 0s
 23150K .......... .......... .......... .......... .......... 89%  269M 0s
 23200K .......... .......... .......... .......... .......... 89%  244M 0s
 23250K .......... .......... .......... .......... .......... 89%  182M 0s
 23300K .......... .......... .......... .......... .......... 89%  208M 0s
 23350K .......... .......... .......... .......... .......... 89%  181M 0s
 23400K .......... .......... .......... .......... .......... 90%  136M 0s
 23450K .......... .......... .......... .......... .......... 90%  191M 0s
 23500K .......... .......... .......... .......... .......... 90%  242M 0s
 23550K .......... .......... .......... .......... .......... 90%  228M 0s
 23600K .......... .......... .......... .......... .......... 90%  204M 0s
 23650K .......... .......... .......... .......... .......... 91%  216M 0s
 23700K .......... .......... .......... .......... .......... 91%  155M 0s
 23750K .......... .......... .......... .......... .......... 91%  246M 0s
 23800K .......... .......... .......... .......... .......... 91%  262M 0s
 23850K .......... .......... .......... .......... .......... 91%  249M 0s
 23900K .......... .......... .......... .......... .......... 92%  222M 0s
 23950K .......... .......... .......... .......... .......... 92%  207M 0s
 24000K .......... .......... .......... .......... .......... 92%  202M 0s
 24050K .......... .......... .......... .......... .......... 92%  222M 0s
 24100K .......... .......... .......... .......... .......... 92%  252M 0s
 24150K .......... .......... .......... .......... .......... 92%  258M 0s
 24200K .......... .......... .......... .......... .......... 93%  266M 0s
 24250K .......... .......... .......... .......... .......... 93%  255M 0s
 24300K .......... .......... .......... .......... .......... 93%  215M 0s
 24350K .......... .......... .......... .......... .......... 93%  235M 0s
 24400K .......... .......... .......... .......... .......... 93%  241M 0s
 24450K .......... .......... .......... .......... .......... 94%  238M 0s
 24500K .......... .......... .......... .......... .......... 94%  259M 0s
 24550K .......... .......... .......... .......... .......... 94%  230M 0s
 24600K .......... .......... .......... .......... .......... 94%  203M 0s
 24650K .......... .......... .......... .......... .......... 94%  263M 0s
 24700K .......... .......... .......... .......... .......... 95%  212M 0s
 24750K .......... .......... .......... .......... .......... 95% 1.39M 0s
 24800K .......... .......... .......... .......... .......... 95%  177M 0s
 24850K .......... .......... .......... .......... .......... 95%  219M 0s
 24900K .......... .......... .......... .......... .......... 95%  262M 0s
 24950K .......... .......... .......... .......... .......... 96%  228M 0s
 25000K .......... .......... .......... .......... .......... 96%  259M 0s
 25050K .......... .......... .......... .......... .......... 96%  211M 0s
 25100K .......... .......... .......... .......... .......... 96%  211M 0s
 25150K .......... .......... .......... .......... .......... 96%  256M 0s
 25200K .......... .......... .......... .......... .......... 97%  227M 0s
 25250K .......... .......... .......... .......... .......... 97% 1.02M 0s
 25300K .......... .......... .......... .......... .......... 97% 56.1M 0s
 25350K .......... .......... .......... .......... .......... 97%  214M 0s
 25400K .......... .......... .......... .......... .......... 97%  168M 0s
 25450K .......... .......... .......... .......... .......... 97%  192M 0s
 25500K .......... .......... .......... .......... .......... 98%  197M 0s
 25550K .......... .......... .......... .......... .......... 98%  239M 0s
 25600K .......... .......... .......... .......... .......... 98%  211M 0s
 25650K .......... .......... .......... .......... .......... 98%  227M 0s
 25700K .......... .......... .......... .......... .......... 98%  195M 0s
 25750K .......... .......... .......... .......... .......... 99%  225M 0s
 25800K .......... .......... .......... .......... .......... 99%  221M 0s
 25850K .......... .......... .......... .......... .......... 99% 5.38M 0s
 25900K .......... .......... .......... .......... .......... 99%  244M 0s
 25950K .......... .......... .......... .......... .......... 99%  194M 0s
 26000K .......... .......... .......                         100%  242M=1.7s

2025-02-19 16:06:17 (15.1 MB/s) - 'MG5_aMC_v2.9.18.tar.gz' saved [26651876/26651876]

patching file models/loop_qcd_qed_sm/restrict_lepton_masses_no_lepton_yukawas.dat
patching file models/loop_sm/restrict_ckm_no_b_mass.dat
patching file models/sm/restrict_ckm_lepton_masses.dat
patching file models/sm/restrict_ckm_lepton_masses_no_b_mass.dat
patching file models/sm/restrict_ckm_no_b_mass.dat
patching file models/sm/restrict_lepton_masses_no_b_mass.dat
patching file Template/NLO/SubProcesses/MCmasses_PYTHIA8.inc
patching file madgraph/interface/loop_interface.py
patching file madgraph/various/systematics.py
Hunk #1 succeeded at 342 (offset 3 lines).
Hunk #2 succeeded at 377 (offset 3 lines).
Hunk #3 succeeded at 551 (offset 3 lines).
patching file Template/NLO/Source/make_opts.inc
patching file madgraph/iolibs/export_v4.py
patching file madgraph/iolibs/template_files/pdf_opendata.f
patching file madgraph/iolibs/template_files/pdf_wrap_lhapdf.f
patching file madgraph/iolibs/template_files/pdf_wrap_lhapdf.f
patching file madgraph/interface/reweight_interface.py
patching file madgraph/interface/common_run_interface.py
patching file Template/LO/SubProcesses/refine.sh
patching file Template/LO/SubProcesses/refine_splitted.sh
patching file Template/LO/SubProcesses/survey.sh
patching file Template/NLO/SubProcesses/ajob_template
patching file Template/NLO/SubProcesses/reweight_xsec_events.local
patching file madgraph/various/misc.py
Hunk #1 succeeded at 514 (offset 39 lines).
patching file madgraph/various/cluster.py
************************************************************
*                                                          *
*                     W E L C O M E to                     *
*              M A D G R A P H 5 _ a M C @ N L O           *
*                                                          *
*                                                          *
*                 *                       *                *
*                   *        * *        *                  *
*                     * * * * 5 * * * *                    *
*                   *        * *        *                  *
*                 *                       *                *
*                                                          *
*         VERSION 2.9.18                2023-12-08         *
*                                                          *
*    The MadGraph5_aMC@NLO Development Team - Find us at   *
*    https://server06.fynu.ucl.ac.be/projects/madgraph     *
*                            and                           *
*            http://amcatnlo.web.cern.ch/amcatnlo/         *
*                                                          *
*               Type 'help' for in-line help.              *
*           Type 'tutorial' to learn how MG5 works         *
*    Type 'tutorial aMCatNLO' to learn how aMC@NLO works   *
*    Type 'tutorial MadLoop' to learn how MadLoop works    *
*                                                          *
************************************************************
load MG5 configuration from input/mg5_configuration.txt 
fastjet-config does not seem to correspond to a valid fastjet-config executable (v3+). We will use fjcore instead.
 Please set the 'fastjet'variable to the full (absolute) /PATH/TO/fastjet-config (including fastjet-config).
 MG5_aMC> set fastjet /PATH/TO/fastjet-config

set lhapdf to lhapdf-config
None does not seem to correspond to a valid lhapdf-config executable. 
Please set the 'lhapdf' variable to the (absolute) /PATH/TO/lhapdf-config (including lhapdf-config).
Note that you can still compile and run aMC@NLO with the built-in PDFs
 MG5_aMC> set lhapdf /PATH/TO/lhapdf-config

Using default text editor "vi". Set another one in ./input/mg5_configuration.txt
Using default eps viewer "evince". Set another one in ./input/mg5_configuration.txt
No valid web browser found. Please set in ./input/mg5_configuration.txt
import /uscms_data/d3/bweiss/mcgen/genproductions/bin/MadGraph5_aMCatNLO/ewkwmjjjj_5f_LO/ewkwmjjjj_5f_LO_gridpack/work/MG5_aMC_v2_9_18/mgconfigscript
The import format was not given, so we guess it as command
set auto_update 0
set automatic_html_opening False
This option will be the default in any output that you are going to create in this session.
In order to keep this changes permanent please run 'save options'
set auto_convert_model True
save options auto_convert_model
save configuration file to /uscms_data/d3/bweiss/mcgen/genproductions/bin/MadGraph5_aMCatNLO/ewkwmjjjj_5f_LO/ewkwmjjjj_5f_LO_gridpack/work/MG5_aMC_v2_9_18/input/mg5_configuration.txt
set lhapdf_py3 /cvmfs/cms.cern.ch/el8_amd64_gcc10/external/lhapdf/6.4.0-68defff11ffd434c73727d03802bfb85/share/LHAPDF/../../bin/lhapdf-config
set lhapdf to /cvmfs/cms.cern.ch/el8_amd64_gcc10/external/lhapdf/6.4.0-68defff11ffd434c73727d03802bfb85/share/LHAPDF/../../bin/lhapdf-config
save options lhapdf_py3
save configuration file to /uscms_data/d3/bweiss/mcgen/genproductions/bin/MadGraph5_aMCatNLO/ewkwmjjjj_5f_LO/ewkwmjjjj_5f_LO_gridpack/work/MG5_aMC_v2_9_18/input/mg5_configuration.txt
set run_mode 2
This option will be the default in any output that you are going to create in this session.
In order to keep this changes permanent please run 'save options'
save options --all
save configuration file to /uscms_data/d3/bweiss/mcgen/genproductions/bin/MadGraph5_aMCatNLO/ewkwmjjjj_5f_LO/ewkwmjjjj_5f_LO_gridpack/work/MG5_aMC_v2_9_18/input/mg5_configuration.txt
quit
ls: cannot access '/uscms/home/bweiss/nobackup/mcgen/genproductions/bin/MadGraph5_aMCatNLO/cards/production/13p6TeV/EWKWm2Jets_WToQQ/ewkwmjjjj_5f_LO*.patch': No such file or directory
/uscms/home/bweiss/nobackup/mcgen/genproductions/bin/MadGraph5_aMCatNLO/ewkwmjjjj_5f_LO/ewkwmjjjj_5f_LO_gridpack/work
************************************************************
*                                                          *
*                     W E L C O M E to                     *
*              M A D G R A P H 5 _ a M C @ N L O           *
*                                                          *
*                                                          *
*                 *                       *                *
*                   *        * *        *                  *
*                     * * * * 5 * * * *                    *
*                   *        * *        *                  *
*                 *                       *                *
*                                                          *
*         VERSION 2.9.18                2023-12-08         *
*                                                          *
*    The MadGraph5_aMC@NLO Development Team - Find us at   *
*    https://server06.fynu.ucl.ac.be/projects/madgraph     *
*                            and                           *
*            http://amcatnlo.web.cern.ch/amcatnlo/         *
*                                                          *
*               Type 'help' for in-line help.              *
*           Type 'tutorial' to learn how MG5 works         *
*    Type 'tutorial aMCatNLO' to learn how aMC@NLO works   *
*    Type 'tutorial MadLoop' to learn how MadLoop works    *
*                                                          *
************************************************************
load MG5 configuration from MG5_aMC_v2_9_18/input/mg5_configuration.txt 
None does not seem to correspond to a valid fastjet-config executable (v3+). We will use fjcore instead.
 Please set the 'fastjet'variable to the full (absolute) /PATH/TO/fastjet-config (including fastjet-config).
 MG5_aMC> set fastjet /PATH/TO/fastjet-config

set lhapdf to /cvmfs/cms.cern.ch/el8_amd64_gcc10/external/lhapdf/6.4.0-68defff11ffd434c73727d03802bfb85/share/LHAPDF/../../bin/lhapdf-config
set lhapdf to /cvmfs/cms.cern.ch/el8_amd64_gcc10/external/lhapdf/6.4.0-68defff11ffd434c73727d03802bfb85/share/LHAPDF/../../bin/lhapdf-config
Using default text editor "vi". Set another one in ./input/mg5_configuration.txt
Using default eps viewer "evince". Set another one in ./input/mg5_configuration.txt
No valid web browser found. Please set in ./input/mg5_configuration.txt
import /uscms_data/d3/bweiss/mcgen/genproductions/bin/MadGraph5_aMCatNLO/ewkwmjjjj_5f_LO/ewkwmjjjj_5f_LO_gridpack/work/ewkwmjjjj_5f_LO_proc_card.dat
The import format was not given, so we guess it as command
import model sm-no_b_mass
INFO: load particles 
INFO: load vertices 
INFO: Restrict model sm-no_b_mass with file MG5_aMC_v2_9_18/models/sm/restrict_no_b_mass.dat . 
INFO: Run "set stdout_level DEBUG" before import for more information. 
INFO: Change particles name to pass to MG5 convention 
Defined multiparticle p = g u c d s u~ c~ d~ s~
Defined multiparticle j = g u c d s u~ c~ d~ s~
Defined multiparticle l+ = e+ mu+
Defined multiparticle l- = e- mu-
Defined multiparticle vl = ve vm vt
Defined multiparticle vl~ = ve~ vm~ vt~
[1;34mPass the definition of 'j' and 'p' to 5 flavour scheme.[0m
Defined multiparticle all = g u c d s b u~ c~ d~ s~ b~ a ve vm vt e- mu- ve~ vm~ vt~ e+ mu+ t t~ z w+ h w- ta- ta+
generate p p > w- j j / t t~ h QED=4 QCD=0, w- > j j
[1;34mInterpreting 'QED=4' as 'QED<=4'[0m
INFO: Trying process: g g > w- u d~ QCD=0 QED<=4 / t t h @1  
INFO: Trying process: g g > w- u s~ QCD=0 QED<=4 / t t h @1  
INFO: Trying process: g g > w- u b~ QCD=0 QED<=4 / t t h @1  
INFO: Trying process: g g > w- c d~ QCD=0 QED<=4 / t t h @1  
INFO: Trying process: g g > w- c s~ QCD=0 QED<=4 / t t h @1  
INFO: Trying process: g g > w- c b~ QCD=0 QED<=4 / t t h @1  
INFO: Trying process: u d > w- u u QCD=0 QED<=4 / t t h @1  
INFO: Process has 14 diagrams 
INFO: Trying process: u d > w- u c QCD=0 QED<=4 / t t h @1  
INFO: Trying process: u d > w- c c QCD=0 QED<=4 / t t h @1  
INFO: Trying process: u s > w- u u QCD=0 QED<=4 / t t h @1  
INFO: Trying process: u s > w- u c QCD=0 QED<=4 / t t h @1  
INFO: Process has 7 diagrams 
INFO: Trying process: u s > w- c c QCD=0 QED<=4 / t t h @1  
INFO: Crossed process found for u u~ > w- u d~, reuse diagrams. 
INFO: Trying process: u u~ > w- u b~ QCD=0 QED<=4 / t t h @1  
INFO: Crossed process found for u u~ > w- c s~, reuse diagrams. 
INFO: Trying process: u u~ > w- c b~ QCD=0 QED<=4 / t t h @1  
INFO: Crossed process found for u c~ > w- u s~, reuse diagrams. 
INFO: Trying process: u c~ > w- c b~ QCD=0 QED<=4 / t t h @1  
INFO: Trying process: c d > w- u u QCD=0 QED<=4 / t t h @1  
INFO: Trying process: c d > w- u c QCD=0 QED<=4 / t t h @1  
INFO: Process has 7 diagrams 
INFO: Trying process: c d > w- c c QCD=0 QED<=4 / t t h @1  
INFO: Trying process: c s > w- u u QCD=0 QED<=4 / t t h @1  
INFO: Trying process: c s > w- u c QCD=0 QED<=4 / t t h @1  
INFO: Trying process: c s > w- c c QCD=0 QED<=4 / t t h @1  
INFO: Process has 14 diagrams 
INFO: Trying process: c u~ > w- u b~ QCD=0 QED<=4 / t t h @1  
INFO: Crossed process found for c u~ > w- c d~, reuse diagrams. 
INFO: Trying process: c u~ > w- c b~ QCD=0 QED<=4 / t t h @1  
INFO: Crossed process found for c c~ > w- u d~, reuse diagrams. 
INFO: Crossed process found for c c~ > w- c s~, reuse diagrams. 
INFO: Trying process: c c~ > w- c b~ QCD=0 QED<=4 / t t h @1  
INFO: Process d u > w- u u added to mirror process u d > w- u u 
INFO: Process d c > w- u c added to mirror process c d > w- u c 
INFO: Trying process: d d > w- u d QCD=0 QED<=4 / t t h @1  
INFO: Process has 14 diagrams 
INFO: Trying process: d d > w- u s QCD=0 QED<=4 / t t h @1  
INFO: Trying process: d d > w- u b QCD=0 QED<=4 / t t h @1  
INFO: Trying process: d d > w- c d QCD=0 QED<=4 / t t h @1  
INFO: Trying process: d d > w- c s QCD=0 QED<=4 / t t h @1  
INFO: Trying process: d d > w- c b QCD=0 QED<=4 / t t h @1  
INFO: Trying process: d s > w- u d QCD=0 QED<=4 / t t h @1  
INFO: Trying process: d s > w- u s QCD=0 QED<=4 / t t h @1  
INFO: Process has 7 diagrams 
INFO: Trying process: d s > w- u b QCD=0 QED<=4 / t t h @1  
INFO: Trying process: d s > w- c d QCD=0 QED<=4 / t t h @1  
INFO: Process has 7 diagrams 
INFO: Trying process: d s > w- c s QCD=0 QED<=4 / t t h @1  
INFO: Trying process: d s > w- c b QCD=0 QED<=4 / t t h @1  
INFO: Crossed process found for d u~ > w- u u~, reuse diagrams. 
INFO: Crossed process found for d u~ > w- c c~, reuse diagrams. 
INFO: Crossed process found for d u~ > w- d d~, reuse diagrams. 
INFO: Trying process: d u~ > w- d b~ QCD=0 QED<=4 / t t h @1  
INFO: Crossed process found for d u~ > w- s s~, reuse diagrams. 
INFO: Trying process: d u~ > w- s b~ QCD=0 QED<=4 / t t h @1  
INFO: Trying process: d u~ > w- b b~ QCD=0 QED<=4 / t t h @1  
INFO: Process has 6 diagrams 
INFO: Crossed process found for d c~ > w- u c~, reuse diagrams. 
INFO: Crossed process found for d c~ > w- d s~, reuse diagrams. 
INFO: Trying process: d c~ > w- d b~ QCD=0 QED<=4 / t t h @1  
INFO: Trying process: d c~ > w- s b~ QCD=0 QED<=4 / t t h @1  
INFO: Trying process: d c~ > w- b b~ QCD=0 QED<=4 / t t h @1  
INFO: Crossed process found for d d~ > w- u d~, reuse diagrams. 
INFO: Crossed process found for d d~ > w- c s~, reuse diagrams. 
INFO: Crossed process found for d s~ > w- u s~, reuse diagrams. 
INFO: Crossed process found for d b > w- u b, reuse diagrams. 
INFO: Crossed process found for d b~ > w- u b~, reuse diagrams. 
INFO: Process s u > w- u c added to mirror process u s > w- u c 
INFO: Process s c > w- c c added to mirror process c s > w- c c 
INFO: Process s d > w- u s added to mirror process d s > w- u s 
INFO: Process s d > w- c d added to mirror process d s > w- c d 
INFO: Trying process: s s > w- u d QCD=0 QED<=4 / t t h @1  
INFO: Trying process: s s > w- u s QCD=0 QED<=4 / t t h @1  
INFO: Trying process: s s > w- u b QCD=0 QED<=4 / t t h @1  
INFO: Trying process: s s > w- c d QCD=0 QED<=4 / t t h @1  
INFO: Trying process: s s > w- c s QCD=0 QED<=4 / t t h @1  
INFO: Process has 14 diagrams 
INFO: Trying process: s s > w- c b QCD=0 QED<=4 / t t h @1  
INFO: Crossed process found for s u~ > w- c u~, reuse diagrams. 
INFO: Trying process: s u~ > w- d b~ QCD=0 QED<=4 / t t h @1  
INFO: Crossed process found for s u~ > w- s d~, reuse diagrams. 
INFO: Trying process: s u~ > w- s b~ QCD=0 QED<=4 / t t h @1  
INFO: Trying process: s u~ > w- b b~ QCD=0 QED<=4 / t t h @1  
INFO: Crossed process found for s c~ > w- u u~, reuse diagrams. 
INFO: Crossed process found for s c~ > w- c c~, reuse diagrams. 
INFO: Crossed process found for s c~ > w- d d~, reuse diagrams. 
INFO: Trying process: s c~ > w- d b~ QCD=0 QED<=4 / t t h @1  
INFO: Crossed process found for s c~ > w- s s~, reuse diagrams. 
INFO: Trying process: s c~ > w- s b~ QCD=0 QED<=4 / t t h @1  
INFO: Trying process: s c~ > w- b b~ QCD=0 QED<=4 / t t h @1  
INFO: Process has 6 diagrams 
INFO: Crossed process found for s d~ > w- c d~, reuse diagrams. 
INFO: Crossed process found for s s~ > w- u d~, reuse diagrams. 
INFO: Crossed process found for s s~ > w- c s~, reuse diagrams. 
INFO: Crossed process found for s b > w- c b, reuse diagrams. 
INFO: Crossed process found for s b~ > w- c b~, reuse diagrams. 
INFO: Process u~ u > w- u d~ added to mirror process u u~ > w- u d~ 
INFO: Process u~ u > w- c s~ added to mirror process u u~ > w- c s~ 
INFO: Process u~ c > w- c d~ added to mirror process c u~ > w- c d~ 
INFO: Process u~ d > w- u u~ added to mirror process d u~ > w- u u~ 
INFO: Process u~ d > w- c c~ added to mirror process d u~ > w- c c~ 
INFO: Process u~ d > w- d d~ added to mirror process d u~ > w- d d~ 
INFO: Process u~ d > w- s s~ added to mirror process d u~ > w- s s~ 
INFO: Process u~ d > w- b b~ added to mirror process d u~ > w- b b~ 
INFO: Process u~ s > w- c u~ added to mirror process s u~ > w- c u~ 
INFO: Process u~ s > w- s d~ added to mirror process s u~ > w- s d~ 
INFO: Crossed process found for u~ u~ > w- u~ d~, reuse diagrams. 
INFO: Crossed process found for u~ c~ > w- u~ s~, reuse diagrams. 
INFO: Crossed process found for u~ c~ > w- c~ d~, reuse diagrams. 
INFO: Crossed process found for u~ d~ > w- d~ d~, reuse diagrams. 
INFO: Trying process: u~ d~ > w- b~ b~ QCD=0 QED<=4 / t t h @1  
INFO: Crossed process found for u~ s~ > w- d~ s~, reuse diagrams. 
INFO: Trying process: u~ s~ > w- b~ b~ QCD=0 QED<=4 / t t h @1  
INFO: Crossed process found for u~ b > w- b d~, reuse diagrams. 
INFO: Trying process: u~ b > w- b b~ QCD=0 QED<=4 / t t h @1  
INFO: Crossed process found for u~ b~ > w- d~ b~, reuse diagrams. 
INFO: Process c~ u > w- u s~ added to mirror process u c~ > w- u s~ 
INFO: Process c~ c > w- u d~ added to mirror process c c~ > w- u d~ 
INFO: Process c~ c > w- c s~ added to mirror process c c~ > w- c s~ 
INFO: Process c~ d > w- u c~ added to mirror process d c~ > w- u c~ 
INFO: Process c~ d > w- d s~ added to mirror process d c~ > w- d s~ 
INFO: Process c~ s > w- u u~ added to mirror process s c~ > w- u u~ 
INFO: Process c~ s > w- c c~ added to mirror process s c~ > w- c c~ 
INFO: Process c~ s > w- d d~ added to mirror process s c~ > w- d d~ 
INFO: Process c~ s > w- s s~ added to mirror process s c~ > w- s s~ 
INFO: Process c~ s > w- b b~ added to mirror process s c~ > w- b b~ 
INFO: Process c~ u~ > w- u~ s~ added to mirror process u~ c~ > w- u~ s~ 
INFO: Process c~ u~ > w- c~ d~ added to mirror process u~ c~ > w- c~ d~ 
INFO: Crossed process found for c~ c~ > w- c~ s~, reuse diagrams. 
INFO: Crossed process found for c~ d~ > w- d~ s~, reuse diagrams. 
INFO: Trying process: c~ d~ > w- b~ b~ QCD=0 QED<=4 / t t h @1  
INFO: Crossed process found for c~ s~ > w- s~ s~, reuse diagrams. 
INFO: Trying process: c~ s~ > w- b~ b~ QCD=0 QED<=4 / t t h @1  
INFO: Crossed process found for c~ b > w- b s~, reuse diagrams. 
INFO: Trying process: c~ b > w- b b~ QCD=0 QED<=4 / t t h @1  
INFO: Crossed process found for c~ b~ > w- s~ b~, reuse diagrams. 
INFO: Process d~ d > w- u d~ added to mirror process d d~ > w- u d~ 
INFO: Process d~ d > w- c s~ added to mirror process d d~ > w- c s~ 
INFO: Process d~ s > w- c d~ added to mirror process s d~ > w- c d~ 
INFO: Process d~ u~ > w- d~ d~ added to mirror process u~ d~ > w- d~ d~ 
INFO: Process d~ c~ > w- d~ s~ added to mirror process c~ d~ > w- d~ s~ 
INFO: Process s~ d > w- u s~ added to mirror process d s~ > w- u s~ 
INFO: Process s~ s > w- u d~ added to mirror process s s~ > w- u d~ 
INFO: Process s~ s > w- c s~ added to mirror process s s~ > w- c s~ 
INFO: Process s~ u~ > w- d~ s~ added to mirror process u~ s~ > w- d~ s~ 
INFO: Process s~ c~ > w- s~ s~ added to mirror process c~ s~ > w- s~ s~ 
INFO: Process b d > w- u b added to mirror process d b > w- u b 
INFO: Process b s > w- c b added to mirror process s b > w- c b 
INFO: Process b u~ > w- b d~ added to mirror process u~ b > w- b d~ 
INFO: Process b c~ > w- b s~ added to mirror process c~ b > w- b s~ 
INFO: Crossed process found for b b~ > w- u d~, reuse diagrams. 
INFO: Crossed process found for b b~ > w- c s~, reuse diagrams. 
INFO: Process b~ d > w- u b~ added to mirror process d b~ > w- u b~ 
INFO: Process b~ s > w- c b~ added to mirror process s b~ > w- c b~ 
INFO: Process b~ u~ > w- d~ b~ added to mirror process u~ b~ > w- d~ b~ 
INFO: Process b~ c~ > w- s~ b~ added to mirror process c~ b~ > w- s~ b~ 
INFO: Process b~ b > w- u d~ added to mirror process b b~ > w- u d~ 
INFO: Process b~ b > w- c s~ added to mirror process b b~ > w- c s~ 
INFO: Checking for minimal orders which gives processes. 
INFO: Please specify coupling orders to bypass this step. 
INFO: Trying process: w- > d u~ WEIGHTED<=2  
INFO: Process has 1 diagrams 
INFO: Trying process: w- > d c~ WEIGHTED<=2  
INFO: Trying process: w- > s u~ WEIGHTED<=2  
INFO: Trying process: w- > s c~ WEIGHTED<=2  
INFO: Process has 1 diagrams 
INFO: Trying process: w- > b u~ WEIGHTED<=2  
INFO: Trying process: w- > b c~ WEIGHTED<=2  
1 processes with 466 diagrams generated in 0.604 s
Total: 1 processes with 466 diagrams
output ewkwmjjjj_5f_LO -nojpeg
[1;34mPlugin PLUGIN.CMS_CLUSTER has marked as NOT being validated with this version. 
It has been validated for the last time with version: 2.6.0[0m
INFO: initialize a new directory: ewkwmjjjj_5f_LO 
INFO: remove old information in ewkwmjjjj_5f_LO 
INFO: Organizing processes into subprocess groups 
INFO: Organizing processes into subprocess groups 
INFO: Generating Helas calls for process: u d > w- u u QCD=0 QED<=4 / t t h @1 
INFO: Generating Helas calls for process: u s > w- u c QCD=0 QED<=4 / t t h @1 
INFO: Generating Helas calls for process: u u~ > w- u d~ QCD=0 QED<=4 / t t h @1 
INFO: Generating Helas calls for process: u u~ > w- c s~ QCD=0 QED<=4 / t t h @1 
INFO: Generating Helas calls for process: u c~ > w- u s~ QCD=0 QED<=4 / t t h @1 
INFO: Combined process c d > w- c u QCD=0 QED<=4 / t t h @1 with process u s > w- u c QCD=0 QED<=4 / t t h @1 
INFO: Combined process c s > w- c c QCD=0 QED<=4 / t t h @1 with process u d > w- u u QCD=0 QED<=4 / t t h @1 
INFO: Combined process c u~ > w- c d~ QCD=0 QED<=4 / t t h @1 with process u c~ > w- u s~ QCD=0 QED<=4 / t t h @1 
INFO: Combined process c c~ > w- u d~ QCD=0 QED<=4 / t t h @1 with process u u~ > w- c s~ QCD=0 QED<=4 / t t h @1 
INFO: Combined process c c~ > w- c s~ QCD=0 QED<=4 / t t h @1 with process u u~ > w- u d~ QCD=0 QED<=4 / t t h @1 
INFO: Generating Helas calls for process: d d > w- u d QCD=0 QED<=4 / t t h @1 
INFO: Generating Helas calls for process: d s > w- u s QCD=0 QED<=4 / t t h @1 
INFO: Generating Helas calls for process: d s > w- c d QCD=0 QED<=4 / t t h @1 
INFO: Generating Helas calls for process: d u~ > w- u u~ QCD=0 QED<=4 / t t h @1 
INFO: Generating Helas calls for process: d u~ > w- c c~ QCD=0 QED<=4 / t t h @1 
INFO: Generating Helas calls for process: d u~ > w- d d~ QCD=0 QED<=4 / t t h @1 
INFO: Generating Helas calls for process: d u~ > w- s s~ QCD=0 QED<=4 / t t h @1 
INFO: Generating Helas calls for process: d u~ > w- b b~ QCD=0 QED<=4 / t t h @1 
INFO: Generating Helas calls for process: d c~ > w- u c~ QCD=0 QED<=4 / t t h @1 
INFO: Generating Helas calls for process: d c~ > w- d s~ QCD=0 QED<=4 / t t h @1 
INFO: Generating Helas calls for process: d d~ > w- u d~ QCD=0 QED<=4 / t t h @1 
INFO: Generating Helas calls for process: d d~ > w- c s~ QCD=0 QED<=4 / t t h @1 
INFO: Generating Helas calls for process: d s~ > w- u s~ QCD=0 QED<=4 / t t h @1 
INFO: Generating Helas calls for process: d b > w- u b QCD=0 QED<=4 / t t h @1 
INFO: Generating Helas calls for process: d b~ > w- u b~ QCD=0 QED<=4 / t t h @1 
INFO: Combined process s s > w- c s QCD=0 QED<=4 / t t h @1 with process d d > w- u d QCD=0 QED<=4 / t t h @1 
INFO: Combined process s u~ > w- c u~ QCD=0 QED<=4 / t t h @1 with process d c~ > w- u c~ QCD=0 QED<=4 / t t h @1 
INFO: Combined process s u~ > w- s d~ QCD=0 QED<=4 / t t h @1 with process d c~ > w- d s~ QCD=0 QED<=4 / t t h @1 
INFO: Combined process s c~ > w- u u~ QCD=0 QED<=4 / t t h @1 with process d u~ > w- c c~ QCD=0 QED<=4 / t t h @1 
INFO: Combined process s c~ > w- c c~ QCD=0 QED<=4 / t t h @1 with process d u~ > w- u u~ QCD=0 QED<=4 / t t h @1 
INFO: Combined process s c~ > w- d d~ QCD=0 QED<=4 / t t h @1 with process d u~ > w- s s~ QCD=0 QED<=4 / t t h @1 
INFO: Combined process s c~ > w- s s~ QCD=0 QED<=4 / t t h @1 with process d u~ > w- d d~ QCD=0 QED<=4 / t t h @1 
INFO: Combined process s c~ > w- b b~ QCD=0 QED<=4 / t t h @1 with process d u~ > w- b b~ QCD=0 QED<=4 / t t h @1 
INFO: Combined process s d~ > w- c d~ QCD=0 QED<=4 / t t h @1 with process d s~ > w- u s~ QCD=0 QED<=4 / t t h @1 
INFO: Combined process s s~ > w- u d~ QCD=0 QED<=4 / t t h @1 with process d d~ > w- c s~ QCD=0 QED<=4 / t t h @1 
INFO: Combined process s s~ > w- c s~ QCD=0 QED<=4 / t t h @1 with process d d~ > w- u d~ QCD=0 QED<=4 / t t h @1 
INFO: Combined process s b > w- c b QCD=0 QED<=4 / t t h @1 with process d b > w- u b QCD=0 QED<=4 / t t h @1 
INFO: Combined process s b~ > w- c b~ QCD=0 QED<=4 / t t h @1 with process d b~ > w- u b~ QCD=0 QED<=4 / t t h @1 
INFO: Generating Helas calls for process: u~ u~ > w- u~ d~ QCD=0 QED<=4 / t t h @1 
INFO: Generating Helas calls for process: u~ c~ > w- u~ s~ QCD=0 QED<=4 / t t h @1 
INFO: Generating Helas calls for process: u~ c~ > w- c~ d~ QCD=0 QED<=4 / t t h @1 
INFO: Generating Helas calls for process: u~ d~ > w- d~ d~ QCD=0 QED<=4 / t t h @1 
INFO: Generating Helas calls for process: u~ s~ > w- d~ s~ QCD=0 QED<=4 / t t h @1 
INFO: Generating Helas calls for process: u~ b > w- b d~ QCD=0 QED<=4 / t t h @1 
INFO: Generating Helas calls for process: u~ b~ > w- d~ b~ QCD=0 QED<=4 / t t h @1 
INFO: Combined process c~ c~ > w- c~ s~ QCD=0 QED<=4 / t t h @1 with process u~ u~ > w- u~ d~ QCD=0 QED<=4 / t t h @1 
INFO: Combined process c~ d~ > w- s~ d~ QCD=0 QED<=4 / t t h @1 with process u~ s~ > w- d~ s~ QCD=0 QED<=4 / t t h @1 
INFO: Combined process c~ s~ > w- s~ s~ QCD=0 QED<=4 / t t h @1 with process u~ d~ > w- d~ d~ QCD=0 QED<=4 / t t h @1 
INFO: Combined process c~ b > w- b s~ QCD=0 QED<=4 / t t h @1 with process u~ b > w- b d~ QCD=0 QED<=4 / t t h @1 
INFO: Combined process c~ b~ > w- s~ b~ QCD=0 QED<=4 / t t h @1 with process u~ b~ > w- d~ b~ QCD=0 QED<=4 / t t h @1 
INFO: Generating Helas calls for process: b b~ > w- u d~ QCD=0 QED<=4 / t t h @1 
INFO: Combined process b b~ > w- c s~ QCD=0 QED<=4 / t t h @1 with process b b~ > w- u d~ QCD=0 QED<=4 / t t h @1 
INFO: Generating Helas calls for process: w- > d u~ WEIGHTED<=2 
INFO: Generating Helas calls for process: w- > s c~ WEIGHTED<=2 
INFO: Combine u d > w- u u QCD=0 QED<=4 / t t h @1 with decays w- > d u~ WEIGHTED<=2 
INFO: Combine u d > w- u u QCD=0 QED<=4 / t t h @1 with decays w- > s c~ WEIGHTED<=2 
INFO: Combining process with u d > w- u u QCD=0 QED<=4 / t t h @1
  Decay: w- > d u~ WEIGHTED<=2 
INFO: Combine u s > w- u c QCD=0 QED<=4 / t t h @1 with decays w- > d u~ WEIGHTED<=2 
INFO: Combine u s > w- u c QCD=0 QED<=4 / t t h @1 with decays w- > s c~ WEIGHTED<=2 
INFO: Combining process with u s > w- u c QCD=0 QED<=4 / t t h @1
  Decay: w- > d u~ WEIGHTED<=2 
INFO: Combine u u~ > w- u d~ QCD=0 QED<=4 / t t h @1 with decays w- > d u~ WEIGHTED<=2 
INFO: Combine u u~ > w- u d~ QCD=0 QED<=4 / t t h @1 with decays w- > s c~ WEIGHTED<=2 
INFO: Combining process with u u~ > w- u d~ QCD=0 QED<=4 / t t h @1
  Decay: w- > d u~ WEIGHTED<=2 
INFO: Combine u u~ > w- c s~ QCD=0 QED<=4 / t t h @1 with decays w- > d u~ WEIGHTED<=2 
INFO: Combine u u~ > w- c s~ QCD=0 QED<=4 / t t h @1 with decays w- > s c~ WEIGHTED<=2 
INFO: Combining process with u u~ > w- c s~ QCD=0 QED<=4 / t t h @1
  Decay: w- > d u~ WEIGHTED<=2 
INFO: Combine u c~ > w- u s~ QCD=0 QED<=4 / t t h @1 with decays w- > d u~ WEIGHTED<=2 
INFO: Combine u c~ > w- u s~ QCD=0 QED<=4 / t t h @1 with decays w- > s c~ WEIGHTED<=2 
INFO: Combining process with u c~ > w- u s~ QCD=0 QED<=4 / t t h @1
  Decay: w- > d u~ WEIGHTED<=2 
INFO: Combine d d > w- u d QCD=0 QED<=4 / t t h @1 with decays w- > d u~ WEIGHTED<=2 
INFO: Combine d d > w- u d QCD=0 QED<=4 / t t h @1 with decays w- > s c~ WEIGHTED<=2 
INFO: Combine d s > w- u s QCD=0 QED<=4 / t t h @1 with decays w- > d u~ WEIGHTED<=2 
INFO: Combine d s > w- u s QCD=0 QED<=4 / t t h @1 with decays w- > s c~ WEIGHTED<=2 
INFO: Combine d s > w- c d QCD=0 QED<=4 / t t h @1 with decays w- > d u~ WEIGHTED<=2 
INFO: Combine d s > w- c d QCD=0 QED<=4 / t t h @1 with decays w- > s c~ WEIGHTED<=2 
INFO: Combine d u~ > w- u u~ QCD=0 QED<=4 / t t h @1 with decays w- > d u~ WEIGHTED<=2 
INFO: Combine d u~ > w- u u~ QCD=0 QED<=4 / t t h @1 with decays w- > s c~ WEIGHTED<=2 
INFO: Combine d u~ > w- c c~ QCD=0 QED<=4 / t t h @1 with decays w- > d u~ WEIGHTED<=2 
INFO: Combine d u~ > w- c c~ QCD=0 QED<=4 / t t h @1 with decays w- > s c~ WEIGHTED<=2 
INFO: Combine d u~ > w- d d~ QCD=0 QED<=4 / t t h @1 with decays w- > d u~ WEIGHTED<=2 
INFO: Combine d u~ > w- d d~ QCD=0 QED<=4 / t t h @1 with decays w- > s c~ WEIGHTED<=2 
INFO: Combine d u~ > w- s s~ QCD=0 QED<=4 / t t h @1 with decays w- > d u~ WEIGHTED<=2 
INFO: Combine d u~ > w- s s~ QCD=0 QED<=4 / t t h @1 with decays w- > s c~ WEIGHTED<=2 
INFO: Combine d u~ > w- b b~ QCD=0 QED<=4 / t t h @1 with decays w- > d u~ WEIGHTED<=2 
INFO: Combine d u~ > w- b b~ QCD=0 QED<=4 / t t h @1 with decays w- > s c~ WEIGHTED<=2 
INFO: Combining process with d u~ > w- b b~ QCD=0 QED<=4 / t t h @1
  Decay: w- > d u~ WEIGHTED<=2 
INFO: Combine d c~ > w- u c~ QCD=0 QED<=4 / t t h @1 with decays w- > d u~ WEIGHTED<=2 
INFO: Combine d c~ > w- u c~ QCD=0 QED<=4 / t t h @1 with decays w- > s c~ WEIGHTED<=2 
INFO: Combine d c~ > w- d s~ QCD=0 QED<=4 / t t h @1 with decays w- > d u~ WEIGHTED<=2 
INFO: Combine d c~ > w- d s~ QCD=0 QED<=4 / t t h @1 with decays w- > s c~ WEIGHTED<=2 
INFO: Combine d d~ > w- u d~ QCD=0 QED<=4 / t t h @1 with decays w- > d u~ WEIGHTED<=2 
INFO: Combine d d~ > w- u d~ QCD=0 QED<=4 / t t h @1 with decays w- > s c~ WEIGHTED<=2 
INFO: Combining process with d d~ > w- u d~ QCD=0 QED<=4 / t t h @1
  Decay: w- > d u~ WEIGHTED<=2 
INFO: Combine d d~ > w- c s~ QCD=0 QED<=4 / t t h @1 with decays w- > d u~ WEIGHTED<=2 
INFO: Combine d d~ > w- c s~ QCD=0 QED<=4 / t t h @1 with decays w- > s c~ WEIGHTED<=2 
INFO: Combining process with d d~ > w- c s~ QCD=0 QED<=4 / t t h @1
  Decay: w- > d u~ WEIGHTED<=2 
INFO: Combine d s~ > w- u s~ QCD=0 QED<=4 / t t h @1 with decays w- > d u~ WEIGHTED<=2 
INFO: Combine d s~ > w- u s~ QCD=0 QED<=4 / t t h @1 with decays w- > s c~ WEIGHTED<=2 
INFO: Combining process with d s~ > w- u s~ QCD=0 QED<=4 / t t h @1
  Decay: w- > d u~ WEIGHTED<=2 
INFO: Combine d b > w- u b QCD=0 QED<=4 / t t h @1 with decays w- > d u~ WEIGHTED<=2 
INFO: Combine d b > w- u b QCD=0 QED<=4 / t t h @1 with decays w- > s c~ WEIGHTED<=2 
INFO: Combining process with d b > w- u b QCD=0 QED<=4 / t t h @1
  Decay: w- > d u~ WEIGHTED<=2 
INFO: Combine d b~ > w- u b~ QCD=0 QED<=4 / t t h @1 with decays w- > d u~ WEIGHTED<=2 
INFO: Combine d b~ > w- u b~ QCD=0 QED<=4 / t t h @1 with decays w- > s c~ WEIGHTED<=2 
INFO: Combining process with d b~ > w- u b~ QCD=0 QED<=4 / t t h @1
  Decay: w- > d u~ WEIGHTED<=2 
INFO: Combine u~ u~ > w- u~ d~ QCD=0 QED<=4 / t t h @1 with decays w- > d u~ WEIGHTED<=2 
INFO: Combine u~ u~ > w- u~ d~ QCD=0 QED<=4 / t t h @1 with decays w- > s c~ WEIGHTED<=2 
INFO: Combine u~ c~ > w- u~ s~ QCD=0 QED<=4 / t t h @1 with decays w- > d u~ WEIGHTED<=2 
INFO: Combine u~ c~ > w- u~ s~ QCD=0 QED<=4 / t t h @1 with decays w- > s c~ WEIGHTED<=2 
INFO: Combine u~ c~ > w- c~ d~ QCD=0 QED<=4 / t t h @1 with decays w- > d u~ WEIGHTED<=2 
INFO: Combine u~ c~ > w- c~ d~ QCD=0 QED<=4 / t t h @1 with decays w- > s c~ WEIGHTED<=2 
INFO: Combine u~ d~ > w- d~ d~ QCD=0 QED<=4 / t t h @1 with decays w- > d u~ WEIGHTED<=2 
INFO: Combine u~ d~ > w- d~ d~ QCD=0 QED<=4 / t t h @1 with decays w- > s c~ WEIGHTED<=2 
INFO: Combining process with u~ d~ > w- d~ d~ QCD=0 QED<=4 / t t h @1
  Decay: w- > d u~ WEIGHTED<=2 
INFO: Combine u~ s~ > w- d~ s~ QCD=0 QED<=4 / t t h @1 with decays w- > d u~ WEIGHTED<=2 
INFO: Combine u~ s~ > w- d~ s~ QCD=0 QED<=4 / t t h @1 with decays w- > s c~ WEIGHTED<=2 
INFO: Combining process with u~ s~ > w- d~ s~ QCD=0 QED<=4 / t t h @1
  Decay: w- > d u~ WEIGHTED<=2 
INFO: Combine u~ b > w- b d~ QCD=0 QED<=4 / t t h @1 with decays w- > d u~ WEIGHTED<=2 
INFO: Combine u~ b > w- b d~ QCD=0 QED<=4 / t t h @1 with decays w- > s c~ WEIGHTED<=2 
INFO: Combining process with u~ b > w- b d~ QCD=0 QED<=4 / t t h @1
  Decay: w- > d u~ WEIGHTED<=2 
INFO: Combine u~ b~ > w- d~ b~ QCD=0 QED<=4 / t t h @1 with decays w- > d u~ WEIGHTED<=2 
INFO: Combine u~ b~ > w- d~ b~ QCD=0 QED<=4 / t t h @1 with decays w- > s c~ WEIGHTED<=2 
INFO: Combining process with u~ b~ > w- d~ b~ QCD=0 QED<=4 / t t h @1
  Decay: w- > d u~ WEIGHTED<=2 
INFO: Combine b b~ > w- u d~ QCD=0 QED<=4 / t t h @1 with decays w- > d u~ WEIGHTED<=2 
INFO: Combine b b~ > w- u d~ QCD=0 QED<=4 / t t h @1 with decays w- > s c~ WEIGHTED<=2 
INFO: Combining process with b b~ > w- u d~ QCD=0 QED<=4 / t t h @1
  Decay: w- > d u~ WEIGHTED<=2 
INFO: Processing color information for process: u d > w- u u QCD=0 QED<=4 / t t h @1
  Decay: w- > d u~ WEIGHTED<=2 
INFO: Processing color information for process: u s > w- u c QCD=0 QED<=4 / t t h @1
  Decay: w- > d u~ WEIGHTED<=2 
INFO: Processing color information for process: u u~ > w- u d~ QCD=0 QED<=4 / t t h @1
  Decay: w- > d u~ WEIGHTED<=2 
INFO: Processing color information for process: u u~ > w- c s~ QCD=0 QED<=4 / t t h @1
  Decay: w- > d u~ WEIGHTED<=2 
INFO: Processing color information for process: u c~ > w- u s~ QCD=0 QED<=4 / t t h @1
  Decay: w- > d u~ WEIGHTED<=2 
INFO: Processing color information for process: d d > w- u d QCD=0 QED<=4 / t t h @1
  Decay: w- > d u~ WEIGHTED<=2 
INFO: Reusing existing color information for process: d d > w- u d QCD=0 QED<=4 / t t h @1
  Decay: w- > s c~ WEIGHTED<=2 
INFO: Processing color information for process: d s > w- u s QCD=0 QED<=4 / t t h @1
  Decay: w- > d u~ WEIGHTED<=2 
INFO: Reusing existing color information for process: d s > w- u s QCD=0 QED<=4 / t t h @1
  Decay: w- > s c~ WEIGHTED<=2 
INFO: Processing color information for process: d s > w- c d QCD=0 QED<=4 / t t h @1
  Decay: w- > d u~ WEIGHTED<=2 
INFO: Reusing existing color information for process: d s > w- c d QCD=0 QED<=4 / t t h @1
  Decay: w- > s c~ WEIGHTED<=2 
INFO: Processing color information for process: d u~ > w- u u~ QCD=0 QED<=4 / t t h @1
  Decay: w- > d u~ WEIGHTED<=2 
INFO: Reusing existing color information for process: d u~ > w- u u~ QCD=0 QED<=4 / t t h @1
  Decay: w- > s c~ WEIGHTED<=2 
INFO: Processing color information for process: d u~ > w- c c~ QCD=0 QED<=4 / t t h @1
  Decay: w- > d u~ WEIGHTED<=2 
INFO: Reusing existing color information for process: d u~ > w- c c~ QCD=0 QED<=4 / t t h @1
  Decay: w- > s c~ WEIGHTED<=2 
INFO: Processing color information for process: d u~ > w- d d~ QCD=0 QED<=4 / t t h @1
  Decay: w- > d u~ WEIGHTED<=2 
INFO: Reusing existing color information for process: d u~ > w- d d~ QCD=0 QED<=4 / t t h @1
  Decay: w- > s c~ WEIGHTED<=2 
INFO: Processing color information for process: d u~ > w- s s~ QCD=0 QED<=4 / t t h @1
  Decay: w- > d u~ WEIGHTED<=2 
INFO: Reusing existing color information for process: d u~ > w- s s~ QCD=0 QED<=4 / t t h @1
  Decay: w- > s c~ WEIGHTED<=2 
INFO: Processing color information for process: d u~ > w- b b~ QCD=0 QED<=4 / t t h @1
  Decay: w- > d u~ WEIGHTED<=2 
INFO: Processing color information for process: d c~ > w- u c~ QCD=0 QED<=4 / t t h @1
  Decay: w- > d u~ WEIGHTED<=2 
INFO: Reusing existing color information for process: d c~ > w- u c~ QCD=0 QED<=4 / t t h @1
  Decay: w- > s c~ WEIGHTED<=2 
INFO: Processing color information for process: d c~ > w- d s~ QCD=0 QED<=4 / t t h @1
  Decay: w- > d u~ WEIGHTED<=2 
INFO: Reusing existing color information for process: d c~ > w- d s~ QCD=0 QED<=4 / t t h @1
  Decay: w- > s c~ WEIGHTED<=2 
INFO: Processing color information for process: d d~ > w- u d~ QCD=0 QED<=4 / t t h @1
  Decay: w- > d u~ WEIGHTED<=2 
INFO: Processing color information for process: d d~ > w- c s~ QCD=0 QED<=4 / t t h @1
  Decay: w- > d u~ WEIGHTED<=2 
INFO: Processing color information for process: d s~ > w- u s~ QCD=0 QED<=4 / t t h @1
  Decay: w- > d u~ WEIGHTED<=2 
INFO: Processing color information for process: d b > w- u b QCD=0 QED<=4 / t t h @1
  Decay: w- > d u~ WEIGHTED<=2 
INFO: Processing color information for process: d b~ > w- u b~ QCD=0 QED<=4 / t t h @1
  Decay: w- > d u~ WEIGHTED<=2 
INFO: Processing color information for process: u~ u~ > w- u~ d~ QCD=0 QED<=4 / t t h @1
  Decay: w- > d u~ WEIGHTED<=2 
INFO: Reusing existing color information for process: u~ u~ > w- u~ d~ QCD=0 QED<=4 / t t h @1
  Decay: w- > s c~ WEIGHTED<=2 
INFO: Processing color information for process: u~ c~ > w- u~ s~ QCD=0 QED<=4 / t t h @1
  Decay: w- > d u~ WEIGHTED<=2 
INFO: Reusing existing color information for process: u~ c~ > w- u~ s~ QCD=0 QED<=4 / t t h @1
  Decay: w- > s c~ WEIGHTED<=2 
INFO: Processing color information for process: u~ c~ > w- c~ d~ QCD=0 QED<=4 / t t h @1
  Decay: w- > d u~ WEIGHTED<=2 
INFO: Reusing existing color information for process: u~ c~ > w- c~ d~ QCD=0 QED<=4 / t t h @1
  Decay: w- > s c~ WEIGHTED<=2 
INFO: Processing color information for process: u~ d~ > w- d~ d~ QCD=0 QED<=4 / t t h @1
  Decay: w- > d u~ WEIGHTED<=2 
INFO: Processing color information for process: u~ s~ > w- d~ s~ QCD=0 QED<=4 / t t h @1
  Decay: w- > d u~ WEIGHTED<=2 
INFO: Processing color information for process: u~ b > w- b d~ QCD=0 QED<=4 / t t h @1
  Decay: w- > d u~ WEIGHTED<=2 
INFO: Processing color information for process: u~ b~ > w- d~ b~ QCD=0 QED<=4 / t t h @1
  Decay: w- > d u~ WEIGHTED<=2 
INFO: Processing color information for process: b b~ > w- u d~ QCD=0 QED<=4 / t t h @1
  Decay: w- > d u~ WEIGHTED<=2 
INFO: Creating files in directory P1_qq_wmqq_wm_qq 
[1mINFO: Some T-channel width have been set to zero [new since 2.8.0]
 if you want to keep this width please set "zerowidth_tchannel" to False [0m
INFO: Generating Feynman diagrams for Process: u d > w- u u QCD=0 QED<=4 / t t h @1
  Decay: w- > d u~ WEIGHTED<=2 
INFO: Generating Feynman diagrams for Process: u s > w- u c QCD=0 QED<=4 / t t h @1
  Decay: w- > d u~ WEIGHTED<=2 
INFO: Generating Feynman diagrams for Process: u u~ > w- u d~ QCD=0 QED<=4 / t t h @1
  Decay: w- > d u~ WEIGHTED<=2 
INFO: Generating Feynman diagrams for Process: u u~ > w- c s~ QCD=0 QED<=4 / t t h @1
  Decay: w- > d u~ WEIGHTED<=2 
INFO: Generating Feynman diagrams for Process: u c~ > w- u s~ QCD=0 QED<=4 / t t h @1
  Decay: w- > d u~ WEIGHTED<=2 
INFO: Generating Feynman diagrams for Process: d d > w- u d QCD=0 QED<=4 / t t h @1
  Decay: w- > d u~ WEIGHTED<=2 
INFO: Generating Feynman diagrams for Process: d d > w- u d QCD=0 QED<=4 / t t h @1
  Decay: w- > s c~ WEIGHTED<=2 
INFO: Generating Feynman diagrams for Process: d s > w- u s QCD=0 QED<=4 / t t h @1
  Decay: w- > d u~ WEIGHTED<=2 
INFO: Generating Feynman diagrams for Process: d s > w- u s QCD=0 QED<=4 / t t h @1
  Decay: w- > s c~ WEIGHTED<=2 
INFO: Generating Feynman diagrams for Process: d s > w- c d QCD=0 QED<=4 / t t h @1
  Decay: w- > d u~ WEIGHTED<=2 
INFO: Generating Feynman diagrams for Process: d s > w- c d QCD=0 QED<=4 / t t h @1
  Decay: w- > s c~ WEIGHTED<=2 
INFO: Generating Feynman diagrams for Process: d u~ > w- u u~ QCD=0 QED<=4 / t t h @1
  Decay: w- > d u~ WEIGHTED<=2 
INFO: Generating Feynman diagrams for Process: d u~ > w- u u~ QCD=0 QED<=4 / t t h @1
  Decay: w- > s c~ WEIGHTED<=2 
INFO: Generating Feynman diagrams for Process: d u~ > w- c c~ QCD=0 QED<=4 / t t h @1
  Decay: w- > d u~ WEIGHTED<=2 
INFO: Generating Feynman diagrams for Process: d u~ > w- c c~ QCD=0 QED<=4 / t t h @1
  Decay: w- > s c~ WEIGHTED<=2 
INFO: Generating Feynman diagrams for Process: d u~ > w- d d~ QCD=0 QED<=4 / t t h @1
  Decay: w- > d u~ WEIGHTED<=2 
INFO: Generating Feynman diagrams for Process: d u~ > w- d d~ QCD=0 QED<=4 / t t h @1
  Decay: w- > s c~ WEIGHTED<=2 
INFO: Generating Feynman diagrams for Process: d u~ > w- s s~ QCD=0 QED<=4 / t t h @1
  Decay: w- > d u~ WEIGHTED<=2 
INFO: Generating Feynman diagrams for Process: d u~ > w- s s~ QCD=0 QED<=4 / t t h @1
  Decay: w- > s c~ WEIGHTED<=2 
INFO: Generating Feynman diagrams for Process: d u~ > w- b b~ QCD=0 QED<=4 / t t h @1
  Decay: w- > d u~ WEIGHTED<=2 
INFO: Generating Feynman diagrams for Process: d c~ > w- u c~ QCD=0 QED<=4 / t t h @1
  Decay: w- > d u~ WEIGHTED<=2 
INFO: Generating Feynman diagrams for Process: d c~ > w- u c~ QCD=0 QED<=4 / t t h @1
  Decay: w- > s c~ WEIGHTED<=2 
INFO: Generating Feynman diagrams for Process: d c~ > w- d s~ QCD=0 QED<=4 / t t h @1
  Decay: w- > d u~ WEIGHTED<=2 
INFO: Generating Feynman diagrams for Process: d c~ > w- d s~ QCD=0 QED<=4 / t t h @1
  Decay: w- > s c~ WEIGHTED<=2 
INFO: Generating Feynman diagrams for Process: d d~ > w- u d~ QCD=0 QED<=4 / t t h @1
  Decay: w- > d u~ WEIGHTED<=2 
INFO: Generating Feynman diagrams for Process: d d~ > w- c s~ QCD=0 QED<=4 / t t h @1
  Decay: w- > d u~ WEIGHTED<=2 
INFO: Generating Feynman diagrams for Process: d s~ > w- u s~ QCD=0 QED<=4 / t t h @1
  Decay: w- > d u~ WEIGHTED<=2 
INFO: Generating Feynman diagrams for Process: d b > w- u b QCD=0 QED<=4 / t t h @1
  Decay: w- > d u~ WEIGHTED<=2 
INFO: Generating Feynman diagrams for Process: d b~ > w- u b~ QCD=0 QED<=4 / t t h @1
  Decay: w- > d u~ WEIGHTED<=2 
INFO: Generating Feynman diagrams for Process: u~ u~ > w- u~ d~ QCD=0 QED<=4 / t t h @1
  Decay: w- > d u~ WEIGHTED<=2 
INFO: Generating Feynman diagrams for Process: u~ u~ > w- u~ d~ QCD=0 QED<=4 / t t h @1
  Decay: w- > s c~ WEIGHTED<=2 
INFO: Generating Feynman diagrams for Process: u~ c~ > w- u~ s~ QCD=0 QED<=4 / t t h @1
  Decay: w- > d u~ WEIGHTED<=2 
INFO: Generating Feynman diagrams for Process: u~ c~ > w- u~ s~ QCD=0 QED<=4 / t t h @1
  Decay: w- > s c~ WEIGHTED<=2 
INFO: Generating Feynman diagrams for Process: u~ c~ > w- c~ d~ QCD=0 QED<=4 / t t h @1
  Decay: w- > d u~ WEIGHTED<=2 
INFO: Generating Feynman diagrams for Process: u~ c~ > w- c~ d~ QCD=0 QED<=4 / t t h @1
  Decay: w- > s c~ WEIGHTED<=2 
INFO: Generating Feynman diagrams for Process: u~ d~ > w- d~ d~ QCD=0 QED<=4 / t t h @1
  Decay: w- > d u~ WEIGHTED<=2 
INFO: Generating Feynman diagrams for Process: u~ s~ > w- d~ s~ QCD=0 QED<=4 / t t h @1
  Decay: w- > d u~ WEIGHTED<=2 
INFO: Generating Feynman diagrams for Process: u~ b > w- b d~ QCD=0 QED<=4 / t t h @1
  Decay: w- > d u~ WEIGHTED<=2 
INFO: Generating Feynman diagrams for Process: u~ b~ > w- d~ b~ QCD=0 QED<=4 / t t h @1
  Decay: w- > d u~ WEIGHTED<=2 
INFO: Generating Feynman diagrams for Process: b b~ > w- u d~ QCD=0 QED<=4 / t t h @1
  Decay: w- > d u~ WEIGHTED<=2 
INFO: Finding symmetric diagrams for subprocess group qq_wmqq_wm_qq 
Generated helas calls for 40 subprocesses (358 diagrams) in 0.914 s
Wrote files for 908 helas calls in 2.786 s
ALOHA: aloha creates FFV2 routines
ALOHA: aloha creates VVV1 routines
ALOHA: aloha creates FFV1 routines
ALOHA: aloha creates FFV5 routines
ALOHA: aloha creates FFV3 routines
The option auto_update is modified [7] but will not be written in the configuration files.
If you want to make this value the default for future session, you can run 'save options --all'
save configuration file to /uscms_data/d3/bweiss/mcgen/genproductions/bin/MadGraph5_aMCatNLO/ewkwmjjjj_5f_LO/ewkwmjjjj_5f_LO_gridpack/work/ewkwmjjjj_5f_LO/Cards/me5_configuration.txt
INFO: Use Fortran compiler gfortran 
INFO: Use c++ compiler g++ 
INFO: Generate web pages 
Output to directory /uscms_data/d3/bweiss/mcgen/genproductions/bin/MadGraph5_aMCatNLO/ewkwmjjjj_5f_LO/ewkwmjjjj_5f_LO_gridpack/work/ewkwmjjjj_5f_LO done.
Type "launch" to generate events from this process, or see
/uscms_data/d3/bweiss/mcgen/genproductions/bin/MadGraph5_aMCatNLO/ewkwmjjjj_5f_LO/ewkwmjjjj_5f_LO_gridpack/work/ewkwmjjjj_5f_LO/README
Run "open index.html" to see more information about this process.
display multiparticles
Multiparticle labels:
p = g u c d s u~ c~ d~ s~ b b~
j = g u c d s b u~ c~ d~ s~ b~
l+ = e+ mu+
l- = e- mu-
vl = ve vm vt
vl~ = ve~ vm~ vt~
all = g u c d s b u~ c~ d~ s~ b~ a ve vm vt e- mu- ve~ vm~ vt~ e+ mu+ t t~ z w+ h w- ta- ta+
quit
copying generated process to working directory
INFO: Using default PDF sets for run3 production
starting LO mode
************************************************************
*                                                          *
*                      W E L C O M E to                    *
*             M A D G R A P H 5 _ a M C @ N L O            *
*                      M A D E V E N T                     *
*                                                          *
*                 *                       *                *
*                   *        * *        *                  *
*                     * * * * 5 * * * *                    *
*                   *        * *        *                  *
*                 *                       *                *
*                                                          *
*         VERSION 2.9.18                                   *
*                                                          *
*    The MadGraph5_aMC@NLO Development Team - Find us at   *
*    https://server06.fynu.ucl.ac.be/projects/madgraph     *
*                                                          *
*               Type 'help' for in-line help.              *
*                                                          *
************************************************************
INFO: load configuration from /uscms_data/d3/bweiss/mcgen/genproductions/bin/MadGraph5_aMCatNLO/ewkwmjjjj_5f_LO/ewkwmjjjj_5f_LO_gridpack/work/processtmp/Cards/me5_configuration.txt  
INFO: load configuration from /uscms_data/d3/bweiss/mcgen/genproductions/bin/MadGraph5_aMCatNLO/ewkwmjjjj_5f_LO/ewkwmjjjj_5f_LO_gridpack/work/MG5_aMC_v2_9_18/input/mg5_configuration.txt  
INFO: load configuration from /uscms_data/d3/bweiss/mcgen/genproductions/bin/MadGraph5_aMCatNLO/ewkwmjjjj_5f_LO/ewkwmjjjj_5f_LO_gridpack/work/processtmp/Cards/me5_configuration.txt  
Using default text editor "vi". Set another one in ./input/mg5_configuration.txt
Using default eps viewer "evince". Set another one in ./input/mg5_configuration.txt
No valid web browser found. Please set in ./input/mg5_configuration.txt
generate_events pilotrun
stty: 'standard input': Inappropriate ioctl for device
The following switches determine which programs are run:
/===========================================================================\
| 1. Choose the shower/hadronization program   [1m  shower[0m = [01mNot Avail.[0m        |
| 2. Choose the detector simulation program    [1mdetector[0m = [01mNot Avail.[0m        |
| 3. Choose an analysis package (plot/convert) [1manalysis[0m = [01mNot Avail.[0m        |
| 4. Decay onshell particles                   [1m madspin[0m = [31mOFF[0m               |
| 5. Add weights to events for new hypp.       [1mreweight[0m = [01mNot Avail.[0m        |
\===========================================================================/
Either type the switch number (1 to 5) to change its setting,
Set any switch explicitly (e.g. type 'madspin=ON' at the prompt)
Type 'help' for the list of all valid option
Type '0', 'auto', 'done' or just press enter when you are done.[60s to answer] 
>stty: 'standard input': Inappropriate ioctl for device
[1;34mrun_card missed argument time_of_flight. Takes default: -1.0[0m
[1;34mrun_card missed argument bias_module. Takes default: None[0m
[1;34mrun_card missed argument pt_min_pdg. Takes default: {}[0m
[1;34mrun_card missed argument pt_max_pdg. Takes default: {}[0m
[1;34mrun_card missed argument eta_min_pdg. Takes default: {}[0m
[1;34mrun_card missed argument eta_max_pdg. Takes default: {}[0m
[1;34mrun_card missed argument mxx_min_pdg. Takes default: {}[0m
[1;34mrun_card missed argument mxx_only_part_antipart. Takes default: {'default': False}[0m
Do you want to edit a card (press enter to bypass editing)?
/------------------------------------------------------------\
|  [31m1[0m. param : [32mparam_card.dat[0m                                 |
|  [31m2[0m. run   : [32mrun_card.dat[0m                                   |
\------------------------------------------------------------/
 you can also
   - enter the path to a valid card or banner.
   - use the 'set' command to modify a parameter directly.
     The set option works only for param_card and run_card.
     Type 'help set' for more information on this command.
   - call an external program (ASperGE/MadWidth/...).
     Type 'help' for the list of available command
 [[4m0[0m, done, 1, param, 2, run, enter path][90s to answer] 
>[1mINFO: modify parameter gridpack of the run_card.dat to True [0m
Do you want to edit a card (press enter to bypass editing)?
/------------------------------------------------------------\
|  [31m1[0m. param : [32mparam_card.dat[0m                                 |
|  [31m2[0m. run   : [32mrun_card.dat[0m                                   |
\------------------------------------------------------------/
 you can also
   - enter the path to a valid card or banner.
   - use the 'set' command to modify a parameter directly.
     The set option works only for param_card and run_card.
     Type 'help set' for more information on this command.
   - call an external program (ASperGE/MadWidth/...).
     Type 'help' for the list of available command
 [[4m0[0m, done, 1, param, 2, run, enter path] 
>INFO: Update the dependent parameter of the param_card.dat 
Generating gridpack with run name pilotrun
survey  pilotrun --accuracy=0.01 --points=2000 --iterations=8 --gridpack=.true.
INFO: compile directory 
INFO: Using LHAPDF v6.4.0 interface for PDFs 
compile Source Directory
Using random number seed offset = 21
INFO: Running Survey 
Creating Jobs
Working on SubProcesses
INFO: Compiling for process 1/1. 
INFO:     P1_qq_wmqq_wm_qq  
  0%|          | 0/822 [00:00<?, ?it/s]100%|| 822/822 [00:00<00:00, 64272.73it/s]
  0%|          | 0/822 [00:00<?, ?it/s]100%|| 822/822 [00:00<00:00, 74155.63it/s]
  0%|          | 0/792 [00:00<?, ?it/s]100%|| 792/792 [00:00<00:00, 112400.65it/s]
  0%|          | 0/792 [00:00<?, ?it/s]100%|| 792/792 [00:00<00:00, 120699.40it/s]
  0%|          | 0/821 [00:00<?, ?it/s]100%|| 821/821 [00:00<00:00, 76224.62it/s]
  0%|          | 0/821 [00:00<?, ?it/s]100%|| 821/821 [00:00<00:00, 79563.85it/s]
  0%|          | 0/791 [00:00<?, ?it/s]100%|| 791/791 [00:00<00:00, 121482.77it/s]
  0%|          | 0/791 [00:00<?, ?it/s]100%|| 791/791 [00:00<00:00, 122428.67it/s]
  0%|          | 0/795 [00:00<?, ?it/s]100%|| 795/795 [00:00<00:00, 129710.65it/s]
  0%|          | 0/791 [00:00<?, ?it/s]100%|| 791/791 [00:00<00:00, 123481.26it/s]
  0%|          | 0/791 [00:00<?, ?it/s]100%|| 791/791 [00:00<00:00, 124272.18it/s]
  0%|          | 0/791 [00:00<?, ?it/s]100%|| 791/791 [00:00<00:00, 122945.88it/s]
  0%|          | 0/791 [00:00<?, ?it/s]100%|| 791/791 [00:00<00:00, 125224.37it/s]
  0%|          | 0/830 [00:00<?, ?it/s]100%|| 830/830 [00:00<00:00, 80298.76it/s]
  0%|          | 0/799 [00:00<?, ?it/s]100%|| 799/799 [00:00<00:00, 121704.27it/s]
  0%|          | 0/799 [00:00<?, ?it/s]100%|| 799/799 [00:00<00:00, 125023.28it/s]
  0%|          | 0/792 [00:00<?, ?it/s]100%|| 792/792 [00:00<00:00, 131554.74it/s]
  0%|          | 0/795 [00:00<?, ?it/s]100%|| 795/795 [00:00<00:00, 133496.34it/s]
  0%|          | 0/818 [00:00<?, ?it/s]100%|| 818/818 [00:00<00:00, 79589.42it/s]
  0%|          | 0/818 [00:00<?, ?it/s]100%|| 818/818 [00:00<00:00, 80865.01it/s]
  0%|          | 0/784 [00:00<?, ?it/s]100%|| 784/784 [00:00<00:00, 121614.50it/s]
  0%|          | 0/784 [00:00<?, ?it/s]100%|| 784/784 [00:00<00:00, 123431.34it/s]
  0%|          | 0/787 [00:00<?, ?it/s]100%|| 787/787 [00:00<00:00, 123833.93it/s]
  0%|          | 0/787 [00:00<?, ?it/s]100%|| 787/787 [00:00<00:00, 123228.33it/s]
  0%|          | 0/826 [00:00<?, ?it/s]100%|| 826/826 [00:00<00:00, 79871.24it/s]
  0%|          | 0/796 [00:00<?, ?it/s]100%|| 796/796 [00:00<00:00, 125968.38it/s]
  0%|          | 0/792 [00:00<?, ?it/s]100%|| 792/792 [00:00<00:00, 132859.61it/s]
  0%|          | 0/792 [00:00<?, ?it/s]100%|| 792/792 [00:00<00:00, 130152.76it/s]
  0%|          | 0/795 [00:00<?, ?it/s]100%|| 795/795 [00:00<00:00, 132126.31it/s]
  0%|          | 0/825 [00:00<?, ?it/s]100%|| 825/825 [00:00<00:00, 80055.08it/s]
  0%|          | 0/795 [00:00<?, ?it/s]100%|| 795/795 [00:00<00:00, 127279.63it/s]
  0%|          | 0/829 [00:00<?, ?it/s]100%|| 829/829 [00:00<00:00, 80489.78it/s]
  0%|          | 0/799 [00:00<?, ?it/s]100%|| 799/799 [00:00<00:00, 122774.36it/s]
  0%|          | 0/798 [00:00<?, ?it/s]100%|| 798/798 [00:00<00:00, 117267.70it/s]
  0%|          | 0/817 [00:00<?, ?it/s]100%|| 817/817 [00:00<00:00, 79974.48it/s]
  0%|          | 0/817 [00:00<?, ?it/s]100%|| 817/817 [00:00<00:00, 77512.42it/s]
  0%|          | 0/783 [00:00<?, ?it/s]100%|| 783/783 [00:00<00:00, 124573.84it/s]
  0%|          | 0/783 [00:00<?, ?it/s]100%|| 783/783 [00:00<00:00, 125593.33it/s]
  0%|          | 0/787 [00:00<?, ?it/s]100%|| 787/787 [00:00<00:00, 119750.31it/s]
  0%|          | 0/787 [00:00<?, ?it/s]100%|| 787/787 [00:00<00:00, 124108.63it/s]
INFO:     P1_qq_wmqq_wm_qq  
INFO:  Idle: 12,  Running: 8,  Completed: 0 [ current time: 16h07 ] 
INFO:  Idle: 11,  Running: 8,  Completed: 1 [  0.27s  ] 
INFO:  Idle: 8,  Running: 8,  Completed: 4 [  3.4s  ] 
INFO:  Idle: 2,  Running: 8,  Completed: 10 [  7.5s  ] 
INFO:  Idle: 0,  Running: 6,  Completed: 14 [  10.6s  ] 
INFO:  Idle: 0,  Running: 2,  Completed: 18 [  17.8s  ] 
INFO:  Idle: 0,  Running: 1,  Completed: 19 [  24.8s  ] 
INFO:  Idle: 0,  Running: 0,  Completed: 20 [  27.3s  ] 
sum of cpu time of last step: 2m01s
  === Results Summary for run: pilotrun tag: tag_1 ===

     Cross-section :   20.61 +- 0.1539 pb
     Nb of events :  0
 
INFO: End survey 
combine_events
INFO: Combining Events 
combination of events done in 0.05390620231628418 s 
store_events
INFO: Storing parton level results 
INFO: End Parton 
decay_events -from_cards
create_gridpack
INFO: Creating gridpack 
P1_qq_wmqq_wm_qq
Cleaning  SubProcesses. 
INFO: gridpack created 
quit
INFO: storing files of previous run 
INFO: Done 
INFO:  
finished pilot run
cleaning temporary output
unpacking temporary gridpack
cleaning temporary gridpack
Now generating 1000 events with random seed 234567 and granularity 1
************************************************************
*                                                          *
*                      W E L C O M E to                    *
*             M A D G R A P H 5 _ a M C @ N L O            *
*                      M A D E V E N T                     *
*                                                          *
*                 *                       *                *
*                   *        * *        *                  *
*                     * * * * 5 * * * *                    *
*                   *        * *        *                  *
*                 *                       *                *
*                                                          *
*         VERSION 2.9.18                                   *
*                                                          *
*    The MadGraph5_aMC@NLO Development Team - Find us at   *
*    https://server06.fynu.ucl.ac.be/projects/madgraph     *
*                                                          *
*               Type 'help' for in-line help.              *
*                                                          *
************************************************************
INFO: load configuration from /uscms_data/d3/bweiss/mcgen/genproductions/bin/MadGraph5_aMCatNLO/ewkwmjjjj_5f_LO/ewkwmjjjj_5f_LO_gridpack/work/process/madevent/Cards/me5_configuration.txt  
INFO: load configuration from /uscms_data/d3/bweiss/mcgen/genproductions/bin/MadGraph5_aMCatNLO/ewkwmjjjj_5f_LO/ewkwmjjjj_5f_LO_gridpack/work/MG5_aMC_v2_9_18/input/mg5_configuration.txt  
INFO: load configuration from /uscms_data/d3/bweiss/mcgen/genproductions/bin/MadGraph5_aMCatNLO/ewkwmjjjj_5f_LO/ewkwmjjjj_5f_LO_gridpack/work/process/madevent/Cards/me5_configuration.txt  
Using default text editor "vi". Set another one in ./input/mg5_configuration.txt
Using default eps viewer "evince". Set another one in ./input/mg5_configuration.txt
No valid web browser found. Please set in ./input/mg5_configuration.txt
WRITE GRIDCARD /uscms_data/d3/bweiss/mcgen/genproductions/bin/MadGraph5_aMCatNLO/ewkwmjjjj_5f_LO/ewkwmjjjj_5f_LO_gridpack/work/process/madevent
generate 1000 events
P1_qq_wmqq_wm_qq
Using random number seed offset = 234567
INFO: Generating 1000.0 unweighted events. 
sum of cpu time of last step: 2m01s
INFO: need to improve 12 channels 
combine_events
store_events
  === Results Summary for run: GridRun_234567 tag: tag_1 ===

     Cross-section :   0 +- 0 pb
     Nb of events :  1000
 
decay_events -from_cards
DONE
write ./events.lhe.gz
preparing final gridpack
cleaning unneeded files from gridpack
rm: cannot remove 'mgbasedir/doc': No such file or directory
