#Subprocess 1 (u,D -> ne,E,b,B)
 Cross section [pb] = 2.3501e-01 +/- 1.52e-03 (Nevnt = 44941)
#Subprocess 2 (u,D -> nm,M,b,B)
 Cross section [pb] = 2.3501e-01 +/- 1.52e-03 (Nevnt = 44941)
#Subprocess 3 (u,D -> nl,L,b,B)
 Cross section [pb] = 2.3483e-01 +/- 1.52e-03 (Nevnt = 44907)
#Subprocess 4 (u,S -> ne,E,b,B)
 Cross section [pb] = 9.8576e-03 +/- 1.53e-03 (Nevnt = 1885)
#Subprocess 5 (u,S -> nm,M,b,B)
 Cross section [pb] = 9.8571e-03 +/- 1.53e-03 (Nevnt = 1885)
#Subprocess 6 (u,S -> nl,L,b,B)
 Cross section [pb] = 9.8458e-03 +/- 1.53e-03 (Nevnt = 1883)
#Subprocess 7 (d,U -> Ne,e,b,B)
 Cross section [pb] = 1.2969e-01 +/- 1.41e-03 (Nevnt = 24801)
#Subprocess 8 (d,U -> Nm,m,b,B)
 Cross section [pb] = 1.2969e-01 +/- 1.41e-03 (Nevnt = 24801)
#Subprocess 9 (d,U -> Nl,l,b,B)
 Cross section [pb] = 1.2959e-01 +/- 1.41e-03 (Nevnt = 24782)
#Subprocess 10 (d,C -> Ne,e,b,B)
 Cross section [pb] = 4.8448e-03 +/- 1.46e-03 (Nevnt = 926)
#Subprocess 11 (d,C -> Nm,m,b,B)
 Cross section [pb] = 4.8448e-03 +/- 1.46e-03 (Nevnt = 926)
#Subprocess 12 (d,C -> Nl,l,b,B)
 Cross section [pb] = 4.8402e-03 +/- 1.46e-03 (Nevnt = 926)
#Subprocess 13 (U,d -> Ne,e,b,B)
 Cross section [pb] = 1.2974e-01 +/- 1.58e-03 (Nevnt = 24811)
#Subprocess 14 (U,d -> Nm,m,b,B)
 Cross section [pb] = 1.2974e-01 +/- 1.58e-03 (Nevnt = 24811)
#Subprocess 15 (U,d -> Nl,l,b,B)
 Cross section [pb] = 1.2963e-01 +/- 1.57e-03 (Nevnt = 24790)
#Subprocess 16 (U,s -> Ne,e,b,B)
 Cross section [pb] = 2.1567e-03 +/- 1.54e-03 (Nevnt = 412)
#Subprocess 17 (U,s -> Nm,m,b,B)
 Cross section [pb] = 2.1567e-03 +/- 1.54e-03 (Nevnt = 412)
#Subprocess 18 (U,s -> Nl,l,b,B)
 Cross section [pb] = 2.1549e-03 +/- 1.54e-03 (Nevnt = 412)
#Subprocess 19 (D,u -> ne,E,b,B)
 Cross section [pb] = 2.3471e-01 +/- 1.40e-03 (Nevnt = 44883)
#Subprocess 20 (D,u -> nm,M,b,B)
 Cross section [pb] = 2.3471e-01 +/- 1.40e-03 (Nevnt = 44883)
#Subprocess 21 (D,u -> nl,L,b,B)
 Cross section [pb] = 2.3453e-01 +/- 1.40e-03 (Nevnt = 44848)
#Subprocess 22 (D,c -> ne,E,b,B)
 Cross section [pb] = 1.9489e-03 +/- 1.56e-03 (Nevnt = 373)
#Subprocess 23 (D,c -> nm,M,b,B)
 Cross section [pb] = 1.9489e-03 +/- 1.56e-03 (Nevnt = 373)
#Subprocess 24 (D,c -> nl,L,b,B)
 Cross section [pb] = 1.9473e-03 +/- 1.56e-03 (Nevnt = 372)
#Subprocess 25 (s,U -> Ne,e,b,B)
 Cross section [pb] = 2.1566e-03 +/- 1.49e-03 (Nevnt = 412)
#Subprocess 26 (s,U -> Nm,m,b,B)
 Cross section [pb] = 2.1565e-03 +/- 1.50e-03 (Nevnt = 412)
#Subprocess 27 (s,U -> Nl,l,b,B)
 Cross section [pb] = 2.1561e-03 +/- 1.52e-03 (Nevnt = 412)
#Subprocess 28 (s,C -> Ne,e,b,B)
 Cross section [pb] = 2.6234e-02 +/- 1.52e-03 (Nevnt = 5017)
#Subprocess 29 (s,C -> Nm,m,b,B)
 Cross section [pb] = 2.6234e-02 +/- 1.52e-03 (Nevnt = 5017)
#Subprocess 30 (s,C -> Nl,l,b,B)
 Cross section [pb] = 2.6217e-02 +/- 1.51e-03 (Nevnt = 5014)
#Subprocess 31 (c,D -> ne,E,b,B)
 Cross section [pb] = 1.9509e-03 +/- 1.73e-03 (Nevnt = 373)
#Subprocess 32 (c,D -> nm,M,b,B)
 Cross section [pb] = 1.9509e-03 +/- 1.73e-03 (Nevnt = 373)
#Subprocess 33 (c,D -> nl,L,b,B)
 Cross section [pb] = 1.9495e-03 +/- 1.73e-03 (Nevnt = 373)
#Subprocess 34 (c,S -> ne,E,b,B)
 Cross section [pb] = 2.6283e-02 +/- 1.59e-03 (Nevnt = 5026)
#Subprocess 35 (c,S -> nm,M,b,B)
 Cross section [pb] = 2.6282e-02 +/- 1.59e-03 (Nevnt = 5026)
#Subprocess 36 (c,S -> nl,L,b,B)
 Cross section [pb] = 2.6250e-02 +/- 1.59e-03 (Nevnt = 5020)
#Subprocess 37 (S,u -> ne,E,b,B)
 Cross section [pb] = 9.8378e-03 +/- 1.42e-03 (Nevnt = 1881)
#Subprocess 38 (S,u -> nm,M,b,B)
 Cross section [pb] = 9.8378e-03 +/- 1.42e-03 (Nevnt = 1881)
#Subprocess 39 (S,u -> nl,L,b,B)
 Cross section [pb] = 9.8303e-03 +/- 1.42e-03 (Nevnt = 1880)
#Subprocess 40 (S,c -> ne,E,b,B)
 Cross section [pb] = 2.6234e-02 +/- 1.52e-03 (Nevnt = 5017)
#Subprocess 41 (S,c -> nm,M,b,B)
 Cross section [pb] = 2.6234e-02 +/- 1.52e-03 (Nevnt = 5017)
#Subprocess 42 (S,c -> nl,L,b,B)
 Cross section [pb] = 2.6217e-02 +/- 1.51e-03 (Nevnt = 5014)
#Subprocess 43 (C,d -> Ne,e,b,B)
 Cross section [pb] = 4.8477e-03 +/- 1.49e-03 (Nevnt = 927)
#Subprocess 44 (C,d -> Nm,m,b,B)
 Cross section [pb] = 4.8476e-03 +/- 1.49e-03 (Nevnt = 927)
#Subprocess 45 (C,d -> Nl,l,b,B)
 Cross section [pb] = 4.8435e-03 +/- 1.49e-03 (Nevnt = 926)
#Subprocess 46 (C,s -> Ne,e,b,B)
 Cross section [pb] = 2.6283e-02 +/- 1.59e-03 (Nevnt = 5026)
#Subprocess 47 (C,s -> Nm,m,b,B)
 Cross section [pb] = 2.6282e-02 +/- 1.59e-03 (Nevnt = 5026)
#Subprocess 48 (C,s -> Nl,l,b,B)
 Cross section [pb] = 2.6250e-02 +/- 1.59e-03 (Nevnt = 5020)

 Total cross section [pb]  = 2.6147e+00 +/- 1.06e-02 (Ntotal = 500001)
