#Subprocess 1 (u,D -> ne,E,b,B)
 Cross section [pb] = 2.2874e-01 +/- 7.45e-04 (Nevnt = 44510)
#Subprocess 2 (u,D -> nm,M,b,B)
 Cross section [pb] = 2.2874e-01 +/- 7.43e-04 (Nevnt = 44509)
#Subprocess 3 (u,D -> nl,L,b,B)
 Cross section [pb] = 2.2858e-01 +/- 7.54e-04 (Nevnt = 44480)
#Subprocess 4 (u,S -> ne,E,b,B)
 Cross section [pb] = 9.7056e-03 +/- 7.94e-04 (Nevnt = 1889)
#Subprocess 5 (u,S -> nm,M,b,B)
 Cross section [pb] = 9.7057e-03 +/- 7.95e-04 (Nevnt = 1889)
#Subprocess 6 (u,S -> nl,L,b,B)
 Cross section [pb] = 9.6972e-03 +/- 7.94e-04 (Nevnt = 1887)
#Subprocess 7 (d,U -> Ne,e,b,B)
 Cross section [pb] = 1.2797e-01 +/- 6.81e-04 (Nevnt = 24901)
#Subprocess 8 (d,U -> Nm,m,b,B)
 Cross section [pb] = 1.2797e-01 +/- 6.81e-04 (Nevnt = 24901)
#Subprocess 9 (d,U -> Nl,l,b,B)
 Cross section [pb] = 1.2787e-01 +/- 6.81e-04 (Nevnt = 24882)
#Subprocess 10 (d,C -> Ne,e,b,B)
 Cross section [pb] = 4.8369e-03 +/- 6.98e-04 (Nevnt = 941)
#Subprocess 11 (d,C -> Nm,m,b,B)
 Cross section [pb] = 4.8369e-03 +/- 6.98e-04 (Nevnt = 941)
#Subprocess 12 (d,C -> Nl,l,b,B)
 Cross section [pb] = 4.8307e-03 +/- 7.03e-04 (Nevnt = 940)
#Subprocess 13 (U,d -> Ne,e,b,B)
 Cross section [pb] = 1.2803e-01 +/- 7.40e-04 (Nevnt = 24914)
#Subprocess 14 (U,d -> Nm,m,b,B)
 Cross section [pb] = 1.2803e-01 +/- 7.44e-04 (Nevnt = 24914)
#Subprocess 15 (U,d -> Nl,l,b,B)
 Cross section [pb] = 1.2794e-01 +/- 7.44e-04 (Nevnt = 24896)
#Subprocess 16 (U,s -> Ne,e,b,B)
 Cross section [pb] = 2.1655e-03 +/- 7.48e-04 (Nevnt = 421)
#Subprocess 17 (U,s -> Nm,m,b,B)
 Cross section [pb] = 2.1661e-03 +/- 7.54e-04 (Nevnt = 422)
#Subprocess 18 (U,s -> Nl,l,b,B)
 Cross section [pb] = 2.1651e-03 +/- 7.78e-04 (Nevnt = 421)
#Subprocess 19 (D,u -> ne,E,b,B)
 Cross section [pb] = 2.2862e-01 +/- 6.54e-04 (Nevnt = 44488)
#Subprocess 20 (D,u -> nm,M,b,B)
 Cross section [pb] = 2.2862e-01 +/- 6.54e-04 (Nevnt = 44488)
#Subprocess 21 (D,u -> nl,L,b,B)
 Cross section [pb] = 2.2845e-01 +/- 6.55e-04 (Nevnt = 44454)
#Subprocess 22 (D,c -> ne,E,b,B)
 Cross section [pb] = 1.9578e-03 +/- 7.34e-04 (Nevnt = 381)
#Subprocess 23 (D,c -> nm,M,b,B)
 Cross section [pb] = 1.9583e-03 +/- 7.17e-04 (Nevnt = 381)
#Subprocess 24 (D,c -> nl,L,b,B)
 Cross section [pb] = 1.9571e-03 +/- 7.15e-04 (Nevnt = 381)
#Subprocess 25 (s,U -> Ne,e,b,B)
 Cross section [pb] = 2.1658e-03 +/- 7.14e-04 (Nevnt = 421)
#Subprocess 26 (s,U -> Nm,m,b,B)
 Cross section [pb] = 2.1665e-03 +/- 6.85e-04 (Nevnt = 422)
#Subprocess 27 (s,U -> Nl,l,b,B)
 Cross section [pb] = 2.1654e-03 +/- 6.77e-04 (Nevnt = 421)
#Subprocess 28 (s,C -> Ne,e,b,B)
 Cross section [pb] = 2.6502e-02 +/- 8.10e-04 (Nevnt = 5157)
#Subprocess 29 (s,C -> Nm,m,b,B)
 Cross section [pb] = 2.6499e-02 +/- 8.13e-04 (Nevnt = 5156)
#Subprocess 30 (s,C -> Nl,l,b,B)
 Cross section [pb] = 2.6498e-02 +/- 8.02e-04 (Nevnt = 5156)
#Subprocess 31 (c,D -> ne,E,b,B)
 Cross section [pb] = 1.9608e-03 +/- 7.87e-04 (Nevnt = 382)
#Subprocess 32 (c,D -> nm,M,b,B)
 Cross section [pb] = 1.9607e-03 +/- 7.70e-04 (Nevnt = 382)
#Subprocess 33 (c,D -> nl,L,b,B)
 Cross section [pb] = 1.9598e-03 +/- 7.62e-04 (Nevnt = 381)
#Subprocess 34 (c,S -> ne,E,b,B)
 Cross section [pb] = 2.6513e-02 +/- 7.55e-04 (Nevnt = 5159)
#Subprocess 35 (c,S -> nm,M,b,B)
 Cross section [pb] = 2.6513e-02 +/- 7.56e-04 (Nevnt = 5159)
#Subprocess 36 (c,S -> nl,L,b,B)
 Cross section [pb] = 2.6474e-02 +/- 7.50e-04 (Nevnt = 5151)
#Subprocess 37 (S,u -> ne,E,b,B)
 Cross section [pb] = 9.6951e-03 +/- 7.05e-04 (Nevnt = 1887)
#Subprocess 38 (S,u -> nm,M,b,B)
 Cross section [pb] = 9.6952e-03 +/- 7.04e-04 (Nevnt = 1887)
#Subprocess 39 (S,u -> nl,L,b,B)
 Cross section [pb] = 9.6899e-03 +/- 6.58e-04 (Nevnt = 1886)
#Subprocess 40 (S,c -> ne,E,b,B)
 Cross section [pb] = 2.6502e-02 +/- 8.10e-04 (Nevnt = 5157)
#Subprocess 41 (S,c -> nm,M,b,B)
 Cross section [pb] = 2.6499e-02 +/- 8.13e-04 (Nevnt = 5156)
#Subprocess 42 (S,c -> nl,L,b,B)
 Cross section [pb] = 2.6498e-02 +/- 8.02e-04 (Nevnt = 5156)
#Subprocess 43 (C,d -> Ne,e,b,B)
 Cross section [pb] = 4.8375e-03 +/- 7.70e-04 (Nevnt = 941)
#Subprocess 44 (C,d -> Nm,m,b,B)
 Cross section [pb] = 4.8374e-03 +/- 7.66e-04 (Nevnt = 941)
#Subprocess 45 (C,d -> Nl,l,b,B)
 Cross section [pb] = 4.8321e-03 +/- 7.73e-04 (Nevnt = 940)
#Subprocess 46 (C,s -> Ne,e,b,B)
 Cross section [pb] = 2.6513e-02 +/- 7.55e-04 (Nevnt = 5159)
#Subprocess 47 (C,s -> Nm,m,b,B)
 Cross section [pb] = 2.6513e-02 +/- 7.56e-04 (Nevnt = 5159)
#Subprocess 48 (C,s -> Nl,l,b,B)
 Cross section [pb] = 2.6474e-02 +/- 7.50e-04 (Nevnt = 5151)

 Total cross section [pb]  = 2.5695e+00 +/- 5.14e-03 (Ntotal = 499998)
