The system is: Linux - 3.10.0-1160.76.1.el7.x86_64 - x86_64
Compiling the C compiler identification source file "CMakeCCompilerId.c" succeeded.
Compiler: /cvmfs/cms.cern.ch/slc7_amd64_gcc10/external/gcc/10.3.0-84898dea653199466402e67d73657f10/bin/cc 
Build flags: 
Id flags: 

The output was:
0


Compilation of the C compiler identification source "CMakeCCompilerId.c" produced "a.out"

The C compiler identification is GNU, found in "/afs/cern.ch/work/s/sverma/genproductions/bin/MadGraph5_aMCatNLO/WWGToLNu2jG_4f_NLO/WWGToLNu2jG_4f_NLO_gridpack/work/MG5_aMC_v2_9_9/HEPTools/collier/COLLIER-1.2.7/build/CMakeFiles/2.8.12.2/CompilerIdC/a.out"

Compiling the CXX compiler identification source file "CMakeCXXCompilerId.cpp" succeeded.
Compiler: /cvmfs/cms.cern.ch/slc7_amd64_gcc10/external/gcc/10.3.0-84898dea653199466402e67d73657f10/bin/g++ 
Build flags: 
Id flags: 

The output was:
0


Compilation of the CXX compiler identification source "CMakeCXXCompilerId.cpp" produced "a.out"

The CXX compiler identification is GNU, found in "/afs/cern.ch/work/s/sverma/genproductions/bin/MadGraph5_aMCatNLO/WWGToLNu2jG_4f_NLO/WWGToLNu2jG_4f_NLO_gridpack/work/MG5_aMC_v2_9_9/HEPTools/collier/COLLIER-1.2.7/build/CMakeFiles/2.8.12.2/CompilerIdCXX/a.out"

Determining if the C compiler works passed with the following output:
Change Dir: /afs/cern.ch/work/s/sverma/genproductions/bin/MadGraph5_aMCatNLO/WWGToLNu2jG_4f_NLO/WWGToLNu2jG_4f_NLO_gridpack/work/MG5_aMC_v2_9_9/HEPTools/collier/COLLIER-1.2.7/build/CMakeFiles/CMakeTmp

Run Build Command:/cvmfs/cms.cern.ch/slc7_amd64_gcc10/cms/cmssw/CMSSW_12_4_8/external/slc7_amd64_gcc10/bin/gmake "cmTryCompileExec2159494740/fast"
/cvmfs/cms.cern.ch/slc7_amd64_gcc10/cms/cmssw/CMSSW_12_4_8/external/slc7_amd64_gcc10/bin/gmake -f CMakeFiles/cmTryCompileExec2159494740.dir/build.make CMakeFiles/cmTryCompileExec2159494740.dir/build
gmake[1]: Entering directory '/afs/cern.ch/work/s/sverma/genproductions/bin/MadGraph5_aMCatNLO/WWGToLNu2jG_4f_NLO/WWGToLNu2jG_4f_NLO_gridpack/work/MG5_aMC_v2_9_9/HEPTools/collier/COLLIER-1.2.7/build/CMakeFiles/CMakeTmp'
/usr/bin/cmake -E cmake_progress_report /afs/cern.ch/work/s/sverma/genproductions/bin/MadGraph5_aMCatNLO/WWGToLNu2jG_4f_NLO/WWGToLNu2jG_4f_NLO_gridpack/work/MG5_aMC_v2_9_9/HEPTools/collier/COLLIER-1.2.7/build/CMakeFiles/CMakeTmp/CMakeFiles 1
Building C object CMakeFiles/cmTryCompileExec2159494740.dir/testCCompiler.c.o
/cvmfs/cms.cern.ch/slc7_amd64_gcc10/external/gcc/10.3.0-84898dea653199466402e67d73657f10/bin/cc    -o CMakeFiles/cmTryCompileExec2159494740.dir/testCCompiler.c.o   -c /afs/cern.ch/work/s/sverma/genproductions/bin/MadGraph5_aMCatNLO/WWGToLNu2jG_4f_NLO/WWGToLNu2jG_4f_NLO_gridpack/work/MG5_aMC_v2_9_9/HEPTools/collier/COLLIER-1.2.7/build/CMakeFiles/CMakeTmp/testCCompiler.c
Linking C executable cmTryCompileExec2159494740
/usr/bin/cmake -E cmake_link_script CMakeFiles/cmTryCompileExec2159494740.dir/link.txt --verbose=1
/cvmfs/cms.cern.ch/slc7_amd64_gcc10/external/gcc/10.3.0-84898dea653199466402e67d73657f10/bin/cc       CMakeFiles/cmTryCompileExec2159494740.dir/testCCompiler.c.o  -o cmTryCompileExec2159494740 -rdynamic 
gmake[1]: Leaving directory '/afs/cern.ch/work/s/sverma/genproductions/bin/MadGraph5_aMCatNLO/WWGToLNu2jG_4f_NLO/WWGToLNu2jG_4f_NLO_gridpack/work/MG5_aMC_v2_9_9/HEPTools/collier/COLLIER-1.2.7/build/CMakeFiles/CMakeTmp'


Detecting C compiler ABI info compiled with the following output:
Change Dir: /afs/cern.ch/work/s/sverma/genproductions/bin/MadGraph5_aMCatNLO/WWGToLNu2jG_4f_NLO/WWGToLNu2jG_4f_NLO_gridpack/work/MG5_aMC_v2_9_9/HEPTools/collier/COLLIER-1.2.7/build/CMakeFiles/CMakeTmp

Run Build Command:/cvmfs/cms.cern.ch/slc7_amd64_gcc10/cms/cmssw/CMSSW_12_4_8/external/slc7_amd64_gcc10/bin/gmake "cmTryCompileExec874592055/fast"
/cvmfs/cms.cern.ch/slc7_amd64_gcc10/cms/cmssw/CMSSW_12_4_8/external/slc7_amd64_gcc10/bin/gmake -f CMakeFiles/cmTryCompileExec874592055.dir/build.make CMakeFiles/cmTryCompileExec874592055.dir/build
gmake[1]: Entering directory '/afs/cern.ch/work/s/sverma/genproductions/bin/MadGraph5_aMCatNLO/WWGToLNu2jG_4f_NLO/WWGToLNu2jG_4f_NLO_gridpack/work/MG5_aMC_v2_9_9/HEPTools/collier/COLLIER-1.2.7/build/CMakeFiles/CMakeTmp'
/usr/bin/cmake -E cmake_progress_report /afs/cern.ch/work/s/sverma/genproductions/bin/MadGraph5_aMCatNLO/WWGToLNu2jG_4f_NLO/WWGToLNu2jG_4f_NLO_gridpack/work/MG5_aMC_v2_9_9/HEPTools/collier/COLLIER-1.2.7/build/CMakeFiles/CMakeTmp/CMakeFiles 1
Building C object CMakeFiles/cmTryCompileExec874592055.dir/CMakeCCompilerABI.c.o
/cvmfs/cms.cern.ch/slc7_amd64_gcc10/external/gcc/10.3.0-84898dea653199466402e67d73657f10/bin/cc    -o CMakeFiles/cmTryCompileExec874592055.dir/CMakeCCompilerABI.c.o   -c /usr/share/cmake/Modules/CMakeCCompilerABI.c
Linking C executable cmTryCompileExec874592055
/usr/bin/cmake -E cmake_link_script CMakeFiles/cmTryCompileExec874592055.dir/link.txt --verbose=1
/cvmfs/cms.cern.ch/slc7_amd64_gcc10/external/gcc/10.3.0-84898dea653199466402e67d73657f10/bin/cc     -v CMakeFiles/cmTryCompileExec874592055.dir/CMakeCCompilerABI.c.o  -o cmTryCompileExec874592055 -rdynamic  
Using built-in specs.
COLLECT_GCC=/cvmfs/cms.cern.ch/slc7_amd64_gcc10/external/gcc/10.3.0-84898dea653199466402e67d73657f10/bin/cc
COLLECT_LTO_WRAPPER=/cvmfs/cms.cern.ch/slc7_amd64_gcc10/external/gcc/10.3.0-84898dea653199466402e67d73657f10/bin/../libexec/gcc/x86_64-unknown-linux-gnu/10.3.0/lto-wrapper
Target: x86_64-unknown-linux-gnu
Configured with: ../configure --prefix=/data/cmsbld/jenkins/workspace/auto-builds/CMSSW_12_3_0_pre2-slc7_amd64_gcc10/build/CMSSW_12_3_0_pre2-build/tmp/BUILDROOT/84898dea653199466402e67d73657f10/opt/cmssw/slc7_amd64_gcc10/external/gcc/10.3.0-84898dea653199466402e67d73657f10 --disable-multilib --disable-nls --disable-dssi --enable-languages=c,c++,fortran --enable-gnu-indirect-function --enable-__cxa_atexit --disable-libunwind-exceptions --enable-gnu-unique-object --enable-plugin --with-linker-hash-style=gnu --enable-linker-build-id --enable-ld=default --enable-lto --enable-gold=yes --with-gmp=/data/cmsbld/jenkins/workspace/auto-builds/CMSSW_12_3_0_pre2-slc7_amd64_gcc10/build/CMSSW_12_3_0_pre2-build/tmp/BUILDROOT/84898dea653199466402e67d73657f10/opt/cmssw/slc7_amd64_gcc10/external/gcc/10.3.0-84898dea653199466402e67d73657f10 --with-mpfr=/data/cmsbld/jenkins/workspace/auto-builds/CMSSW_12_3_0_pre2-slc7_amd64_gcc10/build/CMSSW_12_3_0_pre2-build/tmp/BUILDROOT/84898dea653199466402e67d73657f10/opt/cmssw/slc7_amd64_gcc10/external/gcc/10.3.0-84898dea653199466402e67d73657f10 --enable-bootstrap --with-mpc=/data/cmsbld/jenkins/workspace/auto-builds/CMSSW_12_3_0_pre2-slc7_amd64_gcc10/build/CMSSW_12_3_0_pre2-build/tmp/BUILDROOT/84898dea653199466402e67d73657f10/opt/cmssw/slc7_amd64_gcc10/external/gcc/10.3.0-84898dea653199466402e67d73657f10 --with-isl=/data/cmsbld/jenkins/workspace/auto-builds/CMSSW_12_3_0_pre2-slc7_amd64_gcc10/build/CMSSW_12_3_0_pre2-build/tmp/BUILDROOT/84898dea653199466402e67d73657f10/opt/cmssw/slc7_amd64_gcc10/external/gcc/10.3.0-84898dea653199466402e67d73657f10 --enable-checking=release --build=x86_64-unknown-linux-gnu --host=x86_64-unknown-linux-gnu --enable-libstdcxx-time=rt --enable-shared --disable-libgcj CC='gcc -fPIC' CXX='c++ -fPIC' CPP=cpp CXXCPP='c++ -E' CFLAGS=-I/data/cmsbld/jenkins/workspace/auto-builds/CMSSW_12_3_0_pre2-slc7_amd64_gcc10/build/CMSSW_12_3_0_pre2-build/tmp/BUILDROOT/84898dea653199466402e67d73657f10/opt/cmssw/slc7_amd64_gcc10/external/gcc/10.3.0-84898dea653199466402e67d73657f10/tmp/sw/include CXXFLAGS=-I/data/cmsbld/jenkins/workspace/auto-builds/CMSSW_12_3_0_pre2-slc7_amd64_gcc10/build/CMSSW_12_3_0_pre2-build/tmp/BUILDROOT/84898dea653199466402e67d73657f10/opt/cmssw/slc7_amd64_gcc10/external/gcc/10.3.0-84898dea653199466402e67d73657f10/tmp/sw/include LDFLAGS=-L/data/cmsbld/jenkins/workspace/auto-builds/CMSSW_12_3_0_pre2-slc7_amd64_gcc10/build/CMSSW_12_3_0_pre2-build/tmp/BUILDROOT/84898dea653199466402e67d73657f10/opt/cmssw/slc7_amd64_gcc10/external/gcc/10.3.0-84898dea653199466402e67d73657f10/tmp/sw/lib
Thread model: posix
Supported LTO compression algorithms: zlib
gcc version 10.3.0 (GCC) 
COMPILER_PATH=/cvmfs/cms.cern.ch/slc7_amd64_gcc10/external/gcc/10.3.0-84898dea653199466402e67d73657f10/bin/../libexec/gcc/x86_64-unknown-linux-gnu/10.3.0/:/cvmfs/cms.cern.ch/slc7_amd64_gcc10/external/gcc/10.3.0-84898dea653199466402e67d73657f10/bin/../libexec/gcc/:/cvmfs/cms.cern.ch/slc7_amd64_gcc10/external/gcc/10.3.0-84898dea653199466402e67d73657f10/:/cvmfs/cms.cern.ch/slc7_amd64_gcc10/external/gcc/10.3.0-84898dea653199466402e67d73657f10/bin/../lib/gcc/x86_64-unknown-linux-gnu/10.3.0/../../../../x86_64-unknown-linux-gnu/bin/
LIBRARY_PATH=/cvmfs/cms.cern.ch/slc7_amd64_gcc10/external/gcc/10.3.0-84898dea653199466402e67d73657f10/bin/../lib/gcc/x86_64-unknown-linux-gnu/10.3.0/:/cvmfs/cms.cern.ch/slc7_amd64_gcc10/external/gcc/10.3.0-84898dea653199466402e67d73657f10/bin/../lib/gcc/:/cvmfs/cms.cern.ch/slc7_amd64_gcc10/external/gcc/10.3.0-84898dea653199466402e67d73657f10/bin/../lib/gcc/x86_64-unknown-linux-gnu/10.3.0/../../../../lib64/:/lib/../lib64/:/usr/lib/../lib64/:/cvmfs/cms.cern.ch/slc7_amd64_gcc10/external/gcc/10.3.0-84898dea653199466402e67d73657f10/bin/../lib/gcc/x86_64-unknown-linux-gnu/10.3.0/../../../../x86_64-unknown-linux-gnu/lib/:/cvmfs/cms.cern.ch/slc7_amd64_gcc10/external/gcc/10.3.0-84898dea653199466402e67d73657f10/bin/../lib/gcc/x86_64-unknown-linux-gnu/10.3.0/../../../:/lib/:/usr/lib/
COLLECT_GCC_OPTIONS='-v' '-o' 'cmTryCompileExec874592055' '-rdynamic' '-mtune=generic' '-march=x86-64'
 /cvmfs/cms.cern.ch/slc7_amd64_gcc10/external/gcc/10.3.0-84898dea653199466402e67d73657f10/bin/../libexec/gcc/x86_64-unknown-linux-gnu/10.3.0/collect2 -plugin /cvmfs/cms.cern.ch/slc7_amd64_gcc10/external/gcc/10.3.0-84898dea653199466402e67d73657f10/bin/../libexec/gcc/x86_64-unknown-linux-gnu/10.3.0/liblto_plugin.so -plugin-opt=/cvmfs/cms.cern.ch/slc7_amd64_gcc10/external/gcc/10.3.0-84898dea653199466402e67d73657f10/bin/../libexec/gcc/x86_64-unknown-linux-gnu/10.3.0/lto-wrapper -plugin-opt=-fresolution=/tmp/sverma/cckYpxzn.res -plugin-opt=-pass-through=-lgcc -plugin-opt=-pass-through=-lgcc_s -plugin-opt=-pass-through=-lc -plugin-opt=-pass-through=-lgcc -plugin-opt=-pass-through=-lgcc_s --build-id --eh-frame-hdr --hash-style=gnu -m elf_x86_64 -export-dynamic -dynamic-linker /lib64/ld-linux-x86-64.so.2 -z common-page-size=4096 -z max-page-size=4096 -o cmTryCompileExec874592055 /lib/../lib64/crt1.o /lib/../lib64/crti.o /cvmfs/cms.cern.ch/slc7_amd64_gcc10/external/gcc/10.3.0-84898dea653199466402e67d73657f10/bin/../lib/gcc/x86_64-unknown-linux-gnu/10.3.0/crtbegin.o -L/cvmfs/cms.cern.ch/slc7_amd64_gcc10/external/gcc/10.3.0-84898dea653199466402e67d73657f10/bin/../lib/gcc/x86_64-unknown-linux-gnu/10.3.0 -L/cvmfs/cms.cern.ch/slc7_amd64_gcc10/external/gcc/10.3.0-84898dea653199466402e67d73657f10/bin/../lib/gcc -L/cvmfs/cms.cern.ch/slc7_amd64_gcc10/external/gcc/10.3.0-84898dea653199466402e67d73657f10/bin/../lib/gcc/x86_64-unknown-linux-gnu/10.3.0/../../../../lib64 -L/lib/../lib64 -L/usr/lib/../lib64 -L/cvmfs/cms.cern.ch/slc7_amd64_gcc10/external/gcc/10.3.0-84898dea653199466402e67d73657f10/bin/../lib/gcc/x86_64-unknown-linux-gnu/10.3.0/../../../../x86_64-unknown-linux-gnu/lib -L/cvmfs/cms.cern.ch/slc7_amd64_gcc10/external/gcc/10.3.0-84898dea653199466402e67d73657f10/bin/../lib/gcc/x86_64-unknown-linux-gnu/10.3.0/../../.. CMakeFiles/cmTryCompileExec874592055.dir/CMakeCCompilerABI.c.o -lgcc --push-state --as-needed -lgcc_s --pop-state -lc -lgcc --push-state --as-needed -lgcc_s --pop-state /cvmfs/cms.cern.ch/slc7_amd64_gcc10/external/gcc/10.3.0-84898dea653199466402e67d73657f10/bin/../lib/gcc/x86_64-unknown-linux-gnu/10.3.0/crtend.o /lib/../lib64/crtn.o
COLLECT_GCC_OPTIONS='-v' '-o' 'cmTryCompileExec874592055' '-rdynamic' '-mtune=generic' '-march=x86-64'
gmake[1]: Leaving directory '/afs/cern.ch/work/s/sverma/genproductions/bin/MadGraph5_aMCatNLO/WWGToLNu2jG_4f_NLO/WWGToLNu2jG_4f_NLO_gridpack/work/MG5_aMC_v2_9_9/HEPTools/collier/COLLIER-1.2.7/build/CMakeFiles/CMakeTmp'


Parsed C implicit link information from above output:
  link line regex: [^( *|.*[/\])(ld|([^/\]+-)?ld|collect2)[^/\]*( |$)]
  ignore line: [Change Dir: /afs/cern.ch/work/s/sverma/genproductions/bin/MadGraph5_aMCatNLO/WWGToLNu2jG_4f_NLO/WWGToLNu2jG_4f_NLO_gridpack/work/MG5_aMC_v2_9_9/HEPTools/collier/COLLIER-1.2.7/build/CMakeFiles/CMakeTmp]
  ignore line: []
  ignore line: [Run Build Command:/cvmfs/cms.cern.ch/slc7_amd64_gcc10/cms/cmssw/CMSSW_12_4_8/external/slc7_amd64_gcc10/bin/gmake "cmTryCompileExec874592055/fast"]
  ignore line: [/cvmfs/cms.cern.ch/slc7_amd64_gcc10/cms/cmssw/CMSSW_12_4_8/external/slc7_amd64_gcc10/bin/gmake -f CMakeFiles/cmTryCompileExec874592055.dir/build.make CMakeFiles/cmTryCompileExec874592055.dir/build]
  ignore line: [gmake[1]: Entering directory '/afs/cern.ch/work/s/sverma/genproductions/bin/MadGraph5_aMCatNLO/WWGToLNu2jG_4f_NLO/WWGToLNu2jG_4f_NLO_gridpack/work/MG5_aMC_v2_9_9/HEPTools/collier/COLLIER-1.2.7/build/CMakeFiles/CMakeTmp']
  ignore line: [/usr/bin/cmake -E cmake_progress_report /afs/cern.ch/work/s/sverma/genproductions/bin/MadGraph5_aMCatNLO/WWGToLNu2jG_4f_NLO/WWGToLNu2jG_4f_NLO_gridpack/work/MG5_aMC_v2_9_9/HEPTools/collier/COLLIER-1.2.7/build/CMakeFiles/CMakeTmp/CMakeFiles 1]
  ignore line: [Building C object CMakeFiles/cmTryCompileExec874592055.dir/CMakeCCompilerABI.c.o]
  ignore line: [/cvmfs/cms.cern.ch/slc7_amd64_gcc10/external/gcc/10.3.0-84898dea653199466402e67d73657f10/bin/cc    -o CMakeFiles/cmTryCompileExec874592055.dir/CMakeCCompilerABI.c.o   -c /usr/share/cmake/Modules/CMakeCCompilerABI.c]
  ignore line: [Linking C executable cmTryCompileExec874592055]
  ignore line: [/usr/bin/cmake -E cmake_link_script CMakeFiles/cmTryCompileExec874592055.dir/link.txt --verbose=1]
  ignore line: [/cvmfs/cms.cern.ch/slc7_amd64_gcc10/external/gcc/10.3.0-84898dea653199466402e67d73657f10/bin/cc     -v CMakeFiles/cmTryCompileExec874592055.dir/CMakeCCompilerABI.c.o  -o cmTryCompileExec874592055 -rdynamic  ]
  ignore line: [Using built-in specs.]
  ignore line: [COLLECT_GCC=/cvmfs/cms.cern.ch/slc7_amd64_gcc10/external/gcc/10.3.0-84898dea653199466402e67d73657f10/bin/cc]
  ignore line: [COLLECT_LTO_WRAPPER=/cvmfs/cms.cern.ch/slc7_amd64_gcc10/external/gcc/10.3.0-84898dea653199466402e67d73657f10/bin/../libexec/gcc/x86_64-unknown-linux-gnu/10.3.0/lto-wrapper]
  ignore line: [Target: x86_64-unknown-linux-gnu]
  ignore line: [Configured with: ../configure --prefix=/data/cmsbld/jenkins/workspace/auto-builds/CMSSW_12_3_0_pre2-slc7_amd64_gcc10/build/CMSSW_12_3_0_pre2-build/tmp/BUILDROOT/84898dea653199466402e67d73657f10/opt/cmssw/slc7_amd64_gcc10/external/gcc/10.3.0-84898dea653199466402e67d73657f10 --disable-multilib --disable-nls --disable-dssi --enable-languages=c,c++,fortran --enable-gnu-indirect-function --enable-__cxa_atexit --disable-libunwind-exceptions --enable-gnu-unique-object --enable-plugin --with-linker-hash-style=gnu --enable-linker-build-id --enable-ld=default --enable-lto --enable-gold=yes --with-gmp=/data/cmsbld/jenkins/workspace/auto-builds/CMSSW_12_3_0_pre2-slc7_amd64_gcc10/build/CMSSW_12_3_0_pre2-build/tmp/BUILDROOT/84898dea653199466402e67d73657f10/opt/cmssw/slc7_amd64_gcc10/external/gcc/10.3.0-84898dea653199466402e67d73657f10 --with-mpfr=/data/cmsbld/jenkins/workspace/auto-builds/CMSSW_12_3_0_pre2-slc7_amd64_gcc10/build/CMSSW_12_3_0_pre2-build/tmp/BUILDROOT/84898dea653199466402e67d73657f10/opt/cmssw/slc7_amd64_gcc10/external/gcc/10.3.0-84898dea653199466402e67d73657f10 --enable-bootstrap --with-mpc=/data/cmsbld/jenkins/workspace/auto-builds/CMSSW_12_3_0_pre2-slc7_amd64_gcc10/build/CMSSW_12_3_0_pre2-build/tmp/BUILDROOT/84898dea653199466402e67d73657f10/opt/cmssw/slc7_amd64_gcc10/external/gcc/10.3.0-84898dea653199466402e67d73657f10 --with-isl=/data/cmsbld/jenkins/workspace/auto-builds/CMSSW_12_3_0_pre2-slc7_amd64_gcc10/build/CMSSW_12_3_0_pre2-build/tmp/BUILDROOT/84898dea653199466402e67d73657f10/opt/cmssw/slc7_amd64_gcc10/external/gcc/10.3.0-84898dea653199466402e67d73657f10 --enable-checking=release --build=x86_64-unknown-linux-gnu --host=x86_64-unknown-linux-gnu --enable-libstdcxx-time=rt --enable-shared --disable-libgcj CC='gcc -fPIC' CXX='c++ -fPIC' CPP=cpp CXXCPP='c++ -E' CFLAGS=-I/data/cmsbld/jenkins/workspace/auto-builds/CMSSW_12_3_0_pre2-slc7_amd64_gcc10/build/CMSSW_12_3_0_pre2-build/tmp/BUILDROOT/84898dea653199466402e67d73657f10/opt/cmssw/slc7_amd64_gcc10/external/gcc/10.3.0-84898dea653199466402e67d73657f10/tmp/sw/include CXXFLAGS=-I/data/cmsbld/jenkins/workspace/auto-builds/CMSSW_12_3_0_pre2-slc7_amd64_gcc10/build/CMSSW_12_3_0_pre2-build/tmp/BUILDROOT/84898dea653199466402e67d73657f10/opt/cmssw/slc7_amd64_gcc10/external/gcc/10.3.0-84898dea653199466402e67d73657f10/tmp/sw/include LDFLAGS=-L/data/cmsbld/jenkins/workspace/auto-builds/CMSSW_12_3_0_pre2-slc7_amd64_gcc10/build/CMSSW_12_3_0_pre2-build/tmp/BUILDROOT/84898dea653199466402e67d73657f10/opt/cmssw/slc7_amd64_gcc10/external/gcc/10.3.0-84898dea653199466402e67d73657f10/tmp/sw/lib]
  ignore line: [Thread model: posix]
  ignore line: [Supported LTO compression algorithms: zlib]
  ignore line: [gcc version 10.3.0 (GCC) ]
  ignore line: [COMPILER_PATH=/cvmfs/cms.cern.ch/slc7_amd64_gcc10/external/gcc/10.3.0-84898dea653199466402e67d73657f10/bin/../libexec/gcc/x86_64-unknown-linux-gnu/10.3.0/:/cvmfs/cms.cern.ch/slc7_amd64_gcc10/external/gcc/10.3.0-84898dea653199466402e67d73657f10/bin/../libexec/gcc/:/cvmfs/cms.cern.ch/slc7_amd64_gcc10/external/gcc/10.3.0-84898dea653199466402e67d73657f10/:/cvmfs/cms.cern.ch/slc7_amd64_gcc10/external/gcc/10.3.0-84898dea653199466402e67d73657f10/bin/../lib/gcc/x86_64-unknown-linux-gnu/10.3.0/../../../../x86_64-unknown-linux-gnu/bin/]
  ignore line: [LIBRARY_PATH=/cvmfs/cms.cern.ch/slc7_amd64_gcc10/external/gcc/10.3.0-84898dea653199466402e67d73657f10/bin/../lib/gcc/x86_64-unknown-linux-gnu/10.3.0/:/cvmfs/cms.cern.ch/slc7_amd64_gcc10/external/gcc/10.3.0-84898dea653199466402e67d73657f10/bin/../lib/gcc/:/cvmfs/cms.cern.ch/slc7_amd64_gcc10/external/gcc/10.3.0-84898dea653199466402e67d73657f10/bin/../lib/gcc/x86_64-unknown-linux-gnu/10.3.0/../../../../lib64/:/lib/../lib64/:/usr/lib/../lib64/:/cvmfs/cms.cern.ch/slc7_amd64_gcc10/external/gcc/10.3.0-84898dea653199466402e67d73657f10/bin/../lib/gcc/x86_64-unknown-linux-gnu/10.3.0/../../../../x86_64-unknown-linux-gnu/lib/:/cvmfs/cms.cern.ch/slc7_amd64_gcc10/external/gcc/10.3.0-84898dea653199466402e67d73657f10/bin/../lib/gcc/x86_64-unknown-linux-gnu/10.3.0/../../../:/lib/:/usr/lib/]
  ignore line: [COLLECT_GCC_OPTIONS='-v' '-o' 'cmTryCompileExec874592055' '-rdynamic' '-mtune=generic' '-march=x86-64']
  link line: [ /cvmfs/cms.cern.ch/slc7_amd64_gcc10/external/gcc/10.3.0-84898dea653199466402e67d73657f10/bin/../libexec/gcc/x86_64-unknown-linux-gnu/10.3.0/collect2 -plugin /cvmfs/cms.cern.ch/slc7_amd64_gcc10/external/gcc/10.3.0-84898dea653199466402e67d73657f10/bin/../libexec/gcc/x86_64-unknown-linux-gnu/10.3.0/liblto_plugin.so -plugin-opt=/cvmfs/cms.cern.ch/slc7_amd64_gcc10/external/gcc/10.3.0-84898dea653199466402e67d73657f10/bin/../libexec/gcc/x86_64-unknown-linux-gnu/10.3.0/lto-wrapper -plugin-opt=-fresolution=/tmp/sverma/cckYpxzn.res -plugin-opt=-pass-through=-lgcc -plugin-opt=-pass-through=-lgcc_s -plugin-opt=-pass-through=-lc -plugin-opt=-pass-through=-lgcc -plugin-opt=-pass-through=-lgcc_s --build-id --eh-frame-hdr --hash-style=gnu -m elf_x86_64 -export-dynamic -dynamic-linker /lib64/ld-linux-x86-64.so.2 -z common-page-size=4096 -z max-page-size=4096 -o cmTryCompileExec874592055 /lib/../lib64/crt1.o /lib/../lib64/crti.o /cvmfs/cms.cern.ch/slc7_amd64_gcc10/external/gcc/10.3.0-84898dea653199466402e67d73657f10/bin/../lib/gcc/x86_64-unknown-linux-gnu/10.3.0/crtbegin.o -L/cvmfs/cms.cern.ch/slc7_amd64_gcc10/external/gcc/10.3.0-84898dea653199466402e67d73657f10/bin/../lib/gcc/x86_64-unknown-linux-gnu/10.3.0 -L/cvmfs/cms.cern.ch/slc7_amd64_gcc10/external/gcc/10.3.0-84898dea653199466402e67d73657f10/bin/../lib/gcc -L/cvmfs/cms.cern.ch/slc7_amd64_gcc10/external/gcc/10.3.0-84898dea653199466402e67d73657f10/bin/../lib/gcc/x86_64-unknown-linux-gnu/10.3.0/../../../../lib64 -L/lib/../lib64 -L/usr/lib/../lib64 -L/cvmfs/cms.cern.ch/slc7_amd64_gcc10/external/gcc/10.3.0-84898dea653199466402e67d73657f10/bin/../lib/gcc/x86_64-unknown-linux-gnu/10.3.0/../../../../x86_64-unknown-linux-gnu/lib -L/cvmfs/cms.cern.ch/slc7_amd64_gcc10/external/gcc/10.3.0-84898dea653199466402e67d73657f10/bin/../lib/gcc/x86_64-unknown-linux-gnu/10.3.0/../../.. CMakeFiles/cmTryCompileExec874592055.dir/CMakeCCompilerABI.c.o -lgcc --push-state --as-needed -lgcc_s --pop-state -lc -lgcc --push-state --as-needed -lgcc_s --pop-state /cvmfs/cms.cern.ch/slc7_amd64_gcc10/external/gcc/10.3.0-84898dea653199466402e67d73657f10/bin/../lib/gcc/x86_64-unknown-linux-gnu/10.3.0/crtend.o /lib/../lib64/crtn.o]
    arg [/cvmfs/cms.cern.ch/slc7_amd64_gcc10/external/gcc/10.3.0-84898dea653199466402e67d73657f10/bin/../libexec/gcc/x86_64-unknown-linux-gnu/10.3.0/collect2] ==> ignore
    arg [-plugin] ==> ignore
    arg [/cvmfs/cms.cern.ch/slc7_amd64_gcc10/external/gcc/10.3.0-84898dea653199466402e67d73657f10/bin/../libexec/gcc/x86_64-unknown-linux-gnu/10.3.0/liblto_plugin.so] ==> ignore
    arg [-plugin-opt=/cvmfs/cms.cern.ch/slc7_amd64_gcc10/external/gcc/10.3.0-84898dea653199466402e67d73657f10/bin/../libexec/gcc/x86_64-unknown-linux-gnu/10.3.0/lto-wrapper] ==> ignore
    arg [-plugin-opt=-fresolution=/tmp/sverma/cckYpxzn.res] ==> ignore
    arg [-plugin-opt=-pass-through=-lgcc] ==> ignore
    arg [-plugin-opt=-pass-through=-lgcc_s] ==> ignore
    arg [-plugin-opt=-pass-through=-lc] ==> ignore
    arg [-plugin-opt=-pass-through=-lgcc] ==> ignore
    arg [-plugin-opt=-pass-through=-lgcc_s] ==> ignore
    arg [--build-id] ==> ignore
    arg [--eh-frame-hdr] ==> ignore
    arg [--hash-style=gnu] ==> ignore
    arg [-m] ==> ignore
    arg [elf_x86_64] ==> ignore
    arg [-export-dynamic] ==> ignore
    arg [-dynamic-linker] ==> ignore
    arg [/lib64/ld-linux-x86-64.so.2] ==> ignore
    arg [-zcommon-page-size=4096] ==> ignore
    arg [-zmax-page-size=4096] ==> ignore
    arg [-o] ==> ignore
    arg [cmTryCompileExec874592055] ==> ignore
    arg [/lib/../lib64/crt1.o] ==> ignore
    arg [/lib/../lib64/crti.o] ==> ignore
    arg [/cvmfs/cms.cern.ch/slc7_amd64_gcc10/external/gcc/10.3.0-84898dea653199466402e67d73657f10/bin/../lib/gcc/x86_64-unknown-linux-gnu/10.3.0/crtbegin.o] ==> ignore
    arg [-L/cvmfs/cms.cern.ch/slc7_amd64_gcc10/external/gcc/10.3.0-84898dea653199466402e67d73657f10/bin/../lib/gcc/x86_64-unknown-linux-gnu/10.3.0] ==> dir [/cvmfs/cms.cern.ch/slc7_amd64_gcc10/external/gcc/10.3.0-84898dea653199466402e67d73657f10/bin/../lib/gcc/x86_64-unknown-linux-gnu/10.3.0]
    arg [-L/cvmfs/cms.cern.ch/slc7_amd64_gcc10/external/gcc/10.3.0-84898dea653199466402e67d73657f10/bin/../lib/gcc] ==> dir [/cvmfs/cms.cern.ch/slc7_amd64_gcc10/external/gcc/10.3.0-84898dea653199466402e67d73657f10/bin/../lib/gcc]
    arg [-L/cvmfs/cms.cern.ch/slc7_amd64_gcc10/external/gcc/10.3.0-84898dea653199466402e67d73657f10/bin/../lib/gcc/x86_64-unknown-linux-gnu/10.3.0/../../../../lib64] ==> dir [/cvmfs/cms.cern.ch/slc7_amd64_gcc10/external/gcc/10.3.0-84898dea653199466402e67d73657f10/bin/../lib/gcc/x86_64-unknown-linux-gnu/10.3.0/../../../../lib64]
    arg [-L/lib/../lib64] ==> dir [/lib/../lib64]
    arg [-L/usr/lib/../lib64] ==> dir [/usr/lib/../lib64]
    arg [-L/cvmfs/cms.cern.ch/slc7_amd64_gcc10/external/gcc/10.3.0-84898dea653199466402e67d73657f10/bin/../lib/gcc/x86_64-unknown-linux-gnu/10.3.0/../../../../x86_64-unknown-linux-gnu/lib] ==> dir [/cvmfs/cms.cern.ch/slc7_amd64_gcc10/external/gcc/10.3.0-84898dea653199466402e67d73657f10/bin/../lib/gcc/x86_64-unknown-linux-gnu/10.3.0/../../../../x86_64-unknown-linux-gnu/lib]
    arg [-L/cvmfs/cms.cern.ch/slc7_amd64_gcc10/external/gcc/10.3.0-84898dea653199466402e67d73657f10/bin/../lib/gcc/x86_64-unknown-linux-gnu/10.3.0/../../..] ==> dir [/cvmfs/cms.cern.ch/slc7_amd64_gcc10/external/gcc/10.3.0-84898dea653199466402e67d73657f10/bin/../lib/gcc/x86_64-unknown-linux-gnu/10.3.0/../../..]
    arg [CMakeFiles/cmTryCompileExec874592055.dir/CMakeCCompilerABI.c.o] ==> ignore
    arg [-lgcc] ==> lib [gcc]
    arg [--push-state] ==> ignore
    arg [--as-needed] ==> ignore
    arg [-lgcc_s] ==> lib [gcc_s]
    arg [--pop-state] ==> ignore
    arg [-lc] ==> lib [c]
    arg [-lgcc] ==> lib [gcc]
    arg [--push-state] ==> ignore
    arg [--as-needed] ==> ignore
    arg [-lgcc_s] ==> lib [gcc_s]
    arg [--pop-state] ==> ignore
    arg [/cvmfs/cms.cern.ch/slc7_amd64_gcc10/external/gcc/10.3.0-84898dea653199466402e67d73657f10/bin/../lib/gcc/x86_64-unknown-linux-gnu/10.3.0/crtend.o] ==> ignore
    arg [/lib/../lib64/crtn.o] ==> ignore
  remove lib [gcc]
  remove lib [gcc_s]
  remove lib [gcc]
  remove lib [gcc_s]
  collapse library dir [/cvmfs/cms.cern.ch/slc7_amd64_gcc10/external/gcc/10.3.0-84898dea653199466402e67d73657f10/bin/../lib/gcc/x86_64-unknown-linux-gnu/10.3.0] ==> [/cvmfs/cms.cern.ch/slc7_amd64_gcc10/external/gcc/10.3.0-84898dea653199466402e67d73657f10/lib/gcc/x86_64-unknown-linux-gnu/10.3.0]
  collapse library dir [/cvmfs/cms.cern.ch/slc7_amd64_gcc10/external/gcc/10.3.0-84898dea653199466402e67d73657f10/bin/../lib/gcc] ==> [/cvmfs/cms.cern.ch/slc7_amd64_gcc10/external/gcc/10.3.0-84898dea653199466402e67d73657f10/lib/gcc]
  collapse library dir [/cvmfs/cms.cern.ch/slc7_amd64_gcc10/external/gcc/10.3.0-84898dea653199466402e67d73657f10/bin/../lib/gcc/x86_64-unknown-linux-gnu/10.3.0/../../../../lib64] ==> [/cvmfs/cms.cern.ch/slc7_amd64_gcc10/external/gcc/10.3.0-84898dea653199466402e67d73657f10/lib64]
  collapse library dir [/lib/../lib64] ==> [/lib64]
  collapse library dir [/usr/lib/../lib64] ==> [/usr/lib64]
  collapse library dir [/cvmfs/cms.cern.ch/slc7_amd64_gcc10/external/gcc/10.3.0-84898dea653199466402e67d73657f10/bin/../lib/gcc/x86_64-unknown-linux-gnu/10.3.0/../../../../x86_64-unknown-linux-gnu/lib] ==> [/cvmfs/cms.cern.ch/slc7_amd64_gcc10/external/gcc/10.3.0-84898dea653199466402e67d73657f10/x86_64-unknown-linux-gnu/lib]
  collapse library dir [/cvmfs/cms.cern.ch/slc7_amd64_gcc10/external/gcc/10.3.0-84898dea653199466402e67d73657f10/bin/../lib/gcc/x86_64-unknown-linux-gnu/10.3.0/../../..] ==> [/cvmfs/cms.cern.ch/slc7_amd64_gcc10/external/gcc/10.3.0-84898dea653199466402e67d73657f10/lib]
  implicit libs: [c]
  implicit dirs: [/cvmfs/cms.cern.ch/slc7_amd64_gcc10/external/gcc/10.3.0-84898dea653199466402e67d73657f10/lib/gcc/x86_64-unknown-linux-gnu/10.3.0;/cvmfs/cms.cern.ch/slc7_amd64_gcc10/external/gcc/10.3.0-84898dea653199466402e67d73657f10/lib/gcc;/cvmfs/cms.cern.ch/slc7_amd64_gcc10/external/gcc/10.3.0-84898dea653199466402e67d73657f10/lib64;/lib64;/usr/lib64;/cvmfs/cms.cern.ch/slc7_amd64_gcc10/external/gcc/10.3.0-84898dea653199466402e67d73657f10/x86_64-unknown-linux-gnu/lib;/cvmfs/cms.cern.ch/slc7_amd64_gcc10/external/gcc/10.3.0-84898dea653199466402e67d73657f10/lib]
  implicit fwks: []


Determining if the CXX compiler works passed with the following output:
Change Dir: /afs/cern.ch/work/s/sverma/genproductions/bin/MadGraph5_aMCatNLO/WWGToLNu2jG_4f_NLO/WWGToLNu2jG_4f_NLO_gridpack/work/MG5_aMC_v2_9_9/HEPTools/collier/COLLIER-1.2.7/build/CMakeFiles/CMakeTmp

Run Build Command:/cvmfs/cms.cern.ch/slc7_amd64_gcc10/cms/cmssw/CMSSW_12_4_8/external/slc7_amd64_gcc10/bin/gmake "cmTryCompileExec1203407499/fast"
/cvmfs/cms.cern.ch/slc7_amd64_gcc10/cms/cmssw/CMSSW_12_4_8/external/slc7_amd64_gcc10/bin/gmake -f CMakeFiles/cmTryCompileExec1203407499.dir/build.make CMakeFiles/cmTryCompileExec1203407499.dir/build
gmake[1]: Entering directory '/afs/cern.ch/work/s/sverma/genproductions/bin/MadGraph5_aMCatNLO/WWGToLNu2jG_4f_NLO/WWGToLNu2jG_4f_NLO_gridpack/work/MG5_aMC_v2_9_9/HEPTools/collier/COLLIER-1.2.7/build/CMakeFiles/CMakeTmp'
/usr/bin/cmake -E cmake_progress_report /afs/cern.ch/work/s/sverma/genproductions/bin/MadGraph5_aMCatNLO/WWGToLNu2jG_4f_NLO/WWGToLNu2jG_4f_NLO_gridpack/work/MG5_aMC_v2_9_9/HEPTools/collier/COLLIER-1.2.7/build/CMakeFiles/CMakeTmp/CMakeFiles 1
Building CXX object CMakeFiles/cmTryCompileExec1203407499.dir/testCXXCompiler.cxx.o
/cvmfs/cms.cern.ch/slc7_amd64_gcc10/external/gcc/10.3.0-84898dea653199466402e67d73657f10/bin/g++     -o CMakeFiles/cmTryCompileExec1203407499.dir/testCXXCompiler.cxx.o -c /afs/cern.ch/work/s/sverma/genproductions/bin/MadGraph5_aMCatNLO/WWGToLNu2jG_4f_NLO/WWGToLNu2jG_4f_NLO_gridpack/work/MG5_aMC_v2_9_9/HEPTools/collier/COLLIER-1.2.7/build/CMakeFiles/CMakeTmp/testCXXCompiler.cxx
Linking CXX executable cmTryCompileExec1203407499
/usr/bin/cmake -E cmake_link_script CMakeFiles/cmTryCompileExec1203407499.dir/link.txt --verbose=1
/cvmfs/cms.cern.ch/slc7_amd64_gcc10/external/gcc/10.3.0-84898dea653199466402e67d73657f10/bin/g++        CMakeFiles/cmTryCompileExec1203407499.dir/testCXXCompiler.cxx.o  -o cmTryCompileExec1203407499 -rdynamic 
gmake[1]: Leaving directory '/afs/cern.ch/work/s/sverma/genproductions/bin/MadGraph5_aMCatNLO/WWGToLNu2jG_4f_NLO/WWGToLNu2jG_4f_NLO_gridpack/work/MG5_aMC_v2_9_9/HEPTools/collier/COLLIER-1.2.7/build/CMakeFiles/CMakeTmp'


Detecting CXX compiler ABI info compiled with the following output:
Change Dir: /afs/cern.ch/work/s/sverma/genproductions/bin/MadGraph5_aMCatNLO/WWGToLNu2jG_4f_NLO/WWGToLNu2jG_4f_NLO_gridpack/work/MG5_aMC_v2_9_9/HEPTools/collier/COLLIER-1.2.7/build/CMakeFiles/CMakeTmp

Run Build Command:/cvmfs/cms.cern.ch/slc7_amd64_gcc10/cms/cmssw/CMSSW_12_4_8/external/slc7_amd64_gcc10/bin/gmake "cmTryCompileExec1734206828/fast"
/cvmfs/cms.cern.ch/slc7_amd64_gcc10/cms/cmssw/CMSSW_12_4_8/external/slc7_amd64_gcc10/bin/gmake -f CMakeFiles/cmTryCompileExec1734206828.dir/build.make CMakeFiles/cmTryCompileExec1734206828.dir/build
gmake[1]: Entering directory '/afs/cern.ch/work/s/sverma/genproductions/bin/MadGraph5_aMCatNLO/WWGToLNu2jG_4f_NLO/WWGToLNu2jG_4f_NLO_gridpack/work/MG5_aMC_v2_9_9/HEPTools/collier/COLLIER-1.2.7/build/CMakeFiles/CMakeTmp'
/usr/bin/cmake -E cmake_progress_report /afs/cern.ch/work/s/sverma/genproductions/bin/MadGraph5_aMCatNLO/WWGToLNu2jG_4f_NLO/WWGToLNu2jG_4f_NLO_gridpack/work/MG5_aMC_v2_9_9/HEPTools/collier/COLLIER-1.2.7/build/CMakeFiles/CMakeTmp/CMakeFiles 1
Building CXX object CMakeFiles/cmTryCompileExec1734206828.dir/CMakeCXXCompilerABI.cpp.o
/cvmfs/cms.cern.ch/slc7_amd64_gcc10/external/gcc/10.3.0-84898dea653199466402e67d73657f10/bin/g++     -o CMakeFiles/cmTryCompileExec1734206828.dir/CMakeCXXCompilerABI.cpp.o -c /usr/share/cmake/Modules/CMakeCXXCompilerABI.cpp
Linking CXX executable cmTryCompileExec1734206828
/usr/bin/cmake -E cmake_link_script CMakeFiles/cmTryCompileExec1734206828.dir/link.txt --verbose=1
/cvmfs/cms.cern.ch/slc7_amd64_gcc10/external/gcc/10.3.0-84898dea653199466402e67d73657f10/bin/g++      -v CMakeFiles/cmTryCompileExec1734206828.dir/CMakeCXXCompilerABI.cpp.o  -o cmTryCompileExec1734206828 -rdynamic  
Using built-in specs.
COLLECT_GCC=/cvmfs/cms.cern.ch/slc7_amd64_gcc10/external/gcc/10.3.0-84898dea653199466402e67d73657f10/bin/g++
COLLECT_LTO_WRAPPER=/cvmfs/cms.cern.ch/slc7_amd64_gcc10/external/gcc/10.3.0-84898dea653199466402e67d73657f10/bin/../libexec/gcc/x86_64-unknown-linux-gnu/10.3.0/lto-wrapper
Target: x86_64-unknown-linux-gnu
Configured with: ../configure --prefix=/data/cmsbld/jenkins/workspace/auto-builds/CMSSW_12_3_0_pre2-slc7_amd64_gcc10/build/CMSSW_12_3_0_pre2-build/tmp/BUILDROOT/84898dea653199466402e67d73657f10/opt/cmssw/slc7_amd64_gcc10/external/gcc/10.3.0-84898dea653199466402e67d73657f10 --disable-multilib --disable-nls --disable-dssi --enable-languages=c,c++,fortran --enable-gnu-indirect-function --enable-__cxa_atexit --disable-libunwind-exceptions --enable-gnu-unique-object --enable-plugin --with-linker-hash-style=gnu --enable-linker-build-id --enable-ld=default --enable-lto --enable-gold=yes --with-gmp=/data/cmsbld/jenkins/workspace/auto-builds/CMSSW_12_3_0_pre2-slc7_amd64_gcc10/build/CMSSW_12_3_0_pre2-build/tmp/BUILDROOT/84898dea653199466402e67d73657f10/opt/cmssw/slc7_amd64_gcc10/external/gcc/10.3.0-84898dea653199466402e67d73657f10 --with-mpfr=/data/cmsbld/jenkins/workspace/auto-builds/CMSSW_12_3_0_pre2-slc7_amd64_gcc10/build/CMSSW_12_3_0_pre2-build/tmp/BUILDROOT/84898dea653199466402e67d73657f10/opt/cmssw/slc7_amd64_gcc10/external/gcc/10.3.0-84898dea653199466402e67d73657f10 --enable-bootstrap --with-mpc=/data/cmsbld/jenkins/workspace/auto-builds/CMSSW_12_3_0_pre2-slc7_amd64_gcc10/build/CMSSW_12_3_0_pre2-build/tmp/BUILDROOT/84898dea653199466402e67d73657f10/opt/cmssw/slc7_amd64_gcc10/external/gcc/10.3.0-84898dea653199466402e67d73657f10 --with-isl=/data/cmsbld/jenkins/workspace/auto-builds/CMSSW_12_3_0_pre2-slc7_amd64_gcc10/build/CMSSW_12_3_0_pre2-build/tmp/BUILDROOT/84898dea653199466402e67d73657f10/opt/cmssw/slc7_amd64_gcc10/external/gcc/10.3.0-84898dea653199466402e67d73657f10 --enable-checking=release --build=x86_64-unknown-linux-gnu --host=x86_64-unknown-linux-gnu --enable-libstdcxx-time=rt --enable-shared --disable-libgcj CC='gcc -fPIC' CXX='c++ -fPIC' CPP=cpp CXXCPP='c++ -E' CFLAGS=-I/data/cmsbld/jenkins/workspace/auto-builds/CMSSW_12_3_0_pre2-slc7_amd64_gcc10/build/CMSSW_12_3_0_pre2-build/tmp/BUILDROOT/84898dea653199466402e67d73657f10/opt/cmssw/slc7_amd64_gcc10/external/gcc/10.3.0-84898dea653199466402e67d73657f10/tmp/sw/include CXXFLAGS=-I/data/cmsbld/jenkins/workspace/auto-builds/CMSSW_12_3_0_pre2-slc7_amd64_gcc10/build/CMSSW_12_3_0_pre2-build/tmp/BUILDROOT/84898dea653199466402e67d73657f10/opt/cmssw/slc7_amd64_gcc10/external/gcc/10.3.0-84898dea653199466402e67d73657f10/tmp/sw/include LDFLAGS=-L/data/cmsbld/jenkins/workspace/auto-builds/CMSSW_12_3_0_pre2-slc7_amd64_gcc10/build/CMSSW_12_3_0_pre2-build/tmp/BUILDROOT/84898dea653199466402e67d73657f10/opt/cmssw/slc7_amd64_gcc10/external/gcc/10.3.0-84898dea653199466402e67d73657f10/tmp/sw/lib
Thread model: posix
Supported LTO compression algorithms: zlib
gcc version 10.3.0 (GCC) 
COMPILER_PATH=/cvmfs/cms.cern.ch/slc7_amd64_gcc10/external/gcc/10.3.0-84898dea653199466402e67d73657f10/bin/../libexec/gcc/x86_64-unknown-linux-gnu/10.3.0/:/cvmfs/cms.cern.ch/slc7_amd64_gcc10/external/gcc/10.3.0-84898dea653199466402e67d73657f10/bin/../libexec/gcc/:/cvmfs/cms.cern.ch/slc7_amd64_gcc10/external/gcc/10.3.0-84898dea653199466402e67d73657f10/:/cvmfs/cms.cern.ch/slc7_amd64_gcc10/external/gcc/10.3.0-84898dea653199466402e67d73657f10/bin/../lib/gcc/x86_64-unknown-linux-gnu/10.3.0/../../../../x86_64-unknown-linux-gnu/bin/
LIBRARY_PATH=/cvmfs/cms.cern.ch/slc7_amd64_gcc10/external/gcc/10.3.0-84898dea653199466402e67d73657f10/bin/../lib/gcc/x86_64-unknown-linux-gnu/10.3.0/:/cvmfs/cms.cern.ch/slc7_amd64_gcc10/external/gcc/10.3.0-84898dea653199466402e67d73657f10/bin/../lib/gcc/:/cvmfs/cms.cern.ch/slc7_amd64_gcc10/external/gcc/10.3.0-84898dea653199466402e67d73657f10/bin/../lib/gcc/x86_64-unknown-linux-gnu/10.3.0/../../../../lib64/:/lib/../lib64/:/usr/lib/../lib64/:/cvmfs/cms.cern.ch/slc7_amd64_gcc10/external/gcc/10.3.0-84898dea653199466402e67d73657f10/bin/../lib/gcc/x86_64-unknown-linux-gnu/10.3.0/../../../../x86_64-unknown-linux-gnu/lib/:/cvmfs/cms.cern.ch/slc7_amd64_gcc10/external/gcc/10.3.0-84898dea653199466402e67d73657f10/bin/../lib/gcc/x86_64-unknown-linux-gnu/10.3.0/../../../:/lib/:/usr/lib/
COLLECT_GCC_OPTIONS='-v' '-o' 'cmTryCompileExec1734206828' '-rdynamic' '-shared-libgcc' '-mtune=generic' '-march=x86-64'
 /cvmfs/cms.cern.ch/slc7_amd64_gcc10/external/gcc/10.3.0-84898dea653199466402e67d73657f10/bin/../libexec/gcc/x86_64-unknown-linux-gnu/10.3.0/collect2 -plugin /cvmfs/cms.cern.ch/slc7_amd64_gcc10/external/gcc/10.3.0-84898dea653199466402e67d73657f10/bin/../libexec/gcc/x86_64-unknown-linux-gnu/10.3.0/liblto_plugin.so -plugin-opt=/cvmfs/cms.cern.ch/slc7_amd64_gcc10/external/gcc/10.3.0-84898dea653199466402e67d73657f10/bin/../libexec/gcc/x86_64-unknown-linux-gnu/10.3.0/lto-wrapper -plugin-opt=-fresolution=/tmp/sverma/cc39d473.res -plugin-opt=-pass-through=-lgcc_s -plugin-opt=-pass-through=-lgcc -plugin-opt=-pass-through=-lc -plugin-opt=-pass-through=-lgcc_s -plugin-opt=-pass-through=-lgcc --build-id --eh-frame-hdr --hash-style=gnu -m elf_x86_64 -export-dynamic -dynamic-linker /lib64/ld-linux-x86-64.so.2 -z common-page-size=4096 -z max-page-size=4096 -o cmTryCompileExec1734206828 /lib/../lib64/crt1.o /lib/../lib64/crti.o /cvmfs/cms.cern.ch/slc7_amd64_gcc10/external/gcc/10.3.0-84898dea653199466402e67d73657f10/bin/../lib/gcc/x86_64-unknown-linux-gnu/10.3.0/crtbegin.o -L/cvmfs/cms.cern.ch/slc7_amd64_gcc10/external/gcc/10.3.0-84898dea653199466402e67d73657f10/bin/../lib/gcc/x86_64-unknown-linux-gnu/10.3.0 -L/cvmfs/cms.cern.ch/slc7_amd64_gcc10/external/gcc/10.3.0-84898dea653199466402e67d73657f10/bin/../lib/gcc -L/cvmfs/cms.cern.ch/slc7_amd64_gcc10/external/gcc/10.3.0-84898dea653199466402e67d73657f10/bin/../lib/gcc/x86_64-unknown-linux-gnu/10.3.0/../../../../lib64 -L/lib/../lib64 -L/usr/lib/../lib64 -L/cvmfs/cms.cern.ch/slc7_amd64_gcc10/external/gcc/10.3.0-84898dea653199466402e67d73657f10/bin/../lib/gcc/x86_64-unknown-linux-gnu/10.3.0/../../../../x86_64-unknown-linux-gnu/lib -L/cvmfs/cms.cern.ch/slc7_amd64_gcc10/external/gcc/10.3.0-84898dea653199466402e67d73657f10/bin/../lib/gcc/x86_64-unknown-linux-gnu/10.3.0/../../.. CMakeFiles/cmTryCompileExec1734206828.dir/CMakeCXXCompilerABI.cpp.o -lstdc++ -lm -lgcc_s -lgcc -lc -lgcc_s -lgcc /cvmfs/cms.cern.ch/slc7_amd64_gcc10/external/gcc/10.3.0-84898dea653199466402e67d73657f10/bin/../lib/gcc/x86_64-unknown-linux-gnu/10.3.0/crtend.o /lib/../lib64/crtn.o
COLLECT_GCC_OPTIONS='-v' '-o' 'cmTryCompileExec1734206828' '-rdynamic' '-shared-libgcc' '-mtune=generic' '-march=x86-64'
gmake[1]: Leaving directory '/afs/cern.ch/work/s/sverma/genproductions/bin/MadGraph5_aMCatNLO/WWGToLNu2jG_4f_NLO/WWGToLNu2jG_4f_NLO_gridpack/work/MG5_aMC_v2_9_9/HEPTools/collier/COLLIER-1.2.7/build/CMakeFiles/CMakeTmp'


Parsed CXX implicit link information from above output:
  link line regex: [^( *|.*[/\])(ld|([^/\]+-)?ld|collect2)[^/\]*( |$)]
  ignore line: [Change Dir: /afs/cern.ch/work/s/sverma/genproductions/bin/MadGraph5_aMCatNLO/WWGToLNu2jG_4f_NLO/WWGToLNu2jG_4f_NLO_gridpack/work/MG5_aMC_v2_9_9/HEPTools/collier/COLLIER-1.2.7/build/CMakeFiles/CMakeTmp]
  ignore line: []
  ignore line: [Run Build Command:/cvmfs/cms.cern.ch/slc7_amd64_gcc10/cms/cmssw/CMSSW_12_4_8/external/slc7_amd64_gcc10/bin/gmake "cmTryCompileExec1734206828/fast"]
  ignore line: [/cvmfs/cms.cern.ch/slc7_amd64_gcc10/cms/cmssw/CMSSW_12_4_8/external/slc7_amd64_gcc10/bin/gmake -f CMakeFiles/cmTryCompileExec1734206828.dir/build.make CMakeFiles/cmTryCompileExec1734206828.dir/build]
  ignore line: [gmake[1]: Entering directory '/afs/cern.ch/work/s/sverma/genproductions/bin/MadGraph5_aMCatNLO/WWGToLNu2jG_4f_NLO/WWGToLNu2jG_4f_NLO_gridpack/work/MG5_aMC_v2_9_9/HEPTools/collier/COLLIER-1.2.7/build/CMakeFiles/CMakeTmp']
  ignore line: [/usr/bin/cmake -E cmake_progress_report /afs/cern.ch/work/s/sverma/genproductions/bin/MadGraph5_aMCatNLO/WWGToLNu2jG_4f_NLO/WWGToLNu2jG_4f_NLO_gridpack/work/MG5_aMC_v2_9_9/HEPTools/collier/COLLIER-1.2.7/build/CMakeFiles/CMakeTmp/CMakeFiles 1]
  ignore line: [Building CXX object CMakeFiles/cmTryCompileExec1734206828.dir/CMakeCXXCompilerABI.cpp.o]
  ignore line: [/cvmfs/cms.cern.ch/slc7_amd64_gcc10/external/gcc/10.3.0-84898dea653199466402e67d73657f10/bin/g++     -o CMakeFiles/cmTryCompileExec1734206828.dir/CMakeCXXCompilerABI.cpp.o -c /usr/share/cmake/Modules/CMakeCXXCompilerABI.cpp]
  ignore line: [Linking CXX executable cmTryCompileExec1734206828]
  ignore line: [/usr/bin/cmake -E cmake_link_script CMakeFiles/cmTryCompileExec1734206828.dir/link.txt --verbose=1]
  ignore line: [/cvmfs/cms.cern.ch/slc7_amd64_gcc10/external/gcc/10.3.0-84898dea653199466402e67d73657f10/bin/g++      -v CMakeFiles/cmTryCompileExec1734206828.dir/CMakeCXXCompilerABI.cpp.o  -o cmTryCompileExec1734206828 -rdynamic  ]
  ignore line: [Using built-in specs.]
  ignore line: [COLLECT_GCC=/cvmfs/cms.cern.ch/slc7_amd64_gcc10/external/gcc/10.3.0-84898dea653199466402e67d73657f10/bin/g++]
  ignore line: [COLLECT_LTO_WRAPPER=/cvmfs/cms.cern.ch/slc7_amd64_gcc10/external/gcc/10.3.0-84898dea653199466402e67d73657f10/bin/../libexec/gcc/x86_64-unknown-linux-gnu/10.3.0/lto-wrapper]
  ignore line: [Target: x86_64-unknown-linux-gnu]
  ignore line: [Configured with: ../configure --prefix=/data/cmsbld/jenkins/workspace/auto-builds/CMSSW_12_3_0_pre2-slc7_amd64_gcc10/build/CMSSW_12_3_0_pre2-build/tmp/BUILDROOT/84898dea653199466402e67d73657f10/opt/cmssw/slc7_amd64_gcc10/external/gcc/10.3.0-84898dea653199466402e67d73657f10 --disable-multilib --disable-nls --disable-dssi --enable-languages=c,c++,fortran --enable-gnu-indirect-function --enable-__cxa_atexit --disable-libunwind-exceptions --enable-gnu-unique-object --enable-plugin --with-linker-hash-style=gnu --enable-linker-build-id --enable-ld=default --enable-lto --enable-gold=yes --with-gmp=/data/cmsbld/jenkins/workspace/auto-builds/CMSSW_12_3_0_pre2-slc7_amd64_gcc10/build/CMSSW_12_3_0_pre2-build/tmp/BUILDROOT/84898dea653199466402e67d73657f10/opt/cmssw/slc7_amd64_gcc10/external/gcc/10.3.0-84898dea653199466402e67d73657f10 --with-mpfr=/data/cmsbld/jenkins/workspace/auto-builds/CMSSW_12_3_0_pre2-slc7_amd64_gcc10/build/CMSSW_12_3_0_pre2-build/tmp/BUILDROOT/84898dea653199466402e67d73657f10/opt/cmssw/slc7_amd64_gcc10/external/gcc/10.3.0-84898dea653199466402e67d73657f10 --enable-bootstrap --with-mpc=/data/cmsbld/jenkins/workspace/auto-builds/CMSSW_12_3_0_pre2-slc7_amd64_gcc10/build/CMSSW_12_3_0_pre2-build/tmp/BUILDROOT/84898dea653199466402e67d73657f10/opt/cmssw/slc7_amd64_gcc10/external/gcc/10.3.0-84898dea653199466402e67d73657f10 --with-isl=/data/cmsbld/jenkins/workspace/auto-builds/CMSSW_12_3_0_pre2-slc7_amd64_gcc10/build/CMSSW_12_3_0_pre2-build/tmp/BUILDROOT/84898dea653199466402e67d73657f10/opt/cmssw/slc7_amd64_gcc10/external/gcc/10.3.0-84898dea653199466402e67d73657f10 --enable-checking=release --build=x86_64-unknown-linux-gnu --host=x86_64-unknown-linux-gnu --enable-libstdcxx-time=rt --enable-shared --disable-libgcj CC='gcc -fPIC' CXX='c++ -fPIC' CPP=cpp CXXCPP='c++ -E' CFLAGS=-I/data/cmsbld/jenkins/workspace/auto-builds/CMSSW_12_3_0_pre2-slc7_amd64_gcc10/build/CMSSW_12_3_0_pre2-build/tmp/BUILDROOT/84898dea653199466402e67d73657f10/opt/cmssw/slc7_amd64_gcc10/external/gcc/10.3.0-84898dea653199466402e67d73657f10/tmp/sw/include CXXFLAGS=-I/data/cmsbld/jenkins/workspace/auto-builds/CMSSW_12_3_0_pre2-slc7_amd64_gcc10/build/CMSSW_12_3_0_pre2-build/tmp/BUILDROOT/84898dea653199466402e67d73657f10/opt/cmssw/slc7_amd64_gcc10/external/gcc/10.3.0-84898dea653199466402e67d73657f10/tmp/sw/include LDFLAGS=-L/data/cmsbld/jenkins/workspace/auto-builds/CMSSW_12_3_0_pre2-slc7_amd64_gcc10/build/CMSSW_12_3_0_pre2-build/tmp/BUILDROOT/84898dea653199466402e67d73657f10/opt/cmssw/slc7_amd64_gcc10/external/gcc/10.3.0-84898dea653199466402e67d73657f10/tmp/sw/lib]
  ignore line: [Thread model: posix]
  ignore line: [Supported LTO compression algorithms: zlib]
  ignore line: [gcc version 10.3.0 (GCC) ]
  ignore line: [COMPILER_PATH=/cvmfs/cms.cern.ch/slc7_amd64_gcc10/external/gcc/10.3.0-84898dea653199466402e67d73657f10/bin/../libexec/gcc/x86_64-unknown-linux-gnu/10.3.0/:/cvmfs/cms.cern.ch/slc7_amd64_gcc10/external/gcc/10.3.0-84898dea653199466402e67d73657f10/bin/../libexec/gcc/:/cvmfs/cms.cern.ch/slc7_amd64_gcc10/external/gcc/10.3.0-84898dea653199466402e67d73657f10/:/cvmfs/cms.cern.ch/slc7_amd64_gcc10/external/gcc/10.3.0-84898dea653199466402e67d73657f10/bin/../lib/gcc/x86_64-unknown-linux-gnu/10.3.0/../../../../x86_64-unknown-linux-gnu/bin/]
  ignore line: [LIBRARY_PATH=/cvmfs/cms.cern.ch/slc7_amd64_gcc10/external/gcc/10.3.0-84898dea653199466402e67d73657f10/bin/../lib/gcc/x86_64-unknown-linux-gnu/10.3.0/:/cvmfs/cms.cern.ch/slc7_amd64_gcc10/external/gcc/10.3.0-84898dea653199466402e67d73657f10/bin/../lib/gcc/:/cvmfs/cms.cern.ch/slc7_amd64_gcc10/external/gcc/10.3.0-84898dea653199466402e67d73657f10/bin/../lib/gcc/x86_64-unknown-linux-gnu/10.3.0/../../../../lib64/:/lib/../lib64/:/usr/lib/../lib64/:/cvmfs/cms.cern.ch/slc7_amd64_gcc10/external/gcc/10.3.0-84898dea653199466402e67d73657f10/bin/../lib/gcc/x86_64-unknown-linux-gnu/10.3.0/../../../../x86_64-unknown-linux-gnu/lib/:/cvmfs/cms.cern.ch/slc7_amd64_gcc10/external/gcc/10.3.0-84898dea653199466402e67d73657f10/bin/../lib/gcc/x86_64-unknown-linux-gnu/10.3.0/../../../:/lib/:/usr/lib/]
  ignore line: [COLLECT_GCC_OPTIONS='-v' '-o' 'cmTryCompileExec1734206828' '-rdynamic' '-shared-libgcc' '-mtune=generic' '-march=x86-64']
  link line: [ /cvmfs/cms.cern.ch/slc7_amd64_gcc10/external/gcc/10.3.0-84898dea653199466402e67d73657f10/bin/../libexec/gcc/x86_64-unknown-linux-gnu/10.3.0/collect2 -plugin /cvmfs/cms.cern.ch/slc7_amd64_gcc10/external/gcc/10.3.0-84898dea653199466402e67d73657f10/bin/../libexec/gcc/x86_64-unknown-linux-gnu/10.3.0/liblto_plugin.so -plugin-opt=/cvmfs/cms.cern.ch/slc7_amd64_gcc10/external/gcc/10.3.0-84898dea653199466402e67d73657f10/bin/../libexec/gcc/x86_64-unknown-linux-gnu/10.3.0/lto-wrapper -plugin-opt=-fresolution=/tmp/sverma/cc39d473.res -plugin-opt=-pass-through=-lgcc_s -plugin-opt=-pass-through=-lgcc -plugin-opt=-pass-through=-lc -plugin-opt=-pass-through=-lgcc_s -plugin-opt=-pass-through=-lgcc --build-id --eh-frame-hdr --hash-style=gnu -m elf_x86_64 -export-dynamic -dynamic-linker /lib64/ld-linux-x86-64.so.2 -z common-page-size=4096 -z max-page-size=4096 -o cmTryCompileExec1734206828 /lib/../lib64/crt1.o /lib/../lib64/crti.o /cvmfs/cms.cern.ch/slc7_amd64_gcc10/external/gcc/10.3.0-84898dea653199466402e67d73657f10/bin/../lib/gcc/x86_64-unknown-linux-gnu/10.3.0/crtbegin.o -L/cvmfs/cms.cern.ch/slc7_amd64_gcc10/external/gcc/10.3.0-84898dea653199466402e67d73657f10/bin/../lib/gcc/x86_64-unknown-linux-gnu/10.3.0 -L/cvmfs/cms.cern.ch/slc7_amd64_gcc10/external/gcc/10.3.0-84898dea653199466402e67d73657f10/bin/../lib/gcc -L/cvmfs/cms.cern.ch/slc7_amd64_gcc10/external/gcc/10.3.0-84898dea653199466402e67d73657f10/bin/../lib/gcc/x86_64-unknown-linux-gnu/10.3.0/../../../../lib64 -L/lib/../lib64 -L/usr/lib/../lib64 -L/cvmfs/cms.cern.ch/slc7_amd64_gcc10/external/gcc/10.3.0-84898dea653199466402e67d73657f10/bin/../lib/gcc/x86_64-unknown-linux-gnu/10.3.0/../../../../x86_64-unknown-linux-gnu/lib -L/cvmfs/cms.cern.ch/slc7_amd64_gcc10/external/gcc/10.3.0-84898dea653199466402e67d73657f10/bin/../lib/gcc/x86_64-unknown-linux-gnu/10.3.0/../../.. CMakeFiles/cmTryCompileExec1734206828.dir/CMakeCXXCompilerABI.cpp.o -lstdc++ -lm -lgcc_s -lgcc -lc -lgcc_s -lgcc /cvmfs/cms.cern.ch/slc7_amd64_gcc10/external/gcc/10.3.0-84898dea653199466402e67d73657f10/bin/../lib/gcc/x86_64-unknown-linux-gnu/10.3.0/crtend.o /lib/../lib64/crtn.o]
    arg [/cvmfs/cms.cern.ch/slc7_amd64_gcc10/external/gcc/10.3.0-84898dea653199466402e67d73657f10/bin/../libexec/gcc/x86_64-unknown-linux-gnu/10.3.0/collect2] ==> ignore
    arg [-plugin] ==> ignore
    arg [/cvmfs/cms.cern.ch/slc7_amd64_gcc10/external/gcc/10.3.0-84898dea653199466402e67d73657f10/bin/../libexec/gcc/x86_64-unknown-linux-gnu/10.3.0/liblto_plugin.so] ==> ignore
    arg [-plugin-opt=/cvmfs/cms.cern.ch/slc7_amd64_gcc10/external/gcc/10.3.0-84898dea653199466402e67d73657f10/bin/../libexec/gcc/x86_64-unknown-linux-gnu/10.3.0/lto-wrapper] ==> ignore
    arg [-plugin-opt=-fresolution=/tmp/sverma/cc39d473.res] ==> ignore
    arg [-plugin-opt=-pass-through=-lgcc_s] ==> ignore
    arg [-plugin-opt=-pass-through=-lgcc] ==> ignore
    arg [-plugin-opt=-pass-through=-lc] ==> ignore
    arg [-plugin-opt=-pass-through=-lgcc_s] ==> ignore
    arg [-plugin-opt=-pass-through=-lgcc] ==> ignore
    arg [--build-id] ==> ignore
    arg [--eh-frame-hdr] ==> ignore
    arg [--hash-style=gnu] ==> ignore
    arg [-m] ==> ignore
    arg [elf_x86_64] ==> ignore
    arg [-export-dynamic] ==> ignore
    arg [-dynamic-linker] ==> ignore
    arg [/lib64/ld-linux-x86-64.so.2] ==> ignore
    arg [-zcommon-page-size=4096] ==> ignore
    arg [-zmax-page-size=4096] ==> ignore
    arg [-o] ==> ignore
    arg [cmTryCompileExec1734206828] ==> ignore
    arg [/lib/../lib64/crt1.o] ==> ignore
    arg [/lib/../lib64/crti.o] ==> ignore
    arg [/cvmfs/cms.cern.ch/slc7_amd64_gcc10/external/gcc/10.3.0-84898dea653199466402e67d73657f10/bin/../lib/gcc/x86_64-unknown-linux-gnu/10.3.0/crtbegin.o] ==> ignore
    arg [-L/cvmfs/cms.cern.ch/slc7_amd64_gcc10/external/gcc/10.3.0-84898dea653199466402e67d73657f10/bin/../lib/gcc/x86_64-unknown-linux-gnu/10.3.0] ==> dir [/cvmfs/cms.cern.ch/slc7_amd64_gcc10/external/gcc/10.3.0-84898dea653199466402e67d73657f10/bin/../lib/gcc/x86_64-unknown-linux-gnu/10.3.0]
    arg [-L/cvmfs/cms.cern.ch/slc7_amd64_gcc10/external/gcc/10.3.0-84898dea653199466402e67d73657f10/bin/../lib/gcc] ==> dir [/cvmfs/cms.cern.ch/slc7_amd64_gcc10/external/gcc/10.3.0-84898dea653199466402e67d73657f10/bin/../lib/gcc]
    arg [-L/cvmfs/cms.cern.ch/slc7_amd64_gcc10/external/gcc/10.3.0-84898dea653199466402e67d73657f10/bin/../lib/gcc/x86_64-unknown-linux-gnu/10.3.0/../../../../lib64] ==> dir [/cvmfs/cms.cern.ch/slc7_amd64_gcc10/external/gcc/10.3.0-84898dea653199466402e67d73657f10/bin/../lib/gcc/x86_64-unknown-linux-gnu/10.3.0/../../../../lib64]
    arg [-L/lib/../lib64] ==> dir [/lib/../lib64]
    arg [-L/usr/lib/../lib64] ==> dir [/usr/lib/../lib64]
    arg [-L/cvmfs/cms.cern.ch/slc7_amd64_gcc10/external/gcc/10.3.0-84898dea653199466402e67d73657f10/bin/../lib/gcc/x86_64-unknown-linux-gnu/10.3.0/../../../../x86_64-unknown-linux-gnu/lib] ==> dir [/cvmfs/cms.cern.ch/slc7_amd64_gcc10/external/gcc/10.3.0-84898dea653199466402e67d73657f10/bin/../lib/gcc/x86_64-unknown-linux-gnu/10.3.0/../../../../x86_64-unknown-linux-gnu/lib]
    arg [-L/cvmfs/cms.cern.ch/slc7_amd64_gcc10/external/gcc/10.3.0-84898dea653199466402e67d73657f10/bin/../lib/gcc/x86_64-unknown-linux-gnu/10.3.0/../../..] ==> dir [/cvmfs/cms.cern.ch/slc7_amd64_gcc10/external/gcc/10.3.0-84898dea653199466402e67d73657f10/bin/../lib/gcc/x86_64-unknown-linux-gnu/10.3.0/../../..]
    arg [CMakeFiles/cmTryCompileExec1734206828.dir/CMakeCXXCompilerABI.cpp.o] ==> ignore
    arg [-lstdc++] ==> lib [stdc++]
    arg [-lm] ==> lib [m]
    arg [-lgcc_s] ==> lib [gcc_s]
    arg [-lgcc] ==> lib [gcc]
    arg [-lc] ==> lib [c]
    arg [-lgcc_s] ==> lib [gcc_s]
    arg [-lgcc] ==> lib [gcc]
    arg [/cvmfs/cms.cern.ch/slc7_amd64_gcc10/external/gcc/10.3.0-84898dea653199466402e67d73657f10/bin/../lib/gcc/x86_64-unknown-linux-gnu/10.3.0/crtend.o] ==> ignore
    arg [/lib/../lib64/crtn.o] ==> ignore
  remove lib [gcc_s]
  remove lib [gcc]
  remove lib [gcc_s]
  remove lib [gcc]
  collapse library dir [/cvmfs/cms.cern.ch/slc7_amd64_gcc10/external/gcc/10.3.0-84898dea653199466402e67d73657f10/bin/../lib/gcc/x86_64-unknown-linux-gnu/10.3.0] ==> [/cvmfs/cms.cern.ch/slc7_amd64_gcc10/external/gcc/10.3.0-84898dea653199466402e67d73657f10/lib/gcc/x86_64-unknown-linux-gnu/10.3.0]
  collapse library dir [/cvmfs/cms.cern.ch/slc7_amd64_gcc10/external/gcc/10.3.0-84898dea653199466402e67d73657f10/bin/../lib/gcc] ==> [/cvmfs/cms.cern.ch/slc7_amd64_gcc10/external/gcc/10.3.0-84898dea653199466402e67d73657f10/lib/gcc]
  collapse library dir [/cvmfs/cms.cern.ch/slc7_amd64_gcc10/external/gcc/10.3.0-84898dea653199466402e67d73657f10/bin/../lib/gcc/x86_64-unknown-linux-gnu/10.3.0/../../../../lib64] ==> [/cvmfs/cms.cern.ch/slc7_amd64_gcc10/external/gcc/10.3.0-84898dea653199466402e67d73657f10/lib64]
  collapse library dir [/lib/../lib64] ==> [/lib64]
  collapse library dir [/usr/lib/../lib64] ==> [/usr/lib64]
  collapse library dir [/cvmfs/cms.cern.ch/slc7_amd64_gcc10/external/gcc/10.3.0-84898dea653199466402e67d73657f10/bin/../lib/gcc/x86_64-unknown-linux-gnu/10.3.0/../../../../x86_64-unknown-linux-gnu/lib] ==> [/cvmfs/cms.cern.ch/slc7_amd64_gcc10/external/gcc/10.3.0-84898dea653199466402e67d73657f10/x86_64-unknown-linux-gnu/lib]
  collapse library dir [/cvmfs/cms.cern.ch/slc7_amd64_gcc10/external/gcc/10.3.0-84898dea653199466402e67d73657f10/bin/../lib/gcc/x86_64-unknown-linux-gnu/10.3.0/../../..] ==> [/cvmfs/cms.cern.ch/slc7_amd64_gcc10/external/gcc/10.3.0-84898dea653199466402e67d73657f10/lib]
  implicit libs: [stdc++;m;c]
  implicit dirs: [/cvmfs/cms.cern.ch/slc7_amd64_gcc10/external/gcc/10.3.0-84898dea653199466402e67d73657f10/lib/gcc/x86_64-unknown-linux-gnu/10.3.0;/cvmfs/cms.cern.ch/slc7_amd64_gcc10/external/gcc/10.3.0-84898dea653199466402e67d73657f10/lib/gcc;/cvmfs/cms.cern.ch/slc7_amd64_gcc10/external/gcc/10.3.0-84898dea653199466402e67d73657f10/lib64;/lib64;/usr/lib64;/cvmfs/cms.cern.ch/slc7_amd64_gcc10/external/gcc/10.3.0-84898dea653199466402e67d73657f10/x86_64-unknown-linux-gnu/lib;/cvmfs/cms.cern.ch/slc7_amd64_gcc10/external/gcc/10.3.0-84898dea653199466402e67d73657f10/lib]
  implicit fwks: []


Compiling the Fortran compiler identification source file "CMakeFortranCompilerId.F" succeeded.
Compiler: /cvmfs/cms.cern.ch/slc7_amd64_gcc10/external/gcc/10.3.0-84898dea653199466402e67d73657f10/bin/gfortran 
Build flags: -fPIC
Id flags: 

The output was:
0


Compilation of the Fortran compiler identification source "CMakeFortranCompilerId.F" produced "a.out"

The Fortran compiler identification is GNU, found in "/afs/cern.ch/work/s/sverma/genproductions/bin/MadGraph5_aMCatNLO/WWGToLNu2jG_4f_NLO/WWGToLNu2jG_4f_NLO_gridpack/work/MG5_aMC_v2_9_9/HEPTools/collier/COLLIER-1.2.7/build/CMakeFiles/2.8.12.2/CompilerIdFortran/a.out"

Determining if the Fortran compiler works passed with the following output:
Change Dir: /afs/cern.ch/work/s/sverma/genproductions/bin/MadGraph5_aMCatNLO/WWGToLNu2jG_4f_NLO/WWGToLNu2jG_4f_NLO_gridpack/work/MG5_aMC_v2_9_9/HEPTools/collier/COLLIER-1.2.7/build/CMakeFiles/CMakeTmp

Run Build Command:/cvmfs/cms.cern.ch/slc7_amd64_gcc10/cms/cmssw/CMSSW_12_4_8/external/slc7_amd64_gcc10/bin/gmake "cmTryCompileExec2951866829/fast"
/cvmfs/cms.cern.ch/slc7_amd64_gcc10/cms/cmssw/CMSSW_12_4_8/external/slc7_amd64_gcc10/bin/gmake -f CMakeFiles/cmTryCompileExec2951866829.dir/build.make CMakeFiles/cmTryCompileExec2951866829.dir/build
gmake[1]: Entering directory '/afs/cern.ch/work/s/sverma/genproductions/bin/MadGraph5_aMCatNLO/WWGToLNu2jG_4f_NLO/WWGToLNu2jG_4f_NLO_gridpack/work/MG5_aMC_v2_9_9/HEPTools/collier/COLLIER-1.2.7/build/CMakeFiles/CMakeTmp'
/usr/bin/cmake -E cmake_progress_report /afs/cern.ch/work/s/sverma/genproductions/bin/MadGraph5_aMCatNLO/WWGToLNu2jG_4f_NLO/WWGToLNu2jG_4f_NLO_gridpack/work/MG5_aMC_v2_9_9/HEPTools/collier/COLLIER-1.2.7/build/CMakeFiles/CMakeTmp/CMakeFiles 1
Building Fortran object CMakeFiles/cmTryCompileExec2951866829.dir/testFortranCompiler.f.o
/cvmfs/cms.cern.ch/slc7_amd64_gcc10/external/gcc/10.3.0-84898dea653199466402e67d73657f10/bin/gfortran   -fPIC    -c /afs/cern.ch/work/s/sverma/genproductions/bin/MadGraph5_aMCatNLO/WWGToLNu2jG_4f_NLO/WWGToLNu2jG_4f_NLO_gridpack/work/MG5_aMC_v2_9_9/HEPTools/collier/COLLIER-1.2.7/build/CMakeFiles/CMakeTmp/testFortranCompiler.f -o CMakeFiles/cmTryCompileExec2951866829.dir/testFortranCompiler.f.o
Linking Fortran executable cmTryCompileExec2951866829
/usr/bin/cmake -E cmake_link_script CMakeFiles/cmTryCompileExec2951866829.dir/link.txt --verbose=1
/cvmfs/cms.cern.ch/slc7_amd64_gcc10/external/gcc/10.3.0-84898dea653199466402e67d73657f10/bin/gfortran     -fPIC  CMakeFiles/cmTryCompileExec2951866829.dir/testFortranCompiler.f.o  -o cmTryCompileExec2951866829 -rdynamic 
gmake[1]: Leaving directory '/afs/cern.ch/work/s/sverma/genproductions/bin/MadGraph5_aMCatNLO/WWGToLNu2jG_4f_NLO/WWGToLNu2jG_4f_NLO_gridpack/work/MG5_aMC_v2_9_9/HEPTools/collier/COLLIER-1.2.7/build/CMakeFiles/CMakeTmp'


Detecting Fortran compiler ABI info compiled with the following output:
Change Dir: /afs/cern.ch/work/s/sverma/genproductions/bin/MadGraph5_aMCatNLO/WWGToLNu2jG_4f_NLO/WWGToLNu2jG_4f_NLO_gridpack/work/MG5_aMC_v2_9_9/HEPTools/collier/COLLIER-1.2.7/build/CMakeFiles/CMakeTmp

Run Build Command:/cvmfs/cms.cern.ch/slc7_amd64_gcc10/cms/cmssw/CMSSW_12_4_8/external/slc7_amd64_gcc10/bin/gmake "cmTryCompileExec446205767/fast"
/cvmfs/cms.cern.ch/slc7_amd64_gcc10/cms/cmssw/CMSSW_12_4_8/external/slc7_amd64_gcc10/bin/gmake -f CMakeFiles/cmTryCompileExec446205767.dir/build.make CMakeFiles/cmTryCompileExec446205767.dir/build
gmake[1]: Entering directory '/afs/cern.ch/work/s/sverma/genproductions/bin/MadGraph5_aMCatNLO/WWGToLNu2jG_4f_NLO/WWGToLNu2jG_4f_NLO_gridpack/work/MG5_aMC_v2_9_9/HEPTools/collier/COLLIER-1.2.7/build/CMakeFiles/CMakeTmp'
/usr/bin/cmake -E cmake_progress_report /afs/cern.ch/work/s/sverma/genproductions/bin/MadGraph5_aMCatNLO/WWGToLNu2jG_4f_NLO/WWGToLNu2jG_4f_NLO_gridpack/work/MG5_aMC_v2_9_9/HEPTools/collier/COLLIER-1.2.7/build/CMakeFiles/CMakeTmp/CMakeFiles 1
Building Fortran object CMakeFiles/cmTryCompileExec446205767.dir/CMakeFortranCompilerABI.F.o
/cvmfs/cms.cern.ch/slc7_amd64_gcc10/external/gcc/10.3.0-84898dea653199466402e67d73657f10/bin/gfortran   -fPIC    -c /usr/share/cmake/Modules/CMakeFortranCompilerABI.F -o CMakeFiles/cmTryCompileExec446205767.dir/CMakeFortranCompilerABI.F.o
Linking Fortran executable cmTryCompileExec446205767
/usr/bin/cmake -E cmake_link_script CMakeFiles/cmTryCompileExec446205767.dir/link.txt --verbose=1
/cvmfs/cms.cern.ch/slc7_amd64_gcc10/external/gcc/10.3.0-84898dea653199466402e67d73657f10/bin/gfortran   -v -fPIC  CMakeFiles/cmTryCompileExec446205767.dir/CMakeFortranCompilerABI.F.o  -o cmTryCompileExec446205767 -rdynamic  
Driving: /cvmfs/cms.cern.ch/slc7_amd64_gcc10/external/gcc/10.3.0-84898dea653199466402e67d73657f10/bin/gfortran -v -fPIC CMakeFiles/cmTryCompileExec446205767.dir/CMakeFortranCompilerABI.F.o -o cmTryCompileExec446205767 -rdynamic -l gfortran -l m -shared-libgcc
Using built-in specs.
COLLECT_GCC=/cvmfs/cms.cern.ch/slc7_amd64_gcc10/external/gcc/10.3.0-84898dea653199466402e67d73657f10/bin/gfortran
COLLECT_LTO_WRAPPER=/cvmfs/cms.cern.ch/slc7_amd64_gcc10/external/gcc/10.3.0-84898dea653199466402e67d73657f10/bin/../libexec/gcc/x86_64-unknown-linux-gnu/10.3.0/lto-wrapper
Target: x86_64-unknown-linux-gnu
Configured with: ../configure --prefix=/data/cmsbld/jenkins/workspace/auto-builds/CMSSW_12_3_0_pre2-slc7_amd64_gcc10/build/CMSSW_12_3_0_pre2-build/tmp/BUILDROOT/84898dea653199466402e67d73657f10/opt/cmssw/slc7_amd64_gcc10/external/gcc/10.3.0-84898dea653199466402e67d73657f10 --disable-multilib --disable-nls --disable-dssi --enable-languages=c,c++,fortran --enable-gnu-indirect-function --enable-__cxa_atexit --disable-libunwind-exceptions --enable-gnu-unique-object --enable-plugin --with-linker-hash-style=gnu --enable-linker-build-id --enable-ld=default --enable-lto --enable-gold=yes --with-gmp=/data/cmsbld/jenkins/workspace/auto-builds/CMSSW_12_3_0_pre2-slc7_amd64_gcc10/build/CMSSW_12_3_0_pre2-build/tmp/BUILDROOT/84898dea653199466402e67d73657f10/opt/cmssw/slc7_amd64_gcc10/external/gcc/10.3.0-84898dea653199466402e67d73657f10 --with-mpfr=/data/cmsbld/jenkins/workspace/auto-builds/CMSSW_12_3_0_pre2-slc7_amd64_gcc10/build/CMSSW_12_3_0_pre2-build/tmp/BUILDROOT/84898dea653199466402e67d73657f10/opt/cmssw/slc7_amd64_gcc10/external/gcc/10.3.0-84898dea653199466402e67d73657f10 --enable-bootstrap --with-mpc=/data/cmsbld/jenkins/workspace/auto-builds/CMSSW_12_3_0_pre2-slc7_amd64_gcc10/build/CMSSW_12_3_0_pre2-build/tmp/BUILDROOT/84898dea653199466402e67d73657f10/opt/cmssw/slc7_amd64_gcc10/external/gcc/10.3.0-84898dea653199466402e67d73657f10 --with-isl=/data/cmsbld/jenkins/workspace/auto-builds/CMSSW_12_3_0_pre2-slc7_amd64_gcc10/build/CMSSW_12_3_0_pre2-build/tmp/BUILDROOT/84898dea653199466402e67d73657f10/opt/cmssw/slc7_amd64_gcc10/external/gcc/10.3.0-84898dea653199466402e67d73657f10 --enable-checking=release --build=x86_64-unknown-linux-gnu --host=x86_64-unknown-linux-gnu --enable-libstdcxx-time=rt --enable-shared --disable-libgcj CC='gcc -fPIC' CXX='c++ -fPIC' CPP=cpp CXXCPP='c++ -E' CFLAGS=-I/data/cmsbld/jenkins/workspace/auto-builds/CMSSW_12_3_0_pre2-slc7_amd64_gcc10/build/CMSSW_12_3_0_pre2-build/tmp/BUILDROOT/84898dea653199466402e67d73657f10/opt/cmssw/slc7_amd64_gcc10/external/gcc/10.3.0-84898dea653199466402e67d73657f10/tmp/sw/include CXXFLAGS=-I/data/cmsbld/jenkins/workspace/auto-builds/CMSSW_12_3_0_pre2-slc7_amd64_gcc10/build/CMSSW_12_3_0_pre2-build/tmp/BUILDROOT/84898dea653199466402e67d73657f10/opt/cmssw/slc7_amd64_gcc10/external/gcc/10.3.0-84898dea653199466402e67d73657f10/tmp/sw/include LDFLAGS=-L/data/cmsbld/jenkins/workspace/auto-builds/CMSSW_12_3_0_pre2-slc7_amd64_gcc10/build/CMSSW_12_3_0_pre2-build/tmp/BUILDROOT/84898dea653199466402e67d73657f10/opt/cmssw/slc7_amd64_gcc10/external/gcc/10.3.0-84898dea653199466402e67d73657f10/tmp/sw/lib
Thread model: posix
Supported LTO compression algorithms: zlib
gcc version 10.3.0 (GCC) 
Reading specs from /cvmfs/cms.cern.ch/slc7_amd64_gcc10/external/gcc/10.3.0-84898dea653199466402e67d73657f10/bin/../lib/gcc/x86_64-unknown-linux-gnu/10.3.0/../../../../lib64/libgfortran.spec
rename spec lib to liborig
COLLECT_GCC_OPTIONS='-v' '-fPIC' '-o' 'cmTryCompileExec446205767' '-rdynamic' '-shared-libgcc' '-mtune=generic' '-march=x86-64'
COMPILER_PATH=/cvmfs/cms.cern.ch/slc7_amd64_gcc10/external/gcc/10.3.0-84898dea653199466402e67d73657f10/bin/../libexec/gcc/x86_64-unknown-linux-gnu/10.3.0/:/cvmfs/cms.cern.ch/slc7_amd64_gcc10/external/gcc/10.3.0-84898dea653199466402e67d73657f10/bin/../libexec/gcc/:/cvmfs/cms.cern.ch/slc7_amd64_gcc10/external/gcc/10.3.0-84898dea653199466402e67d73657f10/:/cvmfs/cms.cern.ch/slc7_amd64_gcc10/external/gcc/10.3.0-84898dea653199466402e67d73657f10/bin/../lib/gcc/x86_64-unknown-linux-gnu/10.3.0/../../../../x86_64-unknown-linux-gnu/bin/
LIBRARY_PATH=/cvmfs/cms.cern.ch/slc7_amd64_gcc10/external/gcc/10.3.0-84898dea653199466402e67d73657f10/bin/../lib/gcc/x86_64-unknown-linux-gnu/10.3.0/:/cvmfs/cms.cern.ch/slc7_amd64_gcc10/external/gcc/10.3.0-84898dea653199466402e67d73657f10/bin/../lib/gcc/:/cvmfs/cms.cern.ch/slc7_amd64_gcc10/external/gcc/10.3.0-84898dea653199466402e67d73657f10/bin/../lib/gcc/x86_64-unknown-linux-gnu/10.3.0/../../../../lib64/:/lib/../lib64/:/usr/lib/../lib64/:/cvmfs/cms.cern.ch/slc7_amd64_gcc10/external/gcc/10.3.0-84898dea653199466402e67d73657f10/bin/../lib/gcc/x86_64-unknown-linux-gnu/10.3.0/../../../../x86_64-unknown-linux-gnu/lib/:/cvmfs/cms.cern.ch/slc7_amd64_gcc10/external/gcc/10.3.0-84898dea653199466402e67d73657f10/bin/../lib/gcc/x86_64-unknown-linux-gnu/10.3.0/../../../:/lib/:/usr/lib/
COLLECT_GCC_OPTIONS='-v' '-fPIC' '-o' 'cmTryCompileExec446205767' '-rdynamic' '-shared-libgcc' '-mtune=generic' '-march=x86-64'
 /cvmfs/cms.cern.ch/slc7_amd64_gcc10/external/gcc/10.3.0-84898dea653199466402e67d73657f10/bin/../libexec/gcc/x86_64-unknown-linux-gnu/10.3.0/collect2 -plugin /cvmfs/cms.cern.ch/slc7_amd64_gcc10/external/gcc/10.3.0-84898dea653199466402e67d73657f10/bin/../libexec/gcc/x86_64-unknown-linux-gnu/10.3.0/liblto_plugin.so -plugin-opt=/cvmfs/cms.cern.ch/slc7_amd64_gcc10/external/gcc/10.3.0-84898dea653199466402e67d73657f10/bin/../libexec/gcc/x86_64-unknown-linux-gnu/10.3.0/lto-wrapper -plugin-opt=-fresolution=/tmp/sverma/ccODfwDX.res -plugin-opt=-pass-through=-lgcc_s -plugin-opt=-pass-through=-lgcc -plugin-opt=-pass-through=-lquadmath -plugin-opt=-pass-through=-lm -plugin-opt=-pass-through=-lgcc_s -plugin-opt=-pass-through=-lgcc -plugin-opt=-pass-through=-lc -plugin-opt=-pass-through=-lgcc_s -plugin-opt=-pass-through=-lgcc --build-id --eh-frame-hdr --hash-style=gnu -m elf_x86_64 -export-dynamic -dynamic-linker /lib64/ld-linux-x86-64.so.2 -z common-page-size=4096 -z max-page-size=4096 -o cmTryCompileExec446205767 /lib/../lib64/crt1.o /lib/../lib64/crti.o /cvmfs/cms.cern.ch/slc7_amd64_gcc10/external/gcc/10.3.0-84898dea653199466402e67d73657f10/bin/../lib/gcc/x86_64-unknown-linux-gnu/10.3.0/crtbegin.o -L/cvmfs/cms.cern.ch/slc7_amd64_gcc10/external/gcc/10.3.0-84898dea653199466402e67d73657f10/bin/../lib/gcc/x86_64-unknown-linux-gnu/10.3.0 -L/cvmfs/cms.cern.ch/slc7_amd64_gcc10/external/gcc/10.3.0-84898dea653199466402e67d73657f10/bin/../lib/gcc -L/cvmfs/cms.cern.ch/slc7_amd64_gcc10/external/gcc/10.3.0-84898dea653199466402e67d73657f10/bin/../lib/gcc/x86_64-unknown-linux-gnu/10.3.0/../../../../lib64 -L/lib/../lib64 -L/usr/lib/../lib64 -L/cvmfs/cms.cern.ch/slc7_amd64_gcc10/external/gcc/10.3.0-84898dea653199466402e67d73657f10/bin/../lib/gcc/x86_64-unknown-linux-gnu/10.3.0/../../../../x86_64-unknown-linux-gnu/lib -L/cvmfs/cms.cern.ch/slc7_amd64_gcc10/external/gcc/10.3.0-84898dea653199466402e67d73657f10/bin/../lib/gcc/x86_64-unknown-linux-gnu/10.3.0/../../.. CMakeFiles/cmTryCompileExec446205767.dir/CMakeFortranCompilerABI.F.o -lgfortran -lm -lgcc_s -lgcc -lquadmath -lm -lgcc_s -lgcc -lc -lgcc_s -lgcc /cvmfs/cms.cern.ch/slc7_amd64_gcc10/external/gcc/10.3.0-84898dea653199466402e67d73657f10/bin/../lib/gcc/x86_64-unknown-linux-gnu/10.3.0/crtend.o /lib/../lib64/crtn.o
COLLECT_GCC_OPTIONS='-v' '-fPIC' '-o' 'cmTryCompileExec446205767' '-rdynamic' '-shared-libgcc' '-mtune=generic' '-march=x86-64'
gmake[1]: Leaving directory '/afs/cern.ch/work/s/sverma/genproductions/bin/MadGraph5_aMCatNLO/WWGToLNu2jG_4f_NLO/WWGToLNu2jG_4f_NLO_gridpack/work/MG5_aMC_v2_9_9/HEPTools/collier/COLLIER-1.2.7/build/CMakeFiles/CMakeTmp'


Parsed Fortran implicit link information from above output:
  link line regex: [^( *|.*[/\])(ld|([^/\]+-)?ld|collect2)[^/\]*( |$)]
  ignore line: [Change Dir: /afs/cern.ch/work/s/sverma/genproductions/bin/MadGraph5_aMCatNLO/WWGToLNu2jG_4f_NLO/WWGToLNu2jG_4f_NLO_gridpack/work/MG5_aMC_v2_9_9/HEPTools/collier/COLLIER-1.2.7/build/CMakeFiles/CMakeTmp]
  ignore line: []
  ignore line: [Run Build Command:/cvmfs/cms.cern.ch/slc7_amd64_gcc10/cms/cmssw/CMSSW_12_4_8/external/slc7_amd64_gcc10/bin/gmake "cmTryCompileExec446205767/fast"]
  ignore line: [/cvmfs/cms.cern.ch/slc7_amd64_gcc10/cms/cmssw/CMSSW_12_4_8/external/slc7_amd64_gcc10/bin/gmake -f CMakeFiles/cmTryCompileExec446205767.dir/build.make CMakeFiles/cmTryCompileExec446205767.dir/build]
  ignore line: [gmake[1]: Entering directory '/afs/cern.ch/work/s/sverma/genproductions/bin/MadGraph5_aMCatNLO/WWGToLNu2jG_4f_NLO/WWGToLNu2jG_4f_NLO_gridpack/work/MG5_aMC_v2_9_9/HEPTools/collier/COLLIER-1.2.7/build/CMakeFiles/CMakeTmp']
  ignore line: [/usr/bin/cmake -E cmake_progress_report /afs/cern.ch/work/s/sverma/genproductions/bin/MadGraph5_aMCatNLO/WWGToLNu2jG_4f_NLO/WWGToLNu2jG_4f_NLO_gridpack/work/MG5_aMC_v2_9_9/HEPTools/collier/COLLIER-1.2.7/build/CMakeFiles/CMakeTmp/CMakeFiles 1]
  ignore line: [Building Fortran object CMakeFiles/cmTryCompileExec446205767.dir/CMakeFortranCompilerABI.F.o]
  ignore line: [/cvmfs/cms.cern.ch/slc7_amd64_gcc10/external/gcc/10.3.0-84898dea653199466402e67d73657f10/bin/gfortran   -fPIC    -c /usr/share/cmake/Modules/CMakeFortranCompilerABI.F -o CMakeFiles/cmTryCompileExec446205767.dir/CMakeFortranCompilerABI.F.o]
  ignore line: [Linking Fortran executable cmTryCompileExec446205767]
  ignore line: [/usr/bin/cmake -E cmake_link_script CMakeFiles/cmTryCompileExec446205767.dir/link.txt --verbose=1]
  ignore line: [/cvmfs/cms.cern.ch/slc7_amd64_gcc10/external/gcc/10.3.0-84898dea653199466402e67d73657f10/bin/gfortran   -v -fPIC  CMakeFiles/cmTryCompileExec446205767.dir/CMakeFortranCompilerABI.F.o  -o cmTryCompileExec446205767 -rdynamic  ]
  ignore line: [Driving: /cvmfs/cms.cern.ch/slc7_amd64_gcc10/external/gcc/10.3.0-84898dea653199466402e67d73657f10/bin/gfortran -v -fPIC CMakeFiles/cmTryCompileExec446205767.dir/CMakeFortranCompilerABI.F.o -o cmTryCompileExec446205767 -rdynamic -l gfortran -l m -shared-libgcc]
  ignore line: [Using built-in specs.]
  ignore line: [COLLECT_GCC=/cvmfs/cms.cern.ch/slc7_amd64_gcc10/external/gcc/10.3.0-84898dea653199466402e67d73657f10/bin/gfortran]
  ignore line: [COLLECT_LTO_WRAPPER=/cvmfs/cms.cern.ch/slc7_amd64_gcc10/external/gcc/10.3.0-84898dea653199466402e67d73657f10/bin/../libexec/gcc/x86_64-unknown-linux-gnu/10.3.0/lto-wrapper]
  ignore line: [Target: x86_64-unknown-linux-gnu]
  ignore line: [Configured with: ../configure --prefix=/data/cmsbld/jenkins/workspace/auto-builds/CMSSW_12_3_0_pre2-slc7_amd64_gcc10/build/CMSSW_12_3_0_pre2-build/tmp/BUILDROOT/84898dea653199466402e67d73657f10/opt/cmssw/slc7_amd64_gcc10/external/gcc/10.3.0-84898dea653199466402e67d73657f10 --disable-multilib --disable-nls --disable-dssi --enable-languages=c,c++,fortran --enable-gnu-indirect-function --enable-__cxa_atexit --disable-libunwind-exceptions --enable-gnu-unique-object --enable-plugin --with-linker-hash-style=gnu --enable-linker-build-id --enable-ld=default --enable-lto --enable-gold=yes --with-gmp=/data/cmsbld/jenkins/workspace/auto-builds/CMSSW_12_3_0_pre2-slc7_amd64_gcc10/build/CMSSW_12_3_0_pre2-build/tmp/BUILDROOT/84898dea653199466402e67d73657f10/opt/cmssw/slc7_amd64_gcc10/external/gcc/10.3.0-84898dea653199466402e67d73657f10 --with-mpfr=/data/cmsbld/jenkins/workspace/auto-builds/CMSSW_12_3_0_pre2-slc7_amd64_gcc10/build/CMSSW_12_3_0_pre2-build/tmp/BUILDROOT/84898dea653199466402e67d73657f10/opt/cmssw/slc7_amd64_gcc10/external/gcc/10.3.0-84898dea653199466402e67d73657f10 --enable-bootstrap --with-mpc=/data/cmsbld/jenkins/workspace/auto-builds/CMSSW_12_3_0_pre2-slc7_amd64_gcc10/build/CMSSW_12_3_0_pre2-build/tmp/BUILDROOT/84898dea653199466402e67d73657f10/opt/cmssw/slc7_amd64_gcc10/external/gcc/10.3.0-84898dea653199466402e67d73657f10 --with-isl=/data/cmsbld/jenkins/workspace/auto-builds/CMSSW_12_3_0_pre2-slc7_amd64_gcc10/build/CMSSW_12_3_0_pre2-build/tmp/BUILDROOT/84898dea653199466402e67d73657f10/opt/cmssw/slc7_amd64_gcc10/external/gcc/10.3.0-84898dea653199466402e67d73657f10 --enable-checking=release --build=x86_64-unknown-linux-gnu --host=x86_64-unknown-linux-gnu --enable-libstdcxx-time=rt --enable-shared --disable-libgcj CC='gcc -fPIC' CXX='c++ -fPIC' CPP=cpp CXXCPP='c++ -E' CFLAGS=-I/data/cmsbld/jenkins/workspace/auto-builds/CMSSW_12_3_0_pre2-slc7_amd64_gcc10/build/CMSSW_12_3_0_pre2-build/tmp/BUILDROOT/84898dea653199466402e67d73657f10/opt/cmssw/slc7_amd64_gcc10/external/gcc/10.3.0-84898dea653199466402e67d73657f10/tmp/sw/include CXXFLAGS=-I/data/cmsbld/jenkins/workspace/auto-builds/CMSSW_12_3_0_pre2-slc7_amd64_gcc10/build/CMSSW_12_3_0_pre2-build/tmp/BUILDROOT/84898dea653199466402e67d73657f10/opt/cmssw/slc7_amd64_gcc10/external/gcc/10.3.0-84898dea653199466402e67d73657f10/tmp/sw/include LDFLAGS=-L/data/cmsbld/jenkins/workspace/auto-builds/CMSSW_12_3_0_pre2-slc7_amd64_gcc10/build/CMSSW_12_3_0_pre2-build/tmp/BUILDROOT/84898dea653199466402e67d73657f10/opt/cmssw/slc7_amd64_gcc10/external/gcc/10.3.0-84898dea653199466402e67d73657f10/tmp/sw/lib]
  ignore line: [Thread model: posix]
  ignore line: [Supported LTO compression algorithms: zlib]
  ignore line: [gcc version 10.3.0 (GCC) ]
  ignore line: [Reading specs from /cvmfs/cms.cern.ch/slc7_amd64_gcc10/external/gcc/10.3.0-84898dea653199466402e67d73657f10/bin/../lib/gcc/x86_64-unknown-linux-gnu/10.3.0/../../../../lib64/libgfortran.spec]
  ignore line: [rename spec lib to liborig]
  ignore line: [COLLECT_GCC_OPTIONS='-v' '-fPIC' '-o' 'cmTryCompileExec446205767' '-rdynamic' '-shared-libgcc' '-mtune=generic' '-march=x86-64']
  ignore line: [COMPILER_PATH=/cvmfs/cms.cern.ch/slc7_amd64_gcc10/external/gcc/10.3.0-84898dea653199466402e67d73657f10/bin/../libexec/gcc/x86_64-unknown-linux-gnu/10.3.0/:/cvmfs/cms.cern.ch/slc7_amd64_gcc10/external/gcc/10.3.0-84898dea653199466402e67d73657f10/bin/../libexec/gcc/:/cvmfs/cms.cern.ch/slc7_amd64_gcc10/external/gcc/10.3.0-84898dea653199466402e67d73657f10/:/cvmfs/cms.cern.ch/slc7_amd64_gcc10/external/gcc/10.3.0-84898dea653199466402e67d73657f10/bin/../lib/gcc/x86_64-unknown-linux-gnu/10.3.0/../../../../x86_64-unknown-linux-gnu/bin/]
  ignore line: [LIBRARY_PATH=/cvmfs/cms.cern.ch/slc7_amd64_gcc10/external/gcc/10.3.0-84898dea653199466402e67d73657f10/bin/../lib/gcc/x86_64-unknown-linux-gnu/10.3.0/:/cvmfs/cms.cern.ch/slc7_amd64_gcc10/external/gcc/10.3.0-84898dea653199466402e67d73657f10/bin/../lib/gcc/:/cvmfs/cms.cern.ch/slc7_amd64_gcc10/external/gcc/10.3.0-84898dea653199466402e67d73657f10/bin/../lib/gcc/x86_64-unknown-linux-gnu/10.3.0/../../../../lib64/:/lib/../lib64/:/usr/lib/../lib64/:/cvmfs/cms.cern.ch/slc7_amd64_gcc10/external/gcc/10.3.0-84898dea653199466402e67d73657f10/bin/../lib/gcc/x86_64-unknown-linux-gnu/10.3.0/../../../../x86_64-unknown-linux-gnu/lib/:/cvmfs/cms.cern.ch/slc7_amd64_gcc10/external/gcc/10.3.0-84898dea653199466402e67d73657f10/bin/../lib/gcc/x86_64-unknown-linux-gnu/10.3.0/../../../:/lib/:/usr/lib/]
  ignore line: [COLLECT_GCC_OPTIONS='-v' '-fPIC' '-o' 'cmTryCompileExec446205767' '-rdynamic' '-shared-libgcc' '-mtune=generic' '-march=x86-64']
  link line: [ /cvmfs/cms.cern.ch/slc7_amd64_gcc10/external/gcc/10.3.0-84898dea653199466402e67d73657f10/bin/../libexec/gcc/x86_64-unknown-linux-gnu/10.3.0/collect2 -plugin /cvmfs/cms.cern.ch/slc7_amd64_gcc10/external/gcc/10.3.0-84898dea653199466402e67d73657f10/bin/../libexec/gcc/x86_64-unknown-linux-gnu/10.3.0/liblto_plugin.so -plugin-opt=/cvmfs/cms.cern.ch/slc7_amd64_gcc10/external/gcc/10.3.0-84898dea653199466402e67d73657f10/bin/../libexec/gcc/x86_64-unknown-linux-gnu/10.3.0/lto-wrapper -plugin-opt=-fresolution=/tmp/sverma/ccODfwDX.res -plugin-opt=-pass-through=-lgcc_s -plugin-opt=-pass-through=-lgcc -plugin-opt=-pass-through=-lquadmath -plugin-opt=-pass-through=-lm -plugin-opt=-pass-through=-lgcc_s -plugin-opt=-pass-through=-lgcc -plugin-opt=-pass-through=-lc -plugin-opt=-pass-through=-lgcc_s -plugin-opt=-pass-through=-lgcc --build-id --eh-frame-hdr --hash-style=gnu -m elf_x86_64 -export-dynamic -dynamic-linker /lib64/ld-linux-x86-64.so.2 -z common-page-size=4096 -z max-page-size=4096 -o cmTryCompileExec446205767 /lib/../lib64/crt1.o /lib/../lib64/crti.o /cvmfs/cms.cern.ch/slc7_amd64_gcc10/external/gcc/10.3.0-84898dea653199466402e67d73657f10/bin/../lib/gcc/x86_64-unknown-linux-gnu/10.3.0/crtbegin.o -L/cvmfs/cms.cern.ch/slc7_amd64_gcc10/external/gcc/10.3.0-84898dea653199466402e67d73657f10/bin/../lib/gcc/x86_64-unknown-linux-gnu/10.3.0 -L/cvmfs/cms.cern.ch/slc7_amd64_gcc10/external/gcc/10.3.0-84898dea653199466402e67d73657f10/bin/../lib/gcc -L/cvmfs/cms.cern.ch/slc7_amd64_gcc10/external/gcc/10.3.0-84898dea653199466402e67d73657f10/bin/../lib/gcc/x86_64-unknown-linux-gnu/10.3.0/../../../../lib64 -L/lib/../lib64 -L/usr/lib/../lib64 -L/cvmfs/cms.cern.ch/slc7_amd64_gcc10/external/gcc/10.3.0-84898dea653199466402e67d73657f10/bin/../lib/gcc/x86_64-unknown-linux-gnu/10.3.0/../../../../x86_64-unknown-linux-gnu/lib -L/cvmfs/cms.cern.ch/slc7_amd64_gcc10/external/gcc/10.3.0-84898dea653199466402e67d73657f10/bin/../lib/gcc/x86_64-unknown-linux-gnu/10.3.0/../../.. CMakeFiles/cmTryCompileExec446205767.dir/CMakeFortranCompilerABI.F.o -lgfortran -lm -lgcc_s -lgcc -lquadmath -lm -lgcc_s -lgcc -lc -lgcc_s -lgcc /cvmfs/cms.cern.ch/slc7_amd64_gcc10/external/gcc/10.3.0-84898dea653199466402e67d73657f10/bin/../lib/gcc/x86_64-unknown-linux-gnu/10.3.0/crtend.o /lib/../lib64/crtn.o]
    arg [/cvmfs/cms.cern.ch/slc7_amd64_gcc10/external/gcc/10.3.0-84898dea653199466402e67d73657f10/bin/../libexec/gcc/x86_64-unknown-linux-gnu/10.3.0/collect2] ==> ignore
    arg [-plugin] ==> ignore
    arg [/cvmfs/cms.cern.ch/slc7_amd64_gcc10/external/gcc/10.3.0-84898dea653199466402e67d73657f10/bin/../libexec/gcc/x86_64-unknown-linux-gnu/10.3.0/liblto_plugin.so] ==> ignore
    arg [-plugin-opt=/cvmfs/cms.cern.ch/slc7_amd64_gcc10/external/gcc/10.3.0-84898dea653199466402e67d73657f10/bin/../libexec/gcc/x86_64-unknown-linux-gnu/10.3.0/lto-wrapper] ==> ignore
    arg [-plugin-opt=-fresolution=/tmp/sverma/ccODfwDX.res] ==> ignore
    arg [-plugin-opt=-pass-through=-lgcc_s] ==> ignore
    arg [-plugin-opt=-pass-through=-lgcc] ==> ignore
    arg [-plugin-opt=-pass-through=-lquadmath] ==> ignore
    arg [-plugin-opt=-pass-through=-lm] ==> ignore
    arg [-plugin-opt=-pass-through=-lgcc_s] ==> ignore
    arg [-plugin-opt=-pass-through=-lgcc] ==> ignore
    arg [-plugin-opt=-pass-through=-lc] ==> ignore
    arg [-plugin-opt=-pass-through=-lgcc_s] ==> ignore
    arg [-plugin-opt=-pass-through=-lgcc] ==> ignore
    arg [--build-id] ==> ignore
    arg [--eh-frame-hdr] ==> ignore
    arg [--hash-style=gnu] ==> ignore
    arg [-m] ==> ignore
    arg [elf_x86_64] ==> ignore
    arg [-export-dynamic] ==> ignore
    arg [-dynamic-linker] ==> ignore
    arg [/lib64/ld-linux-x86-64.so.2] ==> ignore
    arg [-zcommon-page-size=4096] ==> ignore
    arg [-zmax-page-size=4096] ==> ignore
    arg [-o] ==> ignore
    arg [cmTryCompileExec446205767] ==> ignore
    arg [/lib/../lib64/crt1.o] ==> ignore
    arg [/lib/../lib64/crti.o] ==> ignore
    arg [/cvmfs/cms.cern.ch/slc7_amd64_gcc10/external/gcc/10.3.0-84898dea653199466402e67d73657f10/bin/../lib/gcc/x86_64-unknown-linux-gnu/10.3.0/crtbegin.o] ==> ignore
    arg [-L/cvmfs/cms.cern.ch/slc7_amd64_gcc10/external/gcc/10.3.0-84898dea653199466402e67d73657f10/bin/../lib/gcc/x86_64-unknown-linux-gnu/10.3.0] ==> dir [/cvmfs/cms.cern.ch/slc7_amd64_gcc10/external/gcc/10.3.0-84898dea653199466402e67d73657f10/bin/../lib/gcc/x86_64-unknown-linux-gnu/10.3.0]
    arg [-L/cvmfs/cms.cern.ch/slc7_amd64_gcc10/external/gcc/10.3.0-84898dea653199466402e67d73657f10/bin/../lib/gcc] ==> dir [/cvmfs/cms.cern.ch/slc7_amd64_gcc10/external/gcc/10.3.0-84898dea653199466402e67d73657f10/bin/../lib/gcc]
    arg [-L/cvmfs/cms.cern.ch/slc7_amd64_gcc10/external/gcc/10.3.0-84898dea653199466402e67d73657f10/bin/../lib/gcc/x86_64-unknown-linux-gnu/10.3.0/../../../../lib64] ==> dir [/cvmfs/cms.cern.ch/slc7_amd64_gcc10/external/gcc/10.3.0-84898dea653199466402e67d73657f10/bin/../lib/gcc/x86_64-unknown-linux-gnu/10.3.0/../../../../lib64]
    arg [-L/lib/../lib64] ==> dir [/lib/../lib64]
    arg [-L/usr/lib/../lib64] ==> dir [/usr/lib/../lib64]
    arg [-L/cvmfs/cms.cern.ch/slc7_amd64_gcc10/external/gcc/10.3.0-84898dea653199466402e67d73657f10/bin/../lib/gcc/x86_64-unknown-linux-gnu/10.3.0/../../../../x86_64-unknown-linux-gnu/lib] ==> dir [/cvmfs/cms.cern.ch/slc7_amd64_gcc10/external/gcc/10.3.0-84898dea653199466402e67d73657f10/bin/../lib/gcc/x86_64-unknown-linux-gnu/10.3.0/../../../../x86_64-unknown-linux-gnu/lib]
    arg [-L/cvmfs/cms.cern.ch/slc7_amd64_gcc10/external/gcc/10.3.0-84898dea653199466402e67d73657f10/bin/../lib/gcc/x86_64-unknown-linux-gnu/10.3.0/../../..] ==> dir [/cvmfs/cms.cern.ch/slc7_amd64_gcc10/external/gcc/10.3.0-84898dea653199466402e67d73657f10/bin/../lib/gcc/x86_64-unknown-linux-gnu/10.3.0/../../..]
    arg [CMakeFiles/cmTryCompileExec446205767.dir/CMakeFortranCompilerABI.F.o] ==> ignore
    arg [-lgfortran] ==> lib [gfortran]
    arg [-lm] ==> lib [m]
    arg [-lgcc_s] ==> lib [gcc_s]
    arg [-lgcc] ==> lib [gcc]
    arg [-lquadmath] ==> lib [quadmath]
    arg [-lm] ==> lib [m]
    arg [-lgcc_s] ==> lib [gcc_s]
    arg [-lgcc] ==> lib [gcc]
    arg [-lc] ==> lib [c]
    arg [-lgcc_s] ==> lib [gcc_s]
    arg [-lgcc] ==> lib [gcc]
    arg [/cvmfs/cms.cern.ch/slc7_amd64_gcc10/external/gcc/10.3.0-84898dea653199466402e67d73657f10/bin/../lib/gcc/x86_64-unknown-linux-gnu/10.3.0/crtend.o] ==> ignore
    arg [/lib/../lib64/crtn.o] ==> ignore
  remove lib [gcc_s]
  remove lib [gcc]
  remove lib [gcc_s]
  remove lib [gcc]
  remove lib [gcc_s]
  remove lib [gcc]
  collapse library dir [/cvmfs/cms.cern.ch/slc7_amd64_gcc10/external/gcc/10.3.0-84898dea653199466402e67d73657f10/bin/../lib/gcc/x86_64-unknown-linux-gnu/10.3.0] ==> [/cvmfs/cms.cern.ch/slc7_amd64_gcc10/external/gcc/10.3.0-84898dea653199466402e67d73657f10/lib/gcc/x86_64-unknown-linux-gnu/10.3.0]
  collapse library dir [/cvmfs/cms.cern.ch/slc7_amd64_gcc10/external/gcc/10.3.0-84898dea653199466402e67d73657f10/bin/../lib/gcc] ==> [/cvmfs/cms.cern.ch/slc7_amd64_gcc10/external/gcc/10.3.0-84898dea653199466402e67d73657f10/lib/gcc]
  collapse library dir [/cvmfs/cms.cern.ch/slc7_amd64_gcc10/external/gcc/10.3.0-84898dea653199466402e67d73657f10/bin/../lib/gcc/x86_64-unknown-linux-gnu/10.3.0/../../../../lib64] ==> [/cvmfs/cms.cern.ch/slc7_amd64_gcc10/external/gcc/10.3.0-84898dea653199466402e67d73657f10/lib64]
  collapse library dir [/lib/../lib64] ==> [/lib64]
  collapse library dir [/usr/lib/../lib64] ==> [/usr/lib64]
  collapse library dir [/cvmfs/cms.cern.ch/slc7_amd64_gcc10/external/gcc/10.3.0-84898dea653199466402e67d73657f10/bin/../lib/gcc/x86_64-unknown-linux-gnu/10.3.0/../../../../x86_64-unknown-linux-gnu/lib] ==> [/cvmfs/cms.cern.ch/slc7_amd64_gcc10/external/gcc/10.3.0-84898dea653199466402e67d73657f10/x86_64-unknown-linux-gnu/lib]
  collapse library dir [/cvmfs/cms.cern.ch/slc7_amd64_gcc10/external/gcc/10.3.0-84898dea653199466402e67d73657f10/bin/../lib/gcc/x86_64-unknown-linux-gnu/10.3.0/../../..] ==> [/cvmfs/cms.cern.ch/slc7_amd64_gcc10/external/gcc/10.3.0-84898dea653199466402e67d73657f10/lib]
  implicit libs: [gfortran;m;quadmath;m;c]
  implicit dirs: [/cvmfs/cms.cern.ch/slc7_amd64_gcc10/external/gcc/10.3.0-84898dea653199466402e67d73657f10/lib/gcc/x86_64-unknown-linux-gnu/10.3.0;/cvmfs/cms.cern.ch/slc7_amd64_gcc10/external/gcc/10.3.0-84898dea653199466402e67d73657f10/lib/gcc;/cvmfs/cms.cern.ch/slc7_amd64_gcc10/external/gcc/10.3.0-84898dea653199466402e67d73657f10/lib64;/lib64;/usr/lib64;/cvmfs/cms.cern.ch/slc7_amd64_gcc10/external/gcc/10.3.0-84898dea653199466402e67d73657f10/x86_64-unknown-linux-gnu/lib;/cvmfs/cms.cern.ch/slc7_amd64_gcc10/external/gcc/10.3.0-84898dea653199466402e67d73657f10/lib]
  implicit fwks: []


Determining if the Fortran compiler supports Fortran 90 passed with the following output:
Change Dir: /afs/cern.ch/work/s/sverma/genproductions/bin/MadGraph5_aMCatNLO/WWGToLNu2jG_4f_NLO/WWGToLNu2jG_4f_NLO_gridpack/work/MG5_aMC_v2_9_9/HEPTools/collier/COLLIER-1.2.7/build/CMakeFiles/CMakeTmp

Run Build Command:/cvmfs/cms.cern.ch/slc7_amd64_gcc10/cms/cmssw/CMSSW_12_4_8/external/slc7_amd64_gcc10/bin/gmake "cmTryCompileExec53808529/fast"
/cvmfs/cms.cern.ch/slc7_amd64_gcc10/cms/cmssw/CMSSW_12_4_8/external/slc7_amd64_gcc10/bin/gmake -f CMakeFiles/cmTryCompileExec53808529.dir/build.make CMakeFiles/cmTryCompileExec53808529.dir/build
gmake[1]: Entering directory '/afs/cern.ch/work/s/sverma/genproductions/bin/MadGraph5_aMCatNLO/WWGToLNu2jG_4f_NLO/WWGToLNu2jG_4f_NLO_gridpack/work/MG5_aMC_v2_9_9/HEPTools/collier/COLLIER-1.2.7/build/CMakeFiles/CMakeTmp'
/usr/bin/cmake -E cmake_progress_report /afs/cern.ch/work/s/sverma/genproductions/bin/MadGraph5_aMCatNLO/WWGToLNu2jG_4f_NLO/WWGToLNu2jG_4f_NLO_gridpack/work/MG5_aMC_v2_9_9/HEPTools/collier/COLLIER-1.2.7/build/CMakeFiles/CMakeTmp/CMakeFiles 1
Building Fortran object CMakeFiles/cmTryCompileExec53808529.dir/testFortranCompilerF90.f90.o
/cvmfs/cms.cern.ch/slc7_amd64_gcc10/external/gcc/10.3.0-84898dea653199466402e67d73657f10/bin/gfortran   -fPIC    -c /afs/cern.ch/work/s/sverma/genproductions/bin/MadGraph5_aMCatNLO/WWGToLNu2jG_4f_NLO/WWGToLNu2jG_4f_NLO_gridpack/work/MG5_aMC_v2_9_9/HEPTools/collier/COLLIER-1.2.7/build/CMakeFiles/CMakeTmp/testFortranCompilerF90.f90 -o CMakeFiles/cmTryCompileExec53808529.dir/testFortranCompilerF90.f90.o
Linking Fortran executable cmTryCompileExec53808529
/usr/bin/cmake -E cmake_link_script CMakeFiles/cmTryCompileExec53808529.dir/link.txt --verbose=1
/cvmfs/cms.cern.ch/slc7_amd64_gcc10/external/gcc/10.3.0-84898dea653199466402e67d73657f10/bin/gfortran     -fPIC  CMakeFiles/cmTryCompileExec53808529.dir/testFortranCompilerF90.f90.o  -o cmTryCompileExec53808529 -rdynamic 
gmake[1]: Leaving directory '/afs/cern.ch/work/s/sverma/genproductions/bin/MadGraph5_aMCatNLO/WWGToLNu2jG_4f_NLO/WWGToLNu2jG_4f_NLO_gridpack/work/MG5_aMC_v2_9_9/HEPTools/collier/COLLIER-1.2.7/build/CMakeFiles/CMakeTmp'


