#Subprocess 1 (u,D -> ne,E,b,B)
 Cross section [pb] = 4.6587e-01 +/- 1.26e-03 (Nevnt = 49830)
#Subprocess 2 (u,D -> nm,M,b,B)
 Cross section [pb] = 4.6587e-01 +/- 1.26e-03 (Nevnt = 49830)
#Subprocess 3 (u,D -> nl,L,b,B)
 Cross section [pb] = 4.6551e-01 +/- 1.26e-03 (Nevnt = 49792)
#Subprocess 4 (u,S -> ne,E,b,B)
 Cross section [pb] = 1.7601e-02 +/- 1.32e-03 (Nevnt = 1883)
#Subprocess 5 (u,S -> nm,M,b,B)
 Cross section [pb] = 1.7601e-02 +/- 1.32e-03 (Nevnt = 1883)
#Subprocess 6 (u,S -> nl,L,b,B)
 Cross section [pb] = 1.7588e-02 +/- 1.32e-03 (Nevnt = 1881)
#Subprocess 7 (d,U -> Ne,e,b,B)
 Cross section [pb] = 2.2200e-01 +/- 1.28e-03 (Nevnt = 23746)
#Subprocess 8 (d,U -> Nm,m,b,B)
 Cross section [pb] = 2.2200e-01 +/- 1.28e-03 (Nevnt = 23745)
#Subprocess 9 (d,U -> Nl,l,b,B)
 Cross section [pb] = 2.2183e-01 +/- 1.28e-03 (Nevnt = 23727)
#Subprocess 10 (d,C -> Ne,e,b,B)
 Cross section [pb] = 7.2763e-03 +/- 1.33e-03 (Nevnt = 778)
#Subprocess 11 (d,C -> Nm,m,b,B)
 Cross section [pb] = 7.2763e-03 +/- 1.33e-03 (Nevnt = 778)
#Subprocess 12 (d,C -> Nl,l,b,B)
 Cross section [pb] = 7.2707e-03 +/- 1.33e-03 (Nevnt = 778)
#Subprocess 13 (U,d -> Ne,e,b,B)
 Cross section [pb] = 2.2174e-01 +/- 1.37e-03 (Nevnt = 23717)
#Subprocess 14 (U,d -> Nm,m,b,B)
 Cross section [pb] = 2.2174e-01 +/- 1.37e-03 (Nevnt = 23717)
#Subprocess 15 (U,d -> Nl,l,b,B)
 Cross section [pb] = 2.2157e-01 +/- 1.37e-03 (Nevnt = 23700)
#Subprocess 16 (U,s -> Ne,e,b,B)
 Cross section [pb] = 2.7517e-03 +/- 1.54e-03 (Nevnt = 294)
#Subprocess 17 (U,s -> Nm,m,b,B)
 Cross section [pb] = 2.7517e-03 +/- 1.54e-03 (Nevnt = 294)
#Subprocess 18 (U,s -> Nl,l,b,B)
 Cross section [pb] = 2.7496e-03 +/- 1.54e-03 (Nevnt = 294)
#Subprocess 19 (D,u -> ne,E,b,B)
 Cross section [pb] = 4.6550e-01 +/- 1.20e-03 (Nevnt = 49790)
#Subprocess 20 (D,u -> nm,M,b,B)
 Cross section [pb] = 4.6550e-01 +/- 1.20e-03 (Nevnt = 49790)
#Subprocess 21 (D,u -> nl,L,b,B)
 Cross section [pb] = 4.6511e-01 +/- 1.20e-03 (Nevnt = 49749)
#Subprocess 22 (D,c -> ne,E,b,B)
 Cross section [pb] = 2.3947e-03 +/- 1.54e-03 (Nevnt = 256)
#Subprocess 23 (D,c -> nm,M,b,B)
 Cross section [pb] = 2.3946e-03 +/- 1.54e-03 (Nevnt = 256)
#Subprocess 24 (D,c -> nl,L,b,B)
 Cross section [pb] = 2.3929e-03 +/- 1.54e-03 (Nevnt = 256)
#Subprocess 25 (s,U -> Ne,e,b,B)
 Cross section [pb] = 2.7544e-03 +/- 1.49e-03 (Nevnt = 295)
#Subprocess 26 (s,U -> Nm,m,b,B)
 Cross section [pb] = 2.7544e-03 +/- 1.49e-03 (Nevnt = 295)
#Subprocess 27 (s,U -> Nl,l,b,B)
 Cross section [pb] = 2.7524e-03 +/- 1.49e-03 (Nevnt = 294)
#Subprocess 28 (s,C -> Ne,e,b,B)
 Cross section [pb] = 3.0837e-02 +/- 1.51e-03 (Nevnt = 3298)
#Subprocess 29 (s,C -> Nm,m,b,B)
 Cross section [pb] = 3.0837e-02 +/- 1.51e-03 (Nevnt = 3298)
#Subprocess 30 (s,C -> Nl,l,b,B)
 Cross section [pb] = 3.0816e-02 +/- 1.52e-03 (Nevnt = 3296)
#Subprocess 31 (c,D -> ne,E,b,B)
 Cross section [pb] = 2.3960e-03 +/- 1.59e-03 (Nevnt = 256)
#Subprocess 32 (c,D -> nm,M,b,B)
 Cross section [pb] = 2.3960e-03 +/- 1.59e-03 (Nevnt = 256)
#Subprocess 33 (c,D -> nl,L,b,B)
 Cross section [pb] = 2.3942e-03 +/- 1.59e-03 (Nevnt = 256)
#Subprocess 34 (c,S -> ne,E,b,B)
 Cross section [pb] = 3.0889e-02 +/- 1.73e-03 (Nevnt = 3304)
#Subprocess 35 (c,S -> nm,M,b,B)
 Cross section [pb] = 3.0889e-02 +/- 1.73e-03 (Nevnt = 3304)
#Subprocess 36 (c,S -> nl,L,b,B)
 Cross section [pb] = 3.0860e-02 +/- 1.72e-03 (Nevnt = 3301)
#Subprocess 37 (S,u -> ne,E,b,B)
 Cross section [pb] = 1.7594e-02 +/- 1.24e-03 (Nevnt = 1882)
#Subprocess 38 (S,u -> nm,M,b,B)
 Cross section [pb] = 1.7594e-02 +/- 1.24e-03 (Nevnt = 1882)
#Subprocess 39 (S,u -> nl,L,b,B)
 Cross section [pb] = 1.7582e-02 +/- 1.24e-03 (Nevnt = 1881)
#Subprocess 40 (S,c -> ne,E,b,B)
 Cross section [pb] = 3.0837e-02 +/- 1.51e-03 (Nevnt = 3298)
#Subprocess 41 (S,c -> nm,M,b,B)
 Cross section [pb] = 3.0837e-02 +/- 1.51e-03 (Nevnt = 3298)
#Subprocess 42 (S,c -> nl,L,b,B)
 Cross section [pb] = 3.0816e-02 +/- 1.52e-03 (Nevnt = 3296)
#Subprocess 43 (C,d -> Ne,e,b,B)
 Cross section [pb] = 7.2797e-03 +/- 1.44e-03 (Nevnt = 779)
#Subprocess 44 (C,d -> Nm,m,b,B)
 Cross section [pb] = 7.2796e-03 +/- 1.44e-03 (Nevnt = 779)
#Subprocess 45 (C,d -> Nl,l,b,B)
 Cross section [pb] = 7.2742e-03 +/- 1.44e-03 (Nevnt = 778)
#Subprocess 46 (C,s -> Ne,e,b,B)
 Cross section [pb] = 3.0889e-02 +/- 1.73e-03 (Nevnt = 3304)
#Subprocess 47 (C,s -> Nm,m,b,B)
 Cross section [pb] = 3.0889e-02 +/- 1.73e-03 (Nevnt = 3304)
#Subprocess 48 (C,s -> Nl,l,b,B)
 Cross section [pb] = 3.0860e-02 +/- 1.72e-03 (Nevnt = 3301)

 Total cross section [pb]  = 4.6746e+00 +/- 1.01e-02 (Ntotal = 499999)
