#Subprocess 1 (u,D -> ne,E,b,B)
 Cross section [pb] = 2.2492e-01 +/- 1.83e-03 (Nevnt = 43901)
#Subprocess 2 (u,D -> nm,M,b,B)
 Cross section [pb] = 2.2493e-01 +/- 1.83e-03 (Nevnt = 43902)
#Subprocess 3 (u,D -> nl,L,b,B)
 Cross section [pb] = 2.2460e-01 +/- 1.72e-03 (Nevnt = 43839)
#Subprocess 4 (u,S -> ne,E,b,B)
 Cross section [pb] = 9.6940e-03 +/- 1.49e-03 (Nevnt = 1892)
#Subprocess 5 (u,S -> nm,M,b,B)
 Cross section [pb] = 9.6940e-03 +/- 1.49e-03 (Nevnt = 1892)
#Subprocess 6 (u,S -> nl,L,b,B)
 Cross section [pb] = 9.6904e-03 +/- 1.54e-03 (Nevnt = 1891)
#Subprocess 7 (d,U -> Ne,e,b,B)
 Cross section [pb] = 1.2843e-01 +/- 1.37e-03 (Nevnt = 25068)
#Subprocess 8 (d,U -> Nm,m,b,B)
 Cross section [pb] = 1.2844e-01 +/- 1.38e-03 (Nevnt = 25068)
#Subprocess 9 (d,U -> Nl,l,b,B)
 Cross section [pb] = 1.2838e-01 +/- 1.50e-03 (Nevnt = 25058)
#Subprocess 10 (d,C -> Ne,e,b,B)
 Cross section [pb] = 4.9406e-03 +/- 1.54e-03 (Nevnt = 964)
#Subprocess 11 (d,C -> Nm,m,b,B)
 Cross section [pb] = 4.9405e-03 +/- 1.53e-03 (Nevnt = 964)
#Subprocess 12 (d,C -> Nl,l,b,B)
 Cross section [pb] = 4.9352e-03 +/- 1.45e-03 (Nevnt = 963)
#Subprocess 13 (U,d -> Ne,e,b,B)
 Cross section [pb] = 1.2850e-01 +/- 1.54e-03 (Nevnt = 25081)
#Subprocess 14 (U,d -> Nm,m,b,B)
 Cross section [pb] = 1.2850e-01 +/- 1.54e-03 (Nevnt = 25082)
#Subprocess 15 (U,d -> Nl,l,b,B)
 Cross section [pb] = 1.2841e-01 +/- 1.53e-03 (Nevnt = 25063)
#Subprocess 16 (U,s -> Ne,e,b,B)
 Cross section [pb] = 2.2249e-03 +/- 1.95e-03 (Nevnt = 434)
#Subprocess 17 (U,s -> Nm,m,b,B)
 Cross section [pb] = 2.2250e-03 +/- 1.94e-03 (Nevnt = 434)
#Subprocess 18 (U,s -> Nl,l,b,B)
 Cross section [pb] = 2.2247e-03 +/- 1.91e-03 (Nevnt = 434)
#Subprocess 19 (D,u -> ne,E,b,B)
 Cross section [pb] = 2.2464e-01 +/- 1.41e-03 (Nevnt = 43846)
#Subprocess 20 (D,u -> nm,M,b,B)
 Cross section [pb] = 2.2461e-01 +/- 1.41e-03 (Nevnt = 43839)
#Subprocess 21 (D,u -> nl,L,b,B)
 Cross section [pb] = 2.2439e-01 +/- 1.40e-03 (Nevnt = 43796)
#Subprocess 22 (D,c -> ne,E,b,B)
 Cross section [pb] = 2.0265e-03 +/- 1.50e-03 (Nevnt = 396)
#Subprocess 23 (D,c -> nm,M,b,B)
 Cross section [pb] = 2.0265e-03 +/- 1.50e-03 (Nevnt = 396)
#Subprocess 24 (D,c -> nl,L,b,B)
 Cross section [pb] = 2.0240e-03 +/- 1.52e-03 (Nevnt = 395)
#Subprocess 25 (s,U -> Ne,e,b,B)
 Cross section [pb] = 2.2297e-03 +/- 1.42e-03 (Nevnt = 435)
#Subprocess 26 (s,U -> Nm,m,b,B)
 Cross section [pb] = 2.2296e-03 +/- 1.42e-03 (Nevnt = 435)
#Subprocess 27 (s,U -> Nl,l,b,B)
 Cross section [pb] = 2.2273e-03 +/- 1.37e-03 (Nevnt = 435)
#Subprocess 28 (s,C -> Ne,e,b,B)
 Cross section [pb] = 2.7469e-02 +/- 1.37e-03 (Nevnt = 5361)
#Subprocess 29 (s,C -> Nm,m,b,B)
 Cross section [pb] = 2.7468e-02 +/- 1.37e-03 (Nevnt = 5361)
#Subprocess 30 (s,C -> Nl,l,b,B)
 Cross section [pb] = 2.7442e-02 +/- 1.36e-03 (Nevnt = 5356)
#Subprocess 31 (c,D -> ne,E,b,B)
 Cross section [pb] = 2.0252e-03 +/- 1.59e-03 (Nevnt = 395)
#Subprocess 32 (c,D -> nm,M,b,B)
 Cross section [pb] = 2.0252e-03 +/- 1.59e-03 (Nevnt = 395)
#Subprocess 33 (c,D -> nl,L,b,B)
 Cross section [pb] = 2.0231e-03 +/- 1.59e-03 (Nevnt = 395)
#Subprocess 34 (c,S -> ne,E,b,B)
 Cross section [pb] = 2.7485e-02 +/- 1.76e-03 (Nevnt = 5365)
#Subprocess 35 (c,S -> nm,M,b,B)
 Cross section [pb] = 2.7485e-02 +/- 1.76e-03 (Nevnt = 5365)
#Subprocess 36 (c,S -> nl,L,b,B)
 Cross section [pb] = 2.7463e-02 +/- 1.75e-03 (Nevnt = 5360)
#Subprocess 37 (S,u -> ne,E,b,B)
 Cross section [pb] = 9.7000e-03 +/- 1.39e-03 (Nevnt = 1893)
#Subprocess 38 (S,u -> nm,M,b,B)
 Cross section [pb] = 9.7000e-03 +/- 1.39e-03 (Nevnt = 1893)
#Subprocess 39 (S,u -> nl,L,b,B)
 Cross section [pb] = 9.6925e-03 +/- 1.41e-03 (Nevnt = 1892)
#Subprocess 40 (S,c -> ne,E,b,B)
 Cross section [pb] = 2.7469e-02 +/- 1.37e-03 (Nevnt = 5361)
#Subprocess 41 (S,c -> nm,M,b,B)
 Cross section [pb] = 2.7468e-02 +/- 1.37e-03 (Nevnt = 5361)
#Subprocess 42 (S,c -> nl,L,b,B)
 Cross section [pb] = 2.7442e-02 +/- 1.36e-03 (Nevnt = 5356)
#Subprocess 43 (C,d -> Ne,e,b,B)
 Cross section [pb] = 4.9434e-03 +/- 1.48e-03 (Nevnt = 965)
#Subprocess 44 (C,d -> Nm,m,b,B)
 Cross section [pb] = 4.9433e-03 +/- 1.48e-03 (Nevnt = 965)
#Subprocess 45 (C,d -> Nl,l,b,B)
 Cross section [pb] = 4.9399e-03 +/- 1.47e-03 (Nevnt = 964)
#Subprocess 46 (C,s -> Ne,e,b,B)
 Cross section [pb] = 2.7485e-02 +/- 1.76e-03 (Nevnt = 5365)
#Subprocess 47 (C,s -> Nm,m,b,B)
 Cross section [pb] = 2.7485e-02 +/- 1.76e-03 (Nevnt = 5365)
#Subprocess 48 (C,s -> Nl,l,b,B)
 Cross section [pb] = 2.7463e-02 +/- 1.75e-03 (Nevnt = 5360)

 Total cross section [pb]  = 2.5617e+00 +/- 1.08e-02 (Ntotal = 499996)
