==== LHAPDF6 USING DEFAULT-TYPE LHAGLUE INTERFACE ====
LHAPDF 6.2.1 loading /cvmfs/cms.cern.ch/slc7_amd64_gcc700/external/lhapdf/6.2.1-pafccj3/share/LHAPDF/NNPDF31_nnlo_as_0118_nf_4_mc_hessian/NNPDF31_nnlo_as_0118_nf_4_mc_hessian_0000.dat
NNPDF31_nnlo_as_0118_nf_4_mc_hessian PDF set, member #0, version 1; LHAPDF ID = 325500
 Process in group number            1
 A PDF is used, so alpha_s(MZ) is going to be modified
 Old value of alpha_s from param_card:   0.11799999999999999     
 New value of alpha_s from PDF lhapdf :  0.11266013434007299     
 using LHAPDF
 Define smin to   0.0000000000000000     
 Warning: pt or E min of a jet should in general be >0
 Warning: pt or E min of a jet should in general be >0
 *****************************************************
 *               MadGraph/MadEvent                   *
 *        --------------------------------           *
 *          http://madgraph.hep.uiuc.edu             *
 *          http://madgraph.phys.ucl.ac.be           *
 *          http://madgraph.roma2.infn.it            *
 *        --------------------------------           *
 *                                                   *
 *          PARAMETER AND COUPLING VALUES            *
 *                                                   *
 *****************************************************

  External Params
  ---------------------------------
  
 mdl_cabi =   0.22773599999999999     
 aEWM1 =    127.90000000000001     
 mdl_Gf =    1.1663900000000000E-005
 aS =   0.11799999999999999     
 mdl_ymc =    1.4199999999999999     
 mdl_ymb =    4.7000000000000002     
 mdl_ymt =    174.30000000000001     
 mdl_ymtau =    1.7769999999999999     
 mdl_gzpu =    1.0000000000000000E-003
 mdl_gchi =    1.0000000000000000     
 mdl_gvhq =   0.25000000000000000     
 mdl_gvhx =    1.0000000000000000     
 mdl_gahq =    0.0000000000000000     
 mdl_gahx =    0.0000000000000000     
 mdl_Mv3 =    1.0000000000000000     
 mdl_Me =    5.1099999999999995E-004
 mdl_MM =   0.10566000000000000     
 mdl_MTA =    1.7769999999999999     
 mdl_MU =    2.5500000000000002E-003
 mdl_MC =    1.4199999999999999     
 mdl_MT =    174.30000000000001     
 mdl_MD =    5.0400000000000002E-003
 mdl_MS =   0.10400000000000000     
 mdl_MB =    4.7000000000000002     
 mdl_MZ =    91.188000000000002     
 mdl_MH =    120.00000000000000     
 mdl_MZp =    1.0000000000000000     
 mdl_MZh =    1000.0000000000000     
 mdl_WT =    1.5083359999999999     
 mdl_WZ =    2.4414039999999999     
 mdl_WW =    2.0476000000000001     
 mdl_WH =    5.7530880000000000E-003
 mdl_WZp =    1.0000000000000000E-002
 mdl_WZh =    56.338630000000002     
  Internal Params
  ---------------------------------
  
 mdl_ye =    0.0000000000000000     
 mdl_ym =    0.0000000000000000     
 mdl_yu =    0.0000000000000000     
 mdl_yd =    0.0000000000000000     
 mdl_ys =    0.0000000000000000     
 mdl_cos__cabi =   0.97418004031982097     
 mdl_CKM1x1 =               (0.97418004031982097,0.0000000000000000)
 mdl_sin__cabi =   0.22577256042856930     
 mdl_CKM1x2 =               (0.22577256042856930,0.0000000000000000)
 mdl_CKM1x3 =                (0.0000000000000000,0.0000000000000000)
 mdl_CKM2x1 =              (-0.22577256042856930,0.0000000000000000)
 mdl_CKM2x2 =               (0.97418004031982097,0.0000000000000000)
 mdl_CKM2x3 =                (0.0000000000000000,0.0000000000000000)
 mdl_CKM3x1 =                (0.0000000000000000,0.0000000000000000)
 mdl_CKM3x2 =                (0.0000000000000000,0.0000000000000000)
 mdl_CKM3x3 =                (1.0000000000000000,0.0000000000000000)
 mdl_MZ__exp__2 =    8315.2513440000002     
 mdl_MZ__exp__4 =    69143404.913893804     
 mdl_sqrt__2 =    1.4142135623730951     
 mdl_MH__exp__2 =    14400.000000000000     
 mdl_complexi =                (0.0000000000000000,1.0000000000000000)
 mdl_conjg__CKM1x1 =              (0.97418004031982097,-0.0000000000000000)
 mdl_conjg__CKM1x2 =              (0.22577256042856930,-0.0000000000000000)
 mdl_conjg__CKM1x3 =               (0.0000000000000000,-0.0000000000000000)
 mdl_conjg__CKM2x1 =             (-0.22577256042856930,-0.0000000000000000)
 mdl_conjg__CKM2x2 =              (0.97418004031982097,-0.0000000000000000)
 mdl_conjg__CKM2x3 =               (0.0000000000000000,-0.0000000000000000)
 mdl_conjg__CKM3x1 =               (0.0000000000000000,-0.0000000000000000)
 mdl_conjg__CKM3x2 =               (0.0000000000000000,-0.0000000000000000)
 mdl_conjg__CKM3x3 =               (1.0000000000000000,-0.0000000000000000)
 mdl_aEW =    7.8186082877247844E-003
 mdl_MW =    79.825163827442964     
 mdl_sqrt__aEW =    8.8422894590285753E-002
 mdl_ee =   0.31345100004952897     
 mdl_MW__exp__2 =    6372.0567800781082     
 mdl_sw2 =   0.23369041818850544     
 mdl_cw =   0.87539110220032201     
 mdl_sqrt__sw2 =   0.48341536817575986     
 mdl_sw =   0.48341536817575986     
 mdl_g1 =   0.35806966653151989     
 mdl_gw =   0.64840925772050473     
 mdl_v =    246.21845810181634     
 mdl_v__exp__2 =    60623.529110035888     
 mdl_lam =   0.11876576810517750     
 mdl_yb =    2.6995554250465494E-002
 mdl_yc =    8.1561036246087220E-003
 mdl_yt =    1.0011330012459863     
 mdl_ytau =    1.0206617000654717E-002
 mdl_muH =    84.852813742385706     
  Internal Params evaluated point by point
  ----------------------------------------
  
 mdl_sqrt__aS =   0.34351128074635334     
 mdl_G__exp__2 =    1.4828317324943823     
  Couplings of DMEFT2ZpNewV2_UFO
  ---------------------------------
  
         GC_7 =   0.00000E+00   0.00000E+00
         GC_8 =   0.00000E+00   0.00000E+00
         GC_9 =   0.00000E+00   0.10000E+01
        GC_10 =   0.00000E+00   0.25000E+00
        GC_11 =   0.00000E+00   0.10000E+01
        GC_12 =   0.00000E+00   0.10000E-02

 Collider parameters:
 --------------------

 Running at P P   machine @    13000.000000000000       GeV
 PDF set = lhapdf 
 alpha_s(Mz)= 0.1127 running at 3 loops.
 alpha_s(Mz)= 0.1127 running at 3 loops.
 Renormalization scale set on event-by-event basis
 Factorization   scale set on event-by-event basis


 getting user params
Enter number of events and max and min iterations: 
 Number of events and iterations         2000           8           3
Enter desired fractional accuracy: 
 Desired fractional accuracy:    1.0000000000000000E-002
Enter 0 for fixed, 2 for adjustable grid: 
Suppress amplitude (0 no, 1 yes)? 
 Using suppressed amplitude.
Exact helicity sum (0 yes, n = number/event)? 
 Explicitly summing over helicities
Enter Configuration Number: 
Running Configuration Number:    2
 Using dconfig=           7
 BW Setting            1           2           0           0
 Attempting mappinvarients           1           6
 Completed mapping           6
 about to integrate           10        2000           8           3          10           1
 Using non-zero grid deformation.
 10 dimensions   2000 events 10 invarients  8 iterations  1 config(s),  (0.99)
 Using h-tuple random number sequence.
 Error opening grid
 Using Uniform Grid!          24
 Using uniform alpha   1.0000000000000000     
 Grid defined OK
 Set CM energy to      13000.00
 Mapping Graph           2  to config           2
 Setting BW          -1           1   1.0000000000000000     
Setting grid   2    0.20251E-07   1
 Transforming s_hat 1/s            9   4.8062130177514791E-008   0.0000000000000000        168999999.99999997     
   2   1   2   3   4   5   6   7   8   9  10
 Masses: 0.255E-02 0.255E-02 0.100E+01 0.100E+01 0.255E-02 0.255E-02
Using random seed offsets     2 :      1
  with seed                   24
 Ranmar initialization seeds       31060        9398
 
 ********************************************
 * You are using the DiscreteSampler module *
 *      part of the MG5_aMC framework       *
 *         Author: Valentin Hirschi         *
 ********************************************
 
  Particle       3       4       5       6
      Et >     0.0     0.0     0.0     0.0
       E >     0.0     0.0     0.0     0.0
     Eta <    -1.0    -1.0    -1.0    -1.0
   xqcut:      0.0     0.0     0.0     0.0
d R # 3  >    -0.0     0.0     0.0     0.0
d R # 4  >    -0.0    -0.0     0.0     0.0
d R # 5  >    -0.0    -0.0    -0.0     0.0
s min # 3>     0.0     0.0     0.0     0.0
s min # 4>     0.0     0.0     0.0     0.0
s min # 5>     0.0     0.0     0.0     0.0
xqcutij # 3>     0.0     0.0     0.0     0.0
xqcutij # 4>     0.0     0.0     0.0     0.0
xqcutij # 5>     0.0     0.0     0.0     0.0
 Requiring BW           -1           1
 Excluding BW           -3           2
 alpha_s for scale    891.11625808952101       is    8.2973820457628703E-002
 Added good helicity            1   12.363183271651392       in event            1 local:           1
 Added good helicity            2   1.9145024554767973E-003  in event            1 local:           1
 Added good helicity            3   2.8172860459091415E-003  in event            1 local:           1
 Added good helicity            4   18.910000546331808       in event            1 local:           1
 Added good helicity            5   3.6367592237143754E-006  in event            1 local:           1
 Added good helicity            8   1.1973898324010948E-006  in event            1 local:           1
 Added good helicity            9   1.2737127966186415E-006  in event            1 local:           1
 Added good helicity           12   3.6318886678622571E-006  in event            1 local:           1
 Added good helicity           13   5.4872722384374184E-002  in event            1 local:           1
 Added good helicity           14   1.0035272163366433E-005  in event            1 local:           1
 Added good helicity           15   9.4536273810451232E-005  in event            1 local:           1
 Added good helicity           16  0.66714400730936108       in event            1 local:           1
 Added good helicity           49  0.66713509097092660       in event            1 local:           1
 Added good helicity           50   9.4535052876610075E-005  in event            1 local:           1
 Added good helicity           51   1.0035401769776544E-005  in event            1 local:           1
 Added good helicity           52   5.4873646881090365E-002  in event            1 local:           1
 Added good helicity           53   3.6318343001763260E-006  in event            1 local:           1
 Added good helicity           56   1.2737060986808426E-006  in event            1 local:           1
 Added good helicity           57   1.1973258816103314E-006  in event            1 local:           1
 Added good helicity           60   3.6367732396939615E-006  in event            1 local:           1
 Added good helicity           61   18.909734779955958       in event            1 local:           1
 Added good helicity           62   2.8172496607471809E-003  in event            1 local:           1
 Added good helicity           63   1.9145271814996871E-003  in event            1 local:           1
 Added good helicity           64   12.363363744730327       in event            1 local:           1
 Added good helicity            1   12.363183271651023       in event            1 local:           1
 Added good helicity            2   1.9145024554768149E-003  in event            1 local:           1
 Added good helicity            3   2.8172860459091675E-003  in event            1 local:           1
 Added good helicity            4   18.910000546332345       in event            1 local:           1
 Added good helicity            5   3.6367592237141589E-006  in event            1 local:           1
 Added good helicity            8   1.1973898324009553E-006  in event            1 local:           1
 Added good helicity            9   1.2737127966185333E-006  in event            1 local:           1
 Added good helicity           12   3.6318886678620559E-006  in event            1 local:           1
 Added good helicity           13   5.4872722384371540E-002  in event            1 local:           1
 Added good helicity           14   1.0035272163366522E-005  in event            1 local:           1
 Added good helicity           15   9.4536273810452113E-005  in event            1 local:           1
 Added good helicity           16  0.66714400730932788       in event            1 local:           1
 Added good helicity           49  0.66713509097087753       in event            1 local:           1
 Added good helicity           50   9.4535052876610969E-005  in event            1 local:           1
 Added good helicity           51   1.0035401769776639E-005  in event            1 local:           1
 Added good helicity           52   5.4873646881092690E-002  in event            1 local:           1
 Added good helicity           53   3.6318343001764065E-006  in event            1 local:           1
 Added good helicity           56   1.2737060986808640E-006  in event            1 local:           1
 Added good helicity           57   1.1973258816103393E-006  in event            1 local:           1
 Added good helicity           60   3.6367732396939301E-006  in event            1 local:           1
 Added good helicity           61   18.909734779956089       in event            1 local:           1
 Added good helicity           62   2.8172496607472078E-003  in event            1 local:           1
 Added good helicity           63   1.9145271814997060E-003  in event            1 local:           1
 Added good helicity           64   12.363363744730124       in event            1 local:           1
 Added good helicity            7   5.0230443563962966E-008  in event            4 local:           4
 Added good helicity           10   1.0340413819145127E-008  in event            4 local:           4
 Added good helicity           55   1.0340426857921923E-008  in event            4 local:           4
 Added good helicity           58   5.0230635211507913E-008  in event            4 local:           4
 Added good helicity            7   5.0230443563945986E-008  in event            3 local:           3
 Added good helicity           10   1.0340413819141631E-008  in event            3 local:           3
 Added good helicity           55   1.0340426857918431E-008  in event            3 local:           3
 Added good helicity           58   5.0230635211490920E-008  in event            3 local:           3
 Added good helicity            6   1.3458642089815838E-008  in event            6 local:           6
 Added good helicity           11   1.3430505030809848E-008  in event            6 local:           6
 Added good helicity           54   1.3430525528365109E-008  in event            6 local:           6
 Added good helicity           59   1.3458621578171920E-008  in event            6 local:           6
 Added good helicity            6   1.3458642089813924E-008  in event            6 local:           6
 Added good helicity           11   1.3430505030808048E-008  in event            6 local:           6
 Added good helicity           54   1.3430525528363341E-008  in event            6 local:           6
 Added good helicity           59   1.3458621578170030E-008  in event            6 local:           6
 DiscreteSampler:: WARNING, the bin '10' of dimension 'grouped_processes' will be used for reference even though it has been probed only 6 times (minimum requested is 10 times).
 DiscreteSampler:: WARNING, the bin '11' of dimension 'grouped_processes' will be used for reference even though it has been probed only 6 times (minimum requested is 10 times).
 DiscreteSampler:: WARNING, the bin '16' of dimension 'grouped_processes' will be used for reference even though it has been probed only 6 times (minimum requested is 10 times).
 DiscreteSampler:: WARNING, the bin '17' of dimension 'grouped_processes' will be used for reference even though it has been probed only 6 times (minimum requested is 10 times).
 Iteration  1   Mean: 0.1853E-11 Abs mean: 0.1853E-11   Fluctuation:  0.151E-11   0.897E-11     0.0%
  1    0.1853E-11 0.1853E-11 +- 0.1509E-11      1.99
 Writing out events   2.4164598598094232E-014   1.9949708034856708     
 Relative summed weights:
  0.8070E+00  0.2614E-02
  0.1174E+00  0.7298E-01
 Relative number of events:
  0.1667E+00  0.1667E+00
  0.5000E+00  0.1667E+00
 Events:
           1           1
           3           1
Warning xbin not returning correct x   9  0.116072E+01  0.115556E+01  0.9992E-14
Warning xbin not returning correct x   9  0.230314E+01  0.230000E+01  0.9992E-14
Warning xbin not returning correct x   9  0.258100E+01  0.257778E+01  0.9992E-14
Warning xbin not returning correct x   9  0.500561E+01  0.501111E+01  0.9992E-14
Warning xbin not returning correct x   9  0.192733E+01  0.192222E+01  0.9992E-14
Warning xbin still not working well. Last message this iteration.
 RESET CUMULATIVE VARIABLE
 RESET CUMULATIVE VARIABLE
 Iteration  2   Mean: 0.1847E-11 Abs mean: 0.1847E-11   Fluctuation:  0.111E-11   0.150E-08     0.2%
  2    0.1847E-11 0.1847E-11 +- 0.1114E-11     22.84
 Relative summed weights:
  0.6049E+00  0.2624E+00
  0.6806E-01  0.6462E-01
 Relative number of events:
  0.2466E+00  0.2493E+00
  0.2486E+00  0.2555E+00
 Events:
         359         363
         362         372
Warning xbin not returning correct x   9  0.237315E+01  0.237778E+01  0.9992E-14
Warning xbin not returning correct x   9  0.264715E+01  0.264444E+01  0.9992E-14
Warning xbin not returning correct x   9  0.333961E+01  0.334444E+01  0.9992E-14
Warning xbin not returning correct x   9  0.121795E+01  0.122222E+01  0.9992E-14
Warning xbin not returning correct x   9  0.119693E+01  0.120000E+01  0.9992E-14
Warning xbin still not working well. Last message this iteration.
 Iteration  3   Mean: 0.3299E-11 Abs mean: 0.3299E-11   Fluctuation:  0.228E-11   0.182E-07    16.8%
  3    0.3299E-11 0.3299E-11 +- 0.2279E-11     61.77
 Relative summed weights:
  0.6364E-01  0.7586E+00
  0.8663E-01  0.9111E-01
 Relative number of events:
  0.2520E+00  0.2472E+00
  0.2507E+00  0.2500E+00
 Events:
        2016        1978
        2006        2000
 Accuracy:    0.360   0.010   0.454   0.627
 Found          360  events.
 Wrote            4  events.
 Actual xsec    2.3277146006693703E-012
 Correct abs xsec    2.3277146006693703E-012
 Event xsec    2.3277146006693703E-012
 Events wgts > 1:            0
 % Cross section > 1:    0.0000000000000000        0.0000000000000000     
 Iteration  4   Mean: 0.1071E-10 Abs mean: 0.1071E-10   Fluctuation:  0.502E-11   0.654E-07    30.0%
  4    0.1071E-10 0.1071E-10 +- 0.5024E-11     59.35
 Relative summed weights:
  0.1378E+00  0.7282E+00
  0.5616E-01  0.7784E-01
 Relative number of events:
  0.2537E+00  0.2519E+00
  0.2462E+00  0.2481E+00
 Events:
        4060        4030
        3940        3970
 Accuracy:    0.376   0.010   0.326   1.330
 Found         1012  events.
 Wrote            4  events.
 Actual xsec    6.4595743768793610E-012
 Correct abs xsec    6.4595743768793610E-012
 Event xsec    6.4595743768793610E-012
 Events wgts > 1:            0
 % Cross section > 1:    0.0000000000000000        0.0000000000000000     
Warning xbin not returning correct x   9  0.347247E+01  0.347778E+01  0.9992E-14
Warning xbin not returning correct x   9  0.371610E+01  0.371111E+01  0.9992E-14
Warning xbin not returning correct x   9  0.371825E+01  0.372222E+01  0.9992E-14
Warning xbin not returning correct x   9  0.257141E+01  0.256667E+01  0.9992E-14
Warning xbin not returning correct x   9  0.368261E+01  0.367778E+01  0.9992E-14
Warning xbin still not working well. Last message this iteration.
 Iteration  5   Mean: 0.5792E-11 Abs mean: 0.5792E-11   Fluctuation:  0.499E-12   0.859E-08    27.4%
  5    0.5792E-11 0.5792E-11 +- 0.4989E-12     15.41
 Relative summed weights:
  0.2209E+00  0.2569E+00
  0.2298E+00  0.2924E+00
 Relative number of events:
  0.2506E+00  0.2503E+00
  0.2521E+00  0.2469E+00
 Events:
        8020        8011
        8067        7902
 Accuracy:    0.093   0.010   0.083   1.252
 Found         2104  events.
 Wrote           18  events.
 Actual xsec    5.9126030091455074E-012
 Correct abs xsec    5.9126030091455074E-012
 Event xsec    5.9126030091455074E-012
 Events wgts > 1:            1
 % Cross section > 1:    7.0431614007062346E-014   1.1912116186072361     
 Iteration  6   Mean: 0.6366E-11 Abs mean: 0.6366E-11   Fluctuation:  0.398E-12   0.128E-07    25.4%
  6    0.6366E-11 0.6366E-11 +- 0.3977E-12     15.81
 Relative summed weights:
  0.3139E+00  0.2287E+00
  0.2069E+00  0.2505E+00
 Relative number of events:
  0.2488E+00  0.2495E+00
  0.2515E+00  0.2502E+00
 Events:
       15921       15971
       16096       16012
 Accuracy:    0.051   0.010   0.050   1.030
 Found        11428  events.
 Wrote           38  events.
 Actual xsec    6.2202244864747134E-012
 Correct abs xsec    6.2202244864747134E-012
 Event xsec    6.2202244864747117E-012
 Events wgts > 1:            2
 % Cross section > 1:    1.4654225324952692E-016   2.3558997519811248E-003
Thanks for using LHAPDF 6.2.1. Please make sure to cite the paper:
  Eur.Phys.J. C75 (2015) 3, 132  (http://arxiv.org/abs/1412.7420)
 Iteration  7   Mean: 0.7840E-11 Abs mean: 0.7840E-11   Fluctuation:  0.931E-12   0.910E-07    23.3%
  7    0.7840E-11 0.7840E-11 +- 0.9305E-12     42.46
 Relative summed weights:
  0.1913E+00  0.2975E+00
  0.1866E+00  0.3246E+00
 Relative number of events:
  0.2499E+00  0.2499E+00
  0.2504E+00  0.2497E+00
 Events:
       31993       31991
       32050       31966
 Accuracy:    0.056   0.010   0.046   1.468
 Found        30861  events.
 Wrote           10  events.
 Actual xsec    6.4250091916691186E-012
 Correct abs xsec    6.4250091916691186E-012
 Event xsec    6.4250091916691186E-012
 Events wgts > 1:            1
 % Cross section > 1:    1.9631754247991881E-020   3.0555215817351780E-007
 Iteration  8   Mean: 0.6259E-11 Abs mean: 0.6259E-11   Fluctuation:  0.749E-13   0.643E-08    26.2%
  8    0.6259E-11 0.6259E-11 +- 0.7486E-13      6.05
 Relative summed weights:
  0.2562E+00  0.2431E+00
  0.2505E+00  0.2503E+00
 Relative number of events:
  0.2501E+00  0.2497E+00
  0.2494E+00  0.2508E+00
 Events:
       64027       63912
       63850       64211
 Accuracy:    0.014   0.010   0.012   1.367
 Found        56026  events.
 Wrote          704  events.
 Actual xsec    6.2776476989810838E-012
 Correct abs xsec    6.2776476989810838E-012
 Event xsec    6.2776476989810370E-012
 Events wgts > 1:           17
 % Cross section > 1:    6.0572710451185075E-014  0.96489502685881845     

 -------------------------------------------------------------------------------
 Accumulated results:   Integral =  0.6269E-11
                        Std dev  =  0.7258E-13
                       Cross sec =  0.6269E-11
             Chi**2 per DoF.     =      1.3666
 -------------------------------------------------------------------------------
-------------------------------------------------
---------------------------
 Results Last   3 iters: Integral =   0.6278E-11
                     Abs integral =   0.6278E-11
                          Std dev =   0.7339E-13
                  Chi**2 per DoF. =      1.4668
-------------------------------------------------
---------------------------
 Status   1.0000000000000000E-002           9           8

ls status:
events.lhe
ftn26
input_app.txt
results.dat
run1_app.log
