#Subprocess 1 (u,D -> ne,E,b,B)
 Cross section [pb] = 2.2599e-01 +/- 1.52e-03 (Nevnt = 43908)
#Subprocess 2 (u,D -> nm,M,b,B)
 Cross section [pb] = 2.2599e-01 +/- 1.52e-03 (Nevnt = 43906)
#Subprocess 3 (u,D -> nl,L,b,B)
 Cross section [pb] = 2.2573e-01 +/- 1.53e-03 (Nevnt = 43856)
#Subprocess 4 (u,S -> ne,E,b,B)
 Cross section [pb] = 9.7548e-03 +/- 1.68e-03 (Nevnt = 1895)
#Subprocess 5 (u,S -> nm,M,b,B)
 Cross section [pb] = 9.7548e-03 +/- 1.67e-03 (Nevnt = 1895)
#Subprocess 6 (u,S -> nl,L,b,B)
 Cross section [pb] = 9.7475e-03 +/- 1.65e-03 (Nevnt = 1894)
#Subprocess 7 (d,U -> Ne,e,b,B)
 Cross section [pb] = 1.2897e-01 +/- 1.31e-03 (Nevnt = 25057)
#Subprocess 8 (d,U -> Nm,m,b,B)
 Cross section [pb] = 1.2897e-01 +/- 1.31e-03 (Nevnt = 25057)
#Subprocess 9 (d,U -> Nl,l,b,B)
 Cross section [pb] = 1.2887e-01 +/- 1.31e-03 (Nevnt = 25038)
#Subprocess 10 (d,C -> Ne,e,b,B)
 Cross section [pb] = 4.9503e-03 +/- 1.38e-03 (Nevnt = 962)
#Subprocess 11 (d,C -> Nm,m,b,B)
 Cross section [pb] = 4.9503e-03 +/- 1.38e-03 (Nevnt = 962)
#Subprocess 12 (d,C -> Nl,l,b,B)
 Cross section [pb] = 4.9464e-03 +/- 1.38e-03 (Nevnt = 961)
#Subprocess 13 (U,d -> Ne,e,b,B)
 Cross section [pb] = 1.2894e-01 +/- 1.46e-03 (Nevnt = 25051)
#Subprocess 14 (U,d -> Nm,m,b,B)
 Cross section [pb] = 1.2894e-01 +/- 1.46e-03 (Nevnt = 25051)
#Subprocess 15 (U,d -> Nl,l,b,B)
 Cross section [pb] = 1.2884e-01 +/- 1.46e-03 (Nevnt = 25031)
#Subprocess 16 (U,s -> Ne,e,b,B)
 Cross section [pb] = 2.2320e-03 +/- 1.79e-03 (Nevnt = 434)
#Subprocess 17 (U,s -> Nm,m,b,B)
 Cross section [pb] = 2.2320e-03 +/- 1.79e-03 (Nevnt = 434)
#Subprocess 18 (U,s -> Nl,l,b,B)
 Cross section [pb] = 2.2302e-03 +/- 1.78e-03 (Nevnt = 433)
#Subprocess 19 (D,u -> ne,E,b,B)
 Cross section [pb] = 2.2612e-01 +/- 1.35e-03 (Nevnt = 43932)
#Subprocess 20 (D,u -> nm,M,b,B)
 Cross section [pb] = 2.2612e-01 +/- 1.35e-03 (Nevnt = 43932)
#Subprocess 21 (D,u -> nl,L,b,B)
 Cross section [pb] = 2.2595e-01 +/- 1.35e-03 (Nevnt = 43900)
#Subprocess 22 (D,c -> ne,E,b,B)
 Cross section [pb] = 2.0310e-03 +/- 1.50e-03 (Nevnt = 395)
#Subprocess 23 (D,c -> nm,M,b,B)
 Cross section [pb] = 2.0310e-03 +/- 1.50e-03 (Nevnt = 395)
#Subprocess 24 (D,c -> nl,L,b,B)
 Cross section [pb] = 2.0298e-03 +/- 1.50e-03 (Nevnt = 394)
#Subprocess 25 (s,U -> Ne,e,b,B)
 Cross section [pb] = 2.2337e-03 +/- 1.42e-03 (Nevnt = 434)
#Subprocess 26 (s,U -> Nm,m,b,B)
 Cross section [pb] = 2.2337e-03 +/- 1.42e-03 (Nevnt = 434)
#Subprocess 27 (s,U -> Nl,l,b,B)
 Cross section [pb] = 2.2316e-03 +/- 1.38e-03 (Nevnt = 434)
#Subprocess 28 (s,C -> Ne,e,b,B)
 Cross section [pb] = 2.7534e-02 +/- 1.36e-03 (Nevnt = 5349)
#Subprocess 29 (s,C -> Nm,m,b,B)
 Cross section [pb] = 2.7534e-02 +/- 1.36e-03 (Nevnt = 5349)
#Subprocess 30 (s,C -> Nl,l,b,B)
 Cross section [pb] = 2.7509e-02 +/- 1.35e-03 (Nevnt = 5345)
#Subprocess 31 (c,D -> ne,E,b,B)
 Cross section [pb] = 2.0316e-03 +/- 1.58e-03 (Nevnt = 395)
#Subprocess 32 (c,D -> nm,M,b,B)
 Cross section [pb] = 2.0316e-03 +/- 1.58e-03 (Nevnt = 395)
#Subprocess 33 (c,D -> nl,L,b,B)
 Cross section [pb] = 2.0299e-03 +/- 1.57e-03 (Nevnt = 394)
#Subprocess 34 (c,S -> ne,E,b,B)
 Cross section [pb] = 2.7530e-02 +/- 1.63e-03 (Nevnt = 5349)
#Subprocess 35 (c,S -> nm,M,b,B)
 Cross section [pb] = 2.7530e-02 +/- 1.63e-03 (Nevnt = 5349)
#Subprocess 36 (c,S -> nl,L,b,B)
 Cross section [pb] = 2.7510e-02 +/- 1.63e-03 (Nevnt = 5345)
#Subprocess 37 (S,u -> ne,E,b,B)
 Cross section [pb] = 9.7554e-03 +/- 1.37e-03 (Nevnt = 1895)
#Subprocess 38 (S,u -> nm,M,b,B)
 Cross section [pb] = 9.7552e-03 +/- 1.37e-03 (Nevnt = 1895)
#Subprocess 39 (S,u -> nl,L,b,B)
 Cross section [pb] = 9.7454e-03 +/- 1.45e-03 (Nevnt = 1893)
#Subprocess 40 (S,c -> ne,E,b,B)
 Cross section [pb] = 2.7534e-02 +/- 1.36e-03 (Nevnt = 5349)
#Subprocess 41 (S,c -> nm,M,b,B)
 Cross section [pb] = 2.7534e-02 +/- 1.36e-03 (Nevnt = 5349)
#Subprocess 42 (S,c -> nl,L,b,B)
 Cross section [pb] = 2.7509e-02 +/- 1.35e-03 (Nevnt = 5345)
#Subprocess 43 (C,d -> Ne,e,b,B)
 Cross section [pb] = 4.9573e-03 +/- 1.48e-03 (Nevnt = 963)
#Subprocess 44 (C,d -> Nm,m,b,B)
 Cross section [pb] = 4.9572e-03 +/- 1.48e-03 (Nevnt = 963)
#Subprocess 45 (C,d -> Nl,l,b,B)
 Cross section [pb] = 4.9528e-03 +/- 1.47e-03 (Nevnt = 962)
#Subprocess 46 (C,s -> Ne,e,b,B)
 Cross section [pb] = 2.7530e-02 +/- 1.63e-03 (Nevnt = 5349)
#Subprocess 47 (C,s -> Nm,m,b,B)
 Cross section [pb] = 2.7530e-02 +/- 1.63e-03 (Nevnt = 5349)
#Subprocess 48 (C,s -> Nl,l,b,B)
 Cross section [pb] = 2.7510e-02 +/- 1.63e-03 (Nevnt = 5345)

 Total cross section [pb]  = 2.5735e+00 +/- 1.04e-02 (Ntotal = 500002)
