#Subprocess 1 (u,D -> ne,E,b,B)
 Cross section [pb] = 2.2620e-01 +/- 1.60e-03 (Nevnt = 43959)
#Subprocess 2 (u,D -> nm,M,b,B)
 Cross section [pb] = 2.2620e-01 +/- 1.60e-03 (Nevnt = 43957)
#Subprocess 3 (u,D -> nl,L,b,B)
 Cross section [pb] = 2.2601e-01 +/- 1.62e-03 (Nevnt = 43922)
#Subprocess 4 (u,S -> ne,E,b,B)
 Cross section [pb] = 9.7471e-03 +/- 1.50e-03 (Nevnt = 1894)
#Subprocess 5 (u,S -> nm,M,b,B)
 Cross section [pb] = 9.7471e-03 +/- 1.50e-03 (Nevnt = 1894)
#Subprocess 6 (u,S -> nl,L,b,B)
 Cross section [pb] = 9.7389e-03 +/- 1.50e-03 (Nevnt = 1893)
#Subprocess 7 (d,U -> Ne,e,b,B)
 Cross section [pb] = 1.2881e-01 +/- 1.32e-03 (Nevnt = 25033)
#Subprocess 8 (d,U -> Nm,m,b,B)
 Cross section [pb] = 1.2881e-01 +/- 1.32e-03 (Nevnt = 25033)
#Subprocess 9 (d,U -> Nl,l,b,B)
 Cross section [pb] = 1.2872e-01 +/- 1.32e-03 (Nevnt = 25015)
#Subprocess 10 (d,C -> Ne,e,b,B)
 Cross section [pb] = 4.9360e-03 +/- 1.40e-03 (Nevnt = 959)
#Subprocess 11 (d,C -> Nm,m,b,B)
 Cross section [pb] = 4.9360e-03 +/- 1.40e-03 (Nevnt = 959)
#Subprocess 12 (d,C -> Nl,l,b,B)
 Cross section [pb] = 4.9318e-03 +/- 1.40e-03 (Nevnt = 958)
#Subprocess 13 (U,d -> Ne,e,b,B)
 Cross section [pb] = 1.2899e-01 +/- 1.45e-03 (Nevnt = 25066)
#Subprocess 14 (U,d -> Nm,m,b,B)
 Cross section [pb] = 1.2899e-01 +/- 1.45e-03 (Nevnt = 25066)
#Subprocess 15 (U,d -> Nl,l,b,B)
 Cross section [pb] = 1.2889e-01 +/- 1.45e-03 (Nevnt = 25047)
#Subprocess 16 (U,s -> Ne,e,b,B)
 Cross section [pb] = 2.2236e-03 +/- 1.71e-03 (Nevnt = 432)
#Subprocess 17 (U,s -> Nm,m,b,B)
 Cross section [pb] = 2.2236e-03 +/- 1.71e-03 (Nevnt = 432)
#Subprocess 18 (U,s -> Nl,l,b,B)
 Cross section [pb] = 2.2219e-03 +/- 1.71e-03 (Nevnt = 432)
#Subprocess 19 (D,u -> ne,E,b,B)
 Cross section [pb] = 2.2632e-01 +/- 1.40e-03 (Nevnt = 43981)
#Subprocess 20 (D,u -> nm,M,b,B)
 Cross section [pb] = 2.2632e-01 +/- 1.40e-03 (Nevnt = 43981)
#Subprocess 21 (D,u -> nl,L,b,B)
 Cross section [pb] = 2.2615e-01 +/- 1.40e-03 (Nevnt = 43949)
#Subprocess 22 (D,c -> ne,E,b,B)
 Cross section [pb] = 2.0232e-03 +/- 1.49e-03 (Nevnt = 393)
#Subprocess 23 (D,c -> nm,M,b,B)
 Cross section [pb] = 2.0232e-03 +/- 1.49e-03 (Nevnt = 393)
#Subprocess 24 (D,c -> nl,L,b,B)
 Cross section [pb] = 2.0220e-03 +/- 1.48e-03 (Nevnt = 393)
#Subprocess 25 (s,U -> Ne,e,b,B)
 Cross section [pb] = 2.2291e-03 +/- 1.42e-03 (Nevnt = 433)
#Subprocess 26 (s,U -> Nm,m,b,B)
 Cross section [pb] = 2.2289e-03 +/- 1.42e-03 (Nevnt = 433)
#Subprocess 27 (s,U -> Nl,l,b,B)
 Cross section [pb] = 2.2256e-03 +/- 1.40e-03 (Nevnt = 433)
#Subprocess 28 (s,C -> Ne,e,b,B)
 Cross section [pb] = 2.7406e-02 +/- 1.37e-03 (Nevnt = 5326)
#Subprocess 29 (s,C -> Nm,m,b,B)
 Cross section [pb] = 2.7406e-02 +/- 1.37e-03 (Nevnt = 5326)
#Subprocess 30 (s,C -> Nl,l,b,B)
 Cross section [pb] = 2.7385e-02 +/- 1.36e-03 (Nevnt = 5322)
#Subprocess 31 (c,D -> ne,E,b,B)
 Cross section [pb] = 2.0225e-03 +/- 1.56e-03 (Nevnt = 393)
#Subprocess 32 (c,D -> nm,M,b,B)
 Cross section [pb] = 2.0225e-03 +/- 1.56e-03 (Nevnt = 393)
#Subprocess 33 (c,D -> nl,L,b,B)
 Cross section [pb] = 2.0211e-03 +/- 1.56e-03 (Nevnt = 393)
#Subprocess 34 (c,S -> ne,E,b,B)
 Cross section [pb] = 2.7430e-02 +/- 1.59e-03 (Nevnt = 5331)
#Subprocess 35 (c,S -> nm,M,b,B)
 Cross section [pb] = 2.7430e-02 +/- 1.59e-03 (Nevnt = 5331)
#Subprocess 36 (c,S -> nl,L,b,B)
 Cross section [pb] = 2.7411e-02 +/- 1.58e-03 (Nevnt = 5327)
#Subprocess 37 (S,u -> ne,E,b,B)
 Cross section [pb] = 9.7436e-03 +/- 1.60e-03 (Nevnt = 1893)
#Subprocess 38 (S,u -> nm,M,b,B)
 Cross section [pb] = 9.7435e-03 +/- 1.60e-03 (Nevnt = 1893)
#Subprocess 39 (S,u -> nl,L,b,B)
 Cross section [pb] = 9.7350e-03 +/- 1.60e-03 (Nevnt = 1892)
#Subprocess 40 (S,c -> ne,E,b,B)
 Cross section [pb] = 2.7406e-02 +/- 1.37e-03 (Nevnt = 5326)
#Subprocess 41 (S,c -> nm,M,b,B)
 Cross section [pb] = 2.7406e-02 +/- 1.37e-03 (Nevnt = 5326)
#Subprocess 42 (S,c -> nl,L,b,B)
 Cross section [pb] = 2.7385e-02 +/- 1.36e-03 (Nevnt = 5322)
#Subprocess 43 (C,d -> Ne,e,b,B)
 Cross section [pb] = 4.9404e-03 +/- 1.52e-03 (Nevnt = 960)
#Subprocess 44 (C,d -> Nm,m,b,B)
 Cross section [pb] = 4.9406e-03 +/- 1.52e-03 (Nevnt = 960)
#Subprocess 45 (C,d -> Nl,l,b,B)
 Cross section [pb] = 4.9387e-03 +/- 1.52e-03 (Nevnt = 960)
#Subprocess 46 (C,s -> Ne,e,b,B)
 Cross section [pb] = 2.7430e-02 +/- 1.59e-03 (Nevnt = 5331)
#Subprocess 47 (C,s -> Nm,m,b,B)
 Cross section [pb] = 2.7430e-02 +/- 1.59e-03 (Nevnt = 5331)
#Subprocess 48 (C,s -> Nl,l,b,B)
 Cross section [pb] = 2.7411e-02 +/- 1.58e-03 (Nevnt = 5327)

 Total cross section [pb]  = 2.5729e+00 +/- 1.04e-02 (Ntotal = 500003)
