#Subprocess 1 (u,D -> ne,E,b,B)
 Cross section [pb] = 2.3111e-01 +/- 1.55e-03 (Nevnt = 44669)
#Subprocess 2 (u,D -> nm,M,b,B)
 Cross section [pb] = 2.3111e-01 +/- 1.55e-03 (Nevnt = 44669)
#Subprocess 3 (u,D -> nl,L,b,B)
 Cross section [pb] = 2.3089e-01 +/- 1.54e-03 (Nevnt = 44626)
#Subprocess 4 (u,S -> ne,E,b,B)
 Cross section [pb] = 9.7650e-03 +/- 1.60e-03 (Nevnt = 1887)
#Subprocess 5 (u,S -> nm,M,b,B)
 Cross section [pb] = 9.7652e-03 +/- 1.60e-03 (Nevnt = 1887)
#Subprocess 6 (u,S -> nl,L,b,B)
 Cross section [pb] = 9.7585e-03 +/- 1.63e-03 (Nevnt = 1886)
#Subprocess 7 (d,U -> Ne,e,b,B)
 Cross section [pb] = 1.2865e-01 +/- 1.44e-03 (Nevnt = 24865)
#Subprocess 8 (d,U -> Nm,m,b,B)
 Cross section [pb] = 1.2865e-01 +/- 1.44e-03 (Nevnt = 24865)
#Subprocess 9 (d,U -> Nl,l,b,B)
 Cross section [pb] = 1.2855e-01 +/- 1.43e-03 (Nevnt = 24846)
#Subprocess 10 (d,C -> Ne,e,b,B)
 Cross section [pb] = 4.8381e-03 +/- 1.44e-03 (Nevnt = 935)
#Subprocess 11 (d,C -> Nm,m,b,B)
 Cross section [pb] = 4.8380e-03 +/- 1.44e-03 (Nevnt = 935)
#Subprocess 12 (d,C -> Nl,l,b,B)
 Cross section [pb] = 4.8334e-03 +/- 1.44e-03 (Nevnt = 934)
#Subprocess 13 (U,d -> Ne,e,b,B)
 Cross section [pb] = 1.2884e-01 +/- 1.52e-03 (Nevnt = 24901)
#Subprocess 14 (U,d -> Nm,m,b,B)
 Cross section [pb] = 1.2883e-01 +/- 1.52e-03 (Nevnt = 24901)
#Subprocess 15 (U,d -> Nl,l,b,B)
 Cross section [pb] = 1.2874e-01 +/- 1.51e-03 (Nevnt = 24883)
#Subprocess 16 (U,s -> Ne,e,b,B)
 Cross section [pb] = 2.1614e-03 +/- 1.58e-03 (Nevnt = 418)
#Subprocess 17 (U,s -> Nm,m,b,B)
 Cross section [pb] = 2.1614e-03 +/- 1.58e-03 (Nevnt = 418)
#Subprocess 18 (U,s -> Nl,l,b,B)
 Cross section [pb] = 2.1597e-03 +/- 1.58e-03 (Nevnt = 417)
#Subprocess 19 (D,u -> ne,E,b,B)
 Cross section [pb] = 2.3105e-01 +/- 1.40e-03 (Nevnt = 44656)
#Subprocess 20 (D,u -> nm,M,b,B)
 Cross section [pb] = 2.3105e-01 +/- 1.40e-03 (Nevnt = 44656)
#Subprocess 21 (D,u -> nl,L,b,B)
 Cross section [pb] = 2.3086e-01 +/- 1.40e-03 (Nevnt = 44619)
#Subprocess 22 (D,c -> ne,E,b,B)
 Cross section [pb] = 1.9558e-03 +/- 1.54e-03 (Nevnt = 378)
#Subprocess 23 (D,c -> nm,M,b,B)
 Cross section [pb] = 1.9557e-03 +/- 1.54e-03 (Nevnt = 378)
#Subprocess 24 (D,c -> nl,L,b,B)
 Cross section [pb] = 1.9543e-03 +/- 1.53e-03 (Nevnt = 378)
#Subprocess 25 (s,U -> Ne,e,b,B)
 Cross section [pb] = 2.1628e-03 +/- 1.46e-03 (Nevnt = 418)
#Subprocess 26 (s,U -> Nm,m,b,B)
 Cross section [pb] = 2.1628e-03 +/- 1.46e-03 (Nevnt = 418)
#Subprocess 27 (s,U -> Nl,l,b,B)
 Cross section [pb] = 2.1604e-03 +/- 1.47e-03 (Nevnt = 418)
#Subprocess 28 (s,C -> Ne,e,b,B)
 Cross section [pb] = 2.6354e-02 +/- 1.50e-03 (Nevnt = 5094)
#Subprocess 29 (s,C -> Nm,m,b,B)
 Cross section [pb] = 2.6354e-02 +/- 1.50e-03 (Nevnt = 5094)
#Subprocess 30 (s,C -> Nl,l,b,B)
 Cross section [pb] = 2.6333e-02 +/- 1.54e-03 (Nevnt = 5090)
#Subprocess 31 (c,D -> ne,E,b,B)
 Cross section [pb] = 1.9557e-03 +/- 1.60e-03 (Nevnt = 378)
#Subprocess 32 (c,D -> nm,M,b,B)
 Cross section [pb] = 1.9557e-03 +/- 1.60e-03 (Nevnt = 378)
#Subprocess 33 (c,D -> nl,L,b,B)
 Cross section [pb] = 1.9543e-03 +/- 1.60e-03 (Nevnt = 378)
#Subprocess 34 (c,S -> ne,E,b,B)
 Cross section [pb] = 2.6393e-02 +/- 1.56e-03 (Nevnt = 5101)
#Subprocess 35 (c,S -> nm,M,b,B)
 Cross section [pb] = 2.6393e-02 +/- 1.56e-03 (Nevnt = 5101)
#Subprocess 36 (c,S -> nl,L,b,B)
 Cross section [pb] = 2.6363e-02 +/- 1.56e-03 (Nevnt = 5095)
#Subprocess 37 (S,u -> ne,E,b,B)
 Cross section [pb] = 9.7509e-03 +/- 1.39e-03 (Nevnt = 1885)
#Subprocess 38 (S,u -> nm,M,b,B)
 Cross section [pb] = 9.7508e-03 +/- 1.39e-03 (Nevnt = 1885)
#Subprocess 39 (S,u -> nl,L,b,B)
 Cross section [pb] = 9.7432e-03 +/- 1.39e-03 (Nevnt = 1883)
#Subprocess 40 (S,c -> ne,E,b,B)
 Cross section [pb] = 2.6354e-02 +/- 1.50e-03 (Nevnt = 5094)
#Subprocess 41 (S,c -> nm,M,b,B)
 Cross section [pb] = 2.6354e-02 +/- 1.50e-03 (Nevnt = 5094)
#Subprocess 42 (S,c -> nl,L,b,B)
 Cross section [pb] = 2.6333e-02 +/- 1.54e-03 (Nevnt = 5090)
#Subprocess 43 (C,d -> Ne,e,b,B)
 Cross section [pb] = 4.8387e-03 +/- 1.48e-03 (Nevnt = 935)
#Subprocess 44 (C,d -> Nm,m,b,B)
 Cross section [pb] = 4.8387e-03 +/- 1.48e-03 (Nevnt = 935)
#Subprocess 45 (C,d -> Nl,l,b,B)
 Cross section [pb] = 4.8361e-03 +/- 1.47e-03 (Nevnt = 935)
#Subprocess 46 (C,s -> Ne,e,b,B)
 Cross section [pb] = 2.6393e-02 +/- 1.56e-03 (Nevnt = 5101)
#Subprocess 47 (C,s -> Nm,m,b,B)
 Cross section [pb] = 2.6393e-02 +/- 1.56e-03 (Nevnt = 5101)
#Subprocess 48 (C,s -> Nl,l,b,B)
 Cross section [pb] = 2.6363e-02 +/- 1.56e-03 (Nevnt = 5095)

 Total cross section [pb]  = 2.5870e+00 +/- 1.05e-02 (Ntotal = 500003)
