#Subprocess 1 (u,D -> ne,E,b,B)
 Cross section [pb] = 2.3181e-01 +/- 1.81e-03 (Nevnt = 44466)
#Subprocess 2 (u,D -> nm,M,b,B)
 Cross section [pb] = 2.3181e-01 +/- 1.80e-03 (Nevnt = 44467)
#Subprocess 3 (u,D -> nl,L,b,B)
 Cross section [pb] = 2.3184e-01 +/- 1.84e-03 (Nevnt = 44471)
#Subprocess 4 (u,S -> ne,E,b,B)
 Cross section [pb] = 9.8492e-03 +/- 1.60e-03 (Nevnt = 1889)
#Subprocess 5 (u,S -> nm,M,b,B)
 Cross section [pb] = 9.8488e-03 +/- 1.60e-03 (Nevnt = 1889)
#Subprocess 6 (u,S -> nl,L,b,B)
 Cross section [pb] = 9.8442e-03 +/- 1.58e-03 (Nevnt = 1888)
#Subprocess 7 (d,U -> Ne,e,b,B)
 Cross section [pb] = 1.2966e-01 +/- 1.44e-03 (Nevnt = 24872)
#Subprocess 8 (d,U -> Nm,m,b,B)
 Cross section [pb] = 1.2966e-01 +/- 1.44e-03 (Nevnt = 24872)
#Subprocess 9 (d,U -> Nl,l,b,B)
 Cross section [pb] = 1.2957e-01 +/- 1.44e-03 (Nevnt = 24854)
#Subprocess 10 (d,C -> Ne,e,b,B)
 Cross section [pb] = 4.9118e-03 +/- 1.53e-03 (Nevnt = 942)
#Subprocess 11 (d,C -> Nm,m,b,B)
 Cross section [pb] = 4.9118e-03 +/- 1.53e-03 (Nevnt = 942)
#Subprocess 12 (d,C -> Nl,l,b,B)
 Cross section [pb] = 4.9081e-03 +/- 1.52e-03 (Nevnt = 941)
#Subprocess 13 (U,d -> Ne,e,b,B)
 Cross section [pb] = 1.2983e-01 +/- 1.54e-03 (Nevnt = 24903)
#Subprocess 14 (U,d -> Nm,m,b,B)
 Cross section [pb] = 1.2983e-01 +/- 1.54e-03 (Nevnt = 24903)
#Subprocess 15 (U,d -> Nl,l,b,B)
 Cross section [pb] = 1.2972e-01 +/- 1.54e-03 (Nevnt = 24884)
#Subprocess 16 (U,s -> Ne,e,b,B)
 Cross section [pb] = 2.2030e-03 +/- 1.78e-03 (Nevnt = 423)
#Subprocess 17 (U,s -> Nm,m,b,B)
 Cross section [pb] = 2.2030e-03 +/- 1.78e-03 (Nevnt = 423)
#Subprocess 18 (U,s -> Nl,l,b,B)
 Cross section [pb] = 2.2013e-03 +/- 1.78e-03 (Nevnt = 422)
#Subprocess 19 (D,u -> ne,E,b,B)
 Cross section [pb] = 2.3190e-01 +/- 1.52e-03 (Nevnt = 44484)
#Subprocess 20 (D,u -> nm,M,b,B)
 Cross section [pb] = 2.3190e-01 +/- 1.52e-03 (Nevnt = 44484)
#Subprocess 21 (D,u -> nl,L,b,B)
 Cross section [pb] = 2.3173e-01 +/- 1.52e-03 (Nevnt = 44452)
#Subprocess 22 (D,c -> ne,E,b,B)
 Cross section [pb] = 1.9932e-03 +/- 1.68e-03 (Nevnt = 382)
#Subprocess 23 (D,c -> nm,M,b,B)
 Cross section [pb] = 1.9932e-03 +/- 1.68e-03 (Nevnt = 382)
#Subprocess 24 (D,c -> nl,L,b,B)
 Cross section [pb] = 1.9915e-03 +/- 1.68e-03 (Nevnt = 382)
#Subprocess 25 (s,U -> Ne,e,b,B)
 Cross section [pb] = 2.2011e-03 +/- 1.98e-03 (Nevnt = 422)
#Subprocess 26 (s,U -> Nm,m,b,B)
 Cross section [pb] = 2.2009e-03 +/- 1.98e-03 (Nevnt = 422)
#Subprocess 27 (s,U -> Nl,l,b,B)
 Cross section [pb] = 2.1962e-03 +/- 1.94e-03 (Nevnt = 421)
#Subprocess 28 (s,C -> Ne,e,b,B)
 Cross section [pb] = 2.6947e-02 +/- 1.62e-03 (Nevnt = 5169)
#Subprocess 29 (s,C -> Nm,m,b,B)
 Cross section [pb] = 2.6946e-02 +/- 1.62e-03 (Nevnt = 5169)
#Subprocess 30 (s,C -> Nl,l,b,B)
 Cross section [pb] = 2.6926e-02 +/- 1.56e-03 (Nevnt = 5165)
#Subprocess 31 (c,D -> ne,E,b,B)
 Cross section [pb] = 1.9958e-03 +/- 1.64e-03 (Nevnt = 383)
#Subprocess 32 (c,D -> nm,M,b,B)
 Cross section [pb] = 1.9957e-03 +/- 1.64e-03 (Nevnt = 383)
#Subprocess 33 (c,D -> nl,L,b,B)
 Cross section [pb] = 1.9937e-03 +/- 1.63e-03 (Nevnt = 382)
#Subprocess 34 (c,S -> ne,E,b,B)
 Cross section [pb] = 2.7001e-02 +/- 1.70e-03 (Nevnt = 5179)
#Subprocess 35 (c,S -> nm,M,b,B)
 Cross section [pb] = 2.7001e-02 +/- 1.69e-03 (Nevnt = 5179)
#Subprocess 36 (c,S -> nl,L,b,B)
 Cross section [pb] = 2.6979e-02 +/- 1.67e-03 (Nevnt = 5175)
#Subprocess 37 (S,u -> ne,E,b,B)
 Cross section [pb] = 9.8392e-03 +/- 1.61e-03 (Nevnt = 1887)
#Subprocess 38 (S,u -> nm,M,b,B)
 Cross section [pb] = 9.8391e-03 +/- 1.61e-03 (Nevnt = 1887)
#Subprocess 39 (S,u -> nl,L,b,B)
 Cross section [pb] = 9.8311e-03 +/- 1.62e-03 (Nevnt = 1886)
#Subprocess 40 (S,c -> ne,E,b,B)
 Cross section [pb] = 2.6947e-02 +/- 1.62e-03 (Nevnt = 5169)
#Subprocess 41 (S,c -> nm,M,b,B)
 Cross section [pb] = 2.6946e-02 +/- 1.62e-03 (Nevnt = 5169)
#Subprocess 42 (S,c -> nl,L,b,B)
 Cross section [pb] = 2.6926e-02 +/- 1.56e-03 (Nevnt = 5165)
#Subprocess 43 (C,d -> Ne,e,b,B)
 Cross section [pb] = 4.9234e-03 +/- 1.62e-03 (Nevnt = 944)
#Subprocess 44 (C,d -> Nm,m,b,B)
 Cross section [pb] = 4.9234e-03 +/- 1.61e-03 (Nevnt = 944)
#Subprocess 45 (C,d -> Nl,l,b,B)
 Cross section [pb] = 4.9178e-03 +/- 1.57e-03 (Nevnt = 943)
#Subprocess 46 (C,s -> Ne,e,b,B)
 Cross section [pb] = 2.7001e-02 +/- 1.70e-03 (Nevnt = 5179)
#Subprocess 47 (C,s -> Nm,m,b,B)
 Cross section [pb] = 2.7001e-02 +/- 1.69e-03 (Nevnt = 5179)
#Subprocess 48 (C,s -> Nl,l,b,B)
 Cross section [pb] = 2.6979e-02 +/- 1.67e-03 (Nevnt = 5175)

 Total cross section [pb]  = 2.6066e+00 +/- 1.14e-02 (Ntotal = 499993)
