#Subprocess 1 (u,D -> ne,E,b,B)
 Cross section [pb] = 2.2692e-01 +/- 1.42e-03 (Nevnt = 43810)
#Subprocess 2 (u,D -> nm,M,b,B)
 Cross section [pb] = 2.2692e-01 +/- 1.42e-03 (Nevnt = 43811)
#Subprocess 3 (u,D -> nl,L,b,B)
 Cross section [pb] = 2.2678e-01 +/- 1.44e-03 (Nevnt = 43784)
#Subprocess 4 (u,S -> ne,E,b,B)
 Cross section [pb] = 9.8304e-03 +/- 1.44e-03 (Nevnt = 1898)
#Subprocess 5 (u,S -> nm,M,b,B)
 Cross section [pb] = 9.8303e-03 +/- 1.44e-03 (Nevnt = 1898)
#Subprocess 6 (u,S -> nl,L,b,B)
 Cross section [pb] = 9.8216e-03 +/- 1.44e-03 (Nevnt = 1896)
#Subprocess 7 (d,U -> Ne,e,b,B)
 Cross section [pb] = 1.2971e-01 +/- 1.29e-03 (Nevnt = 25042)
#Subprocess 8 (d,U -> Nm,m,b,B)
 Cross section [pb] = 1.2971e-01 +/- 1.29e-03 (Nevnt = 25042)
#Subprocess 9 (d,U -> Nl,l,b,B)
 Cross section [pb] = 1.2961e-01 +/- 1.29e-03 (Nevnt = 25024)
#Subprocess 10 (d,C -> Ne,e,b,B)
 Cross section [pb] = 5.0109e-03 +/- 1.33e-03 (Nevnt = 967)
#Subprocess 11 (d,C -> Nm,m,b,B)
 Cross section [pb] = 5.0109e-03 +/- 1.33e-03 (Nevnt = 967)
#Subprocess 12 (d,C -> Nl,l,b,B)
 Cross section [pb] = 5.0076e-03 +/- 1.33e-03 (Nevnt = 967)
#Subprocess 13 (U,d -> Ne,e,b,B)
 Cross section [pb] = 1.2982e-01 +/- 1.42e-03 (Nevnt = 25063)
#Subprocess 14 (U,d -> Nm,m,b,B)
 Cross section [pb] = 1.2982e-01 +/- 1.42e-03 (Nevnt = 25063)
#Subprocess 15 (U,d -> Nl,l,b,B)
 Cross section [pb] = 1.2972e-01 +/- 1.42e-03 (Nevnt = 25044)
#Subprocess 16 (U,s -> Ne,e,b,B)
 Cross section [pb] = 2.2585e-03 +/- 1.91e-03 (Nevnt = 436)
#Subprocess 17 (U,s -> Nm,m,b,B)
 Cross section [pb] = 2.2586e-03 +/- 1.91e-03 (Nevnt = 436)
#Subprocess 18 (U,s -> Nl,l,b,B)
 Cross section [pb] = 2.2575e-03 +/- 1.88e-03 (Nevnt = 436)
#Subprocess 19 (D,u -> ne,E,b,B)
 Cross section [pb] = 2.2669e-01 +/- 1.35e-03 (Nevnt = 43767)
#Subprocess 20 (D,u -> nm,M,b,B)
 Cross section [pb] = 2.2669e-01 +/- 1.35e-03 (Nevnt = 43767)
#Subprocess 21 (D,u -> nl,L,b,B)
 Cross section [pb] = 2.2652e-01 +/- 1.35e-03 (Nevnt = 43734)
#Subprocess 22 (D,c -> ne,E,b,B)
 Cross section [pb] = 2.0612e-03 +/- 1.52e-03 (Nevnt = 398)
#Subprocess 23 (D,c -> nm,M,b,B)
 Cross section [pb] = 2.0611e-03 +/- 1.52e-03 (Nevnt = 398)
#Subprocess 24 (D,c -> nl,L,b,B)
 Cross section [pb] = 2.0594e-03 +/- 1.53e-03 (Nevnt = 398)
#Subprocess 25 (s,U -> Ne,e,b,B)
 Cross section [pb] = 2.2608e-03 +/- 1.47e-03 (Nevnt = 436)
#Subprocess 26 (s,U -> Nm,m,b,B)
 Cross section [pb] = 2.2608e-03 +/- 1.47e-03 (Nevnt = 436)
#Subprocess 27 (s,U -> Nl,l,b,B)
 Cross section [pb] = 2.2595e-03 +/- 1.42e-03 (Nevnt = 436)
#Subprocess 28 (s,C -> Ne,e,b,B)
 Cross section [pb] = 2.8000e-02 +/- 1.39e-03 (Nevnt = 5406)
#Subprocess 29 (s,C -> Nm,m,b,B)
 Cross section [pb] = 2.7999e-02 +/- 1.39e-03 (Nevnt = 5406)
#Subprocess 30 (s,C -> Nl,l,b,B)
 Cross section [pb] = 2.7975e-02 +/- 1.38e-03 (Nevnt = 5401)
#Subprocess 31 (c,D -> ne,E,b,B)
 Cross section [pb] = 2.0579e-03 +/- 1.62e-03 (Nevnt = 397)
#Subprocess 32 (c,D -> nm,M,b,B)
 Cross section [pb] = 2.0579e-03 +/- 1.62e-03 (Nevnt = 397)
#Subprocess 33 (c,D -> nl,L,b,B)
 Cross section [pb] = 2.0564e-03 +/- 1.61e-03 (Nevnt = 397)
#Subprocess 34 (c,S -> ne,E,b,B)
 Cross section [pb] = 2.8005e-02 +/- 1.75e-03 (Nevnt = 5407)
#Subprocess 35 (c,S -> nm,M,b,B)
 Cross section [pb] = 2.8005e-02 +/- 1.75e-03 (Nevnt = 5407)
#Subprocess 36 (c,S -> nl,L,b,B)
 Cross section [pb] = 2.7985e-02 +/- 1.75e-03 (Nevnt = 5403)
#Subprocess 37 (S,u -> ne,E,b,B)
 Cross section [pb] = 9.8235e-03 +/- 1.31e-03 (Nevnt = 1897)
#Subprocess 38 (S,u -> nm,M,b,B)
 Cross section [pb] = 9.8235e-03 +/- 1.31e-03 (Nevnt = 1897)
#Subprocess 39 (S,u -> nl,L,b,B)
 Cross section [pb] = 9.8162e-03 +/- 1.31e-03 (Nevnt = 1895)
#Subprocess 40 (S,c -> ne,E,b,B)
 Cross section [pb] = 2.8000e-02 +/- 1.39e-03 (Nevnt = 5406)
#Subprocess 41 (S,c -> nm,M,b,B)
 Cross section [pb] = 2.7999e-02 +/- 1.39e-03 (Nevnt = 5406)
#Subprocess 42 (S,c -> nl,L,b,B)
 Cross section [pb] = 2.7975e-02 +/- 1.38e-03 (Nevnt = 5401)
#Subprocess 43 (C,d -> Ne,e,b,B)
 Cross section [pb] = 5.0146e-03 +/- 1.43e-03 (Nevnt = 968)
#Subprocess 44 (C,d -> Nm,m,b,B)
 Cross section [pb] = 5.0146e-03 +/- 1.43e-03 (Nevnt = 968)
#Subprocess 45 (C,d -> Nl,l,b,B)
 Cross section [pb] = 5.0109e-03 +/- 1.43e-03 (Nevnt = 967)
#Subprocess 46 (C,s -> Ne,e,b,B)
 Cross section [pb] = 2.8005e-02 +/- 1.75e-03 (Nevnt = 5407)
#Subprocess 47 (C,s -> Nm,m,b,B)
 Cross section [pb] = 2.8005e-02 +/- 1.75e-03 (Nevnt = 5407)
#Subprocess 48 (C,s -> Nl,l,b,B)
 Cross section [pb] = 2.7985e-02 +/- 1.75e-03 (Nevnt = 5403)

 Total cross section [pb]  = 2.5898e+00 +/- 1.04e-02 (Ntotal = 499997)
