#Subprocess 1 (u,D -> ne,E,b,B)
 Cross section [pb] = 2.2598e-01 +/- 1.54e-03 (Nevnt = 43918)
#Subprocess 2 (u,D -> nm,M,b,B)
 Cross section [pb] = 2.2598e-01 +/- 1.54e-03 (Nevnt = 43918)
#Subprocess 3 (u,D -> nl,L,b,B)
 Cross section [pb] = 2.2583e-01 +/- 1.58e-03 (Nevnt = 43889)
#Subprocess 4 (u,S -> ne,E,b,B)
 Cross section [pb] = 9.7499e-03 +/- 1.49e-03 (Nevnt = 1895)
#Subprocess 5 (u,S -> nm,M,b,B)
 Cross section [pb] = 9.7499e-03 +/- 1.49e-03 (Nevnt = 1895)
#Subprocess 6 (u,S -> nl,L,b,B)
 Cross section [pb] = 9.7419e-03 +/- 1.48e-03 (Nevnt = 1893)
#Subprocess 7 (d,U -> Ne,e,b,B)
 Cross section [pb] = 1.2886e-01 +/- 1.32e-03 (Nevnt = 25043)
#Subprocess 8 (d,U -> Nm,m,b,B)
 Cross section [pb] = 1.2886e-01 +/- 1.32e-03 (Nevnt = 25043)
#Subprocess 9 (d,U -> Nl,l,b,B)
 Cross section [pb] = 1.2877e-01 +/- 1.32e-03 (Nevnt = 25025)
#Subprocess 10 (d,C -> Ne,e,b,B)
 Cross section [pb] = 4.9446e-03 +/- 1.39e-03 (Nevnt = 961)
#Subprocess 11 (d,C -> Nm,m,b,B)
 Cross section [pb] = 4.9445e-03 +/- 1.39e-03 (Nevnt = 961)
#Subprocess 12 (d,C -> Nl,l,b,B)
 Cross section [pb] = 4.9404e-03 +/- 1.39e-03 (Nevnt = 960)
#Subprocess 13 (U,d -> Ne,e,b,B)
 Cross section [pb] = 1.2897e-01 +/- 1.51e-03 (Nevnt = 25064)
#Subprocess 14 (U,d -> Nm,m,b,B)
 Cross section [pb] = 1.2897e-01 +/- 1.51e-03 (Nevnt = 25064)
#Subprocess 15 (U,d -> Nl,l,b,B)
 Cross section [pb] = 1.2887e-01 +/- 1.51e-03 (Nevnt = 25045)
#Subprocess 16 (U,s -> Ne,e,b,B)
 Cross section [pb] = 2.2274e-03 +/- 1.76e-03 (Nevnt = 433)
#Subprocess 17 (U,s -> Nm,m,b,B)
 Cross section [pb] = 2.2274e-03 +/- 1.76e-03 (Nevnt = 433)
#Subprocess 18 (U,s -> Nl,l,b,B)
 Cross section [pb] = 2.2256e-03 +/- 1.76e-03 (Nevnt = 433)
#Subprocess 19 (D,u -> ne,E,b,B)
 Cross section [pb] = 2.2618e-01 +/- 1.35e-03 (Nevnt = 43956)
#Subprocess 20 (D,u -> nm,M,b,B)
 Cross section [pb] = 2.2618e-01 +/- 1.35e-03 (Nevnt = 43956)
#Subprocess 21 (D,u -> nl,L,b,B)
 Cross section [pb] = 2.2601e-01 +/- 1.35e-03 (Nevnt = 43923)
#Subprocess 22 (D,c -> ne,E,b,B)
 Cross section [pb] = 2.0275e-03 +/- 1.49e-03 (Nevnt = 394)
#Subprocess 23 (D,c -> nm,M,b,B)
 Cross section [pb] = 2.0275e-03 +/- 1.49e-03 (Nevnt = 394)
#Subprocess 24 (D,c -> nl,L,b,B)
 Cross section [pb] = 2.0263e-03 +/- 1.49e-03 (Nevnt = 394)
#Subprocess 25 (s,U -> Ne,e,b,B)
 Cross section [pb] = 2.2305e-03 +/- 1.42e-03 (Nevnt = 433)
#Subprocess 26 (s,U -> Nm,m,b,B)
 Cross section [pb] = 2.2304e-03 +/- 1.42e-03 (Nevnt = 433)
#Subprocess 27 (s,U -> Nl,l,b,B)
 Cross section [pb] = 2.2279e-03 +/- 1.39e-03 (Nevnt = 433)
#Subprocess 28 (s,C -> Ne,e,b,B)
 Cross section [pb] = 2.7470e-02 +/- 1.36e-03 (Nevnt = 5339)
#Subprocess 29 (s,C -> Nm,m,b,B)
 Cross section [pb] = 2.7470e-02 +/- 1.36e-03 (Nevnt = 5339)
#Subprocess 30 (s,C -> Nl,l,b,B)
 Cross section [pb] = 2.7446e-02 +/- 1.35e-03 (Nevnt = 5334)
#Subprocess 31 (c,D -> ne,E,b,B)
 Cross section [pb] = 2.0274e-03 +/- 1.57e-03 (Nevnt = 394)
#Subprocess 32 (c,D -> nm,M,b,B)
 Cross section [pb] = 2.0274e-03 +/- 1.57e-03 (Nevnt = 394)
#Subprocess 33 (c,D -> nl,L,b,B)
 Cross section [pb] = 2.0259e-03 +/- 1.57e-03 (Nevnt = 394)
#Subprocess 34 (c,S -> ne,E,b,B)
 Cross section [pb] = 2.7484e-02 +/- 1.61e-03 (Nevnt = 5341)
#Subprocess 35 (c,S -> nm,M,b,B)
 Cross section [pb] = 2.7483e-02 +/- 1.61e-03 (Nevnt = 5341)
#Subprocess 36 (c,S -> nl,L,b,B)
 Cross section [pb] = 2.7462e-02 +/- 1.61e-03 (Nevnt = 5337)
#Subprocess 37 (S,u -> ne,E,b,B)
 Cross section [pb] = 9.7459e-03 +/- 1.58e-03 (Nevnt = 1894)
#Subprocess 38 (S,u -> nm,M,b,B)
 Cross section [pb] = 9.7458e-03 +/- 1.58e-03 (Nevnt = 1894)
#Subprocess 39 (S,u -> nl,L,b,B)
 Cross section [pb] = 9.7380e-03 +/- 1.61e-03 (Nevnt = 1893)
#Subprocess 40 (S,c -> ne,E,b,B)
 Cross section [pb] = 2.7470e-02 +/- 1.36e-03 (Nevnt = 5339)
#Subprocess 41 (S,c -> nm,M,b,B)
 Cross section [pb] = 2.7470e-02 +/- 1.36e-03 (Nevnt = 5339)
#Subprocess 42 (S,c -> nl,L,b,B)
 Cross section [pb] = 2.7446e-02 +/- 1.35e-03 (Nevnt = 5334)
#Subprocess 43 (C,d -> Ne,e,b,B)
 Cross section [pb] = 4.9527e-03 +/- 1.52e-03 (Nevnt = 963)
#Subprocess 44 (C,d -> Nm,m,b,B)
 Cross section [pb] = 4.9532e-03 +/- 1.53e-03 (Nevnt = 963)
#Subprocess 45 (C,d -> Nl,l,b,B)
 Cross section [pb] = 4.9478e-03 +/- 1.50e-03 (Nevnt = 962)
#Subprocess 46 (C,s -> Ne,e,b,B)
 Cross section [pb] = 2.7484e-02 +/- 1.61e-03 (Nevnt = 5341)
#Subprocess 47 (C,s -> Nm,m,b,B)
 Cross section [pb] = 2.7483e-02 +/- 1.61e-03 (Nevnt = 5341)
#Subprocess 48 (C,s -> Nl,l,b,B)
 Cross section [pb] = 2.7462e-02 +/- 1.61e-03 (Nevnt = 5337)

 Total cross section [pb]  = 2.5728e+00 +/- 1.04e-02 (Ntotal = 500002)
