#Subprocess 1 (u,D -> ne,E,b,B)
 Cross section [pb] = 2.5848e-01 +/- 1.54e-03 (Nevnt = 45907)
#Subprocess 2 (u,D -> nm,M,b,B)
 Cross section [pb] = 2.5848e-01 +/- 1.54e-03 (Nevnt = 45907)
#Subprocess 3 (u,D -> nl,L,b,B)
 Cross section [pb] = 2.5831e-01 +/- 1.55e-03 (Nevnt = 45876)
#Subprocess 4 (u,S -> ne,E,b,B)
 Cross section [pb] = 1.0592e-02 +/- 1.69e-03 (Nevnt = 1881)
#Subprocess 5 (u,S -> nm,M,b,B)
 Cross section [pb] = 1.0593e-02 +/- 1.69e-03 (Nevnt = 1881)
#Subprocess 6 (u,S -> nl,L,b,B)
 Cross section [pb] = 1.0589e-02 +/- 1.67e-03 (Nevnt = 1881)
#Subprocess 7 (d,U -> Ne,e,b,B)
 Cross section [pb] = 1.3763e-01 +/- 1.47e-03 (Nevnt = 24444)
#Subprocess 8 (d,U -> Nm,m,b,B)
 Cross section [pb] = 1.3763e-01 +/- 1.47e-03 (Nevnt = 24444)
#Subprocess 9 (d,U -> Nl,l,b,B)
 Cross section [pb] = 1.3753e-01 +/- 1.48e-03 (Nevnt = 24426)
#Subprocess 10 (d,C -> Ne,e,b,B)
 Cross section [pb] = 5.0652e-03 +/- 1.46e-03 (Nevnt = 900)
#Subprocess 11 (d,C -> Nm,m,b,B)
 Cross section [pb] = 5.0652e-03 +/- 1.46e-03 (Nevnt = 900)
#Subprocess 12 (d,C -> Nl,l,b,B)
 Cross section [pb] = 5.0611e-03 +/- 1.47e-03 (Nevnt = 899)
#Subprocess 13 (U,d -> Ne,e,b,B)
 Cross section [pb] = 1.3809e-01 +/- 1.60e-03 (Nevnt = 24524)
#Subprocess 14 (U,d -> Nm,m,b,B)
 Cross section [pb] = 1.3808e-01 +/- 1.60e-03 (Nevnt = 24524)
#Subprocess 15 (U,d -> Nl,l,b,B)
 Cross section [pb] = 1.3796e-01 +/- 1.60e-03 (Nevnt = 24502)
#Subprocess 16 (U,s -> Ne,e,b,B)
 Cross section [pb] = 2.2093e-03 +/- 1.66e-03 (Nevnt = 392)
#Subprocess 17 (U,s -> Nm,m,b,B)
 Cross section [pb] = 2.2093e-03 +/- 1.66e-03 (Nevnt = 392)
#Subprocess 18 (U,s -> Nl,l,b,B)
 Cross section [pb] = 2.2077e-03 +/- 1.66e-03 (Nevnt = 392)
#Subprocess 19 (D,u -> ne,E,b,B)
 Cross section [pb] = 2.5812e-01 +/- 1.53e-03 (Nevnt = 45842)
#Subprocess 20 (D,u -> nm,M,b,B)
 Cross section [pb] = 2.5812e-01 +/- 1.53e-03 (Nevnt = 45842)
#Subprocess 21 (D,u -> nl,L,b,B)
 Cross section [pb] = 2.5793e-01 +/- 1.53e-03 (Nevnt = 45808)
#Subprocess 22 (D,c -> ne,E,b,B)
 Cross section [pb] = 1.9811e-03 +/- 1.56e-03 (Nevnt = 352)
#Subprocess 23 (D,c -> nm,M,b,B)
 Cross section [pb] = 1.9811e-03 +/- 1.56e-03 (Nevnt = 352)
#Subprocess 24 (D,c -> nl,L,b,B)
 Cross section [pb] = 1.9795e-03 +/- 1.57e-03 (Nevnt = 352)
#Subprocess 25 (s,U -> Ne,e,b,B)
 Cross section [pb] = 2.2026e-03 +/- 1.68e-03 (Nevnt = 391)
#Subprocess 26 (s,U -> Nm,m,b,B)
 Cross section [pb] = 2.2023e-03 +/- 1.68e-03 (Nevnt = 391)
#Subprocess 27 (s,U -> Nl,l,b,B)
 Cross section [pb] = 2.2015e-03 +/- 1.72e-03 (Nevnt = 391)
#Subprocess 28 (s,C -> Ne,e,b,B)
 Cross section [pb] = 2.6626e-02 +/- 1.53e-03 (Nevnt = 4729)
#Subprocess 29 (s,C -> Nm,m,b,B)
 Cross section [pb] = 2.6626e-02 +/- 1.53e-03 (Nevnt = 4729)
#Subprocess 30 (s,C -> Nl,l,b,B)
 Cross section [pb] = 2.6610e-02 +/- 1.51e-03 (Nevnt = 4726)
#Subprocess 31 (c,D -> ne,E,b,B)
 Cross section [pb] = 1.9863e-03 +/- 1.60e-03 (Nevnt = 353)
#Subprocess 32 (c,D -> nm,M,b,B)
 Cross section [pb] = 1.9864e-03 +/- 1.60e-03 (Nevnt = 353)
#Subprocess 33 (c,D -> nl,L,b,B)
 Cross section [pb] = 1.9853e-03 +/- 1.59e-03 (Nevnt = 353)
#Subprocess 34 (c,S -> ne,E,b,B)
 Cross section [pb] = 2.6704e-02 +/- 1.66e-03 (Nevnt = 4743)
#Subprocess 35 (c,S -> nm,M,b,B)
 Cross section [pb] = 2.6703e-02 +/- 1.66e-03 (Nevnt = 4743)
#Subprocess 36 (c,S -> nl,L,b,B)
 Cross section [pb] = 2.6676e-02 +/- 1.66e-03 (Nevnt = 4738)
#Subprocess 37 (S,u -> ne,E,b,B)
 Cross section [pb] = 1.0583e-02 +/- 1.63e-03 (Nevnt = 1880)
#Subprocess 38 (S,u -> nm,M,b,B)
 Cross section [pb] = 1.0583e-02 +/- 1.63e-03 (Nevnt = 1880)
#Subprocess 39 (S,u -> nl,L,b,B)
 Cross section [pb] = 1.0575e-02 +/- 1.63e-03 (Nevnt = 1878)
#Subprocess 40 (S,c -> ne,E,b,B)
 Cross section [pb] = 2.6626e-02 +/- 1.53e-03 (Nevnt = 4729)
#Subprocess 41 (S,c -> nm,M,b,B)
 Cross section [pb] = 2.6626e-02 +/- 1.53e-03 (Nevnt = 4729)
#Subprocess 42 (S,c -> nl,L,b,B)
 Cross section [pb] = 2.6610e-02 +/- 1.51e-03 (Nevnt = 4726)
#Subprocess 43 (C,d -> Ne,e,b,B)
 Cross section [pb] = 5.0612e-03 +/- 1.62e-03 (Nevnt = 899)
#Subprocess 44 (C,d -> Nm,m,b,B)
 Cross section [pb] = 5.0612e-03 +/- 1.62e-03 (Nevnt = 899)
#Subprocess 45 (C,d -> Nl,l,b,B)
 Cross section [pb] = 5.0582e-03 +/- 1.62e-03 (Nevnt = 898)
#Subprocess 46 (C,s -> Ne,e,b,B)
 Cross section [pb] = 2.6704e-02 +/- 1.66e-03 (Nevnt = 4743)
#Subprocess 47 (C,s -> Nm,m,b,B)
 Cross section [pb] = 2.6703e-02 +/- 1.66e-03 (Nevnt = 4743)
#Subprocess 48 (C,s -> Nl,l,b,B)
 Cross section [pb] = 2.6676e-02 +/- 1.66e-03 (Nevnt = 4738)

 Total cross section [pb]  = 2.8153e+00 +/- 1.10e-02 (Ntotal = 500002)
