#Subprocess 1 (u,D -> ne,E,b,B)
 Cross section [pb] = 2.2436e-01 +/- 8.47e-04 (Nevnt = 43878)
#Subprocess 2 (u,D -> nm,M,b,B)
 Cross section [pb] = 2.2437e-01 +/- 8.49e-04 (Nevnt = 43880)
#Subprocess 3 (u,D -> nl,L,b,B)
 Cross section [pb] = 2.2413e-01 +/- 8.91e-04 (Nevnt = 43833)
#Subprocess 4 (u,S -> ne,E,b,B)
 Cross section [pb] = 9.6868e-03 +/- 7.09e-04 (Nevnt = 1894)
#Subprocess 5 (u,S -> nm,M,b,B)
 Cross section [pb] = 9.6884e-03 +/- 7.14e-04 (Nevnt = 1895)
#Subprocess 6 (u,S -> nl,L,b,B)
 Cross section [pb] = 9.6794e-03 +/- 7.32e-04 (Nevnt = 1893)
#Subprocess 7 (d,U -> Ne,e,b,B)
 Cross section [pb] = 1.2818e-01 +/- 8.01e-04 (Nevnt = 25067)
#Subprocess 8 (d,U -> Nm,m,b,B)
 Cross section [pb] = 1.2819e-01 +/- 7.70e-04 (Nevnt = 25070)
#Subprocess 9 (d,U -> Nl,l,b,B)
 Cross section [pb] = 1.2804e-01 +/- 7.11e-04 (Nevnt = 25041)
#Subprocess 10 (d,C -> Ne,e,b,B)
 Cross section [pb] = 4.9244e-03 +/- 6.35e-04 (Nevnt = 963)
#Subprocess 11 (d,C -> Nm,m,b,B)
 Cross section [pb] = 4.9245e-03 +/- 6.34e-04 (Nevnt = 963)
#Subprocess 12 (d,C -> Nl,l,b,B)
 Cross section [pb] = 4.9202e-03 +/- 6.45e-04 (Nevnt = 962)
#Subprocess 13 (U,d -> Ne,e,b,B)
 Cross section [pb] = 1.2826e-01 +/- 7.04e-04 (Nevnt = 25083)
#Subprocess 14 (U,d -> Nm,m,b,B)
 Cross section [pb] = 1.2820e-01 +/- 7.03e-04 (Nevnt = 25073)
#Subprocess 15 (U,d -> Nl,l,b,B)
 Cross section [pb] = 1.2809e-01 +/- 7.02e-04 (Nevnt = 25050)
#Subprocess 16 (U,s -> Ne,e,b,B)
 Cross section [pb] = 2.2232e-03 +/- 7.50e-04 (Nevnt = 435)
#Subprocess 17 (U,s -> Nm,m,b,B)
 Cross section [pb] = 2.2232e-03 +/- 7.50e-04 (Nevnt = 435)
#Subprocess 18 (U,s -> Nl,l,b,B)
 Cross section [pb] = 2.2216e-03 +/- 7.50e-04 (Nevnt = 434)
#Subprocess 19 (D,u -> ne,E,b,B)
 Cross section [pb] = 2.2429e-01 +/- 7.84e-04 (Nevnt = 43864)
#Subprocess 20 (D,u -> nm,M,b,B)
 Cross section [pb] = 2.2430e-01 +/- 7.92e-04 (Nevnt = 43866)
#Subprocess 21 (D,u -> nl,L,b,B)
 Cross section [pb] = 2.2425e-01 +/- 7.83e-04 (Nevnt = 43857)
#Subprocess 22 (D,c -> ne,E,b,B)
 Cross section [pb] = 2.0190e-03 +/- 6.66e-04 (Nevnt = 395)
#Subprocess 23 (D,c -> nm,M,b,B)
 Cross section [pb] = 2.0189e-03 +/- 6.66e-04 (Nevnt = 395)
#Subprocess 24 (D,c -> nl,L,b,B)
 Cross section [pb] = 2.0173e-03 +/- 6.66e-04 (Nevnt = 395)
#Subprocess 25 (s,U -> Ne,e,b,B)
 Cross section [pb] = 2.2215e-03 +/- 6.74e-04 (Nevnt = 434)
#Subprocess 26 (s,U -> Nm,m,b,B)
 Cross section [pb] = 2.2216e-03 +/- 6.74e-04 (Nevnt = 434)
#Subprocess 27 (s,U -> Nl,l,b,B)
 Cross section [pb] = 2.2209e-03 +/- 6.62e-04 (Nevnt = 434)
#Subprocess 28 (s,C -> Ne,e,b,B)
 Cross section [pb] = 2.7408e-02 +/- 6.45e-04 (Nevnt = 5360)
#Subprocess 29 (s,C -> Nm,m,b,B)
 Cross section [pb] = 2.7408e-02 +/- 6.45e-04 (Nevnt = 5360)
#Subprocess 30 (s,C -> Nl,l,b,B)
 Cross section [pb] = 2.7389e-02 +/- 6.41e-04 (Nevnt = 5356)
#Subprocess 31 (c,D -> ne,E,b,B)
 Cross section [pb] = 2.0191e-03 +/- 7.51e-04 (Nevnt = 395)
#Subprocess 32 (c,D -> nm,M,b,B)
 Cross section [pb] = 2.0191e-03 +/- 7.51e-04 (Nevnt = 395)
#Subprocess 33 (c,D -> nl,L,b,B)
 Cross section [pb] = 2.0174e-03 +/- 7.55e-04 (Nevnt = 395)
#Subprocess 34 (c,S -> ne,E,b,B)
 Cross section [pb] = 2.7424e-02 +/- 7.68e-04 (Nevnt = 5363)
#Subprocess 35 (c,S -> nm,M,b,B)
 Cross section [pb] = 2.7424e-02 +/- 7.68e-04 (Nevnt = 5363)
#Subprocess 36 (c,S -> nl,L,b,B)
 Cross section [pb] = 2.7403e-02 +/- 7.68e-04 (Nevnt = 5359)
#Subprocess 37 (S,u -> ne,E,b,B)
 Cross section [pb] = 9.6806e-03 +/- 6.40e-04 (Nevnt = 1893)
#Subprocess 38 (S,u -> nm,M,b,B)
 Cross section [pb] = 9.6811e-03 +/- 6.67e-04 (Nevnt = 1893)
#Subprocess 39 (S,u -> nl,L,b,B)
 Cross section [pb] = 9.6782e-03 +/- 7.03e-04 (Nevnt = 1893)
#Subprocess 40 (S,c -> ne,E,b,B)
 Cross section [pb] = 2.7408e-02 +/- 6.45e-04 (Nevnt = 5360)
#Subprocess 41 (S,c -> nm,M,b,B)
 Cross section [pb] = 2.7408e-02 +/- 6.45e-04 (Nevnt = 5360)
#Subprocess 42 (S,c -> nl,L,b,B)
 Cross section [pb] = 2.7389e-02 +/- 6.41e-04 (Nevnt = 5356)
#Subprocess 43 (C,d -> Ne,e,b,B)
 Cross section [pb] = 4.9230e-03 +/- 6.73e-04 (Nevnt = 963)
#Subprocess 44 (C,d -> Nm,m,b,B)
 Cross section [pb] = 4.9230e-03 +/- 6.73e-04 (Nevnt = 963)
#Subprocess 45 (C,d -> Nl,l,b,B)
 Cross section [pb] = 4.9193e-03 +/- 6.72e-04 (Nevnt = 962)
#Subprocess 46 (C,s -> Ne,e,b,B)
 Cross section [pb] = 2.7424e-02 +/- 7.68e-04 (Nevnt = 5363)
#Subprocess 47 (C,s -> Nm,m,b,B)
 Cross section [pb] = 2.7424e-02 +/- 7.68e-04 (Nevnt = 5363)
#Subprocess 48 (C,s -> Nl,l,b,B)
 Cross section [pb] = 2.7403e-02 +/- 7.68e-04 (Nevnt = 5359)

 Total cross section [pb]  = 2.5566e+00 +/- 4.99e-03 (Ntotal = 499997)
