#Subprocess 1 (u,D -> ne,E,b,B)
 Cross section [pb] = 2.2439e-01 +/- 7.75e-04 (Nevnt = 44041)
#Subprocess 2 (u,D -> nm,M,b,B)
 Cross section [pb] = 2.2439e-01 +/- 7.70e-04 (Nevnt = 44041)
#Subprocess 3 (u,D -> nl,L,b,B)
 Cross section [pb] = 2.2411e-01 +/- 7.90e-04 (Nevnt = 43985)
#Subprocess 4 (u,S -> ne,E,b,B)
 Cross section [pb] = 9.6402e-03 +/- 7.67e-04 (Nevnt = 1892)
#Subprocess 5 (u,S -> nm,M,b,B)
 Cross section [pb] = 9.6356e-03 +/- 7.71e-04 (Nevnt = 1891)
#Subprocess 6 (u,S -> nl,L,b,B)
 Cross section [pb] = 9.6295e-03 +/- 7.63e-04 (Nevnt = 1890)
#Subprocess 7 (d,U -> Ne,e,b,B)
 Cross section [pb] = 1.2753e-01 +/- 6.44e-04 (Nevnt = 25030)
#Subprocess 8 (d,U -> Nm,m,b,B)
 Cross section [pb] = 1.2749e-01 +/- 6.44e-04 (Nevnt = 25022)
#Subprocess 9 (d,U -> Nl,l,b,B)
 Cross section [pb] = 1.2737e-01 +/- 6.41e-04 (Nevnt = 24998)
#Subprocess 10 (d,C -> Ne,e,b,B)
 Cross section [pb] = 4.8804e-03 +/- 6.72e-04 (Nevnt = 958)
#Subprocess 11 (d,C -> Nm,m,b,B)
 Cross section [pb] = 4.8768e-03 +/- 6.57e-04 (Nevnt = 957)
#Subprocess 12 (d,C -> Nl,l,b,B)
 Cross section [pb] = 4.8750e-03 +/- 6.47e-04 (Nevnt = 957)
#Subprocess 13 (U,d -> Ne,e,b,B)
 Cross section [pb] = 1.2756e-01 +/- 7.32e-04 (Nevnt = 25037)
#Subprocess 14 (U,d -> Nm,m,b,B)
 Cross section [pb] = 1.2763e-01 +/- 7.38e-04 (Nevnt = 25050)
#Subprocess 15 (U,d -> Nl,l,b,B)
 Cross section [pb] = 1.2754e-01 +/- 7.24e-04 (Nevnt = 25032)
#Subprocess 16 (U,s -> Ne,e,b,B)
 Cross section [pb] = 2.1997e-03 +/- 7.60e-04 (Nevnt = 432)
#Subprocess 17 (U,s -> Nm,m,b,B)
 Cross section [pb] = 2.2016e-03 +/- 7.28e-04 (Nevnt = 432)
#Subprocess 18 (U,s -> Nl,l,b,B)
 Cross section [pb] = 2.1989e-03 +/- 7.41e-04 (Nevnt = 432)
#Subprocess 19 (D,u -> ne,E,b,B)
 Cross section [pb] = 2.2419e-01 +/- 7.19e-04 (Nevnt = 44002)
#Subprocess 20 (D,u -> nm,M,b,B)
 Cross section [pb] = 2.2419e-01 +/- 7.18e-04 (Nevnt = 44002)
#Subprocess 21 (D,u -> nl,L,b,B)
 Cross section [pb] = 2.2401e-01 +/- 6.89e-04 (Nevnt = 43966)
#Subprocess 22 (D,c -> ne,E,b,B)
 Cross section [pb] = 1.9968e-03 +/- 6.51e-04 (Nevnt = 392)
#Subprocess 23 (D,c -> nm,M,b,B)
 Cross section [pb] = 1.9970e-03 +/- 6.52e-04 (Nevnt = 392)
#Subprocess 24 (D,c -> nl,L,b,B)
 Cross section [pb] = 1.9954e-03 +/- 6.50e-04 (Nevnt = 392)
#Subprocess 25 (s,U -> Ne,e,b,B)
 Cross section [pb] = 2.2025e-03 +/- 6.54e-04 (Nevnt = 432)
#Subprocess 26 (s,U -> Nm,m,b,B)
 Cross section [pb] = 2.2009e-03 +/- 6.55e-04 (Nevnt = 432)
#Subprocess 27 (s,U -> Nl,l,b,B)
 Cross section [pb] = 2.2000e-03 +/- 6.61e-04 (Nevnt = 432)
#Subprocess 28 (s,C -> Ne,e,b,B)
 Cross section [pb] = 2.7074e-02 +/- 6.16e-04 (Nevnt = 5314)
#Subprocess 29 (s,C -> Nm,m,b,B)
 Cross section [pb] = 2.7075e-02 +/- 6.19e-04 (Nevnt = 5314)
#Subprocess 30 (s,C -> Nl,l,b,B)
 Cross section [pb] = 2.7055e-02 +/- 6.25e-04 (Nevnt = 5310)
#Subprocess 31 (c,D -> ne,E,b,B)
 Cross section [pb] = 1.9983e-03 +/- 7.39e-04 (Nevnt = 392)
#Subprocess 32 (c,D -> nm,M,b,B)
 Cross section [pb] = 1.9983e-03 +/- 7.39e-04 (Nevnt = 392)
#Subprocess 33 (c,D -> nl,L,b,B)
 Cross section [pb] = 1.9967e-03 +/- 7.38e-04 (Nevnt = 392)
#Subprocess 34 (c,S -> ne,E,b,B)
 Cross section [pb] = 2.7077e-02 +/- 7.11e-04 (Nevnt = 5314)
#Subprocess 35 (c,S -> nm,M,b,B)
 Cross section [pb] = 2.7080e-02 +/- 7.06e-04 (Nevnt = 5315)
#Subprocess 36 (c,S -> nl,L,b,B)
 Cross section [pb] = 2.7071e-02 +/- 7.10e-04 (Nevnt = 5313)
#Subprocess 37 (S,u -> ne,E,b,B)
 Cross section [pb] = 9.6399e-03 +/- 6.83e-04 (Nevnt = 1892)
#Subprocess 38 (S,u -> nm,M,b,B)
 Cross section [pb] = 9.6360e-03 +/- 6.91e-04 (Nevnt = 1891)
#Subprocess 39 (S,u -> nl,L,b,B)
 Cross section [pb] = 9.6312e-03 +/- 7.19e-04 (Nevnt = 1890)
#Subprocess 40 (S,c -> ne,E,b,B)
 Cross section [pb] = 2.7074e-02 +/- 6.16e-04 (Nevnt = 5314)
#Subprocess 41 (S,c -> nm,M,b,B)
 Cross section [pb] = 2.7075e-02 +/- 6.19e-04 (Nevnt = 5314)
#Subprocess 42 (S,c -> nl,L,b,B)
 Cross section [pb] = 2.7055e-02 +/- 6.25e-04 (Nevnt = 5310)
#Subprocess 43 (C,d -> Ne,e,b,B)
 Cross section [pb] = 4.8794e-03 +/- 7.19e-04 (Nevnt = 958)
#Subprocess 44 (C,d -> Nm,m,b,B)
 Cross section [pb] = 4.8796e-03 +/- 7.16e-04 (Nevnt = 958)
#Subprocess 45 (C,d -> Nl,l,b,B)
 Cross section [pb] = 4.8713e-03 +/- 7.33e-04 (Nevnt = 956)
#Subprocess 46 (C,s -> Ne,e,b,B)
 Cross section [pb] = 2.7077e-02 +/- 7.11e-04 (Nevnt = 5314)
#Subprocess 47 (C,s -> Nm,m,b,B)
 Cross section [pb] = 2.7080e-02 +/- 7.06e-04 (Nevnt = 5315)
#Subprocess 48 (C,s -> Nl,l,b,B)
 Cross section [pb] = 2.7071e-02 +/- 7.10e-04 (Nevnt = 5313)

 Total cross section [pb]  = 2.5475e+00 +/- 4.84e-03 (Ntotal = 500000)
