#Subprocess 1 (u,D -> ne,E,b,B)
 Cross section [pb] = 9.9843e-01 +/- 1.08e-03 (Nevnt = 51005)
#Subprocess 2 (u,D -> nm,M,b,B)
 Cross section [pb] = 9.9843e-01 +/- 1.08e-03 (Nevnt = 51005)
#Subprocess 3 (u,D -> nl,L,b,B)
 Cross section [pb] = 9.9768e-01 +/- 1.08e-03 (Nevnt = 50966)
#Subprocess 4 (u,S -> ne,E,b,B)
 Cross section [pb] = 3.7268e-02 +/- 1.07e-03 (Nevnt = 1904)
#Subprocess 5 (u,S -> nm,M,b,B)
 Cross section [pb] = 3.7268e-02 +/- 1.07e-03 (Nevnt = 1904)
#Subprocess 6 (u,S -> nl,L,b,B)
 Cross section [pb] = 3.7240e-02 +/- 1.07e-03 (Nevnt = 1902)
#Subprocess 7 (d,U -> Ne,e,b,B)
 Cross section [pb] = 4.6707e-01 +/- 1.07e-03 (Nevnt = 23860)
#Subprocess 8 (d,U -> Nm,m,b,B)
 Cross section [pb] = 4.6707e-01 +/- 1.07e-03 (Nevnt = 23860)
#Subprocess 9 (d,U -> Nl,l,b,B)
 Cross section [pb] = 4.6671e-01 +/- 1.07e-03 (Nevnt = 23842)
#Subprocess 10 (d,C -> Ne,e,b,B)
 Cross section [pb] = 1.4707e-02 +/- 1.09e-03 (Nevnt = 751)
#Subprocess 11 (d,C -> Nm,m,b,B)
 Cross section [pb] = 1.4707e-02 +/- 1.09e-03 (Nevnt = 751)
#Subprocess 12 (d,C -> Nl,l,b,B)
 Cross section [pb] = 1.4695e-02 +/- 1.09e-03 (Nevnt = 751)
#Subprocess 13 (U,d -> Ne,e,b,B)
 Cross section [pb] = 4.6798e-01 +/- 1.07e-03 (Nevnt = 23907)
#Subprocess 14 (U,d -> Nm,m,b,B)
 Cross section [pb] = 4.6799e-01 +/- 1.07e-03 (Nevnt = 23907)
#Subprocess 15 (U,d -> Nl,l,b,B)
 Cross section [pb] = 4.6766e-01 +/- 1.07e-03 (Nevnt = 23890)
#Subprocess 16 (U,s -> Ne,e,b,B)
 Cross section [pb] = 5.0639e-03 +/- 1.25e-03 (Nevnt = 259)
#Subprocess 17 (U,s -> Nm,m,b,B)
 Cross section [pb] = 5.0639e-03 +/- 1.25e-03 (Nevnt = 259)
#Subprocess 18 (U,s -> Nl,l,b,B)
 Cross section [pb] = 5.0600e-03 +/- 1.25e-03 (Nevnt = 258)
#Subprocess 19 (D,u -> ne,E,b,B)
 Cross section [pb] = 9.9664e-01 +/- 1.02e-03 (Nevnt = 50913)
#Subprocess 20 (D,u -> nm,M,b,B)
 Cross section [pb] = 9.9664e-01 +/- 1.02e-03 (Nevnt = 50913)
#Subprocess 21 (D,u -> nl,L,b,B)
 Cross section [pb] = 9.9589e-01 +/- 1.02e-03 (Nevnt = 50875)
#Subprocess 22 (D,c -> ne,E,b,B)
 Cross section [pb] = 4.2899e-03 +/- 1.23e-03 (Nevnt = 219)
#Subprocess 23 (D,c -> nm,M,b,B)
 Cross section [pb] = 4.2899e-03 +/- 1.23e-03 (Nevnt = 219)
#Subprocess 24 (D,c -> nl,L,b,B)
 Cross section [pb] = 4.2867e-03 +/- 1.23e-03 (Nevnt = 219)
#Subprocess 25 (s,U -> Ne,e,b,B)
 Cross section [pb] = 5.0584e-03 +/- 1.20e-03 (Nevnt = 258)
#Subprocess 26 (s,U -> Nm,m,b,B)
 Cross section [pb] = 5.0585e-03 +/- 1.20e-03 (Nevnt = 258)
#Subprocess 27 (s,U -> Nl,l,b,B)
 Cross section [pb] = 5.0547e-03 +/- 1.20e-03 (Nevnt = 258)
#Subprocess 28 (s,C -> Ne,e,b,B)
 Cross section [pb] = 5.2601e-02 +/- 1.24e-03 (Nevnt = 2687)
#Subprocess 29 (s,C -> Nm,m,b,B)
 Cross section [pb] = 5.2601e-02 +/- 1.24e-03 (Nevnt = 2687)
#Subprocess 30 (s,C -> Nl,l,b,B)
 Cross section [pb] = 5.2561e-02 +/- 1.24e-03 (Nevnt = 2685)
#Subprocess 31 (c,D -> ne,E,b,B)
 Cross section [pb] = 4.2934e-03 +/- 1.26e-03 (Nevnt = 219)
#Subprocess 32 (c,D -> nm,M,b,B)
 Cross section [pb] = 4.2934e-03 +/- 1.26e-03 (Nevnt = 219)
#Subprocess 33 (c,D -> nl,L,b,B)
 Cross section [pb] = 4.2901e-03 +/- 1.26e-03 (Nevnt = 219)
#Subprocess 34 (c,S -> ne,E,b,B)
 Cross section [pb] = 5.2685e-02 +/- 1.31e-03 (Nevnt = 2691)
#Subprocess 35 (c,S -> nm,M,b,B)
 Cross section [pb] = 5.2685e-02 +/- 1.31e-03 (Nevnt = 2691)
#Subprocess 36 (c,S -> nl,L,b,B)
 Cross section [pb] = 5.2645e-02 +/- 1.31e-03 (Nevnt = 2689)
#Subprocess 37 (S,u -> ne,E,b,B)
 Cross section [pb] = 3.7239e-02 +/- 1.03e-03 (Nevnt = 1902)
#Subprocess 38 (S,u -> nm,M,b,B)
 Cross section [pb] = 3.7239e-02 +/- 1.03e-03 (Nevnt = 1902)
#Subprocess 39 (S,u -> nl,L,b,B)
 Cross section [pb] = 3.7210e-02 +/- 1.03e-03 (Nevnt = 1901)
#Subprocess 40 (S,c -> ne,E,b,B)
 Cross section [pb] = 5.2601e-02 +/- 1.24e-03 (Nevnt = 2687)
#Subprocess 41 (S,c -> nm,M,b,B)
 Cross section [pb] = 5.2601e-02 +/- 1.24e-03 (Nevnt = 2687)
#Subprocess 42 (S,c -> nl,L,b,B)
 Cross section [pb] = 5.2561e-02 +/- 1.24e-03 (Nevnt = 2685)
#Subprocess 43 (C,d -> Ne,e,b,B)
 Cross section [pb] = 1.4734e-02 +/- 1.15e-03 (Nevnt = 753)
#Subprocess 44 (C,d -> Nm,m,b,B)
 Cross section [pb] = 1.4734e-02 +/- 1.15e-03 (Nevnt = 753)
#Subprocess 45 (C,d -> Nl,l,b,B)
 Cross section [pb] = 1.4722e-02 +/- 1.15e-03 (Nevnt = 752)
#Subprocess 46 (C,s -> Ne,e,b,B)
 Cross section [pb] = 5.2685e-02 +/- 1.31e-03 (Nevnt = 2691)
#Subprocess 47 (C,s -> Nm,m,b,B)
 Cross section [pb] = 5.2685e-02 +/- 1.31e-03 (Nevnt = 2691)
#Subprocess 48 (C,s -> Nl,l,b,B)
 Cross section [pb] = 5.2645e-02 +/- 1.31e-03 (Nevnt = 2689)

 Total cross section [pb]  = 9.7876e+00 +/- 8.08e-03 (Ntotal = 499993)
