#Subprocess 1 (u,D -> ne,E,b,B)
 Cross section [pb] = 2.4026e-01 +/- 1.52e-03 (Nevnt = 45253)
#Subprocess 2 (u,D -> nm,M,b,B)
 Cross section [pb] = 2.4026e-01 +/- 1.52e-03 (Nevnt = 45253)
#Subprocess 3 (u,D -> nl,L,b,B)
 Cross section [pb] = 2.4008e-01 +/- 1.51e-03 (Nevnt = 45219)
#Subprocess 4 (u,S -> ne,E,b,B)
 Cross section [pb] = 1.0006e-02 +/- 1.52e-03 (Nevnt = 1885)
#Subprocess 5 (u,S -> nm,M,b,B)
 Cross section [pb] = 1.0007e-02 +/- 1.52e-03 (Nevnt = 1885)
#Subprocess 6 (u,S -> nl,L,b,B)
 Cross section [pb] = 9.9923e-03 +/- 1.56e-03 (Nevnt = 1882)
#Subprocess 7 (d,U -> Ne,e,b,B)
 Cross section [pb] = 1.3120e-01 +/- 1.50e-03 (Nevnt = 24711)
#Subprocess 8 (d,U -> Nm,m,b,B)
 Cross section [pb] = 1.3120e-01 +/- 1.50e-03 (Nevnt = 24711)
#Subprocess 9 (d,U -> Nl,l,b,B)
 Cross section [pb] = 1.3109e-01 +/- 1.51e-03 (Nevnt = 24691)
#Subprocess 10 (d,C -> Ne,e,b,B)
 Cross section [pb] = 4.8685e-03 +/- 1.43e-03 (Nevnt = 917)
#Subprocess 11 (d,C -> Nm,m,b,B)
 Cross section [pb] = 4.8684e-03 +/- 1.43e-03 (Nevnt = 917)
#Subprocess 12 (d,C -> Nl,l,b,B)
 Cross section [pb] = 4.8648e-03 +/- 1.44e-03 (Nevnt = 916)
#Subprocess 13 (U,d -> Ne,e,b,B)
 Cross section [pb] = 1.3124e-01 +/- 1.52e-03 (Nevnt = 24720)
#Subprocess 14 (U,d -> Nm,m,b,B)
 Cross section [pb] = 1.3125e-01 +/- 1.52e-03 (Nevnt = 24720)
#Subprocess 15 (U,d -> Nl,l,b,B)
 Cross section [pb] = 1.3118e-01 +/- 1.52e-03 (Nevnt = 24707)
#Subprocess 16 (U,s -> Ne,e,b,B)
 Cross section [pb] = 2.1530e-03 +/- 1.54e-03 (Nevnt = 406)
#Subprocess 17 (U,s -> Nm,m,b,B)
 Cross section [pb] = 2.1530e-03 +/- 1.54e-03 (Nevnt = 406)
#Subprocess 18 (U,s -> Nl,l,b,B)
 Cross section [pb] = 2.1512e-03 +/- 1.54e-03 (Nevnt = 405)
#Subprocess 19 (D,u -> ne,E,b,B)
 Cross section [pb] = 2.3991e-01 +/- 1.40e-03 (Nevnt = 45186)
#Subprocess 20 (D,u -> nm,M,b,B)
 Cross section [pb] = 2.3991e-01 +/- 1.40e-03 (Nevnt = 45187)
#Subprocess 21 (D,u -> nl,L,b,B)
 Cross section [pb] = 2.3973e-01 +/- 1.40e-03 (Nevnt = 45153)
#Subprocess 22 (D,c -> ne,E,b,B)
 Cross section [pb] = 1.9438e-03 +/- 1.53e-03 (Nevnt = 366)
#Subprocess 23 (D,c -> nm,M,b,B)
 Cross section [pb] = 1.9438e-03 +/- 1.53e-03 (Nevnt = 366)
#Subprocess 24 (D,c -> nl,L,b,B)
 Cross section [pb] = 1.9423e-03 +/- 1.52e-03 (Nevnt = 366)
#Subprocess 25 (s,U -> Ne,e,b,B)
 Cross section [pb] = 2.1558e-03 +/- 1.46e-03 (Nevnt = 406)
#Subprocess 26 (s,U -> Nm,m,b,B)
 Cross section [pb] = 2.1556e-03 +/- 1.45e-03 (Nevnt = 406)
#Subprocess 27 (s,U -> Nl,l,b,B)
 Cross section [pb] = 2.1517e-03 +/- 1.45e-03 (Nevnt = 405)
#Subprocess 28 (s,C -> Ne,e,b,B)
 Cross section [pb] = 2.6115e-02 +/- 1.44e-03 (Nevnt = 4919)
#Subprocess 29 (s,C -> Nm,m,b,B)
 Cross section [pb] = 2.6115e-02 +/- 1.44e-03 (Nevnt = 4919)
#Subprocess 30 (s,C -> Nl,l,b,B)
 Cross section [pb] = 2.6100e-02 +/- 1.44e-03 (Nevnt = 4916)
#Subprocess 31 (c,D -> ne,E,b,B)
 Cross section [pb] = 1.9440e-03 +/- 1.57e-03 (Nevnt = 366)
#Subprocess 32 (c,D -> nm,M,b,B)
 Cross section [pb] = 1.9439e-03 +/- 1.57e-03 (Nevnt = 366)
#Subprocess 33 (c,D -> nl,L,b,B)
 Cross section [pb] = 1.9422e-03 +/- 1.58e-03 (Nevnt = 366)
#Subprocess 34 (c,S -> ne,E,b,B)
 Cross section [pb] = 2.6168e-02 +/- 1.57e-03 (Nevnt = 4929)
#Subprocess 35 (c,S -> nm,M,b,B)
 Cross section [pb] = 2.6168e-02 +/- 1.57e-03 (Nevnt = 4929)
#Subprocess 36 (c,S -> nl,L,b,B)
 Cross section [pb] = 2.6142e-02 +/- 1.56e-03 (Nevnt = 4924)
#Subprocess 37 (S,u -> ne,E,b,B)
 Cross section [pb] = 9.9763e-03 +/- 1.43e-03 (Nevnt = 1879)
#Subprocess 38 (S,u -> nm,M,b,B)
 Cross section [pb] = 9.9763e-03 +/- 1.43e-03 (Nevnt = 1879)
#Subprocess 39 (S,u -> nl,L,b,B)
 Cross section [pb] = 9.9685e-03 +/- 1.43e-03 (Nevnt = 1878)
#Subprocess 40 (S,c -> ne,E,b,B)
 Cross section [pb] = 2.6115e-02 +/- 1.44e-03 (Nevnt = 4919)
#Subprocess 41 (S,c -> nm,M,b,B)
 Cross section [pb] = 2.6115e-02 +/- 1.44e-03 (Nevnt = 4919)
#Subprocess 42 (S,c -> nl,L,b,B)
 Cross section [pb] = 2.6100e-02 +/- 1.44e-03 (Nevnt = 4916)
#Subprocess 43 (C,d -> Ne,e,b,B)
 Cross section [pb] = 4.8728e-03 +/- 1.50e-03 (Nevnt = 918)
#Subprocess 44 (C,d -> Nm,m,b,B)
 Cross section [pb] = 4.8728e-03 +/- 1.50e-03 (Nevnt = 918)
#Subprocess 45 (C,d -> Nl,l,b,B)
 Cross section [pb] = 4.8690e-03 +/- 1.49e-03 (Nevnt = 917)
#Subprocess 46 (C,s -> Ne,e,b,B)
 Cross section [pb] = 2.6168e-02 +/- 1.57e-03 (Nevnt = 4929)
#Subprocess 47 (C,s -> Nm,m,b,B)
 Cross section [pb] = 2.6168e-02 +/- 1.57e-03 (Nevnt = 4929)
#Subprocess 48 (C,s -> Nl,l,b,B)
 Cross section [pb] = 2.6142e-02 +/- 1.56e-03 (Nevnt = 4924)

 Total cross section [pb]  = 2.6547e+00 +/- 1.04e-02 (Ntotal = 500004)
