#Subprocess 1 (u,D -> ne,E,b,B)
 Cross section [pb] = 2.2500e-01 +/- 1.48e-03 (Nevnt = 43840)
#Subprocess 2 (u,D -> nm,M,b,B)
 Cross section [pb] = 2.2501e-01 +/- 1.48e-03 (Nevnt = 43841)
#Subprocess 3 (u,D -> nl,L,b,B)
 Cross section [pb] = 2.2490e-01 +/- 1.49e-03 (Nevnt = 43819)
#Subprocess 4 (u,S -> ne,E,b,B)
 Cross section [pb] = 9.7297e-03 +/- 1.50e-03 (Nevnt = 1896)
#Subprocess 5 (u,S -> nm,M,b,B)
 Cross section [pb] = 9.7296e-03 +/- 1.50e-03 (Nevnt = 1896)
#Subprocess 6 (u,S -> nl,L,b,B)
 Cross section [pb] = 9.7232e-03 +/- 1.49e-03 (Nevnt = 1894)
#Subprocess 7 (d,U -> Ne,e,b,B)
 Cross section [pb] = 1.2871e-01 +/- 1.31e-03 (Nevnt = 25078)
#Subprocess 8 (d,U -> Nm,m,b,B)
 Cross section [pb] = 1.2871e-01 +/- 1.31e-03 (Nevnt = 25078)
#Subprocess 9 (d,U -> Nl,l,b,B)
 Cross section [pb] = 1.2863e-01 +/- 1.32e-03 (Nevnt = 25062)
#Subprocess 10 (d,C -> Ne,e,b,B)
 Cross section [pb] = 4.9552e-03 +/- 1.36e-03 (Nevnt = 965)
#Subprocess 11 (d,C -> Nm,m,b,B)
 Cross section [pb] = 4.9551e-03 +/- 1.36e-03 (Nevnt = 965)
#Subprocess 12 (d,C -> Nl,l,b,B)
 Cross section [pb] = 4.9515e-03 +/- 1.36e-03 (Nevnt = 965)
#Subprocess 13 (U,d -> Ne,e,b,B)
 Cross section [pb] = 1.2870e-01 +/- 1.44e-03 (Nevnt = 25077)
#Subprocess 14 (U,d -> Nm,m,b,B)
 Cross section [pb] = 1.2870e-01 +/- 1.44e-03 (Nevnt = 25077)
#Subprocess 15 (U,d -> Nl,l,b,B)
 Cross section [pb] = 1.2860e-01 +/- 1.44e-03 (Nevnt = 25057)
#Subprocess 16 (U,s -> Ne,e,b,B)
 Cross section [pb] = 2.2327e-03 +/- 1.96e-03 (Nevnt = 435)
#Subprocess 17 (U,s -> Nm,m,b,B)
 Cross section [pb] = 2.2328e-03 +/- 1.96e-03 (Nevnt = 435)
#Subprocess 18 (U,s -> Nl,l,b,B)
 Cross section [pb] = 2.2324e-03 +/- 1.94e-03 (Nevnt = 435)
#Subprocess 19 (D,u -> ne,E,b,B)
 Cross section [pb] = 2.2481e-01 +/- 1.42e-03 (Nevnt = 43802)
#Subprocess 20 (D,u -> nm,M,b,B)
 Cross section [pb] = 2.2481e-01 +/- 1.42e-03 (Nevnt = 43802)
#Subprocess 21 (D,u -> nl,L,b,B)
 Cross section [pb] = 2.2466e-01 +/- 1.43e-03 (Nevnt = 43773)
#Subprocess 22 (D,c -> ne,E,b,B)
 Cross section [pb] = 2.0348e-03 +/- 1.50e-03 (Nevnt = 396)
#Subprocess 23 (D,c -> nm,M,b,B)
 Cross section [pb] = 2.0348e-03 +/- 1.50e-03 (Nevnt = 396)
#Subprocess 24 (D,c -> nl,L,b,B)
 Cross section [pb] = 2.0327e-03 +/- 1.51e-03 (Nevnt = 396)
#Subprocess 25 (s,U -> Ne,e,b,B)
 Cross section [pb] = 2.2377e-03 +/- 1.42e-03 (Nevnt = 436)
#Subprocess 26 (s,U -> Nm,m,b,B)
 Cross section [pb] = 2.2377e-03 +/- 1.42e-03 (Nevnt = 436)
#Subprocess 27 (s,U -> Nl,l,b,B)
 Cross section [pb] = 2.2353e-03 +/- 1.36e-03 (Nevnt = 436)
#Subprocess 28 (s,C -> Ne,e,b,B)
 Cross section [pb] = 2.7609e-02 +/- 1.37e-03 (Nevnt = 5379)
#Subprocess 29 (s,C -> Nm,m,b,B)
 Cross section [pb] = 2.7608e-02 +/- 1.36e-03 (Nevnt = 5379)
#Subprocess 30 (s,C -> Nl,l,b,B)
 Cross section [pb] = 2.7581e-02 +/- 1.35e-03 (Nevnt = 5374)
#Subprocess 31 (c,D -> ne,E,b,B)
 Cross section [pb] = 2.0331e-03 +/- 1.58e-03 (Nevnt = 396)
#Subprocess 32 (c,D -> nm,M,b,B)
 Cross section [pb] = 2.0330e-03 +/- 1.58e-03 (Nevnt = 396)
#Subprocess 33 (c,D -> nl,L,b,B)
 Cross section [pb] = 2.0306e-03 +/- 1.59e-03 (Nevnt = 396)
#Subprocess 34 (c,S -> ne,E,b,B)
 Cross section [pb] = 2.7616e-02 +/- 1.77e-03 (Nevnt = 5381)
#Subprocess 35 (c,S -> nm,M,b,B)
 Cross section [pb] = 2.7616e-02 +/- 1.77e-03 (Nevnt = 5381)
#Subprocess 36 (c,S -> nl,L,b,B)
 Cross section [pb] = 2.7595e-02 +/- 1.75e-03 (Nevnt = 5377)
#Subprocess 37 (S,u -> ne,E,b,B)
 Cross section [pb] = 9.7279e-03 +/- 1.37e-03 (Nevnt = 1895)
#Subprocess 38 (S,u -> nm,M,b,B)
 Cross section [pb] = 9.7279e-03 +/- 1.37e-03 (Nevnt = 1895)
#Subprocess 39 (S,u -> nl,L,b,B)
 Cross section [pb] = 9.7222e-03 +/- 1.39e-03 (Nevnt = 1894)
#Subprocess 40 (S,c -> ne,E,b,B)
 Cross section [pb] = 2.7609e-02 +/- 1.37e-03 (Nevnt = 5379)
#Subprocess 41 (S,c -> nm,M,b,B)
 Cross section [pb] = 2.7608e-02 +/- 1.36e-03 (Nevnt = 5379)
#Subprocess 42 (S,c -> nl,L,b,B)
 Cross section [pb] = 2.7581e-02 +/- 1.35e-03 (Nevnt = 5374)
#Subprocess 43 (C,d -> Ne,e,b,B)
 Cross section [pb] = 4.9594e-03 +/- 1.45e-03 (Nevnt = 966)
#Subprocess 44 (C,d -> Nm,m,b,B)
 Cross section [pb] = 4.9594e-03 +/- 1.45e-03 (Nevnt = 966)
#Subprocess 45 (C,d -> Nl,l,b,B)
 Cross section [pb] = 4.9561e-03 +/- 1.44e-03 (Nevnt = 966)
#Subprocess 46 (C,s -> Ne,e,b,B)
 Cross section [pb] = 2.7616e-02 +/- 1.77e-03 (Nevnt = 5381)
#Subprocess 47 (C,s -> Nm,m,b,B)
 Cross section [pb] = 2.7616e-02 +/- 1.77e-03 (Nevnt = 5381)
#Subprocess 48 (C,s -> Nl,l,b,B)
 Cross section [pb] = 2.7595e-02 +/- 1.75e-03 (Nevnt = 5377)

 Total cross section [pb]  = 2.5662e+00 +/- 1.05e-02 (Ntotal = 500000)
