#Subprocess 1 (u,D -> ne,E,b,B)
 Cross section [pb] = 2.2673e-01 +/- 1.41e-03 (Nevnt = 43800)
#Subprocess 2 (u,D -> nm,M,b,B)
 Cross section [pb] = 2.2674e-01 +/- 1.41e-03 (Nevnt = 43801)
#Subprocess 3 (u,D -> nl,L,b,B)
 Cross section [pb] = 2.2664e-01 +/- 1.44e-03 (Nevnt = 43782)
#Subprocess 4 (u,S -> ne,E,b,B)
 Cross section [pb] = 9.8273e-03 +/- 1.45e-03 (Nevnt = 1898)
#Subprocess 5 (u,S -> nm,M,b,B)
 Cross section [pb] = 9.8272e-03 +/- 1.45e-03 (Nevnt = 1898)
#Subprocess 6 (u,S -> nl,L,b,B)
 Cross section [pb] = 9.8195e-03 +/- 1.45e-03 (Nevnt = 1897)
#Subprocess 7 (d,U -> Ne,e,b,B)
 Cross section [pb] = 1.2962e-01 +/- 1.30e-03 (Nevnt = 25040)
#Subprocess 8 (d,U -> Nm,m,b,B)
 Cross section [pb] = 1.2962e-01 +/- 1.30e-03 (Nevnt = 25040)
#Subprocess 9 (d,U -> Nl,l,b,B)
 Cross section [pb] = 1.2952e-01 +/- 1.30e-03 (Nevnt = 25021)
#Subprocess 10 (d,C -> Ne,e,b,B)
 Cross section [pb] = 5.0087e-03 +/- 1.34e-03 (Nevnt = 968)
#Subprocess 11 (d,C -> Nm,m,b,B)
 Cross section [pb] = 5.0087e-03 +/- 1.34e-03 (Nevnt = 968)
#Subprocess 12 (d,C -> Nl,l,b,B)
 Cross section [pb] = 5.0053e-03 +/- 1.34e-03 (Nevnt = 967)
#Subprocess 13 (U,d -> Ne,e,b,B)
 Cross section [pb] = 1.2973e-01 +/- 1.42e-03 (Nevnt = 25062)
#Subprocess 14 (U,d -> Nm,m,b,B)
 Cross section [pb] = 1.2973e-01 +/- 1.42e-03 (Nevnt = 25062)
#Subprocess 15 (U,d -> Nl,l,b,B)
 Cross section [pb] = 1.2964e-01 +/- 1.42e-03 (Nevnt = 25043)
#Subprocess 16 (U,s -> Ne,e,b,B)
 Cross section [pb] = 2.2588e-03 +/- 1.92e-03 (Nevnt = 436)
#Subprocess 17 (U,s -> Nm,m,b,B)
 Cross section [pb] = 2.2586e-03 +/- 1.92e-03 (Nevnt = 436)
#Subprocess 18 (U,s -> Nl,l,b,B)
 Cross section [pb] = 2.2556e-03 +/- 1.87e-03 (Nevnt = 436)
#Subprocess 19 (D,u -> ne,E,b,B)
 Cross section [pb] = 2.2651e-01 +/- 1.37e-03 (Nevnt = 43757)
#Subprocess 20 (D,u -> nm,M,b,B)
 Cross section [pb] = 2.2651e-01 +/- 1.37e-03 (Nevnt = 43757)
#Subprocess 21 (D,u -> nl,L,b,B)
 Cross section [pb] = 2.2633e-01 +/- 1.37e-03 (Nevnt = 43721)
#Subprocess 22 (D,c -> ne,E,b,B)
 Cross section [pb] = 2.0592e-03 +/- 1.53e-03 (Nevnt = 398)
#Subprocess 23 (D,c -> nm,M,b,B)
 Cross section [pb] = 2.0592e-03 +/- 1.53e-03 (Nevnt = 398)
#Subprocess 24 (D,c -> nl,L,b,B)
 Cross section [pb] = 2.0577e-03 +/- 1.52e-03 (Nevnt = 397)
#Subprocess 25 (s,U -> Ne,e,b,B)
 Cross section [pb] = 2.2612e-03 +/- 1.47e-03 (Nevnt = 437)
#Subprocess 26 (s,U -> Nm,m,b,B)
 Cross section [pb] = 2.2612e-03 +/- 1.47e-03 (Nevnt = 437)
#Subprocess 27 (s,U -> Nl,l,b,B)
 Cross section [pb] = 2.2595e-03 +/- 1.41e-03 (Nevnt = 436)
#Subprocess 28 (s,C -> Ne,e,b,B)
 Cross section [pb] = 2.8007e-02 +/- 1.39e-03 (Nevnt = 5410)
#Subprocess 29 (s,C -> Nm,m,b,B)
 Cross section [pb] = 2.8007e-02 +/- 1.39e-03 (Nevnt = 5410)
#Subprocess 30 (s,C -> Nl,l,b,B)
 Cross section [pb] = 2.7984e-02 +/- 1.38e-03 (Nevnt = 5406)
#Subprocess 31 (c,D -> ne,E,b,B)
 Cross section [pb] = 2.0582e-03 +/- 1.64e-03 (Nevnt = 398)
#Subprocess 32 (c,D -> nm,M,b,B)
 Cross section [pb] = 2.0582e-03 +/- 1.64e-03 (Nevnt = 398)
#Subprocess 33 (c,D -> nl,L,b,B)
 Cross section [pb] = 2.0563e-03 +/- 1.64e-03 (Nevnt = 397)
#Subprocess 34 (c,S -> ne,E,b,B)
 Cross section [pb] = 2.8020e-02 +/- 1.78e-03 (Nevnt = 5413)
#Subprocess 35 (c,S -> nm,M,b,B)
 Cross section [pb] = 2.8020e-02 +/- 1.77e-03 (Nevnt = 5413)
#Subprocess 36 (c,S -> nl,L,b,B)
 Cross section [pb] = 2.7999e-02 +/- 1.76e-03 (Nevnt = 5409)
#Subprocess 37 (S,u -> ne,E,b,B)
 Cross section [pb] = 9.8175e-03 +/- 1.31e-03 (Nevnt = 1897)
#Subprocess 38 (S,u -> nm,M,b,B)
 Cross section [pb] = 9.8175e-03 +/- 1.31e-03 (Nevnt = 1897)
#Subprocess 39 (S,u -> nl,L,b,B)
 Cross section [pb] = 9.8101e-03 +/- 1.32e-03 (Nevnt = 1895)
#Subprocess 40 (S,c -> ne,E,b,B)
 Cross section [pb] = 2.8007e-02 +/- 1.39e-03 (Nevnt = 5410)
#Subprocess 41 (S,c -> nm,M,b,B)
 Cross section [pb] = 2.8007e-02 +/- 1.39e-03 (Nevnt = 5410)
#Subprocess 42 (S,c -> nl,L,b,B)
 Cross section [pb] = 2.7984e-02 +/- 1.38e-03 (Nevnt = 5406)
#Subprocess 43 (C,d -> Ne,e,b,B)
 Cross section [pb] = 5.0129e-03 +/- 1.43e-03 (Nevnt = 968)
#Subprocess 44 (C,d -> Nm,m,b,B)
 Cross section [pb] = 5.0129e-03 +/- 1.43e-03 (Nevnt = 968)
#Subprocess 45 (C,d -> Nl,l,b,B)
 Cross section [pb] = 5.0092e-03 +/- 1.43e-03 (Nevnt = 968)
#Subprocess 46 (C,s -> Ne,e,b,B)
 Cross section [pb] = 2.8020e-02 +/- 1.78e-03 (Nevnt = 5413)
#Subprocess 47 (C,s -> Nm,m,b,B)
 Cross section [pb] = 2.8020e-02 +/- 1.77e-03 (Nevnt = 5413)
#Subprocess 48 (C,s -> Nl,l,b,B)
 Cross section [pb] = 2.7999e-02 +/- 1.76e-03 (Nevnt = 5409)

 Total cross section [pb]  = 2.5883e+00 +/- 1.04e-02 (Ntotal = 500001)
