#Subprocess 1 (u,D -> ne,E,b,B)
 Cross section [pb] = 2.4940e-01 +/- 1.63e-03 (Nevnt = 45493)
#Subprocess 2 (u,D -> nm,M,b,B)
 Cross section [pb] = 2.4940e-01 +/- 1.63e-03 (Nevnt = 45493)
#Subprocess 3 (u,D -> nl,L,b,B)
 Cross section [pb] = 2.4917e-01 +/- 1.63e-03 (Nevnt = 45451)
#Subprocess 4 (u,S -> ne,E,b,B)
 Cross section [pb] = 1.0338e-02 +/- 1.60e-03 (Nevnt = 1886)
#Subprocess 5 (u,S -> nm,M,b,B)
 Cross section [pb] = 1.0338e-02 +/- 1.60e-03 (Nevnt = 1886)
#Subprocess 6 (u,S -> nl,L,b,B)
 Cross section [pb] = 1.0329e-02 +/- 1.62e-03 (Nevnt = 1884)
#Subprocess 7 (d,U -> Ne,e,b,B)
 Cross section [pb] = 1.3472e-01 +/- 1.49e-03 (Nevnt = 24574)
#Subprocess 8 (d,U -> Nm,m,b,B)
 Cross section [pb] = 1.3472e-01 +/- 1.49e-03 (Nevnt = 24574)
#Subprocess 9 (d,U -> Nl,l,b,B)
 Cross section [pb] = 1.3461e-01 +/- 1.49e-03 (Nevnt = 24555)
#Subprocess 10 (d,C -> Ne,e,b,B)
 Cross section [pb] = 5.0037e-03 +/- 1.48e-03 (Nevnt = 913)
#Subprocess 11 (d,C -> Nm,m,b,B)
 Cross section [pb] = 5.0036e-03 +/- 1.48e-03 (Nevnt = 913)
#Subprocess 12 (d,C -> Nl,l,b,B)
 Cross section [pb] = 4.9981e-03 +/- 1.50e-03 (Nevnt = 912)
#Subprocess 13 (U,d -> Ne,e,b,B)
 Cross section [pb] = 1.3506e-01 +/- 1.57e-03 (Nevnt = 24637)
#Subprocess 14 (U,d -> Nm,m,b,B)
 Cross section [pb] = 1.3507e-01 +/- 1.57e-03 (Nevnt = 24637)
#Subprocess 15 (U,d -> Nl,l,b,B)
 Cross section [pb] = 1.3508e-01 +/- 1.70e-03 (Nevnt = 24641)
#Subprocess 16 (U,s -> Ne,e,b,B)
 Cross section [pb] = 2.2012e-03 +/- 1.62e-03 (Nevnt = 402)
#Subprocess 17 (U,s -> Nm,m,b,B)
 Cross section [pb] = 2.2012e-03 +/- 1.62e-03 (Nevnt = 402)
#Subprocess 18 (U,s -> Nl,l,b,B)
 Cross section [pb] = 2.1995e-03 +/- 1.62e-03 (Nevnt = 401)
#Subprocess 19 (D,u -> ne,E,b,B)
 Cross section [pb] = 2.4896e-01 +/- 1.52e-03 (Nevnt = 45412)
#Subprocess 20 (D,u -> nm,M,b,B)
 Cross section [pb] = 2.4895e-01 +/- 1.52e-03 (Nevnt = 45412)
#Subprocess 21 (D,u -> nl,L,b,B)
 Cross section [pb] = 2.4876e-01 +/- 1.52e-03 (Nevnt = 45377)
#Subprocess 22 (D,c -> ne,E,b,B)
 Cross section [pb] = 1.9778e-03 +/- 1.56e-03 (Nevnt = 361)
#Subprocess 23 (D,c -> nm,M,b,B)
 Cross section [pb] = 1.9778e-03 +/- 1.56e-03 (Nevnt = 361)
#Subprocess 24 (D,c -> nl,L,b,B)
 Cross section [pb] = 1.9768e-03 +/- 1.56e-03 (Nevnt = 361)
#Subprocess 25 (s,U -> Ne,e,b,B)
 Cross section [pb] = 2.1954e-03 +/- 1.62e-03 (Nevnt = 400)
#Subprocess 26 (s,U -> Nm,m,b,B)
 Cross section [pb] = 2.1951e-03 +/- 1.63e-03 (Nevnt = 400)
#Subprocess 27 (s,U -> Nl,l,b,B)
 Cross section [pb] = 2.1934e-03 +/- 1.69e-03 (Nevnt = 400)
#Subprocess 28 (s,C -> Ne,e,b,B)
 Cross section [pb] = 2.6651e-02 +/- 1.59e-03 (Nevnt = 4861)
#Subprocess 29 (s,C -> Nm,m,b,B)
 Cross section [pb] = 2.6651e-02 +/- 1.59e-03 (Nevnt = 4861)
#Subprocess 30 (s,C -> Nl,l,b,B)
 Cross section [pb] = 2.6633e-02 +/- 1.56e-03 (Nevnt = 4858)
#Subprocess 31 (c,D -> ne,E,b,B)
 Cross section [pb] = 1.9838e-03 +/- 1.59e-03 (Nevnt = 362)
#Subprocess 32 (c,D -> nm,M,b,B)
 Cross section [pb] = 1.9838e-03 +/- 1.58e-03 (Nevnt = 362)
#Subprocess 33 (c,D -> nl,L,b,B)
 Cross section [pb] = 1.9828e-03 +/- 1.58e-03 (Nevnt = 362)
#Subprocess 34 (c,S -> ne,E,b,B)
 Cross section [pb] = 2.6733e-02 +/- 1.61e-03 (Nevnt = 4876)
#Subprocess 35 (c,S -> nm,M,b,B)
 Cross section [pb] = 2.6733e-02 +/- 1.61e-03 (Nevnt = 4876)
#Subprocess 36 (c,S -> nl,L,b,B)
 Cross section [pb] = 2.6694e-02 +/- 1.60e-03 (Nevnt = 4869)
#Subprocess 37 (S,u -> ne,E,b,B)
 Cross section [pb] = 1.0302e-02 +/- 1.57e-03 (Nevnt = 1879)
#Subprocess 38 (S,u -> nm,M,b,B)
 Cross section [pb] = 1.0302e-02 +/- 1.57e-03 (Nevnt = 1879)
#Subprocess 39 (S,u -> nl,L,b,B)
 Cross section [pb] = 1.0294e-02 +/- 1.58e-03 (Nevnt = 1878)
#Subprocess 40 (S,c -> ne,E,b,B)
 Cross section [pb] = 2.6651e-02 +/- 1.59e-03 (Nevnt = 4861)
#Subprocess 41 (S,c -> nm,M,b,B)
 Cross section [pb] = 2.6651e-02 +/- 1.59e-03 (Nevnt = 4861)
#Subprocess 42 (S,c -> nl,L,b,B)
 Cross section [pb] = 2.6633e-02 +/- 1.56e-03 (Nevnt = 4858)
#Subprocess 43 (C,d -> Ne,e,b,B)
 Cross section [pb] = 4.9994e-03 +/- 1.58e-03 (Nevnt = 912)
#Subprocess 44 (C,d -> Nm,m,b,B)
 Cross section [pb] = 4.9994e-03 +/- 1.58e-03 (Nevnt = 912)
#Subprocess 45 (C,d -> Nl,l,b,B)
 Cross section [pb] = 4.9954e-03 +/- 1.57e-03 (Nevnt = 911)
#Subprocess 46 (C,s -> Ne,e,b,B)
 Cross section [pb] = 2.6733e-02 +/- 1.61e-03 (Nevnt = 4876)
#Subprocess 47 (C,s -> Nm,m,b,B)
 Cross section [pb] = 2.6733e-02 +/- 1.61e-03 (Nevnt = 4876)
#Subprocess 48 (C,s -> Nl,l,b,B)
 Cross section [pb] = 2.6694e-02 +/- 1.60e-03 (Nevnt = 4869)

 Total cross section [pb]  = 2.7411e+00 +/- 1.10e-02 (Ntotal = 499997)
