#Subprocess 1 (u,D -> ne,E,b,B)
 Cross section [pb] = 2.2521e-01 +/- 1.50e-03 (Nevnt = 43828)
#Subprocess 2 (u,D -> nm,M,b,B)
 Cross section [pb] = 2.2518e-01 +/- 1.51e-03 (Nevnt = 43822)
#Subprocess 3 (u,D -> nl,L,b,B)
 Cross section [pb] = 2.2503e-01 +/- 1.48e-03 (Nevnt = 43792)
#Subprocess 4 (u,S -> ne,E,b,B)
 Cross section [pb] = 9.7387e-03 +/- 1.46e-03 (Nevnt = 1895)
#Subprocess 5 (u,S -> nm,M,b,B)
 Cross section [pb] = 9.7388e-03 +/- 1.47e-03 (Nevnt = 1895)
#Subprocess 6 (u,S -> nl,L,b,B)
 Cross section [pb] = 9.7322e-03 +/- 1.46e-03 (Nevnt = 1894)
#Subprocess 7 (d,U -> Ne,e,b,B)
 Cross section [pb] = 1.2881e-01 +/- 1.30e-03 (Nevnt = 25067)
#Subprocess 8 (d,U -> Nm,m,b,B)
 Cross section [pb] = 1.2881e-01 +/- 1.30e-03 (Nevnt = 25067)
#Subprocess 9 (d,U -> Nl,l,b,B)
 Cross section [pb] = 1.2871e-01 +/- 1.30e-03 (Nevnt = 25049)
#Subprocess 10 (d,C -> Ne,e,b,B)
 Cross section [pb] = 4.9638e-03 +/- 1.36e-03 (Nevnt = 966)
#Subprocess 11 (d,C -> Nm,m,b,B)
 Cross section [pb] = 4.9638e-03 +/- 1.36e-03 (Nevnt = 966)
#Subprocess 12 (d,C -> Nl,l,b,B)
 Cross section [pb] = 4.9602e-03 +/- 1.36e-03 (Nevnt = 965)
#Subprocess 13 (U,d -> Ne,e,b,B)
 Cross section [pb] = 1.2888e-01 +/- 1.43e-03 (Nevnt = 25081)
#Subprocess 14 (U,d -> Nm,m,b,B)
 Cross section [pb] = 1.2888e-01 +/- 1.43e-03 (Nevnt = 25081)
#Subprocess 15 (U,d -> Nl,l,b,B)
 Cross section [pb] = 1.2878e-01 +/- 1.43e-03 (Nevnt = 25062)
#Subprocess 16 (U,s -> Ne,e,b,B)
 Cross section [pb] = 2.2375e-03 +/- 1.94e-03 (Nevnt = 435)
#Subprocess 17 (U,s -> Nm,m,b,B)
 Cross section [pb] = 2.2376e-03 +/- 1.94e-03 (Nevnt = 435)
#Subprocess 18 (U,s -> Nl,l,b,B)
 Cross section [pb] = 2.2370e-03 +/- 1.92e-03 (Nevnt = 435)
#Subprocess 19 (D,u -> ne,E,b,B)
 Cross section [pb] = 2.2510e-01 +/- 1.41e-03 (Nevnt = 43806)
#Subprocess 20 (D,u -> nm,M,b,B)
 Cross section [pb] = 2.2510e-01 +/- 1.41e-03 (Nevnt = 43806)
#Subprocess 21 (D,u -> nl,L,b,B)
 Cross section [pb] = 2.2496e-01 +/- 1.42e-03 (Nevnt = 43778)
#Subprocess 22 (D,c -> ne,E,b,B)
 Cross section [pb] = 2.0369e-03 +/- 1.54e-03 (Nevnt = 396)
#Subprocess 23 (D,c -> nm,M,b,B)
 Cross section [pb] = 2.0369e-03 +/- 1.54e-03 (Nevnt = 396)
#Subprocess 24 (D,c -> nl,L,b,B)
 Cross section [pb] = 2.0345e-03 +/- 1.55e-03 (Nevnt = 396)
#Subprocess 25 (s,U -> Ne,e,b,B)
 Cross section [pb] = 2.2409e-03 +/- 1.45e-03 (Nevnt = 436)
#Subprocess 26 (s,U -> Nm,m,b,B)
 Cross section [pb] = 2.2409e-03 +/- 1.45e-03 (Nevnt = 436)
#Subprocess 27 (s,U -> Nl,l,b,B)
 Cross section [pb] = 2.2384e-03 +/- 1.39e-03 (Nevnt = 436)
#Subprocess 28 (s,C -> Ne,e,b,B)
 Cross section [pb] = 2.7663e-02 +/- 1.38e-03 (Nevnt = 5383)
#Subprocess 29 (s,C -> Nm,m,b,B)
 Cross section [pb] = 2.7663e-02 +/- 1.38e-03 (Nevnt = 5383)
#Subprocess 30 (s,C -> Nl,l,b,B)
 Cross section [pb] = 2.7638e-02 +/- 1.36e-03 (Nevnt = 5379)
#Subprocess 31 (c,D -> ne,E,b,B)
 Cross section [pb] = 2.0364e-03 +/- 1.61e-03 (Nevnt = 396)
#Subprocess 32 (c,D -> nm,M,b,B)
 Cross section [pb] = 2.0363e-03 +/- 1.61e-03 (Nevnt = 396)
#Subprocess 33 (c,D -> nl,L,b,B)
 Cross section [pb] = 2.0339e-03 +/- 1.62e-03 (Nevnt = 396)
#Subprocess 34 (c,S -> ne,E,b,B)
 Cross section [pb] = 2.7676e-02 +/- 1.77e-03 (Nevnt = 5386)
#Subprocess 35 (c,S -> nm,M,b,B)
 Cross section [pb] = 2.7676e-02 +/- 1.77e-03 (Nevnt = 5386)
#Subprocess 36 (c,S -> nl,L,b,B)
 Cross section [pb] = 2.7655e-02 +/- 1.75e-03 (Nevnt = 5382)
#Subprocess 37 (S,u -> ne,E,b,B)
 Cross section [pb] = 9.7488e-03 +/- 1.42e-03 (Nevnt = 1897)
#Subprocess 38 (S,u -> nm,M,b,B)
 Cross section [pb] = 9.7489e-03 +/- 1.43e-03 (Nevnt = 1897)
#Subprocess 39 (S,u -> nl,L,b,B)
 Cross section [pb] = 9.7426e-03 +/- 1.47e-03 (Nevnt = 1896)
#Subprocess 40 (S,c -> ne,E,b,B)
 Cross section [pb] = 2.7663e-02 +/- 1.38e-03 (Nevnt = 5383)
#Subprocess 41 (S,c -> nm,M,b,B)
 Cross section [pb] = 2.7663e-02 +/- 1.38e-03 (Nevnt = 5383)
#Subprocess 42 (S,c -> nl,L,b,B)
 Cross section [pb] = 2.7638e-02 +/- 1.36e-03 (Nevnt = 5379)
#Subprocess 43 (C,d -> Ne,e,b,B)
 Cross section [pb] = 4.9677e-03 +/- 1.45e-03 (Nevnt = 967)
#Subprocess 44 (C,d -> Nm,m,b,B)
 Cross section [pb] = 4.9677e-03 +/- 1.45e-03 (Nevnt = 967)
#Subprocess 45 (C,d -> Nl,l,b,B)
 Cross section [pb] = 4.9646e-03 +/- 1.44e-03 (Nevnt = 966)
#Subprocess 46 (C,s -> Ne,e,b,B)
 Cross section [pb] = 2.7676e-02 +/- 1.77e-03 (Nevnt = 5386)
#Subprocess 47 (C,s -> Nm,m,b,B)
 Cross section [pb] = 2.7676e-02 +/- 1.77e-03 (Nevnt = 5386)
#Subprocess 48 (C,s -> Nl,l,b,B)
 Cross section [pb] = 2.7655e-02 +/- 1.75e-03 (Nevnt = 5382)

 Total cross section [pb]  = 2.5693e+00 +/- 1.05e-02 (Ntotal = 499997)
