#Subprocess 1 (u,D -> ne,E,b,B)
 Cross section [pb] = 3.7936e-01 +/- 1.48e-03 (Nevnt = 48769)
#Subprocess 2 (u,D -> nm,M,b,B)
 Cross section [pb] = 3.7936e-01 +/- 1.48e-03 (Nevnt = 48769)
#Subprocess 3 (u,D -> nl,L,b,B)
 Cross section [pb] = 3.7909e-01 +/- 1.48e-03 (Nevnt = 48735)
#Subprocess 4 (u,S -> ne,E,b,B)
 Cross section [pb] = 1.4652e-02 +/- 1.40e-03 (Nevnt = 1884)
#Subprocess 5 (u,S -> nm,M,b,B)
 Cross section [pb] = 1.4652e-02 +/- 1.40e-03 (Nevnt = 1884)
#Subprocess 6 (u,S -> nl,L,b,B)
 Cross section [pb] = 1.4642e-02 +/- 1.40e-03 (Nevnt = 1882)
#Subprocess 7 (d,U -> Ne,e,b,B)
 Cross section [pb] = 1.8716e-01 +/- 1.23e-03 (Nevnt = 24061)
#Subprocess 8 (d,U -> Nm,m,b,B)
 Cross section [pb] = 1.8716e-01 +/- 1.23e-03 (Nevnt = 24061)
#Subprocess 9 (d,U -> Nl,l,b,B)
 Cross section [pb] = 1.8702e-01 +/- 1.23e-03 (Nevnt = 24043)
#Subprocess 10 (d,C -> Ne,e,b,B)
 Cross section [pb] = 6.3018e-03 +/- 1.30e-03 (Nevnt = 810)
#Subprocess 11 (d,C -> Nm,m,b,B)
 Cross section [pb] = 6.3017e-03 +/- 1.30e-03 (Nevnt = 810)
#Subprocess 12 (d,C -> Nl,l,b,B)
 Cross section [pb] = 6.2968e-03 +/- 1.30e-03 (Nevnt = 809)
#Subprocess 13 (U,d -> Ne,e,b,B)
 Cross section [pb] = 1.8722e-01 +/- 1.42e-03 (Nevnt = 24068)
#Subprocess 14 (U,d -> Nm,m,b,B)
 Cross section [pb] = 1.8722e-01 +/- 1.42e-03 (Nevnt = 24068)
#Subprocess 15 (U,d -> Nl,l,b,B)
 Cross section [pb] = 1.8706e-01 +/- 1.42e-03 (Nevnt = 24047)
#Subprocess 16 (U,s -> Ne,e,b,B)
 Cross section [pb] = 2.4773e-03 +/- 1.59e-03 (Nevnt = 318)
#Subprocess 17 (U,s -> Nm,m,b,B)
 Cross section [pb] = 2.4773e-03 +/- 1.59e-03 (Nevnt = 318)
#Subprocess 18 (U,s -> Nl,l,b,B)
 Cross section [pb] = 2.4755e-03 +/- 1.59e-03 (Nevnt = 318)
#Subprocess 19 (D,u -> ne,E,b,B)
 Cross section [pb] = 3.7902e-01 +/- 1.20e-03 (Nevnt = 48726)
#Subprocess 20 (D,u -> nm,M,b,B)
 Cross section [pb] = 3.7902e-01 +/- 1.20e-03 (Nevnt = 48726)
#Subprocess 21 (D,u -> nl,L,b,B)
 Cross section [pb] = 3.7874e-01 +/- 1.20e-03 (Nevnt = 48690)
#Subprocess 22 (D,c -> ne,E,b,B)
 Cross section [pb] = 2.1720e-03 +/- 1.60e-03 (Nevnt = 279)
#Subprocess 23 (D,c -> nm,M,b,B)
 Cross section [pb] = 2.1719e-03 +/- 1.60e-03 (Nevnt = 279)
#Subprocess 24 (D,c -> nl,L,b,B)
 Cross section [pb] = 2.1701e-03 +/- 1.60e-03 (Nevnt = 279)
#Subprocess 25 (s,U -> Ne,e,b,B)
 Cross section [pb] = 2.4796e-03 +/- 1.40e-03 (Nevnt = 319)
#Subprocess 26 (s,U -> Nm,m,b,B)
 Cross section [pb] = 2.4796e-03 +/- 1.40e-03 (Nevnt = 319)
#Subprocess 27 (s,U -> Nl,l,b,B)
 Cross section [pb] = 2.4777e-03 +/- 1.40e-03 (Nevnt = 319)
#Subprocess 28 (s,C -> Ne,e,b,B)
 Cross section [pb] = 2.8195e-02 +/- 1.38e-03 (Nevnt = 3625)
#Subprocess 29 (s,C -> Nm,m,b,B)
 Cross section [pb] = 2.8195e-02 +/- 1.38e-03 (Nevnt = 3625)
#Subprocess 30 (s,C -> Nl,l,b,B)
 Cross section [pb] = 2.8177e-02 +/- 1.38e-03 (Nevnt = 3622)
#Subprocess 31 (c,D -> ne,E,b,B)
 Cross section [pb] = 2.1737e-03 +/- 1.75e-03 (Nevnt = 279)
#Subprocess 32 (c,D -> nm,M,b,B)
 Cross section [pb] = 2.1737e-03 +/- 1.75e-03 (Nevnt = 279)
#Subprocess 33 (c,D -> nl,L,b,B)
 Cross section [pb] = 2.1720e-03 +/- 1.75e-03 (Nevnt = 279)
#Subprocess 34 (c,S -> ne,E,b,B)
 Cross section [pb] = 2.8206e-02 +/- 1.75e-03 (Nevnt = 3626)
#Subprocess 35 (c,S -> nm,M,b,B)
 Cross section [pb] = 2.8205e-02 +/- 1.75e-03 (Nevnt = 3626)
#Subprocess 36 (c,S -> nl,L,b,B)
 Cross section [pb] = 2.8183e-02 +/- 1.73e-03 (Nevnt = 3623)
#Subprocess 37 (S,u -> ne,E,b,B)
 Cross section [pb] = 1.4644e-02 +/- 1.22e-03 (Nevnt = 1883)
#Subprocess 38 (S,u -> nm,M,b,B)
 Cross section [pb] = 1.4644e-02 +/- 1.22e-03 (Nevnt = 1883)
#Subprocess 39 (S,u -> nl,L,b,B)
 Cross section [pb] = 1.4633e-02 +/- 1.22e-03 (Nevnt = 1881)
#Subprocess 40 (S,c -> ne,E,b,B)
 Cross section [pb] = 2.8195e-02 +/- 1.38e-03 (Nevnt = 3625)
#Subprocess 41 (S,c -> nm,M,b,B)
 Cross section [pb] = 2.8195e-02 +/- 1.38e-03 (Nevnt = 3625)
#Subprocess 42 (S,c -> nl,L,b,B)
 Cross section [pb] = 2.8177e-02 +/- 1.38e-03 (Nevnt = 3622)
#Subprocess 43 (C,d -> Ne,e,b,B)
 Cross section [pb] = 6.3061e-03 +/- 1.52e-03 (Nevnt = 811)
#Subprocess 44 (C,d -> Nm,m,b,B)
 Cross section [pb] = 6.3061e-03 +/- 1.52e-03 (Nevnt = 811)
#Subprocess 45 (C,d -> Nl,l,b,B)
 Cross section [pb] = 6.3012e-03 +/- 1.52e-03 (Nevnt = 810)
#Subprocess 46 (C,s -> Ne,e,b,B)
 Cross section [pb] = 2.8206e-02 +/- 1.75e-03 (Nevnt = 3626)
#Subprocess 47 (C,s -> Nm,m,b,B)
 Cross section [pb] = 2.8205e-02 +/- 1.75e-03 (Nevnt = 3626)
#Subprocess 48 (C,s -> Nl,l,b,B)
 Cross section [pb] = 2.8183e-02 +/- 1.73e-03 (Nevnt = 3623)

 Total cross section [pb]  = 3.8893e+00 +/- 1.02e-02 (Ntotal = 500000)
