Starting job on  Sat May 28 05:18:59 CEST 2022
Running on  Linux lxplus712.cern.ch 3.10.0-1160.59.1.el7.x86_64 #1 SMP Wed Feb 23 16:47:03 UTC 2022 x86_64 x86_64 x86_64 GNU/Linux
System release  CentOS Linux release 7.9.2009 (Core)
name: DM_MonoZPrime_V_Mx1_Mv1000_gDMgQ1_LO
carddir: cards/examples/DarkMatter/MonoZprime/cards_monoZprime2017/DM_MonoZPrime_V_Mx1_Mv1000_gDMgQ1_LO
queue: local
scram_arch: slc7_amd64_gcc700
cmssw_version: CMSSW_10_6_19
# On branch master
# Changes not staged for commit:
#   (use "git add <file>..." to update what will be committed)
#   (use "git checkout -- <file>..." to discard changes in working directory)
#
#	modified:   gridpack_generation.sh
#
# Untracked files:
#   (use "git add <file>..." to include in what will be committed)
#
#	DM_MonoZPrime_V_Mx1_Mv1000_gDMgQ1_LO.log
#	DM_MonoZPrime_V_Mx1_Mv100_gDMgQ1_LO.log
#	DM_MonoZPrime_V_Mx1_Mv100_gDMgQ1_LO/
#	DM_MonoZPrime_V_Mx1_Mv100_gDMgQ1_LO_slc7_amd64_gcc700_CMSSW_10_6_19_tarball.tar.xz
#	DM_MonoZPrime_V_Mx1_Mv10_gDMgQ1_LO.log
#	DM_MonoZPrime_V_Mx1_Mv10_gDMgQ1_LO/
#	DM_MonoZPrime_V_Mx1_Mv10_gDMgQ1_LO_slc7_amd64_gcc700_CMSSW_10_6_19_tarball.tar.xz
#	DM_MonoZPrime_V_Mx1_Mv200_gDMgQ1_LO.log
#	DM_MonoZPrime_V_Mx1_Mv200_gDMgQ1_LO/
#	DM_MonoZPrime_V_Mx1_Mv200_gDMgQ1_LO_slc7_amd64_gcc700_CMSSW_10_6_19_tarball.tar.xz
#	DM_MonoZPrime_V_Mx1_Mv20_gDMgQ1_LO.log
#	DM_MonoZPrime_V_Mx1_Mv20_gDMgQ1_LO/
#	DM_MonoZPrime_V_Mx1_Mv20_gDMgQ1_LO_slc7_amd64_gcc700_CMSSW_10_6_19_tarball.tar.xz
#	DM_MonoZPrime_V_Mx1_Mv300_gDMgQ1_LO.log
#	DM_MonoZPrime_V_Mx1_Mv300_gDMgQ1_LO/
#	DM_MonoZPrime_V_Mx1_Mv300_gDMgQ1_LO_slc7_amd64_gcc700_CMSSW_10_6_19_tarball.tar.xz
#	DM_MonoZPrime_V_Mx1_Mv400_gDMgQ1_LO.log
#	DM_MonoZPrime_V_Mx1_Mv400_gDMgQ1_LO/
#	DM_MonoZPrime_V_Mx1_Mv400_gDMgQ1_LO_slc7_amd64_gcc700_CMSSW_10_6_19_tarball.tar.xz
#	DM_MonoZPrime_V_Mx1_Mv500_gDMgQ1_LO.log
#	DM_MonoZPrime_V_Mx1_Mv500_gDMgQ1_LO/
#	DM_MonoZPrime_V_Mx1_Mv500_gDMgQ1_LO_slc7_amd64_gcc700_CMSSW_10_6_19_tarball.tar.xz
#	DM_MonoZPrime_V_Mx1_Mv50_gDMgQ1_LO.log
#	DM_MonoZPrime_V_Mx1_Mv50_gDMgQ1_LO/
#	DM_MonoZPrime_V_Mx1_Mv50_gDMgQ1_LO_slc7_amd64_gcc700_CMSSW_10_6_19_tarball.tar.xz
#	DM_MonoZPrime_V_Mx1_Mv700_gDMgQ1_LO.log
#	DM_MonoZPrime_V_Mx1_Mv700_gDMgQ1_LO/
#	DM_MonoZPrime_V_Mx1_Mv700_gDMgQ1_LO_slc7_amd64_gcc700_CMSSW_10_6_19_tarball.tar.xz
#	DM_MonoZPrime_V_Mx1_Mv850_gDMgQ1_LO.log
#	DM_MonoZPrime_V_Mx1_Mv850_gDMgQ1_LO/
#	DM_MonoZPrime_V_Mx1_Mv850_gDMgQ1_LO_slc7_amd64_gcc700_CMSSW_10_6_19_tarball.tar.xz
#	cards/examples/DarkMatter/
#	generate_gridpack_MonoZprime.csh
no changes added to commit (use "git add" and/or "git commit -a")
Current git revision is:
c878412092ee27a18f499a45ab9c065403d7f7a4
diff --git a/bin/MadGraph5_aMCatNLO/gridpack_generation.sh b/bin/MadGraph5_aMCatNLO/gridpack_generation.sh
index c4ad11e..3756160 100755
--- a/bin/MadGraph5_aMCatNLO/gridpack_generation.sh
+++ b/bin/MadGraph5_aMCatNLO/gridpack_generation.sh
@@ -254,7 +254,8 @@ make_gridpack () {
           #get needed BSM model
           if [[ $model = *[!\ ]* ]]; then
             echo "Loading extra model $model"
-            wget --no-check-certificate https://cms-project-generators.web.cern.ch/cms-project-generators/$model	
+            #wget --no-check-certificate https://cms-project-generators.web.cern.ch/cms-project-generators/$model	
+            wget --no-check-certificate http://www.hep.wisc.edu/~varuns/monoZprime/model/$model  
             cd models
             if [[ $model == *".zip"* ]]; then
               unzip ../$model
/tmp/amallamp/genproductions/bin/MadGraph5_aMCatNLO
WARNING: In non-interactive mode release checks e.g. deprecated releases, production architectures are disabled.
--2022-05-28 05:19:00--  https://cms-project-generators.web.cern.ch/cms-project-generators/MG5_aMC_v2.6.5.tar.gz
Resolving cms-project-generators.web.cern.ch (cms-project-generators.web.cern.ch)... 2001:1458:d00:35::100:23d, 188.184.101.152
Connecting to cms-project-generators.web.cern.ch (cms-project-generators.web.cern.ch)|2001:1458:d00:35::100:23d|:443... connected.
HTTP request sent, awaiting response... 200 OK
Length: 34635867 (33M) [application/gzip]
Saving to: ‘MG5_aMC_v2.6.5.tar.gz’

     0K .......... .......... .......... .......... ..........  0% 43.9M 1s
    50K .......... .......... .......... .......... ..........  0% 58.7M 1s
   100K .......... .......... .......... .......... ..........  0% 54.8M 1s
   150K .......... .......... .......... .......... ..........  0% 66.3M 1s
   200K .......... .......... .......... .......... ..........  0% 50.6M 1s
   250K .......... .......... .......... .......... ..........  0% 61.8M 1s
   300K .......... .......... .......... .......... ..........  1% 62.8M 1s
   350K .......... .......... .......... .......... ..........  1% 64.2M 1s
   400K .......... .......... .......... .......... ..........  1% 53.2M 1s
   450K .......... .......... .......... .......... ..........  1% 61.4M 1s
   500K .......... .......... .......... .......... ..........  1% 69.1M 1s
   550K .......... .......... .......... .......... ..........  1% 57.4M 1s
   600K .......... .......... .......... .......... ..........  1% 62.7M 1s
   650K .......... .......... .......... .......... ..........  2% 54.2M 1s
   700K .......... .......... .......... .......... ..........  2% 64.9M 1s
   750K .......... .......... .......... .......... ..........  2% 57.0M 1s
   800K .......... .......... .......... .......... ..........  2% 60.8M 1s
   850K .......... .......... .......... .......... ..........  2% 53.0M 1s
   900K .......... .......... .......... .......... ..........  2% 66.5M 1s
   950K .......... .......... .......... .......... ..........  2% 64.5M 1s
  1000K .......... .......... .......... .......... ..........  3% 59.8M 1s
  1050K .......... .......... .......... .......... ..........  3% 52.8M 1s
  1100K .......... .......... .......... .......... ..........  3% 49.3M 1s
  1150K .......... .......... .......... .......... ..........  3% 62.4M 1s
  1200K .......... .......... .......... .......... ..........  3% 56.1M 1s
  1250K .......... .......... .......... .......... ..........  3% 58.0M 1s
  1300K .......... .......... .......... .......... ..........  3% 47.9M 1s
  1350K .......... .......... .......... .......... ..........  4% 61.5M 1s
  1400K .......... .......... .......... .......... ..........  4% 57.2M 1s
  1450K .......... .......... .......... .......... ..........  4% 56.6M 1s
  1500K .......... .......... .......... .......... ..........  4% 59.5M 1s
  1550K .......... .......... .......... .......... ..........  4% 48.3M 1s
  1600K .......... .......... .......... .......... ..........  4% 63.3M 1s
  1650K .......... .......... .......... .......... ..........  5% 61.4M 1s
  1700K .......... .......... .......... .......... ..........  5% 62.0M 1s
  1750K .......... .......... .......... .......... ..........  5% 44.5M 1s
  1800K .......... .......... .......... .......... ..........  5% 58.2M 1s
  1850K .......... .......... .......... .......... ..........  5% 56.2M 1s
  1900K .......... .......... .......... .......... ..........  5% 62.2M 1s
  1950K .......... .......... .......... .......... ..........  5% 46.8M 1s
  2000K .......... .......... .......... .......... ..........  6% 59.2M 1s
  2050K .......... .......... .......... .......... ..........  6% 58.6M 1s
  2100K .......... .......... .......... .......... ..........  6% 62.4M 1s
  2150K .......... .......... .......... .......... ..........  6% 60.1M 1s
  2200K .......... .......... .......... .......... ..........  6% 51.7M 1s
  2250K .......... .......... .......... .......... ..........  6% 62.6M 1s
  2300K .......... .......... .......... .......... ..........  6% 57.8M 1s
  2350K .......... .......... .......... .......... ..........  7% 63.8M 1s
  2400K .......... .......... .......... .......... ..........  7% 45.7M 1s
  2450K .......... .......... .......... .......... ..........  7% 64.1M 1s
  2500K .......... .......... .......... .......... ..........  7% 61.5M 1s
  2550K .......... .......... .......... .......... ..........  7% 61.2M 1s
  2600K .......... .......... .......... .......... ..........  7% 64.8M 1s
  2650K .......... .......... .......... .......... ..........  7% 47.1M 1s
  2700K .......... .......... .......... .......... ..........  8% 52.9M 1s
  2750K .......... .......... .......... .......... ..........  8% 60.3M 1s
  2800K .......... .......... .......... .......... ..........  8% 60.7M 1s
  2850K .......... .......... .......... .......... ..........  8% 46.6M 1s
  2900K .......... .......... .......... .......... ..........  8% 56.0M 1s
  2950K .......... .......... .......... .......... ..........  8% 56.6M 1s
  3000K .......... .......... .......... .......... ..........  9% 62.0M 1s
  3050K .......... .......... .......... .......... ..........  9% 59.7M 1s
  3100K .......... .......... .......... .......... ..........  9% 47.1M 1s
  3150K .......... .......... .......... .......... ..........  9% 59.6M 1s
  3200K .......... .......... .......... .......... ..........  9% 58.2M 1s
  3250K .......... .......... .......... .......... ..........  9% 35.0M 1s
  3300K .......... .......... .......... .......... ..........  9% 44.4M 1s
  3350K .......... .......... .......... .......... .......... 10% 58.5M 1s
  3400K .......... .......... .......... .......... .......... 10% 53.5M 1s
  3450K .......... .......... .......... .......... .......... 10% 61.4M 1s
  3500K .......... .......... .......... .......... .......... 10% 43.2M 1s
  3550K .......... .......... .......... .......... .......... 10% 60.1M 1s
  3600K .......... .......... .......... .......... .......... 10% 62.0M 1s
  3650K .......... .......... .......... .......... .......... 10% 60.7M 1s
  3700K .......... .......... .......... .......... .......... 11% 60.6M 1s
  3750K .......... .......... .......... .......... .......... 11% 49.6M 1s
  3800K .......... .......... .......... .......... .......... 11% 62.2M 1s
  3850K .......... .......... .......... .......... .......... 11% 61.1M 1s
  3900K .......... .......... .......... .......... .......... 11% 67.8M 1s
  3950K .......... .......... .......... .......... .......... 11% 50.3M 1s
  4000K .......... .......... .......... .......... .......... 11% 61.5M 1s
  4050K .......... .......... .......... .......... .......... 12% 56.0M 1s
  4100K .......... .......... .......... .......... .......... 12% 65.0M 1s
  4150K .......... .......... .......... .......... .......... 12% 54.8M 1s
  4200K .......... .......... .......... .......... .......... 12% 60.6M 1s
  4250K .......... .......... .......... .......... .......... 12% 51.2M 1s
  4300K .......... .......... .......... .......... .......... 12% 60.8M 1s
  4350K .......... .......... .......... .......... .......... 13% 58.4M 1s
  4400K .......... .......... .......... .......... .......... 13% 60.2M 1s
  4450K .......... .......... .......... .......... .......... 13% 52.9M 1s
  4500K .......... .......... .......... .......... .......... 13% 59.3M 1s
  4550K .......... .......... .......... .......... .......... 13% 62.8M 1s
  4600K .......... .......... .......... .......... .......... 13% 54.2M 1s
  4650K .......... .......... .......... .......... .......... 13% 58.0M 1s
  4700K .......... .......... .......... .......... .......... 14% 47.9M 1s
  4750K .......... .......... .......... .......... .......... 14% 65.1M 1s
  4800K .......... .......... .......... .......... .......... 14% 59.7M 0s
  4850K .......... .......... .......... .......... .......... 14% 62.5M 0s
  4900K .......... .......... .......... .......... .......... 14% 49.5M 0s
  4950K .......... .......... .......... .......... .......... 14% 60.7M 0s
  5000K .......... .......... .......... .......... .......... 14% 56.2M 0s
  5050K .......... .......... .......... .......... .......... 15% 60.2M 0s
  5100K .......... .......... .......... .......... .......... 15% 65.1M 0s
  5150K .......... .......... .......... .......... .......... 15% 44.1M 0s
  5200K .......... .......... .......... .......... .......... 15% 59.1M 0s
  5250K .......... .......... .......... .......... .......... 15% 55.6M 0s
  5300K .......... .......... .......... .......... .......... 15% 58.0M 0s
  5350K .......... .......... .......... .......... .......... 15% 50.4M 0s
  5400K .......... .......... .......... .......... .......... 16% 59.3M 0s
  5450K .......... .......... .......... .......... .......... 16% 51.3M 0s
  5500K .......... .......... .......... .......... .......... 16% 69.3M 0s
  5550K .......... .......... .......... .......... .......... 16% 45.6M 0s
  5600K .......... .......... .......... .......... .......... 16% 61.1M 0s
  5650K .......... .......... .......... .......... .......... 16% 65.1M 0s
  5700K .......... .......... .......... .......... .......... 16% 52.3M 0s
  5750K .......... .......... .......... .......... .......... 17% 61.9M 0s
  5800K .......... .......... .......... .......... .......... 17% 47.0M 0s
  5850K .......... .......... .......... .......... .......... 17% 60.4M 0s
  5900K .......... .......... .......... .......... .......... 17% 59.9M 0s
  5950K .......... .......... .......... .......... .......... 17% 57.9M 0s
  6000K .......... .......... .......... .......... .......... 17% 46.0M 0s
  6050K .......... .......... .......... .......... .......... 18% 41.9M 0s
  6100K .......... .......... .......... .......... .......... 18% 61.1M 0s
  6150K .......... .......... .......... .......... .......... 18% 53.2M 0s
  6200K .......... .......... .......... .......... .......... 18% 62.0M 0s
  6250K .......... .......... .......... .......... .......... 18% 48.0M 0s
  6300K .......... .......... .......... .......... .......... 18% 50.2M 0s
  6350K .......... .......... .......... .......... .......... 18% 45.3M 0s
  6400K .......... .......... .......... .......... .......... 19% 55.3M 0s
  6450K .......... .......... .......... .......... .......... 19% 40.4M 0s
  6500K .......... .......... .......... .......... .......... 19% 50.6M 0s
  6550K .......... .......... .......... .......... .......... 19% 48.5M 0s
  6600K .......... .......... .......... .......... .......... 19% 58.6M 0s
  6650K .......... .......... .......... .......... .......... 19% 51.5M 0s
  6700K .......... .......... .......... .......... .......... 19% 41.1M 0s
  6750K .......... .......... .......... .......... .......... 20% 60.9M 0s
  6800K .......... .......... .......... .......... .......... 20% 48.8M 0s
  6850K .......... .......... .......... .......... .......... 20% 49.1M 0s
  6900K .......... .......... .......... .......... .......... 20% 48.0M 0s
  6950K .......... .......... .......... .......... .......... 20% 55.8M 0s
  7000K .......... .......... .......... .......... .......... 20% 56.5M 0s
  7050K .......... .......... .......... .......... .......... 20% 61.8M 0s
  7100K .......... .......... .......... .......... .......... 21% 40.1M 0s
  7150K .......... .......... .......... .......... .......... 21% 53.9M 0s
  7200K .......... .......... .......... .......... .......... 21% 57.0M 0s
  7250K .......... .......... .......... .......... .......... 21% 52.0M 0s
  7300K .......... .......... .......... .......... .......... 21% 60.8M 0s
  7350K .......... .......... .......... .......... .......... 21% 46.9M 0s
  7400K .......... .......... .......... .......... .......... 22% 59.8M 0s
  7450K .......... .......... .......... .......... .......... 22% 52.4M 0s
  7500K .......... .......... .......... .......... .......... 22% 71.9M 0s
  7550K .......... .......... .......... .......... .......... 22% 42.4M 0s
  7600K .......... .......... .......... .......... .......... 22% 57.4M 0s
  7650K .......... .......... .......... .......... .......... 22% 60.1M 0s
  7700K .......... .......... .......... .......... .......... 22% 53.3M 0s
  7750K .......... .......... .......... .......... .......... 23% 55.8M 0s
  7800K .......... .......... .......... .......... .......... 23% 43.8M 0s
  7850K .......... .......... .......... .......... .......... 23% 61.5M 0s
  7900K .......... .......... .......... .......... .......... 23% 48.2M 0s
  7950K .......... .......... .......... .......... .......... 23% 58.3M 0s
  8000K .......... .......... .......... .......... .......... 23% 45.6M 0s
  8050K .......... .......... .......... .......... .......... 23% 55.3M 0s
  8100K .......... .......... .......... .......... .......... 24% 52.4M 0s
  8150K .......... .......... .......... .......... .......... 24% 54.7M 0s
  8200K .......... .......... .......... .......... .......... 24% 38.8M 0s
  8250K .......... .......... .......... .......... .......... 24% 62.8M 0s
  8300K .......... .......... .......... .......... .......... 24% 47.0M 0s
  8350K .......... .......... .......... .......... .......... 24% 60.5M 0s
  8400K .......... .......... .......... .......... .......... 24% 63.2M 0s
  8450K .......... .......... .......... .......... .......... 25% 62.4M 0s
  8500K .......... .......... .......... .......... .......... 25% 48.9M 0s
  8550K .......... .......... .......... .......... .......... 25% 58.0M 0s
  8600K .......... .......... .......... .......... .......... 25% 57.2M 0s
  8650K .......... .......... .......... .......... .......... 25% 60.6M 0s
  8700K .......... .......... .......... .......... .......... 25% 63.1M 0s
  8750K .......... .......... .......... .......... .......... 26% 48.4M 0s
  8800K .......... .......... .......... .......... .......... 26% 65.0M 0s
  8850K .......... .......... .......... .......... .......... 26% 52.8M 0s
  8900K .......... .......... .......... .......... .......... 26% 61.2M 0s
  8950K .......... .......... .......... .......... .......... 26% 48.9M 0s
  9000K .......... .......... .......... .......... .......... 26% 54.8M 0s
  9050K .......... .......... .......... .......... .......... 26% 59.3M 0s
  9100K .......... .......... .......... .......... .......... 27% 56.9M 0s
  9150K .......... .......... .......... .......... .......... 27% 46.3M 0s
  9200K .......... .......... .......... .......... .......... 27% 60.3M 0s
  9250K .......... .......... .......... .......... .......... 27% 59.9M 0s
  9300K .......... .......... .......... .......... .......... 27% 60.2M 0s
  9350K .......... .......... .......... .......... .......... 27% 62.2M 0s
  9400K .......... .......... .......... .......... .......... 27% 47.1M 0s
  9450K .......... .......... .......... .......... .......... 28% 60.6M 0s
  9500K .......... .......... .......... .......... .......... 28% 56.0M 0s
  9550K .......... .......... .......... .......... .......... 28% 66.3M 0s
  9600K .......... .......... .......... .......... .......... 28% 46.8M 0s
  9650K .......... .......... .......... .......... .......... 28% 63.4M 0s
  9700K .......... .......... .......... .......... .......... 28% 67.4M 0s
  9750K .......... .......... .......... .......... .......... 28% 56.4M 0s
  9800K .......... .......... .......... .......... .......... 29% 62.6M 0s
  9850K .......... .......... .......... .......... .......... 29% 51.0M 0s
  9900K .......... .......... .......... .......... .......... 29% 64.4M 0s
  9950K .......... .......... .......... .......... .......... 29% 57.5M 0s
 10000K .......... .......... .......... .......... .......... 29% 66.1M 0s
 10050K .......... .......... .......... .......... .......... 29% 54.1M 0s
 10100K .......... .......... .......... .......... .......... 30% 67.2M 0s
 10150K .......... .......... .......... .......... .......... 30% 62.9M 0s
 10200K .......... .......... .......... .......... .......... 30% 65.6M 0s
 10250K .......... .......... .......... .......... .......... 30% 64.5M 0s
 10300K .......... .......... .......... .......... .......... 30% 52.4M 0s
 10350K .......... .......... .......... .......... .......... 30% 64.7M 0s
 10400K .......... .......... .......... .......... .......... 30% 65.0M 0s
 10450K .......... .......... .......... .......... .......... 31% 65.8M 0s
 10500K .......... .......... .......... .......... .......... 31% 52.8M 0s
 10550K .......... .......... .......... .......... .......... 31% 67.5M 0s
 10600K .......... .......... .......... .......... .......... 31% 64.0M 0s
 10650K .......... .......... .......... .......... .......... 31% 65.3M 0s
 10700K .......... .......... .......... .......... .......... 31% 50.7M 0s
 10750K .......... .......... .......... .......... .......... 31% 67.9M 0s
 10800K .......... .......... .......... .......... .......... 32% 66.4M 0s
 10850K .......... .......... .......... .......... .......... 32% 57.3M 0s
 10900K .......... .......... .......... .......... .......... 32% 70.0M 0s
 10950K .......... .......... .......... .......... .......... 32% 53.2M 0s
 11000K .......... .......... .......... .......... .......... 32% 63.0M 0s
 11050K .......... .......... .......... .......... .......... 32% 66.8M 0s
 11100K .......... .......... .......... .......... .......... 32% 63.7M 0s
 11150K .......... .......... .......... .......... .......... 33% 56.8M 0s
 11200K .......... .......... .......... .......... .......... 33% 62.5M 0s
 11250K .......... .......... .......... .......... .......... 33% 63.7M 0s
 11300K .......... .......... .......... .......... .......... 33% 64.4M 0s
 11350K .......... .......... .......... .......... .......... 33% 71.6M 0s
 11400K .......... .......... .......... .......... .......... 33% 50.1M 0s
 11450K .......... .......... .......... .......... .......... 33% 59.8M 0s
 11500K .......... .......... .......... .......... .......... 34% 54.8M 0s
 11550K .......... .......... .......... .......... .......... 34% 66.2M 0s
 11600K .......... .......... .......... .......... .......... 34% 49.6M 0s
 11650K .......... .......... .......... .......... .......... 34% 65.4M 0s
 11700K .......... .......... .......... .......... .......... 34% 62.4M 0s
 11750K .......... .......... .......... .......... .......... 34% 71.8M 0s
 11800K .......... .......... .......... .......... .......... 35% 63.0M 0s
 11850K .......... .......... .......... .......... .......... 35% 55.8M 0s
 11900K .......... .......... .......... .......... .......... 35% 61.9M 0s
 11950K .......... .......... .......... .......... .......... 35% 63.2M 0s
 12000K .......... .......... .......... .......... .......... 35% 62.6M 0s
 12050K .......... .......... .......... .......... .......... 35% 53.0M 0s
 12100K .......... .......... .......... .......... .......... 35% 68.6M 0s
 12150K .......... .......... .......... .......... .......... 36% 62.0M 0s
 12200K .......... .......... .......... .......... .......... 36% 65.3M 0s
 12250K .......... .......... .......... .......... .......... 36% 62.3M 0s
 12300K .......... .......... .......... .......... .......... 36% 59.8M 0s
 12350K .......... .......... .......... .......... .......... 36% 52.5M 0s
 12400K .......... .......... .......... .......... .......... 36% 70.0M 0s
 12450K .......... .......... .......... .......... .......... 36% 61.7M 0s
 12500K .......... .......... .......... .......... .......... 37% 69.3M 0s
 12550K .......... .......... .......... .......... .......... 37% 49.6M 0s
 12600K .......... .......... .......... .......... .......... 37% 61.0M 0s
 12650K .......... .......... .......... .......... .......... 37% 41.8M 0s
 12700K .......... .......... .......... .......... .......... 37% 57.2M 0s
 12750K .......... .......... .......... .......... .......... 37% 51.2M 0s
 12800K .......... .......... .......... .......... .......... 37% 63.8M 0s
 12850K .......... .......... .......... .......... .......... 38% 59.7M 0s
 12900K .......... .......... .......... .......... .......... 38% 56.8M 0s
 12950K .......... .......... .......... .......... .......... 38% 65.1M 0s
 13000K .......... .......... .......... .......... .......... 38% 48.6M 0s
 13050K .......... .......... .......... .......... .......... 38% 63.6M 0s
 13100K .......... .......... .......... .......... .......... 38% 60.8M 0s
 13150K .......... .......... .......... .......... .......... 39% 60.4M 0s
 13200K .......... .......... .......... .......... .......... 39% 48.7M 0s
 13250K .......... .......... .......... .......... .......... 39% 62.4M 0s
 13300K .......... .......... .......... .......... .......... 39% 62.7M 0s
 13350K .......... .......... .......... .......... .......... 39% 56.7M 0s
 13400K .......... .......... .......... .......... .......... 39% 57.9M 0s
 13450K .......... .......... .......... .......... .......... 39% 52.4M 0s
 13500K .......... .......... .......... .......... .......... 40% 69.3M 0s
 13550K .......... .......... .......... .......... .......... 40% 62.8M 0s
 13600K .......... .......... .......... .......... .......... 40% 65.0M 0s
 13650K .......... .......... .......... .......... .......... 40% 53.4M 0s
 13700K .......... .......... .......... .......... .......... 40% 65.5M 0s
 13750K .......... .......... .......... .......... .......... 40% 59.4M 0s
 13800K .......... .......... .......... .......... .......... 40% 53.8M 0s
 13850K .......... .......... .......... .......... .......... 41% 59.7M 0s
 13900K .......... .......... .......... .......... .......... 41% 43.4M 0s
 13950K .......... .......... .......... .......... .......... 41% 61.7M 0s
 14000K .......... .......... .......... .......... .......... 41% 58.9M 0s
 14050K .......... .......... .......... .......... .......... 41% 60.6M 0s
 14100K .......... .......... .......... .......... .......... 41% 51.2M 0s
 14150K .......... .......... .......... .......... .......... 41% 59.7M 0s
 14200K .......... .......... .......... .......... .......... 42% 58.4M 0s
 14250K .......... .......... .......... .......... .......... 42% 69.4M 0s
 14300K .......... .......... .......... .......... .......... 42% 46.9M 0s
 14350K .......... .......... .......... .......... .......... 42% 64.2M 0s
 14400K .......... .......... .......... .......... .......... 42% 60.2M 0s
 14450K .......... .......... .......... .......... .......... 42% 58.9M 0s
 14500K .......... .......... .......... .......... .......... 43% 60.3M 0s
 14550K .......... .......... .......... .......... .......... 43% 48.5M 0s
 14600K .......... .......... .......... .......... .......... 43% 64.7M 0s
 14650K .......... .......... .......... .......... .......... 43% 56.1M 0s
 14700K .......... .......... .......... .......... .......... 43% 67.7M 0s
 14750K .......... .......... .......... .......... .......... 43% 50.5M 0s
 14800K .......... .......... .......... .......... .......... 43% 63.9M 0s
 14850K .......... .......... .......... .......... .......... 44% 67.5M 0s
 14900K .......... .......... .......... .......... .......... 44% 56.3M 0s
 14950K .......... .......... .......... .......... .......... 44% 60.7M 0s
 15000K .......... .......... .......... .......... .......... 44% 52.1M 0s
 15050K .......... .......... .......... .......... .......... 44% 68.5M 0s
 15100K .......... .......... .......... .......... .......... 44% 63.6M 0s
 15150K .......... .......... .......... .......... .......... 44% 61.8M 0s
 15200K .......... .......... .......... .......... .......... 45% 51.3M 0s
 15250K .......... .......... .......... .......... .......... 45% 63.9M 0s
 15300K .......... .......... .......... .......... .......... 45% 58.4M 0s
 15350K .......... .......... .......... .......... .......... 45% 66.7M 0s
 15400K .......... .......... .......... .......... .......... 45% 64.1M 0s
 15450K .......... .......... .......... .......... .......... 45% 51.4M 0s
 15500K .......... .......... .......... .......... .......... 45% 64.4M 0s
 15550K .......... .......... .......... .......... .......... 46% 60.1M 0s
 15600K .......... .......... .......... .......... .......... 46% 60.0M 0s
 15650K .......... .......... .......... .......... .......... 46% 50.5M 0s
 15700K .......... .......... .......... .......... .......... 46% 58.1M 0s
 15750K .......... .......... .......... .......... .......... 46% 59.3M 0s
 15800K .......... .......... .......... .......... .......... 46% 66.2M 0s
 15850K .......... .......... .......... .......... .......... 47% 50.6M 0s
 15900K .......... .......... .......... .......... .......... 47% 60.7M 0s
 15950K .......... .......... .......... .......... .......... 47% 70.4M 0s
 16000K .......... .......... .......... .......... .......... 47% 59.7M 0s
 16050K .......... .......... .......... .......... .......... 47% 59.1M 0s
 16100K .......... .......... .......... .......... .......... 47% 53.5M 0s
 16150K .......... .......... .......... .......... .......... 47% 61.3M 0s
 16200K .......... .......... .......... .......... .......... 48% 59.6M 0s
 16250K .......... .......... .......... .......... .......... 48% 79.6M 0s
 16300K .......... .......... .......... .......... .......... 48% 53.9M 0s
 16350K .......... .......... .......... .......... .......... 48% 48.9M 0s
 16400K .......... .......... .......... .......... .......... 48% 57.3M 0s
 16450K .......... .......... .......... .......... .......... 48% 64.2M 0s
 16500K .......... .......... .......... .......... .......... 48% 62.7M 0s
 16550K .......... .......... .......... .......... .......... 49% 60.3M 0s
 16600K .......... .......... .......... .......... .......... 49% 52.5M 0s
 16650K .......... .......... .......... .......... .......... 49% 61.5M 0s
 16700K .......... .......... .......... .......... .......... 49% 59.5M 0s
 16750K .......... .......... .......... .......... .......... 49% 67.1M 0s
 16800K .......... .......... .......... .......... .......... 49% 49.0M 0s
 16850K .......... .......... .......... .......... .......... 49% 62.7M 0s
 16900K .......... .......... .......... .......... .......... 50% 57.2M 0s
 16950K .......... .......... .......... .......... .......... 50% 61.7M 0s
 17000K .......... .......... .......... .......... .......... 50% 58.2M 0s
 17050K .......... .......... .......... .......... .......... 50% 42.7M 0s
 17100K .......... .......... .......... .......... .......... 50% 57.1M 0s
 17150K .......... .......... .......... .......... .......... 50% 56.9M 0s
 17200K .......... .......... .......... .......... .......... 50% 74.2M 0s
 17250K .......... .......... .......... .......... .......... 51% 50.4M 0s
 17300K .......... .......... .......... .......... .......... 51% 59.6M 0s
 17350K .......... .......... .......... .......... .......... 51% 64.4M 0s
 17400K .......... .......... .......... .......... .......... 51% 66.8M 0s
 17450K .......... .......... .......... .......... .......... 51% 51.7M 0s
 17500K .......... .......... .......... .......... .......... 51% 43.4M 0s
 17550K .......... .......... .......... .......... .......... 52% 60.8M 0s
 17600K .......... .......... .......... .......... .......... 52% 57.2M 0s
 17650K .......... .......... .......... .......... .......... 52% 56.2M 0s
 17700K .......... .......... .......... .......... .......... 52% 51.0M 0s
 17750K .......... .......... .......... .......... .......... 52% 59.6M 0s
 17800K .......... .......... .......... .......... .......... 52% 62.6M 0s
 17850K .......... .......... .......... .......... .......... 52% 58.5M 0s
 17900K .......... .......... .......... .......... .......... 53% 44.8M 0s
 17950K .......... .......... .......... .......... .......... 53% 67.7M 0s
 18000K .......... .......... .......... .......... .......... 53% 62.6M 0s
 18050K .......... .......... .......... .......... .......... 53% 62.3M 0s
 18100K .......... .......... .......... .......... .......... 53% 73.7M 0s
 18150K .......... .......... .......... .......... .......... 53% 49.0M 0s
 18200K .......... .......... .......... .......... .......... 53% 58.7M 0s
 18250K .......... .......... .......... .......... .......... 54% 65.1M 0s
 18300K .......... .......... .......... .......... .......... 54% 62.9M 0s
 18350K .......... .......... .......... .......... .......... 54% 50.4M 0s
 18400K .......... .......... .......... .......... .......... 54% 61.4M 0s
 18450K .......... .......... .......... .......... .......... 54% 67.6M 0s
 18500K .......... .......... .......... .......... .......... 54% 63.6M 0s
 18550K .......... .......... .......... .......... .......... 54% 68.4M 0s
 18600K .......... .......... .......... .......... .......... 55% 46.5M 0s
 18650K .......... .......... .......... .......... .......... 55% 57.3M 0s
 18700K .......... .......... .......... .......... .......... 55% 63.6M 0s
 18750K .......... .......... .......... .......... .......... 55% 67.6M 0s
 18800K .......... .......... .......... .......... .......... 55% 46.8M 0s
 18850K .......... .......... .......... .......... .......... 55% 60.0M 0s
 18900K .......... .......... .......... .......... .......... 56% 61.8M 0s
 18950K .......... .......... .......... .......... .......... 56% 61.9M 0s
 19000K .......... .......... .......... .......... .......... 56% 64.8M 0s
 19050K .......... .......... .......... .......... .......... 56% 47.9M 0s
 19100K .......... .......... .......... .......... .......... 56% 72.7M 0s
 19150K .......... .......... .......... .......... .......... 56% 58.9M 0s
 19200K .......... .......... .......... .......... .......... 56% 61.6M 0s
 19250K .......... .......... .......... .......... .......... 57% 46.0M 0s
 19300K .......... .......... .......... .......... .......... 57% 64.1M 0s
 19350K .......... .......... .......... .......... .......... 57% 63.5M 0s
 19400K .......... .......... .......... .......... .......... 57% 72.4M 0s
 19450K .......... .......... .......... .......... .......... 57% 46.5M 0s
 19500K .......... .......... .......... .......... .......... 57% 64.9M 0s
 19550K .......... .......... .......... .......... .......... 57% 68.2M 0s
 19600K .......... .......... .......... .......... .......... 58% 63.4M 0s
 19650K .......... .......... .......... .......... .......... 58% 67.0M 0s
 19700K .......... .......... .......... .......... .......... 58% 54.4M 0s
 19750K .......... .......... .......... .......... .......... 58% 68.0M 0s
 19800K .......... .......... .......... .......... .......... 58% 64.6M 0s
 19850K .......... .......... .......... .......... .......... 58% 67.9M 0s
 19900K .......... .......... .......... .......... .......... 58% 52.5M 0s
 19950K .......... .......... .......... .......... .......... 59% 66.0M 0s
 20000K .......... .......... .......... .......... .......... 59% 65.0M 0s
 20050K .......... .......... .......... .......... .......... 59% 63.9M 0s
 20100K .......... .......... .......... .......... .......... 59% 58.3M 0s
 20150K .......... .......... .......... .......... .......... 59% 46.7M 0s
 20200K .......... .......... .......... .......... .......... 59% 65.9M 0s
 20250K .......... .......... .......... .......... .......... 60% 59.6M 0s
 20300K .......... .......... .......... .......... .......... 60% 55.1M 0s
 20350K .......... .......... .......... .......... .......... 60% 51.6M 0s
 20400K .......... .......... .......... .......... .......... 60% 64.0M 0s
 20450K .......... .......... .......... .......... .......... 60% 59.2M 0s
 20500K .......... .......... .......... .......... .......... 60% 64.1M 0s
 20550K .......... .......... .......... .......... .......... 60% 55.1M 0s
 20600K .......... .......... .......... .......... .......... 61% 57.8M 0s
 20650K .......... .......... .......... .......... .......... 61% 51.0M 0s
 20700K .......... .......... .......... .......... .......... 61% 60.5M 0s
 20750K .......... .......... .......... .......... .......... 61% 68.3M 0s
 20800K .......... .......... .......... .......... .......... 61% 66.5M 0s
 20850K .......... .......... .......... .......... .......... 61% 55.3M 0s
 20900K .......... .......... .......... .......... .......... 61% 58.3M 0s
 20950K .......... .......... .......... .......... .......... 62% 64.6M 0s
 21000K .......... .......... .......... .......... .......... 62% 65.0M 0s
 21050K .......... .......... .......... .......... .......... 62% 67.8M 0s
 21100K .......... .......... .......... .......... .......... 62% 52.2M 0s
 21150K .......... .......... .......... .......... .......... 62% 61.4M 0s
 21200K .......... .......... .......... .......... .......... 62% 61.8M 0s
 21250K .......... .......... .......... .......... .......... 62% 66.4M 0s
 21300K .......... .......... .......... .......... .......... 63% 57.1M 0s
 21350K .......... .......... .......... .......... .......... 63% 71.9M 0s
 21400K .......... .......... .......... .......... .......... 63% 67.8M 0s
 21450K .......... .......... .......... .......... .......... 63% 81.5M 0s
 21500K .......... .......... .......... .......... .......... 63% 60.2M 0s
 21550K .......... .......... .......... .......... .......... 63% 27.6M 0s
 21600K .......... .......... .......... .......... .......... 64% 56.0M 0s
 21650K .......... .......... .......... .......... .......... 64% 62.1M 0s
 21700K .......... .......... .......... .......... .......... 64% 56.8M 0s
 21750K .......... .......... .......... .......... .......... 64% 48.2M 0s
 21800K .......... .......... .......... .......... .......... 64% 63.0M 0s
 21850K .......... .......... .......... .......... .......... 64% 58.1M 0s
 21900K .......... .......... .......... .......... .......... 64% 59.7M 0s
 21950K .......... .......... .......... .......... .......... 65% 50.0M 0s
 22000K .......... .......... .......... .......... .......... 65% 69.5M 0s
 22050K .......... .......... .......... .......... .......... 65% 61.7M 0s
 22100K .......... .......... .......... .......... .......... 65% 62.0M 0s
 22150K .......... .......... .......... .......... .......... 65% 72.9M 0s
 22200K .......... .......... .......... .......... .......... 65% 49.3M 0s
 22250K .......... .......... .......... .......... .......... 65% 64.7M 0s
 22300K .......... .......... .......... .......... .......... 66% 60.3M 0s
 22350K .......... .......... .......... .......... .......... 66% 69.7M 0s
 22400K .......... .......... .......... .......... .......... 66% 48.8M 0s
 22450K .......... .......... .......... .......... .......... 66% 72.5M 0s
 22500K .......... .......... .......... .......... .......... 66% 65.0M 0s
 22550K .......... .......... .......... .......... .......... 66% 70.4M 0s
 22600K .......... .......... .......... .......... .......... 66% 66.4M 0s
 22650K .......... .......... .......... .......... .......... 67% 54.3M 0s
 22700K .......... .......... .......... .......... .......... 67% 66.2M 0s
 22750K .......... .......... .......... .......... .......... 67% 70.6M 0s
 22800K .......... .......... .......... .......... .......... 67% 66.7M 0s
 22850K .......... .......... .......... .......... .......... 67% 54.2M 0s
 22900K .......... .......... .......... .......... .......... 67% 69.1M 0s
 22950K .......... .......... .......... .......... .......... 67% 73.2M 0s
 23000K .......... .......... .......... .......... .......... 68% 64.8M 0s
 23050K .......... .......... .......... .......... .......... 68% 52.5M 0s
 23100K .......... .......... .......... .......... .......... 68% 70.0M 0s
 23150K .......... .......... .......... .......... .......... 68% 66.5M 0s
 23200K .......... .......... .......... .......... .......... 68% 58.6M 0s
 23250K .......... .......... .......... .......... .......... 68% 67.3M 0s
 23300K .......... .......... .......... .......... .......... 69% 47.2M 0s
 23350K .......... .......... .......... .......... .......... 69% 67.4M 0s
 23400K .......... .......... .......... .......... .......... 69% 59.7M 0s
 23450K .......... .......... .......... .......... .......... 69% 58.3M 0s
 23500K .......... .......... .......... .......... .......... 69% 45.4M 0s
 23550K .......... .......... .......... .......... .......... 69% 62.9M 0s
 23600K .......... .......... .......... .......... .......... 69% 64.7M 0s
 23650K .......... .......... .......... .......... .......... 70% 58.5M 0s
 23700K .......... .......... .......... .......... .......... 70% 59.7M 0s
 23750K .......... .......... .......... .......... .......... 70% 54.2M 0s
 23800K .......... .......... .......... .......... .......... 70% 58.3M 0s
 23850K .......... .......... .......... .......... .......... 70% 58.2M 0s
 23900K .......... .......... .......... .......... .......... 70% 69.0M 0s
 23950K .......... .......... .......... .......... .......... 70% 43.0M 0s
 24000K .......... .......... .......... .......... .......... 71% 62.3M 0s
 24050K .......... .......... .......... .......... .......... 71% 64.6M 0s
 24100K .......... .......... .......... .......... .......... 71% 62.6M 0s
 24150K .......... .......... .......... .......... .......... 71% 63.3M 0s
 24200K .......... .......... .......... .......... .......... 71% 53.3M 0s
 24250K .......... .......... .......... .......... .......... 71% 58.5M 0s
 24300K .......... .......... .......... .......... .......... 71% 65.1M 0s
 24350K .......... .......... .......... .......... .......... 72% 69.7M 0s
 24400K .......... .......... .......... .......... .......... 72% 55.4M 0s
 24450K .......... .......... .......... .......... .......... 72% 70.4M 0s
 24500K .......... .......... .......... .......... .......... 72% 59.2M 0s
 24550K .......... .......... .......... .......... .......... 72% 58.1M 0s
 24600K .......... .......... .......... .......... .......... 72% 60.1M 0s
 24650K .......... .......... .......... .......... .......... 73% 70.3M 0s
 24700K .......... .......... .......... .......... .......... 73% 54.0M 0s
 24750K .......... .......... .......... .......... .......... 73% 63.0M 0s
 24800K .......... .......... .......... .......... .......... 73% 63.3M 0s
 24850K .......... .......... .......... .......... .......... 73% 67.7M 0s
 24900K .......... .......... .......... .......... .......... 73% 55.9M 0s
 24950K .......... .......... .......... .......... .......... 73% 64.4M 0s
 25000K .......... .......... .......... .......... .......... 74% 61.0M 0s
 25050K .......... .......... .......... .......... .......... 74% 61.2M 0s
 25100K .......... .......... .......... .......... .......... 74% 49.8M 0s
 25150K .......... .......... .......... .......... .......... 74% 57.2M 0s
 25200K .......... .......... .......... .......... .......... 74% 57.9M 0s
 25250K .......... .......... .......... .......... .......... 74% 58.5M 0s
 25300K .......... .......... .......... .......... .......... 74% 74.3M 0s
 25350K .......... .......... .......... .......... .......... 75% 51.2M 0s
 25400K .......... .......... .......... .......... .......... 75% 66.2M 0s
 25450K .......... .......... .......... .......... .......... 75% 61.4M 0s
 25500K .......... .......... .......... .......... .......... 75% 60.7M 0s
 25550K .......... .......... .......... .......... .......... 75% 57.2M 0s
 25600K .......... .......... .......... .......... .......... 75% 67.7M 0s
 25650K .......... .......... .......... .......... .......... 75% 73.6M 0s
 25700K .......... .......... .......... .......... .......... 76% 66.6M 0s
 25750K .......... .......... .......... .......... .......... 76% 67.1M 0s
 25800K .......... .......... .......... .......... .......... 76% 55.6M 0s
 25850K .......... .......... .......... .......... .......... 76% 65.1M 0s
 25900K .......... .......... .......... .......... .......... 76% 66.3M 0s
 25950K .......... .......... .......... .......... .......... 76% 65.1M 0s
 26000K .......... .......... .......... .......... .......... 77% 54.8M 0s
 26050K .......... .......... .......... .......... .......... 77% 69.2M 0s
 26100K .......... .......... .......... .......... .......... 77% 63.3M 0s
 26150K .......... .......... .......... .......... .......... 77% 56.8M 0s
 26200K .......... .......... .......... .......... .......... 77% 64.4M 0s
 26250K .......... .......... .......... .......... .......... 77% 52.1M 0s
 26300K .......... .......... .......... .......... .......... 77% 68.2M 0s
 26350K .......... .......... .......... .......... .......... 78% 66.0M 0s
 26400K .......... .......... .......... .......... .......... 78% 69.3M 0s
 26450K .......... .......... .......... .......... .......... 78% 49.6M 0s
 26500K .......... .......... .......... .......... .......... 78% 62.1M 0s
 26550K .......... .......... .......... .......... .......... 78% 56.2M 0s
 26600K .......... .......... .......... .......... .......... 78% 68.7M 0s
 26650K .......... .......... .......... .......... .......... 78% 50.8M 0s
 26700K .......... .......... .......... .......... .......... 79% 75.7M 0s
 26750K .......... .......... .......... .......... .......... 79% 60.6M 0s
 26800K .......... .......... .......... .......... .......... 79% 56.3M 0s
 26850K .......... .......... .......... .......... .......... 79% 71.1M 0s
 26900K .......... .......... .......... .......... .......... 79% 56.8M 0s
 26950K .......... .......... .......... .......... .......... 79% 65.8M 0s
 27000K .......... .......... .......... .......... .......... 79% 61.8M 0s
 27050K .......... .......... .......... .......... .......... 80% 60.7M 0s
 27100K .......... .......... .......... .......... .......... 80% 48.5M 0s
 27150K .......... .......... .......... .......... .......... 80% 71.8M 0s
 27200K .......... .......... .......... .......... .......... 80% 63.4M 0s
 27250K .......... .......... .......... .......... .......... 80% 63.0M 0s
 27300K .......... .......... .......... .......... .......... 80% 71.1M 0s
 27350K .......... .......... .......... .......... .......... 81% 53.5M 0s
 27400K .......... .......... .......... .......... .......... 81% 60.3M 0s
 27450K .......... .......... .......... .......... .......... 81% 69.1M 0s
 27500K .......... .......... .......... .......... .......... 81% 76.4M 0s
 27550K .......... .......... .......... .......... .......... 81% 53.3M 0s
 27600K .......... .......... .......... .......... .......... 81% 65.3M 0s
 27650K .......... .......... .......... .......... .......... 81% 64.5M 0s
 27700K .......... .......... .......... .......... .......... 82% 69.6M 0s
 27750K .......... .......... .......... .......... .......... 82% 61.7M 0s
 27800K .......... .......... .......... .......... .......... 82% 52.1M 0s
 27850K .......... .......... .......... .......... .......... 82% 65.7M 0s
 27900K .......... .......... .......... .......... .......... 82% 65.9M 0s
 27950K .......... .......... .......... .......... .......... 82% 61.9M 0s
 28000K .......... .......... .......... .......... .......... 82% 50.8M 0s
 28050K .......... .......... .......... .......... .......... 83% 56.7M 0s
 28100K .......... .......... .......... .......... .......... 83% 61.7M 0s
 28150K .......... .......... .......... .......... .......... 83% 65.5M 0s
 28200K .......... .......... .......... .......... .......... 83% 48.5M 0s
 28250K .......... .......... .......... .......... .......... 83% 69.6M 0s
 28300K .......... .......... .......... .......... .......... 83% 65.8M 0s
 28350K .......... .......... .......... .......... .......... 83% 63.9M 0s
 28400K .......... .......... .......... .......... .......... 84% 64.6M 0s
 28450K .......... .......... .......... .......... .......... 84% 52.2M 0s
 28500K .......... .......... .......... .......... .......... 84% 66.5M 0s
 28550K .......... .......... .......... .......... .......... 84% 38.7M 0s
 28600K .......... .......... .......... .......... .......... 84% 71.1M 0s
 28650K .......... .......... .......... .......... .......... 84% 55.5M 0s
 28700K .......... .......... .......... .......... .......... 84% 54.0M 0s
 28750K .......... .......... .......... .......... .......... 85% 74.5M 0s
 28800K .......... .......... .......... .......... .......... 85% 67.1M 0s
 28850K .......... .......... .......... .......... .......... 85% 65.4M 0s
 28900K .......... .......... .......... .......... .......... 85% 74.7M 0s
 28950K .......... .......... .......... .......... .......... 85% 51.7M 0s
 29000K .......... .......... .......... .......... .......... 85% 70.6M 0s
 29050K .......... .......... .......... .......... .......... 86% 63.4M 0s
 29100K .......... .......... .......... .......... .......... 86% 66.6M 0s
 29150K .......... .......... .......... .......... .......... 86% 51.1M 0s
 29200K .......... .......... .......... .......... .......... 86% 73.3M 0s
 29250K .......... .......... .......... .......... .......... 86% 66.6M 0s
 29300K .......... .......... .......... .......... .......... 86% 62.7M 0s
 29350K .......... .......... .......... .......... .......... 86% 66.6M 0s
 29400K .......... .......... .......... .......... .......... 87% 53.2M 0s
 29450K .......... .......... .......... .......... .......... 87% 70.4M 0s
 29500K .......... .......... .......... .......... .......... 87% 62.9M 0s
 29550K .......... .......... .......... .......... .......... 87% 66.6M 0s
 29600K .......... .......... .......... .......... .......... 87% 48.7M 0s
 29650K .......... .......... .......... .......... .......... 87% 60.1M 0s
 29700K .......... .......... .......... .......... .......... 87% 67.8M 0s
 29750K .......... .......... .......... .......... .......... 88% 66.0M 0s
 29800K .......... .......... .......... .......... .......... 88% 62.2M 0s
 29850K .......... .......... .......... .......... .......... 88% 49.0M 0s
 29900K .......... .......... .......... .......... .......... 88% 70.5M 0s
 29950K .......... .......... .......... .......... .......... 88% 58.2M 0s
 30000K .......... .......... .......... .......... .......... 88% 64.0M 0s
 30050K .......... .......... .......... .......... .......... 88% 54.0M 0s
 30100K .......... .......... .......... .......... .......... 89% 69.8M 0s
 30150K .......... .......... .......... .......... .......... 89% 67.8M 0s
 30200K .......... .......... .......... .......... .......... 89% 69.5M 0s
 30250K .......... .......... .......... .......... .......... 89% 52.7M 0s
 30300K .......... .......... .......... .......... .......... 89% 72.0M 0s
 30350K .......... .......... .......... .......... .......... 89% 63.6M 0s
 30400K .......... .......... .......... .......... .......... 90% 67.8M 0s
 30450K .......... .......... .......... .......... .......... 90% 68.0M 0s
 30500K .......... .......... .......... .......... .......... 90% 58.0M 0s
 30550K .......... .......... .......... .......... .......... 90% 53.8M 0s
 30600K .......... .......... .......... .......... .......... 90% 58.1M 0s
 30650K .......... .......... .......... .......... .......... 90% 75.2M 0s
 30700K .......... .......... .......... .......... .......... 90% 57.7M 0s
 30750K .......... .......... .......... .......... .......... 91% 67.3M 0s
 30800K .......... .......... .......... .......... .......... 91% 63.7M 0s
 30850K .......... .......... .......... .......... .......... 91% 59.6M 0s
 30900K .......... .......... .......... .......... .......... 91% 64.0M 0s
 30950K .......... .......... .......... .......... .......... 91% 48.2M 0s
 31000K .......... .......... .......... .......... .......... 91% 73.6M 0s
 31050K .......... .......... .......... .......... .......... 91% 57.9M 0s
 31100K .......... .......... .......... .......... .......... 92% 65.0M 0s
 31150K .......... .......... .......... .......... .......... 92% 46.8M 0s
 31200K .......... .......... .......... .......... .......... 92% 70.1M 0s
 31250K .......... .......... .......... .......... .......... 92% 63.2M 0s
 31300K .......... .......... .......... .......... .......... 92% 59.0M 0s
 31350K .......... .......... .......... .......... .......... 92% 66.2M 0s
 31400K .......... .......... .......... .......... .......... 92% 52.6M 0s
 31450K .......... .......... .......... .......... .......... 93% 63.0M 0s
 31500K .......... .......... .......... .......... .......... 93% 61.2M 0s
 31550K .......... .......... .......... .......... .......... 93% 58.3M 0s
 31600K .......... .......... .......... .......... .......... 93% 49.0M 0s
 31650K .......... .......... .......... .......... .......... 93% 69.8M 0s
 31700K .......... .......... .......... .......... .......... 93% 56.9M 0s
 31750K .......... .......... .......... .......... .......... 94% 63.0M 0s
 31800K .......... .......... .......... .......... .......... 94% 47.3M 0s
 31850K .......... .......... .......... .......... .......... 94% 65.0M 0s
 31900K .......... .......... .......... .......... .......... 94% 69.7M 0s
 31950K .......... .......... .......... .......... .......... 94% 57.0M 0s
 32000K .......... .......... .......... .......... .......... 94% 69.5M 0s
 32050K .......... .......... .......... .......... .......... 94% 54.9M 0s
 32100K .......... .......... .......... .......... .......... 95% 64.3M 0s
 32150K .......... .......... .......... .......... .......... 95% 66.0M 0s
 32200K .......... .......... .......... .......... .......... 95% 69.3M 0s
 32250K .......... .......... .......... .......... .......... 95% 51.3M 0s
 32300K .......... .......... .......... .......... .......... 95% 58.8M 0s
 32350K .......... .......... .......... .......... .......... 95% 61.9M 0s
 32400K .......... .......... .......... .......... .......... 95% 59.4M 0s
 32450K .......... .......... .......... .......... .......... 96% 55.8M 0s
 32500K .......... .......... .......... .......... .......... 96% 48.2M 0s
 32550K .......... .......... .......... .......... .......... 96% 66.5M 0s
 32600K .......... .......... .......... .......... .......... 96% 59.9M 0s
 32650K .......... .......... .......... .......... .......... 96% 64.0M 0s
 32700K .......... .......... .......... .......... .......... 96% 46.5M 0s
 32750K .......... .......... .......... .......... .......... 96% 56.1M 0s
 32800K .......... .......... .......... .......... .......... 97% 61.6M 0s
 32850K .......... .......... .......... .......... .......... 97% 60.3M 0s
 32900K .......... .......... .......... .......... .......... 97% 60.7M 0s
 32950K .......... .......... .......... .......... .......... 97% 58.5M 0s
 33000K .......... .......... .......... .......... .......... 97% 47.6M 0s
 33050K .......... .......... .......... .......... .......... 97% 62.5M 0s
 33100K .......... .......... .......... .......... .......... 98% 61.8M 0s
 33150K .......... .......... .......... .......... .......... 98% 68.4M 0s
 33200K .......... .......... .......... .......... .......... 98% 50.9M 0s
 33250K .......... .......... .......... .......... .......... 98% 69.2M 0s
 33300K .......... .......... .......... .......... .......... 98% 60.1M 0s
 33350K .......... .......... .......... .......... .......... 98% 67.3M 0s
 33400K .......... .......... .......... .......... .......... 98% 64.2M 0s
 33450K .......... .......... .......... .......... .......... 99% 54.9M 0s
 33500K .......... .......... .......... .......... .......... 99% 75.2M 0s
 33550K .......... .......... .......... .......... .......... 99% 72.5M 0s
 33600K .......... .......... .......... .......... .......... 99% 79.6M 0s
 33650K .......... .......... .......... .......... .......... 99% 54.8M 0s
 33700K .......... .......... .......... .......... .......... 99% 78.3M 0s
 33750K .......... .......... .......... .......... .......... 99% 69.9M 0s
 33800K .......... .......... ....                            100% 88.4M=0.6s

2022-05-28 05:19:01 (58.6 MB/s) - ‘MG5_aMC_v2.6.5.tar.gz’ saved [34635867/34635867]

patching file models/loop_qcd_qed_sm/restrict_lepton_masses_no_lepton_yukawas.dat
patching file models/loop_sm/restrict_ckm_no_b_mass.dat
patching file models/sm/restrict_ckm_lepton_masses.dat
patching file models/sm/restrict_ckm_lepton_masses_no_b_mass.dat
patching file models/sm/restrict_ckm_no_b_mass.dat
patching file models/sm/restrict_lepton_masses_no_b_mass.dat
patching file Template/NLO/SubProcesses/MCmasses_PYTHIA8.inc
patching file madgraph/interface/reweight_interface.py
patching file madgraph/interface/loop_interface.py
patching file madgraph/various/systematics.py
patching file Template/LO/Source/.make_opts
Hunk #1 succeeded at 118 (offset 4 lines).
patching file Template/NLO/Source/make_opts.inc
patching file madgraph/iolibs/export_v4.py
Hunk #1 succeeded at 521 (offset 23 lines).
patching file madgraph/iolibs/template_files/pdf_opendata.f
patching file madgraph/iolibs/template_files/pdf_wrap_lhapdf.f
Hunk #2 succeeded at 38 with fuzz 1.
patching file Template/LO/SubProcesses/refine.sh
patching file Template/LO/SubProcesses/refine_splitted.sh
patching file Template/LO/SubProcesses/survey.sh
patching file Template/NLO/SubProcesses/ajob_template
patching file Template/NLO/SubProcesses/reweight_xsec_events.local
patching file Template/LO/Source/.make_opts
Hunk #1 succeeded at 100 (offset 4 lines).
patching file Template/LO/Source/PDF/pdf_lhapdf6.cc
Hunk #1 succeeded at 16 with fuzz 2 (offset 4 lines).
patching file Template/NLO/Source/PDF/pdf_lhapdf6.cc
Hunk #1 succeeded at 16 with fuzz 2 (offset 4 lines).
patching file Template/NLO/Source/make_opts.inc
patching file madgraph/iolibs/template_files/pdf_wrap_lhapdf.f
patching file Template/LO/SubProcesses/refine.sh
Hunk #3 succeeded at 113 with fuzz 2.
patching file Template/LO/SubProcesses/refine_splitted.sh
patching file Template/LO/SubProcesses/survey.sh
patching file Template/NLO/SubProcesses/ajob_template
patching file Template/NLO/SubProcesses/reweight_xsec_events.local
patching file madgraph/interface/reweight_interface.py
Hunk #1 succeeded at 1885 (offset 37 lines).
patching file madgraph/interface/common_run_interface.py
Hunk #1 succeeded at 1701 (offset 101 lines).
patching file Template/LO/SubProcesses/refine.sh
patching file Template/LO/SubProcesses/refine_splitted.sh
patching file Template/LO/SubProcesses/survey.sh
patching file Template/NLO/SubProcesses/ajob_template
patching file Template/NLO/SubProcesses/reweight_xsec_events.local
patching file madgraph/various/misc.py
Hunk #1 succeeded at 450 (offset 48 lines).
patching file madgraph/interface/amcatnlo_run_interface.py
patching file madgraph/interface/madevent_interface.py
Hunk #1 succeeded at 6598 (offset 17 lines).
Hunk #2 succeeded at 6614 (offset 17 lines).
patching file madgraph/interface/reweight_interface.py
Hunk #2 succeeded at 1696 (offset 25 lines).
patching file MadSpin/decay.py
patching file Template/NLO/SubProcesses/handling_lhe_events.f
patching file madgraph/interface/amcatnlo_run_interface.py
patching file madgraph/interface/reweight_interface.py
Hunk #1 succeeded at 644 (offset 1 line).
Hunk #2 succeeded at 1788 (offset 7 lines).
patching file Template/NLO/SubProcesses/driver_mintFO.f
patching file Template/NLO/SubProcesses/driver_mintMC.f
patching file madgraph/core/helas_objects.py
patching file MadSpin/interface_madspin.py
patching file Template/LO/Source/PDF/PhotonFlux.f
patching file madgraph/interface/madevent_interface.py
patching file madgraph/interface/madgraph_interface.py
patching file Template/LO/bin/internal/restore_data
patching file madgraph/interface/madevent_interface.py
patching file madgraph/interface/madevent_interface.py
patching file Template/loop_material/StandAlone/SubProcesses/MadLoopCommons.inc
patching file MadSpin/interface_madspin.py
patching file madgraph/interface/common_run_interface.py
patching file MadSpin/interface_madspin.py
patching file madgraph/interface/amcatnlo_run_interface.py
Hunk #5 succeeded at 4324 (offset 1 line).
Hunk #6 succeeded at 5105 (offset 1 line).
Hunk #7 succeeded at 5440 (offset 1 line).
patching file madgraph/various/cluster.py
patching file madgraph/interface/reweight_interface.py
Hunk #1 succeeded at 751 with fuzz 1 (offset 1 line).
ls: cannot access /tmp/amallamp/genproductions/bin/MadGraph5_aMCatNLO/cards/examples/DarkMatter/MonoZprime/cards_monoZprime2017/DM_MonoZPrime_V_Mx1_Mv1000_gDMgQ1_LO/DM_MonoZPrime_V_Mx1_Mv1000_gDMgQ1_LO*.patch: No such file or directory
************************************************************
*                                                          *
*                     W E L C O M E to                     *
*              M A D G R A P H 5 _ a M C @ N L O           *
*                                                          *
*                                                          *
*                 *                       *                *
*                   *        * *        *                  *
*                     * * * * 5 * * * *                    *
*                   *        * *        *                  *
*                 *                       *                *
*                                                          *
*         VERSION 2.6.5                 2018-02-03         *
*                                                          *
*    The MadGraph5_aMC@NLO Development Team - Find us at   *
*    https://server06.fynu.ucl.ac.be/projects/madgraph     *
*                            and                           *
*            http://amcatnlo.web.cern.ch/amcatnlo/         *
*                                                          *
*               Type 'help' for in-line help.              *
*           Type 'tutorial' to learn how MG5 works         *
*    Type 'tutorial aMCatNLO' to learn how aMC@NLO works   *
*    Type 'tutorial MadLoop' to learn how MadLoop works    *
*                                                          *
************************************************************
load MG5 configuration from input/mg5_configuration.txt 
fastjet-config does not seem to correspond to a valid fastjet-config executable (v3+). We will use fjcore instead.
 Please set the 'fastjet'variable to the full (absolute) /PATH/TO/fastjet-config (including fastjet-config).
 MG5_aMC> set fastjet /PATH/TO/fastjet-config

set lhapdf to lhapdf-config
Using default eps viewer "evince". Set another one in ./input/mg5_configuration.txt
Using default web browser "firefox". Set another one in ./input/mg5_configuration.txt
import /tmp/amallamp/genproductions/bin/MadGraph5_aMCatNLO/DM_MonoZPrime_V_Mx1_Mv1000_gDMgQ1_LO/DM_MonoZPrime_V_Mx1_Mv1000_gDMgQ1_LO_gridpack/work/MG5_aMC_v2_6_5/mgconfigscript
The import format was not given, so we guess it as command
set auto_update 0
save options auto_update
save configuration file to /tmp/amallamp/genproductions/bin/MadGraph5_aMCatNLO/DM_MonoZPrime_V_Mx1_Mv1000_gDMgQ1_LO/DM_MonoZPrime_V_Mx1_Mv1000_gDMgQ1_LO_gridpack/work/MG5_aMC_v2_6_5/input/mg5_configuration.txt
set automatic_html_opening False
This option will be the default in any output that you are going to create in this session.
In order to keep this changes permanent please run 'save options'
set lhapdf /cvmfs/cms.cern.ch/slc7_amd64_gcc700/external/lhapdf/6.2.1-pafccj3/share/LHAPDF/../../bin/lhapdf-config
set lhapdf to /cvmfs/cms.cern.ch/slc7_amd64_gcc700/external/lhapdf/6.2.1-pafccj3/share/LHAPDF/../../bin/lhapdf-config
save options lhapdf
save configuration file to /tmp/amallamp/genproductions/bin/MadGraph5_aMCatNLO/DM_MonoZPrime_V_Mx1_Mv1000_gDMgQ1_LO/DM_MonoZPrime_V_Mx1_Mv1000_gDMgQ1_LO_gridpack/work/MG5_aMC_v2_6_5/input/mg5_configuration.txt
set run_mode 2
This option will be the default in any output that you are going to create in this session.
In order to keep this changes permanent please run 'save options'
save options
save configuration file to /tmp/amallamp/genproductions/bin/MadGraph5_aMCatNLO/DM_MonoZPrime_V_Mx1_Mv1000_gDMgQ1_LO/DM_MonoZPrime_V_Mx1_Mv1000_gDMgQ1_LO_gridpack/work/MG5_aMC_v2_6_5/input/mg5_configuration.txt
quit
Loading extra models specified in /tmp/amallamp/genproductions/bin/MadGraph5_aMCatNLO/cards/examples/DarkMatter/MonoZprime/cards_monoZprime2017/DM_MonoZPrime_V_Mx1_Mv1000_gDMgQ1_LO/DM_MonoZPrime_V_Mx1_Mv1000_gDMgQ1_LO_extramodels.dat
Loading extra model DMEFT2ZpNewV2_UFO.zip
--2022-05-28 05:19:05--  http://www.hep.wisc.edu/~varuns/monoZprime/model/DMEFT2ZpNewV2_UFO.zip
Resolving www.hep.wisc.edu (www.hep.wisc.edu)... 128.104.160.18
Connecting to www.hep.wisc.edu (www.hep.wisc.edu)|128.104.160.18|:80... connected.
HTTP request sent, awaiting response... 301 Moved Permanently
Location: https://www.hep.wisc.edu/~varuns/monoZprime/model/DMEFT2ZpNewV2_UFO.zip [following]
--2022-05-28 05:19:05--  https://www.hep.wisc.edu/~varuns/monoZprime/model/DMEFT2ZpNewV2_UFO.zip
Connecting to www.hep.wisc.edu (www.hep.wisc.edu)|128.104.160.18|:443... connected.
HTTP request sent, awaiting response... 301 Moved Permanently
Location: https://pages.hep.wisc.edu/~varuns/monoZprime/model/DMEFT2ZpNewV2_UFO.zip [following]
--2022-05-28 05:19:06--  https://pages.hep.wisc.edu/~varuns/monoZprime/model/DMEFT2ZpNewV2_UFO.zip
Resolving pages.hep.wisc.edu (pages.hep.wisc.edu)... 2607:f388:101c:0:1000::4, 128.104.28.23
Connecting to pages.hep.wisc.edu (pages.hep.wisc.edu)|2607:f388:101c:0:1000::4|:443... connected.
HTTP request sent, awaiting response... 200 OK
Length: 23837 (23K) [application/zip]
Saving to: ‘DMEFT2ZpNewV2_UFO.zip’

     0K .......... .......... ...                             100%  208K=0.1s

2022-05-28 05:19:07 (208 KB/s) - ‘DMEFT2ZpNewV2_UFO.zip’ saved [23837/23837]

Archive:  ../DMEFT2ZpNewV2_UFO.zip
   creating: DMEFT2ZpNewV2_UFO/
  inflating: DMEFT2ZpNewV2_UFO/write_param_card.py  
   creating: __MACOSX/
   creating: __MACOSX/DMEFT2ZpNewV2_UFO/
  inflating: __MACOSX/DMEFT2ZpNewV2_UFO/._write_param_card.py  
  inflating: DMEFT2ZpNewV2_UFO/couplings.py  
  inflating: __MACOSX/DMEFT2ZpNewV2_UFO/._couplings.py  
  inflating: DMEFT2ZpNewV2_UFO/propagators.py  
  inflating: __MACOSX/DMEFT2ZpNewV2_UFO/._propagators.py  
  inflating: DMEFT2ZpNewV2_UFO/lorentz.py  
  inflating: __MACOSX/DMEFT2ZpNewV2_UFO/._lorentz.py  
  inflating: DMEFT2ZpNewV2_UFO/__init__.py  
  inflating: __MACOSX/DMEFT2ZpNewV2_UFO/.___init__.py  
  inflating: DMEFT2ZpNewV2_UFO/CT_couplings.py  
  inflating: __MACOSX/DMEFT2ZpNewV2_UFO/._CT_couplings.py  
  inflating: DMEFT2ZpNewV2_UFO/particles.py  
  inflating: __MACOSX/DMEFT2ZpNewV2_UFO/._particles.py  
  inflating: DMEFT2ZpNewV2_UFO/object_library.py  
  inflating: __MACOSX/DMEFT2ZpNewV2_UFO/._object_library.py  
  inflating: DMEFT2ZpNewV2_UFO/decays.py  
  inflating: __MACOSX/DMEFT2ZpNewV2_UFO/._decays.py  
  inflating: DMEFT2ZpNewV2_UFO/function_library.py  
  inflating: __MACOSX/DMEFT2ZpNewV2_UFO/._function_library.py  
  inflating: DMEFT2ZpNewV2_UFO/parameters.py  
  inflating: __MACOSX/DMEFT2ZpNewV2_UFO/._parameters.py  
  inflating: DMEFT2ZpNewV2_UFO/coupling_orders.py  
  inflating: __MACOSX/DMEFT2ZpNewV2_UFO/._coupling_orders.py  
  inflating: DMEFT2ZpNewV2_UFO/vertices.py  
  inflating: __MACOSX/DMEFT2ZpNewV2_UFO/._vertices.py  
  inflating: DMEFT2ZpNewV2_UFO/DMEFT2ZpNewV2_UFO.log  
  inflating: __MACOSX/DMEFT2ZpNewV2_UFO/._DMEFT2ZpNewV2_UFO.log  
  inflating: __MACOSX/._DMEFT2ZpNewV2_UFO  
/tmp/amallamp/genproductions/bin/MadGraph5_aMCatNLO/DM_MonoZPrime_V_Mx1_Mv1000_gDMgQ1_LO/DM_MonoZPrime_V_Mx1_Mv1000_gDMgQ1_LO_gridpack/work
************************************************************
*                                                          *
*                     W E L C O M E to                     *
*              M A D G R A P H 5 _ a M C @ N L O           *
*                                                          *
*                                                          *
*                 *                       *                *
*                   *        * *        *                  *
*                     * * * * 5 * * * *                    *
*                   *        * *        *                  *
*                 *                       *                *
*                                                          *
*         VERSION 2.6.5                 2018-02-03         *
*                                                          *
*    The MadGraph5_aMC@NLO Development Team - Find us at   *
*    https://server06.fynu.ucl.ac.be/projects/madgraph     *
*                            and                           *
*            http://amcatnlo.web.cern.ch/amcatnlo/         *
*                                                          *
*               Type 'help' for in-line help.              *
*           Type 'tutorial' to learn how MG5 works         *
*    Type 'tutorial aMCatNLO' to learn how aMC@NLO works   *
*    Type 'tutorial MadLoop' to learn how MadLoop works    *
*                                                          *
************************************************************
load MG5 configuration from MG5_aMC_v2_6_5/input/mg5_configuration.txt 
None does not seem to correspond to a valid fastjet-config executable (v3+). We will use fjcore instead.
 Please set the 'fastjet'variable to the full (absolute) /PATH/TO/fastjet-config (including fastjet-config).
 MG5_aMC> set fastjet /PATH/TO/fastjet-config

set lhapdf to /cvmfs/cms.cern.ch/slc7_amd64_gcc700/external/lhapdf/6.2.1-pafccj3/share/LHAPDF/../../bin/lhapdf-config
Using default eps viewer "evince". Set another one in ./input/mg5_configuration.txt
Using default web browser "firefox". Set another one in ./input/mg5_configuration.txt
import /tmp/amallamp/genproductions/bin/MadGraph5_aMCatNLO/DM_MonoZPrime_V_Mx1_Mv1000_gDMgQ1_LO/DM_MonoZPrime_V_Mx1_Mv1000_gDMgQ1_LO_gridpack/work/DM_MonoZPrime_V_Mx1_Mv1000_gDMgQ1_LO_proc_card.dat
The import format was not given, so we guess it as command
set default_unset_couplings 99
set loop_color_flows False
set loop color flows to False
set max_npoint_for_channel 0
set loop_optimized_output True
set loop optimized output to True
set group_subprocesses Auto
Set group_subprocesses to Auto
Note that you need to regenerate all processes
set ignore_six_quark_processes False
set gauge unitary
Passing to gauge unitary.
set complex_mass_scheme False
Complex mass already desactivated.
import model DMEFT2ZpNewV2_UFO
INFO: load particles 
INFO: load vertices 
INFO: Change particles name to pass to MG5 convention 
Defined multiparticle p = g u c d s u~ c~ d~ s~
Defined multiparticle j = g u c d s u~ c~ d~ s~
Defined multiparticle l+ = e+ mu+
Defined multiparticle l- = e- mu-
Defined multiparticle vl = ve vm vt
Defined multiparticle vl~ = ve~ vm~ vt~
Defined multiparticle all = g a ve vm ve~ vm~ u c t d s b u~ c~ t~ d~ s~ b~ z w+ h zp zh w- vt e- mu- ta- vt~ e+ mu+ ta+
define p = g u c d s u~ c~ d~ s~
Defined multiparticle p = g u c d s u~ c~ d~ s~
define j = g u c d s u~ c~ d~ s~
Defined multiparticle j = g u c d s u~ c~ d~ s~
define l+ = e+ mu+
Defined multiparticle l+ = e+ mu+
define l- = e- mu-
Defined multiparticle l- = e- mu-
define vl = ve vm
Defined multiparticle vl = ve vm
define vl~ = ve~ vm~
Defined multiparticle vl~ = ve~ vm~
generate p p > vt vt~ Zp QED=0 dmvector=3 dmzpu=1,Zp > u u~
[1;34mInterpreting 'dmzpu=1' as 'dmzpu<=1'[0m
[1;34mInterpreting 'dmvector=3' as 'dmvector<=3'[0m
INFO: Trying process: g g > vt vt~ zp QED=0 dmvector<=3 dmzpu<=1 @1  
INFO: Trying process: u u~ > vt vt~ zp QED=0 dmvector<=3 dmzpu<=1 @1  
INFO: Process has 6 diagrams 
INFO: Trying process: u c~ > vt vt~ zp QED=0 dmvector<=3 dmzpu<=1 @1  
INFO: Trying process: c u~ > vt vt~ zp QED=0 dmvector<=3 dmzpu<=1 @1  
INFO: Trying process: c c~ > vt vt~ zp QED=0 dmvector<=3 dmzpu<=1 @1  
INFO: Process has 2 diagrams 
INFO: Trying process: d d~ > vt vt~ zp QED=0 dmvector<=3 dmzpu<=1 @1  
INFO: Process has 2 diagrams 
INFO: Trying process: d s~ > vt vt~ zp QED=0 dmvector<=3 dmzpu<=1 @1  
INFO: Trying process: s d~ > vt vt~ zp QED=0 dmvector<=3 dmzpu<=1 @1  
INFO: Trying process: s s~ > vt vt~ zp QED=0 dmvector<=3 dmzpu<=1 @1  
INFO: Process has 2 diagrams 
INFO: Process u~ u > vt vt~ zp added to mirror process u u~ > vt vt~ zp 
INFO: Process c~ c > vt vt~ zp added to mirror process c c~ > vt vt~ zp 
INFO: Process d~ d > vt vt~ zp added to mirror process d d~ > vt vt~ zp 
INFO: Process s~ s > vt vt~ zp added to mirror process s s~ > vt vt~ zp 
INFO: Checking for minimal orders which gives processes. 
INFO: Please specify coupling orders to bypass this step. 
INFO: Trying process: zp > u u~ WEIGHTED<=1  
INFO: Process has 1 diagrams 
1 processes with 13 diagrams generated in 0.073 s
Total: 1 processes with 13 diagrams
output DM_MonoZPrime_V_Mx1_Mv1000_gDMgQ1_LO
[1;34mPlugin PLUGIN.CMS_CLUSTER has marked as NOT being validated with this version. 
It has been validated for the last time with version: 2.6.0[0m
INFO: initialize a new directory: DM_MonoZPrime_V_Mx1_Mv1000_gDMgQ1_LO 
INFO: remove old information in DM_MonoZPrime_V_Mx1_Mv1000_gDMgQ1_LO 
INFO: Organizing processes into subprocess groups 
INFO: Organizing processes into subprocess groups 
INFO: Generating Helas calls for process: u u~ > vt vt~ zp QED=0 dmvector<=3 dmzpu<=1 @1 
INFO: Generating Helas calls for process: c c~ > vt vt~ zp QED=0 dmvector<=3 dmzpu<=1 @1 
INFO: Generating Helas calls for process: d d~ > vt vt~ zp QED=0 dmvector<=3 dmzpu<=1 @1 
INFO: Generating Helas calls for process: s s~ > vt vt~ zp QED=0 dmvector<=3 dmzpu<=1 @1 
INFO: Generating Helas calls for process: zp > u u~ WEIGHTED<=1 
INFO: Combine u u~ > vt vt~ zp QED=0 dmvector<=3 dmzpu<=1 @1 with decays zp > u u~ WEIGHTED<=1 
INFO: Combine c c~ > vt vt~ zp QED=0 dmvector<=3 dmzpu<=1 @1 with decays zp > u u~ WEIGHTED<=1 
INFO: Combine d d~ > vt vt~ zp QED=0 dmvector<=3 dmzpu<=1 @1 with decays zp > u u~ WEIGHTED<=1 
INFO: Combine s s~ > vt vt~ zp QED=0 dmvector<=3 dmzpu<=1 @1 with decays zp > u u~ WEIGHTED<=1 
INFO: Processing color information for process: u u~ > vt vt~ zp QED=0 dmvector<=3 dmzpu<=1 @1
  Decay: zp > u u~ WEIGHTED<=1 
INFO: Processing color information for process: c c~ > vt vt~ zp QED=0 dmvector<=3 dmzpu<=1 @1
  Decay: zp > u u~ WEIGHTED<=1 
INFO: Reusing existing color information for process: d d~ > vt vt~ zp QED=0 dmvector<=3 dmzpu<=1 @1
  Decay: zp > u u~ WEIGHTED<=1 
INFO: Reusing existing color information for process: s s~ > vt vt~ zp QED=0 dmvector<=3 dmzpu<=1 @1
  Decay: zp > u u~ WEIGHTED<=1 
INFO: Creating files in directory P1_uux_vtvtxzp_zp_uux 
INFO: Generating Feynman diagrams for Process: u u~ > vt vt~ zp QED=0 dmvector<=3 dmzpu<=1 @1
  Decay: zp > u u~ WEIGHTED<=1 
INFO: Finding symmetric diagrams for subprocess group uux_vtvtxzp_zp_uux 
INFO: Creating files in directory P1_ccx_vtvtxzp_zp_uux 
INFO: Generating Feynman diagrams for Process: c c~ > vt vt~ zp QED=0 dmvector<=3 dmzpu<=1 @1
  Decay: zp > u u~ WEIGHTED<=1 
INFO: Finding symmetric diagrams for subprocess group ccx_vtvtxzp_zp_uux 
INFO: Creating files in directory P1_ddx_vtvtxzp_zp_uux 
INFO: Generating Feynman diagrams for Process: d d~ > vt vt~ zp QED=0 dmvector<=3 dmzpu<=1 @1
  Decay: zp > u u~ WEIGHTED<=1 
INFO: Finding symmetric diagrams for subprocess group ddx_vtvtxzp_zp_uux 
INFO: Creating files in directory P1_ssx_vtvtxzp_zp_uux 
INFO: Generating Feynman diagrams for Process: s s~ > vt vt~ zp QED=0 dmvector<=3 dmzpu<=1 @1
  Decay: zp > u u~ WEIGHTED<=1 
INFO: Finding symmetric diagrams for subprocess group ssx_vtvtxzp_zp_uux 
Generated helas calls for 4 subprocesses (12 diagrams) in 0.075 s
Wrote files for 56 helas calls in 0.199 s
ALOHA: aloha creates FFV2 routines
ALOHA: aloha creates FFV1 routines
save configuration file to /tmp/amallamp/genproductions/bin/MadGraph5_aMCatNLO/DM_MonoZPrime_V_Mx1_Mv1000_gDMgQ1_LO/DM_MonoZPrime_V_Mx1_Mv1000_gDMgQ1_LO_gridpack/work/DM_MonoZPrime_V_Mx1_Mv1000_gDMgQ1_LO/Cards/me5_configuration.txt
INFO: Use Fortran compiler gfortran 
INFO: Use c++ compiler g++ 
INFO: Generate jpeg diagrams 
gs: /cvmfs/cms.cern.ch/slc7_amd64_gcc700/cms/cmssw/CMSSW_10_6_19/external/slc7_amd64_gcc700/lib/libtiff.so.5: no version information available (required by /lib64/libgs.so.9)
gs: /cvmfs/cms.cern.ch/slc7_amd64_gcc700/cms/cmssw/CMSSW_10_6_19/external/slc7_amd64_gcc700/lib/libtiff.so.5: no version information available (required by /lib64/libgs.so.9)
gs: /cvmfs/cms.cern.ch/slc7_amd64_gcc700/cms/cmssw/CMSSW_10_6_19/external/slc7_amd64_gcc700/lib/libtiff.so.5: no version information available (required by /lib64/libgs.so.9)
gs: /cvmfs/cms.cern.ch/slc7_amd64_gcc700/cms/cmssw/CMSSW_10_6_19/external/slc7_amd64_gcc700/lib/libtiff.so.5: no version information available (required by /lib64/libgs.so.9)
gs: /cvmfs/cms.cern.ch/slc7_amd64_gcc700/cms/cmssw/CMSSW_10_6_19/external/slc7_amd64_gcc700/lib/libtiff.so.5: no version information available (required by /lib64/libgs.so.9)
INFO: Generate web pages 
Output to directory /tmp/amallamp/genproductions/bin/MadGraph5_aMCatNLO/DM_MonoZPrime_V_Mx1_Mv1000_gDMgQ1_LO/DM_MonoZPrime_V_Mx1_Mv1000_gDMgQ1_LO_gridpack/work/DM_MonoZPrime_V_Mx1_Mv1000_gDMgQ1_LO done.
Type "launch" to generate events from this process, or see
/tmp/amallamp/genproductions/bin/MadGraph5_aMCatNLO/DM_MonoZPrime_V_Mx1_Mv1000_gDMgQ1_LO/DM_MonoZPrime_V_Mx1_Mv1000_gDMgQ1_LO_gridpack/work/DM_MonoZPrime_V_Mx1_Mv1000_gDMgQ1_LO/README
Run "open index.html" to see more information about this process.
display multiparticles
Multiparticle labels:
all = g a ve vm ve~ vm~ u c t d s b u~ c~ t~ d~ s~ b~ z w+ h zp zh w- vt e- mu- ta- vt~ e+ mu+ ta+
l- = e- mu-
j = g u c d s u~ c~ d~ s~
vl = ve vm
l+ = e+ mu+
p = g u c d s u~ c~ d~ s~
vl~ = ve~ vm~
quit
copying generated process to working directory
INFO: Using default PDF sets for 2017 production
starting LO mode
************************************************************
*                                                          *
*                      W E L C O M E to                    *
*             M A D G R A P H 5 _ a M C @ N L O            *
*                      M A D E V E N T                     *
*                                                          *
*                 *                       *                *
*                   *        * *        *                  *
*                     * * * * 5 * * * *                    *
*                   *        * *        *                  *
*                 *                       *                *
*                                                          *
*         VERSION 2.6.5                 20xx-xx-xx         *
*                                                          *
*    The MadGraph5_aMC@NLO Development Team - Find us at   *
*    https://server06.fynu.ucl.ac.be/projects/madgraph     *
*                                                          *
*               Type 'help' for in-line help.              *
*                                                          *
************************************************************
INFO: load configuration from /tmp/amallamp/genproductions/bin/MadGraph5_aMCatNLO/DM_MonoZPrime_V_Mx1_Mv1000_gDMgQ1_LO/DM_MonoZPrime_V_Mx1_Mv1000_gDMgQ1_LO_gridpack/work/processtmp/Cards/me5_configuration.txt  
INFO: load configuration from /tmp/amallamp/genproductions/bin/MadGraph5_aMCatNLO/DM_MonoZPrime_V_Mx1_Mv1000_gDMgQ1_LO/DM_MonoZPrime_V_Mx1_Mv1000_gDMgQ1_LO_gridpack/work/MG5_aMC_v2_6_5/input/mg5_configuration.txt  
INFO: load configuration from /tmp/amallamp/genproductions/bin/MadGraph5_aMCatNLO/DM_MonoZPrime_V_Mx1_Mv1000_gDMgQ1_LO/DM_MonoZPrime_V_Mx1_Mv1000_gDMgQ1_LO_gridpack/work/processtmp/Cards/me5_configuration.txt  
Using default eps viewer "evince". Set another one in ./input/mg5_configuration.txt
Using default web browser "firefox". Set another one in ./input/mg5_configuration.txt
generate_events pilotrun
stty: standard input: Inappropriate ioctl for device
stty: standard input: Inappropriate ioctl for device
The following switches determine which programs are run:
/===========================================================================\
| 1. Choose the shower/hadronization program   [1m  shower[0m = [01mNot Avail.[0m        |
| 2. Choose the detector simulation program    [1mdetector[0m = [01mNot Avail.[0m        |
| 3. Choose an analysis package (plot/convert) [1manalysis[0m = [01mNot Avail.[0m        |
| 4. Decay onshell particles                   [1m madspin[0m = [31mOFF[0m               |
| 5. Add weights to events for new hypp.       [1mreweight[0m = [31mOFF[0m               |
\===========================================================================/
Either type the switch number (1 to 5) to change its setting,
Set any switch explicitly (e.g. type 'madspin=ON' at the prompt)
Type 'help' for the list of all valid option
Type '0', 'auto', 'done' or just press enter when you are done.[60s to answer] 
>Do you want to edit a card (press enter to bypass editing)?
/------------------------------------------------------------\
|  [31m1[0m. param : [32mparam_card.dat[0m                                 |
|  [31m2[0m. run   : [32mrun_card.dat[0m                                   |
\------------------------------------------------------------/
 you can also
   - enter the path to a valid card or banner.
   - use the 'set' command to modify a parameter directly.
     The set option works only for param_card and run_card.
     Type 'help set' for more information on this command.
   - call an external program (ASperGE/MadWidth/...).
     Type 'help' for the list of available command
 [[4m0[0m, done, 1, param, 2, run, enter path][90s to answer] 
>[1mINFO: modify parameter gridpack of the run_card.dat to True [0m
Do you want to edit a card (press enter to bypass editing)?
/------------------------------------------------------------\
|  [31m1[0m. param : [32mparam_card.dat[0m                                 |
|  [31m2[0m. run   : [32mrun_card.dat[0m                                   |
\------------------------------------------------------------/
 you can also
   - enter the path to a valid card or banner.
   - use the 'set' command to modify a parameter directly.
     The set option works only for param_card and run_card.
     Type 'help set' for more information on this command.
   - call an external program (ASperGE/MadWidth/...).
     Type 'help' for the list of available command
 [[4m0[0m, done, 1, param, 2, run, enter path] 
>[1mINFO: modify parameter misset of the run_card.dat to 200.0 [0m
Do you want to edit a card (press enter to bypass editing)?
/------------------------------------------------------------\
|  [31m1[0m. param : [32mparam_card.dat[0m                                 |
|  [31m2[0m. run   : [32mrun_card.dat[0m                                   |
\------------------------------------------------------------/
 you can also
   - enter the path to a valid card or banner.
   - use the 'set' command to modify a parameter directly.
     The set option works only for param_card and run_card.
     Type 'help set' for more information on this command.
   - call an external program (ASperGE/MadWidth/...).
     Type 'help' for the list of available command
 [[4m0[0m, done, 1, param, 2, run, enter path] 
>[1mINFO: modify parameter drjj of the run_card.dat to 0.0 [0m
Do you want to edit a card (press enter to bypass editing)?
/------------------------------------------------------------\
|  [31m1[0m. param : [32mparam_card.dat[0m                                 |
|  [31m2[0m. run   : [32mrun_card.dat[0m                                   |
\------------------------------------------------------------/
 you can also
   - enter the path to a valid card or banner.
   - use the 'set' command to modify a parameter directly.
     The set option works only for param_card and run_card.
     Type 'help set' for more information on this command.
   - call an external program (ASperGE/MadWidth/...).
     Type 'help' for the list of available command
 [[4m0[0m, done, 1, param, 2, run, enter path] 
>[1mINFO: modify param_card information BLOCK mass with id (16,) set to 1.0 [0m
Do you want to edit a card (press enter to bypass editing)?
/------------------------------------------------------------\
|  [31m1[0m. param : [32mparam_card.dat[0m                                 |
|  [31m2[0m. run   : [32mrun_card.dat[0m                                   |
\------------------------------------------------------------/
 you can also
   - enter the path to a valid card or banner.
   - use the 'set' command to modify a parameter directly.
     The set option works only for param_card and run_card.
     Type 'help set' for more information on this command.
   - call an external program (ASperGE/MadWidth/...).
     Type 'help' for the list of available command
 [[4m0[0m, done, 1, param, 2, run, enter path] 
>[1mINFO: modify param_card information BLOCK mass with id (600002,) set to 1000.0 [0m
Do you want to edit a card (press enter to bypass editing)?
/------------------------------------------------------------\
|  [31m1[0m. param : [32mparam_card.dat[0m                                 |
|  [31m2[0m. run   : [32mrun_card.dat[0m                                   |
\------------------------------------------------------------/
 you can also
   - enter the path to a valid card or banner.
   - use the 'set' command to modify a parameter directly.
     The set option works only for param_card and run_card.
     Type 'help set' for more information on this command.
   - call an external program (ASperGE/MadWidth/...).
     Type 'help' for the list of available command
 [[4m0[0m, done, 1, param, 2, run, enter path] 
>[1mINFO: modify param_card information BLOCK frblock with id (2,) set to 1.0 [0m
Do you want to edit a card (press enter to bypass editing)?
/------------------------------------------------------------\
|  [31m1[0m. param : [32mparam_card.dat[0m                                 |
|  [31m2[0m. run   : [32mrun_card.dat[0m                                   |
\------------------------------------------------------------/
 you can also
   - enter the path to a valid card or banner.
   - use the 'set' command to modify a parameter directly.
     The set option works only for param_card and run_card.
     Type 'help set' for more information on this command.
   - call an external program (ASperGE/MadWidth/...).
     Type 'help' for the list of available command
 [[4m0[0m, done, 1, param, 2, run, enter path] 
>[1mINFO: modify param_card information BLOCK frblock with id (3,) set to 0.25 [0m
Do you want to edit a card (press enter to bypass editing)?
/------------------------------------------------------------\
|  [31m1[0m. param : [32mparam_card.dat[0m                                 |
|  [31m2[0m. run   : [32mrun_card.dat[0m                                   |
\------------------------------------------------------------/
 you can also
   - enter the path to a valid card or banner.
   - use the 'set' command to modify a parameter directly.
     The set option works only for param_card and run_card.
     Type 'help set' for more information on this command.
   - call an external program (ASperGE/MadWidth/...).
     Type 'help' for the list of available command
 [[4m0[0m, done, 1, param, 2, run, enter path] 
>[1mINFO: modify param_card information BLOCK mass with id (600001,) set to 1.0 [0m
Do you want to edit a card (press enter to bypass editing)?
/------------------------------------------------------------\
|  [31m1[0m. param : [32mparam_card.dat[0m                                 |
|  [31m2[0m. run   : [32mrun_card.dat[0m                                   |
\------------------------------------------------------------/
 you can also
   - enter the path to a valid card or banner.
   - use the 'set' command to modify a parameter directly.
     The set option works only for param_card and run_card.
     Type 'help set' for more information on this command.
   - call an external program (ASperGE/MadWidth/...).
     Type 'help' for the list of available command
 [[4m0[0m, done, 1, param, 2, run, enter path] 
>[1mINFO: modify param_card information BLOCK decay with id (600002,) set to Auto [0m
Do you want to edit a card (press enter to bypass editing)?
/------------------------------------------------------------\
|  [31m1[0m. param : [32mparam_card.dat[0m                                 |
|  [31m2[0m. run   : [32mrun_card.dat[0m                                   |
\------------------------------------------------------------/
 you can also
   - enter the path to a valid card or banner.
   - use the 'set' command to modify a parameter directly.
     The set option works only for param_card and run_card.
     Type 'help set' for more information on this command.
   - call an external program (ASperGE/MadWidth/...).
     Type 'help' for the list of available command
 [[4m0[0m, done, 1, param, 2, run, enter path] 
>INFO: load particles 
INFO: load vertices 
INFO: Change particles name to pass to MG5 convention 
************************************************************
*                                                          *
*                     W E L C O M E to                     *
*              M A D G R A P H 5 _ a M C @ N L O           *
*                                                          *
*                                                          *
*                 *                       *                *
*                   *        * *        *                  *
*                     * * * * 5 * * * *                    *
*                   *        * *        *                  *
*                 *                       *                *
*                                                          *
*         VERSION 2.6.5                 2018-02-03         *
*                                                          *
*    The MadGraph5_aMC@NLO Development Team - Find us at   *
*    https://server06.fynu.ucl.ac.be/projects/madgraph     *
*                            and                           *
*            http://amcatnlo.web.cern.ch/amcatnlo/         *
*                                                          *
*               Type 'help' for in-line help.              *
*           Type 'tutorial' to learn how MG5 works         *
*    Type 'tutorial aMCatNLO' to learn how aMC@NLO works   *
*    Type 'tutorial MadLoop' to learn how MadLoop works    *
*                                                          *
************************************************************
load MG5 configuration from ../MG5_aMC_v2_6_5/input/mg5_configuration.txt 
None does not seem to correspond to a valid fastjet-config executable (v3+). We will use fjcore instead.
 Please set the 'fastjet'variable to the full (absolute) /PATH/TO/fastjet-config (including fastjet-config).
 MG5_aMC> set fastjet /PATH/TO/fastjet-config

set lhapdf to /cvmfs/cms.cern.ch/slc7_amd64_gcc700/external/lhapdf/6.2.1-pafccj3/share/LHAPDF/../../bin/lhapdf-config
Using default eps viewer "evince". Set another one in ./input/mg5_configuration.txt
Using default web browser "firefox". Set another one in ./input/mg5_configuration.txt
set automatic_html_opening False --no_save
compute_widths 600002 --precision_channel=0.01 --body_decay=4.0025 --path=/tmp/amallamp/genproductions/bin/MadGraph5_aMCatNLO/DM_MonoZPrime_V_Mx1_Mv1000_gDMgQ1_LO/DM_MonoZPrime_V_Mx1_Mv1000_gDMgQ1_LO_gridpack/work/processtmp/Cards/param_card.dat --output=/tmp/amallamp/genproductions/bin/MadGraph5_aMCatNLO/DM_MonoZPrime_V_Mx1_Mv1000_gDMgQ1_LO/DM_MonoZPrime_V_Mx1_Mv1000_gDMgQ1_LO_gridpack/work/processtmp/Cards/param_card.dat
[1;34mPlease note that the automatic computation of the width is
    only valid in narrow-width approximation and at tree-level.[0m
INFO: Get two body decay from FeynRules formula 
Results written to /tmp/amallamp/genproductions/bin/MadGraph5_aMCatNLO/DM_MonoZPrime_V_Mx1_Mv1000_gDMgQ1_LO/DM_MonoZPrime_V_Mx1_Mv1000_gDMgQ1_LO_gridpack/work/processtmp/Cards/param_card.dat
INFO: get decay diagram for zh 
Vertexlist of this model has not been searched.Automatically run the model.find_vertexlist()
Found 5 stable particles
No decay is found
No need for N body-decay (N>2). Results are in /tmp/amallamp/genproductions/bin/MadGraph5_aMCatNLO/DM_MonoZPrime_V_Mx1_Mv1000_gDMgQ1_LO/DM_MonoZPrime_V_Mx1_Mv1000_gDMgQ1_LO_gridpack/work/processtmp/Cards/param_card.dat
INFO: Update the dependent parameter of the param_card.dat 
Generating gridpack with run name pilotrun
survey  pilotrun --accuracy=0.01 --points=2000 --iterations=8 --gridpack=.true.
INFO: compile directory 
INFO: Using LHAPDF v6.2.1 interface for PDFs 
compile Source Directory
Using random number seed offset = 21
INFO: Running Survey 
Creating Jobs
Working on SubProcesses
INFO:     P1_uux_vtvtxzp_zp_uux  
INFO:     P1_ccx_vtvtxzp_zp_uux  
INFO:     P1_ddx_vtvtxzp_zp_uux  
INFO:     P1_ssx_vtvtxzp_zp_uux  
INFO:  Idle: 1,  Running: 5,  Completed: 0 [ current time: 05h19 ] 
INFO:  Idle: 0,  Running: 5,  Completed: 1 [  43.1s  ] 
INFO:  Idle: 0,  Running: 1,  Completed: 5 [  51.6s  ] 
INFO:  Idle: 0,  Running: 0,  Completed: 6 [  2m 2s  ] 
INFO:  Idle: 0,  Running: 0,  Completed: 6 [  2m 2s  ] 
  === Results Summary for run: pilotrun tag: tag_1 ===

     Cross-section :   1.296e-05 +- 1.858e-07 pb
     Nb of events :  0
 
INFO: End survey 
combine_events
INFO: Combining Events 
INFO: fail to reach target 2000 
store_events
INFO: Storing parton level results 
INFO: End Parton 
decay_events -from_cards
create_gridpack
INFO: Creating gridpack 
P1_uux_vtvtxzp_zp_uux
P1_ccx_vtvtxzp_zp_uux
P1_ddx_vtvtxzp_zp_uux
P1_ssx_vtvtxzp_zp_uux
Cleaning  SubProcesses.... 
INFO: gridpack created 
quit
INFO: storing files of previous run 
INFO: Done 
INFO:  
finished pilot run
cleaning temporary output
unpacking temporary gridpack
cleaning temporary gridpack
preparing final gridpack
cleaning unneeded files from gridpack
