#Subprocess 1 (u,D -> ne,E,b,B)
 Cross section [pb] = 2.4755e-01 +/- 1.43e-03 (Nevnt = 45595)
#Subprocess 2 (u,D -> nm,M,b,B)
 Cross section [pb] = 2.4755e-01 +/- 1.43e-03 (Nevnt = 45596)
#Subprocess 3 (u,D -> nl,L,b,B)
 Cross section [pb] = 2.4736e-01 +/- 1.43e-03 (Nevnt = 45562)
#Subprocess 4 (u,S -> ne,E,b,B)
 Cross section [pb] = 1.0205e-02 +/- 1.54e-03 (Nevnt = 1880)
#Subprocess 5 (u,S -> nm,M,b,B)
 Cross section [pb] = 1.0205e-02 +/- 1.54e-03 (Nevnt = 1880)
#Subprocess 6 (u,S -> nl,L,b,B)
 Cross section [pb] = 1.0198e-02 +/- 1.54e-03 (Nevnt = 1878)
#Subprocess 7 (d,U -> Ne,e,b,B)
 Cross section [pb] = 1.3374e-01 +/- 1.50e-03 (Nevnt = 24633)
#Subprocess 8 (d,U -> Nm,m,b,B)
 Cross section [pb] = 1.3374e-01 +/- 1.50e-03 (Nevnt = 24633)
#Subprocess 9 (d,U -> Nl,l,b,B)
 Cross section [pb] = 1.3364e-01 +/- 1.49e-03 (Nevnt = 24616)
#Subprocess 10 (d,C -> Ne,e,b,B)
 Cross section [pb] = 4.9039e-03 +/- 1.43e-03 (Nevnt = 903)
#Subprocess 11 (d,C -> Nm,m,b,B)
 Cross section [pb] = 4.9039e-03 +/- 1.43e-03 (Nevnt = 903)
#Subprocess 12 (d,C -> Nl,l,b,B)
 Cross section [pb] = 4.9006e-03 +/- 1.43e-03 (Nevnt = 903)
#Subprocess 13 (U,d -> Ne,e,b,B)
 Cross section [pb] = 1.3367e-01 +/- 1.51e-03 (Nevnt = 24621)
#Subprocess 14 (U,d -> Nm,m,b,B)
 Cross section [pb] = 1.3367e-01 +/- 1.51e-03 (Nevnt = 24621)
#Subprocess 15 (U,d -> Nl,l,b,B)
 Cross section [pb] = 1.3357e-01 +/- 1.51e-03 (Nevnt = 24602)
#Subprocess 16 (U,s -> Ne,e,b,B)
 Cross section [pb] = 2.1545e-03 +/- 1.56e-03 (Nevnt = 397)
#Subprocess 17 (U,s -> Nm,m,b,B)
 Cross section [pb] = 2.1545e-03 +/- 1.56e-03 (Nevnt = 397)
#Subprocess 18 (U,s -> Nl,l,b,B)
 Cross section [pb] = 2.1527e-03 +/- 1.56e-03 (Nevnt = 397)
#Subprocess 19 (D,u -> ne,E,b,B)
 Cross section [pb] = 2.4755e-01 +/- 1.43e-03 (Nevnt = 45596)
#Subprocess 20 (D,u -> nm,M,b,B)
 Cross section [pb] = 2.4755e-01 +/- 1.43e-03 (Nevnt = 45596)
#Subprocess 21 (D,u -> nl,L,b,B)
 Cross section [pb] = 2.4732e-01 +/- 1.42e-03 (Nevnt = 45554)
#Subprocess 22 (D,c -> ne,E,b,B)
 Cross section [pb] = 1.9386e-03 +/- 1.56e-03 (Nevnt = 357)
#Subprocess 23 (D,c -> nm,M,b,B)
 Cross section [pb] = 1.9386e-03 +/- 1.55e-03 (Nevnt = 357)
#Subprocess 24 (D,c -> nl,L,b,B)
 Cross section [pb] = 1.9371e-03 +/- 1.55e-03 (Nevnt = 357)
#Subprocess 25 (s,U -> Ne,e,b,B)
 Cross section [pb] = 2.1550e-03 +/- 1.48e-03 (Nevnt = 397)
#Subprocess 26 (s,U -> Nm,m,b,B)
 Cross section [pb] = 2.1550e-03 +/- 1.48e-03 (Nevnt = 397)
#Subprocess 27 (s,U -> Nl,l,b,B)
 Cross section [pb] = 2.1550e-03 +/- 1.54e-03 (Nevnt = 397)
#Subprocess 28 (s,C -> Ne,e,b,B)
 Cross section [pb] = 2.6033e-02 +/- 1.47e-03 (Nevnt = 4795)
#Subprocess 29 (s,C -> Nm,m,b,B)
 Cross section [pb] = 2.6033e-02 +/- 1.47e-03 (Nevnt = 4795)
#Subprocess 30 (s,C -> Nl,l,b,B)
 Cross section [pb] = 2.6010e-02 +/- 1.47e-03 (Nevnt = 4791)
#Subprocess 31 (c,D -> ne,E,b,B)
 Cross section [pb] = 1.9402e-03 +/- 1.61e-03 (Nevnt = 357)
#Subprocess 32 (c,D -> nm,M,b,B)
 Cross section [pb] = 1.9402e-03 +/- 1.61e-03 (Nevnt = 357)
#Subprocess 33 (c,D -> nl,L,b,B)
 Cross section [pb] = 1.9388e-03 +/- 1.61e-03 (Nevnt = 357)
#Subprocess 34 (c,S -> ne,E,b,B)
 Cross section [pb] = 2.6058e-02 +/- 1.59e-03 (Nevnt = 4800)
#Subprocess 35 (c,S -> nm,M,b,B)
 Cross section [pb] = 2.6058e-02 +/- 1.59e-03 (Nevnt = 4800)
#Subprocess 36 (c,S -> nl,L,b,B)
 Cross section [pb] = 2.6031e-02 +/- 1.59e-03 (Nevnt = 4795)
#Subprocess 37 (S,u -> ne,E,b,B)
 Cross section [pb] = 1.0214e-02 +/- 1.41e-03 (Nevnt = 1881)
#Subprocess 38 (S,u -> nm,M,b,B)
 Cross section [pb] = 1.0214e-02 +/- 1.41e-03 (Nevnt = 1881)
#Subprocess 39 (S,u -> nl,L,b,B)
 Cross section [pb] = 1.0203e-02 +/- 1.41e-03 (Nevnt = 1879)
#Subprocess 40 (S,c -> ne,E,b,B)
 Cross section [pb] = 2.6033e-02 +/- 1.47e-03 (Nevnt = 4795)
#Subprocess 41 (S,c -> nm,M,b,B)
 Cross section [pb] = 2.6033e-02 +/- 1.47e-03 (Nevnt = 4795)
#Subprocess 42 (S,c -> nl,L,b,B)
 Cross section [pb] = 2.6010e-02 +/- 1.47e-03 (Nevnt = 4791)
#Subprocess 43 (C,d -> Ne,e,b,B)
 Cross section [pb] = 4.9125e-03 +/- 1.54e-03 (Nevnt = 905)
#Subprocess 44 (C,d -> Nm,m,b,B)
 Cross section [pb] = 4.9125e-03 +/- 1.54e-03 (Nevnt = 905)
#Subprocess 45 (C,d -> Nl,l,b,B)
 Cross section [pb] = 4.9090e-03 +/- 1.54e-03 (Nevnt = 904)
#Subprocess 46 (C,s -> Ne,e,b,B)
 Cross section [pb] = 2.6058e-02 +/- 1.59e-03 (Nevnt = 4800)
#Subprocess 47 (C,s -> Nm,m,b,B)
 Cross section [pb] = 2.6058e-02 +/- 1.59e-03 (Nevnt = 4800)
#Subprocess 48 (C,s -> Nl,l,b,B)
 Cross section [pb] = 2.6031e-02 +/- 1.59e-03 (Nevnt = 4795)

 Total cross section [pb]  = 2.7146e+00 +/- 1.04e-02 (Ntotal = 500003)
