#Subprocess 1 (u,D -> ne,E,b,B)
 Cross section [pb] = 3.9455e-01 +/- 1.30e-03 (Nevnt = 49090)
#Subprocess 2 (u,D -> nm,M,b,B)
 Cross section [pb] = 3.9455e-01 +/- 1.30e-03 (Nevnt = 49089)
#Subprocess 3 (u,D -> nl,L,b,B)
 Cross section [pb] = 3.9426e-01 +/- 1.30e-03 (Nevnt = 49053)
#Subprocess 4 (u,S -> ne,E,b,B)
 Cross section [pb] = 1.5089e-02 +/- 1.58e-03 (Nevnt = 1877)
#Subprocess 5 (u,S -> nm,M,b,B)
 Cross section [pb] = 1.5089e-02 +/- 1.58e-03 (Nevnt = 1877)
#Subprocess 6 (u,S -> nl,L,b,B)
 Cross section [pb] = 1.5078e-02 +/- 1.58e-03 (Nevnt = 1876)
#Subprocess 7 (d,U -> Ne,e,b,B)
 Cross section [pb] = 1.9141e-01 +/- 1.33e-03 (Nevnt = 23815)
#Subprocess 8 (d,U -> Nm,m,b,B)
 Cross section [pb] = 1.9141e-01 +/- 1.33e-03 (Nevnt = 23815)
#Subprocess 9 (d,U -> Nl,l,b,B)
 Cross section [pb] = 1.9127e-01 +/- 1.33e-03 (Nevnt = 23797)
#Subprocess 10 (d,C -> Ne,e,b,B)
 Cross section [pb] = 6.4260e-03 +/- 1.37e-03 (Nevnt = 800)
#Subprocess 11 (d,C -> Nm,m,b,B)
 Cross section [pb] = 6.4260e-03 +/- 1.37e-03 (Nevnt = 800)
#Subprocess 12 (d,C -> Nl,l,b,B)
 Cross section [pb] = 6.4210e-03 +/- 1.37e-03 (Nevnt = 799)
#Subprocess 13 (U,d -> Ne,e,b,B)
 Cross section [pb] = 1.9131e-01 +/- 1.40e-03 (Nevnt = 23802)
#Subprocess 14 (U,d -> Nm,m,b,B)
 Cross section [pb] = 1.9131e-01 +/- 1.40e-03 (Nevnt = 23802)
#Subprocess 15 (U,d -> Nl,l,b,B)
 Cross section [pb] = 1.9116e-01 +/- 1.40e-03 (Nevnt = 23784)
#Subprocess 16 (U,s -> Ne,e,b,B)
 Cross section [pb] = 2.5213e-03 +/- 1.61e-03 (Nevnt = 314)
#Subprocess 17 (U,s -> Nm,m,b,B)
 Cross section [pb] = 2.5213e-03 +/- 1.61e-03 (Nevnt = 314)
#Subprocess 18 (U,s -> Nl,l,b,B)
 Cross section [pb] = 2.5195e-03 +/- 1.62e-03 (Nevnt = 313)
#Subprocess 19 (D,u -> ne,E,b,B)
 Cross section [pb] = 3.9459e-01 +/- 1.25e-03 (Nevnt = 49094)
#Subprocess 20 (D,u -> nm,M,b,B)
 Cross section [pb] = 3.9459e-01 +/- 1.25e-03 (Nevnt = 49094)
#Subprocess 21 (D,u -> nl,L,b,B)
 Cross section [pb] = 3.9428e-01 +/- 1.25e-03 (Nevnt = 49055)
#Subprocess 22 (D,c -> ne,E,b,B)
 Cross section [pb] = 2.2114e-03 +/- 1.71e-03 (Nevnt = 275)
#Subprocess 23 (D,c -> nm,M,b,B)
 Cross section [pb] = 2.2114e-03 +/- 1.71e-03 (Nevnt = 275)
#Subprocess 24 (D,c -> nl,L,b,B)
 Cross section [pb] = 2.2092e-03 +/- 1.69e-03 (Nevnt = 275)
#Subprocess 25 (s,U -> Ne,e,b,B)
 Cross section [pb] = 2.5180e-03 +/- 1.57e-03 (Nevnt = 313)
#Subprocess 26 (s,U -> Nm,m,b,B)
 Cross section [pb] = 2.5180e-03 +/- 1.57e-03 (Nevnt = 313)
#Subprocess 27 (s,U -> Nl,l,b,B)
 Cross section [pb] = 2.5158e-03 +/- 1.56e-03 (Nevnt = 313)
#Subprocess 28 (s,C -> Ne,e,b,B)
 Cross section [pb] = 2.8850e-02 +/- 1.57e-03 (Nevnt = 3590)
#Subprocess 29 (s,C -> Nm,m,b,B)
 Cross section [pb] = 2.8851e-02 +/- 1.57e-03 (Nevnt = 3590)
#Subprocess 30 (s,C -> Nl,l,b,B)
 Cross section [pb] = 2.8830e-02 +/- 1.57e-03 (Nevnt = 3587)
#Subprocess 31 (c,D -> ne,E,b,B)
 Cross section [pb] = 2.2122e-03 +/- 1.67e-03 (Nevnt = 275)
#Subprocess 32 (c,D -> nm,M,b,B)
 Cross section [pb] = 2.2122e-03 +/- 1.67e-03 (Nevnt = 275)
#Subprocess 33 (c,D -> nl,L,b,B)
 Cross section [pb] = 2.2109e-03 +/- 1.68e-03 (Nevnt = 275)
#Subprocess 34 (c,S -> ne,E,b,B)
 Cross section [pb] = 2.8923e-02 +/- 1.74e-03 (Nevnt = 3599)
#Subprocess 35 (c,S -> nm,M,b,B)
 Cross section [pb] = 2.8923e-02 +/- 1.74e-03 (Nevnt = 3599)
#Subprocess 36 (c,S -> nl,L,b,B)
 Cross section [pb] = 2.8901e-02 +/- 1.74e-03 (Nevnt = 3596)
#Subprocess 37 (S,u -> ne,E,b,B)
 Cross section [pb] = 1.5098e-02 +/- 1.31e-03 (Nevnt = 1878)
#Subprocess 38 (S,u -> nm,M,b,B)
 Cross section [pb] = 1.5098e-02 +/- 1.31e-03 (Nevnt = 1878)
#Subprocess 39 (S,u -> nl,L,b,B)
 Cross section [pb] = 1.5088e-02 +/- 1.31e-03 (Nevnt = 1877)
#Subprocess 40 (S,c -> ne,E,b,B)
 Cross section [pb] = 2.8850e-02 +/- 1.57e-03 (Nevnt = 3590)
#Subprocess 41 (S,c -> nm,M,b,B)
 Cross section [pb] = 2.8851e-02 +/- 1.57e-03 (Nevnt = 3590)
#Subprocess 42 (S,c -> nl,L,b,B)
 Cross section [pb] = 2.8830e-02 +/- 1.57e-03 (Nevnt = 3587)
#Subprocess 43 (C,d -> Ne,e,b,B)
 Cross section [pb] = 6.4245e-03 +/- 1.48e-03 (Nevnt = 799)
#Subprocess 44 (C,d -> Nm,m,b,B)
 Cross section [pb] = 6.4245e-03 +/- 1.48e-03 (Nevnt = 799)
#Subprocess 45 (C,d -> Nl,l,b,B)
 Cross section [pb] = 6.4196e-03 +/- 1.48e-03 (Nevnt = 799)
#Subprocess 46 (C,s -> Ne,e,b,B)
 Cross section [pb] = 2.8923e-02 +/- 1.74e-03 (Nevnt = 3599)
#Subprocess 47 (C,s -> Nm,m,b,B)
 Cross section [pb] = 2.8923e-02 +/- 1.74e-03 (Nevnt = 3599)
#Subprocess 48 (C,s -> Nl,l,b,B)
 Cross section [pb] = 2.8901e-02 +/- 1.74e-03 (Nevnt = 3596)

 Total cross section [pb]  = 4.0187e+00 +/- 1.05e-02 (Ntotal = 500001)
