#Subprocess 1 (u,D -> ne,E,b,B)
 Cross section [pb] = 2.7098e-01 +/- 1.62e-03 (Nevnt = 46419)
#Subprocess 2 (u,D -> nm,M,b,B)
 Cross section [pb] = 2.7098e-01 +/- 1.62e-03 (Nevnt = 46419)
#Subprocess 3 (u,D -> nl,L,b,B)
 Cross section [pb] = 2.7076e-01 +/- 1.62e-03 (Nevnt = 46380)
#Subprocess 4 (u,S -> ne,E,b,B)
 Cross section [pb] = 1.0979e-02 +/- 1.64e-03 (Nevnt = 1881)
#Subprocess 5 (u,S -> nm,M,b,B)
 Cross section [pb] = 1.0979e-02 +/- 1.64e-03 (Nevnt = 1881)
#Subprocess 6 (u,S -> nl,L,b,B)
 Cross section [pb] = 1.0973e-02 +/- 1.63e-03 (Nevnt = 1880)
#Subprocess 7 (d,U -> Ne,e,b,B)
 Cross section [pb] = 1.4216e-01 +/- 1.46e-03 (Nevnt = 24351)
#Subprocess 8 (d,U -> Nm,m,b,B)
 Cross section [pb] = 1.4216e-01 +/- 1.46e-03 (Nevnt = 24351)
#Subprocess 9 (d,U -> Nl,l,b,B)
 Cross section [pb] = 1.4205e-01 +/- 1.46e-03 (Nevnt = 24332)
#Subprocess 10 (d,C -> Ne,e,b,B)
 Cross section [pb] = 5.1584e-03 +/- 1.44e-03 (Nevnt = 884)
#Subprocess 11 (d,C -> Nm,m,b,B)
 Cross section [pb] = 5.1584e-03 +/- 1.44e-03 (Nevnt = 884)
#Subprocess 12 (d,C -> Nl,l,b,B)
 Cross section [pb] = 5.1545e-03 +/- 1.44e-03 (Nevnt = 883)
#Subprocess 13 (U,d -> Ne,e,b,B)
 Cross section [pb] = 1.4226e-01 +/- 1.63e-03 (Nevnt = 24368)
#Subprocess 14 (U,d -> Nm,m,b,B)
 Cross section [pb] = 1.4226e-01 +/- 1.63e-03 (Nevnt = 24368)
#Subprocess 15 (U,d -> Nl,l,b,B)
 Cross section [pb] = 1.4215e-01 +/- 1.63e-03 (Nevnt = 24350)
#Subprocess 16 (U,s -> Ne,e,b,B)
 Cross section [pb] = 2.2261e-03 +/- 1.82e-03 (Nevnt = 381)
#Subprocess 17 (U,s -> Nm,m,b,B)
 Cross section [pb] = 2.2261e-03 +/- 1.82e-03 (Nevnt = 381)
#Subprocess 18 (U,s -> Nl,l,b,B)
 Cross section [pb] = 2.2244e-03 +/- 1.81e-03 (Nevnt = 381)
#Subprocess 19 (D,u -> ne,E,b,B)
 Cross section [pb] = 2.7029e-01 +/- 1.45e-03 (Nevnt = 46301)
#Subprocess 20 (D,u -> nm,M,b,B)
 Cross section [pb] = 2.7029e-01 +/- 1.45e-03 (Nevnt = 46300)
#Subprocess 21 (D,u -> nl,L,b,B)
 Cross section [pb] = 2.7007e-01 +/- 1.45e-03 (Nevnt = 46263)
#Subprocess 22 (D,c -> ne,E,b,B)
 Cross section [pb] = 1.9915e-03 +/- 1.59e-03 (Nevnt = 341)
#Subprocess 23 (D,c -> nm,M,b,B)
 Cross section [pb] = 1.9915e-03 +/- 1.59e-03 (Nevnt = 341)
#Subprocess 24 (D,c -> nl,L,b,B)
 Cross section [pb] = 1.9898e-03 +/- 1.59e-03 (Nevnt = 341)
#Subprocess 25 (s,U -> Ne,e,b,B)
 Cross section [pb] = 2.2178e-03 +/- 1.80e-03 (Nevnt = 380)
#Subprocess 26 (s,U -> Nm,m,b,B)
 Cross section [pb] = 2.2177e-03 +/- 1.79e-03 (Nevnt = 380)
#Subprocess 27 (s,U -> Nl,l,b,B)
 Cross section [pb] = 2.2174e-03 +/- 1.77e-03 (Nevnt = 380)
#Subprocess 28 (s,C -> Ne,e,b,B)
 Cross section [pb] = 2.6677e-02 +/- 1.53e-03 (Nevnt = 4570)
#Subprocess 29 (s,C -> Nm,m,b,B)
 Cross section [pb] = 2.6677e-02 +/- 1.53e-03 (Nevnt = 4570)
#Subprocess 30 (s,C -> Nl,l,b,B)
 Cross section [pb] = 2.6663e-02 +/- 1.53e-03 (Nevnt = 4567)
#Subprocess 31 (c,D -> ne,E,b,B)
 Cross section [pb] = 1.9960e-03 +/- 1.69e-03 (Nevnt = 342)
#Subprocess 32 (c,D -> nm,M,b,B)
 Cross section [pb] = 1.9960e-03 +/- 1.69e-03 (Nevnt = 342)
#Subprocess 33 (c,D -> nl,L,b,B)
 Cross section [pb] = 1.9952e-03 +/- 1.69e-03 (Nevnt = 342)
#Subprocess 34 (c,S -> ne,E,b,B)
 Cross section [pb] = 2.6741e-02 +/- 1.70e-03 (Nevnt = 4581)
#Subprocess 35 (c,S -> nm,M,b,B)
 Cross section [pb] = 2.6741e-02 +/- 1.70e-03 (Nevnt = 4581)
#Subprocess 36 (c,S -> nl,L,b,B)
 Cross section [pb] = 2.6722e-02 +/- 1.70e-03 (Nevnt = 4577)
#Subprocess 37 (S,u -> ne,E,b,B)
 Cross section [pb] = 1.0962e-02 +/- 1.52e-03 (Nevnt = 1878)
#Subprocess 38 (S,u -> nm,M,b,B)
 Cross section [pb] = 1.0962e-02 +/- 1.53e-03 (Nevnt = 1878)
#Subprocess 39 (S,u -> nl,L,b,B)
 Cross section [pb] = 1.0955e-02 +/- 1.53e-03 (Nevnt = 1877)
#Subprocess 40 (S,c -> ne,E,b,B)
 Cross section [pb] = 2.6677e-02 +/- 1.53e-03 (Nevnt = 4570)
#Subprocess 41 (S,c -> nm,M,b,B)
 Cross section [pb] = 2.6677e-02 +/- 1.53e-03 (Nevnt = 4570)
#Subprocess 42 (S,c -> nl,L,b,B)
 Cross section [pb] = 2.6663e-02 +/- 1.53e-03 (Nevnt = 4567)
#Subprocess 43 (C,d -> Ne,e,b,B)
 Cross section [pb] = 5.1582e-03 +/- 1.67e-03 (Nevnt = 884)
#Subprocess 44 (C,d -> Nm,m,b,B)
 Cross section [pb] = 5.1582e-03 +/- 1.67e-03 (Nevnt = 884)
#Subprocess 45 (C,d -> Nl,l,b,B)
 Cross section [pb] = 5.1545e-03 +/- 1.67e-03 (Nevnt = 883)
#Subprocess 46 (C,s -> Ne,e,b,B)
 Cross section [pb] = 2.6741e-02 +/- 1.70e-03 (Nevnt = 4581)
#Subprocess 47 (C,s -> Nm,m,b,B)
 Cross section [pb] = 2.6741e-02 +/- 1.70e-03 (Nevnt = 4581)
#Subprocess 48 (C,s -> Nl,l,b,B)
 Cross section [pb] = 2.6722e-02 +/- 1.70e-03 (Nevnt = 4577)

 Total cross section [pb]  = 2.9189e+00 +/- 1.12e-02 (Ntotal = 500003)
