#Subprocess 1 (u,D -> ne,E,b,B)
 Cross section [pb] = 2.5817e-01 +/- 1.47e-03 (Nevnt = 46063)
#Subprocess 2 (u,D -> nm,M,b,B)
 Cross section [pb] = 2.5817e-01 +/- 1.47e-03 (Nevnt = 46063)
#Subprocess 3 (u,D -> nl,L,b,B)
 Cross section [pb] = 2.5796e-01 +/- 1.47e-03 (Nevnt = 46026)
#Subprocess 4 (u,S -> ne,E,b,B)
 Cross section [pb] = 1.0537e-02 +/- 1.53e-03 (Nevnt = 1880)
#Subprocess 5 (u,S -> nm,M,b,B)
 Cross section [pb] = 1.0537e-02 +/- 1.53e-03 (Nevnt = 1880)
#Subprocess 6 (u,S -> nl,L,b,B)
 Cross section [pb] = 1.0529e-02 +/- 1.52e-03 (Nevnt = 1879)
#Subprocess 7 (d,U -> Ne,e,b,B)
 Cross section [pb] = 1.3739e-01 +/- 1.47e-03 (Nevnt = 24513)
#Subprocess 8 (d,U -> Nm,m,b,B)
 Cross section [pb] = 1.3739e-01 +/- 1.47e-03 (Nevnt = 24513)
#Subprocess 9 (d,U -> Nl,l,b,B)
 Cross section [pb] = 1.3728e-01 +/- 1.48e-03 (Nevnt = 24494)
#Subprocess 10 (d,C -> Ne,e,b,B)
 Cross section [pb] = 4.9920e-03 +/- 1.58e-03 (Nevnt = 891)
#Subprocess 11 (d,C -> Nm,m,b,B)
 Cross section [pb] = 4.9921e-03 +/- 1.58e-03 (Nevnt = 891)
#Subprocess 12 (d,C -> Nl,l,b,B)
 Cross section [pb] = 4.9880e-03 +/- 1.57e-03 (Nevnt = 890)
#Subprocess 13 (U,d -> Ne,e,b,B)
 Cross section [pb] = 1.3753e-01 +/- 1.76e-03 (Nevnt = 24538)
#Subprocess 14 (U,d -> Nm,m,b,B)
 Cross section [pb] = 1.3753e-01 +/- 1.76e-03 (Nevnt = 24538)
#Subprocess 15 (U,d -> Nl,l,b,B)
 Cross section [pb] = 1.3743e-01 +/- 1.76e-03 (Nevnt = 24521)
#Subprocess 16 (U,s -> Ne,e,b,B)
 Cross section [pb] = 2.1650e-03 +/- 1.58e-03 (Nevnt = 386)
#Subprocess 17 (U,s -> Nm,m,b,B)
 Cross section [pb] = 2.1650e-03 +/- 1.58e-03 (Nevnt = 386)
#Subprocess 18 (U,s -> Nl,l,b,B)
 Cross section [pb] = 2.1630e-03 +/- 1.57e-03 (Nevnt = 386)
#Subprocess 19 (D,u -> ne,E,b,B)
 Cross section [pb] = 2.5803e-01 +/- 1.34e-03 (Nevnt = 46038)
#Subprocess 20 (D,u -> nm,M,b,B)
 Cross section [pb] = 2.5803e-01 +/- 1.34e-03 (Nevnt = 46039)
#Subprocess 21 (D,u -> nl,L,b,B)
 Cross section [pb] = 2.5785e-01 +/- 1.34e-03 (Nevnt = 46005)
#Subprocess 22 (D,c -> ne,E,b,B)
 Cross section [pb] = 1.9418e-03 +/- 1.75e-03 (Nevnt = 346)
#Subprocess 23 (D,c -> nm,M,b,B)
 Cross section [pb] = 1.9418e-03 +/- 1.75e-03 (Nevnt = 346)
#Subprocess 24 (D,c -> nl,L,b,B)
 Cross section [pb] = 1.9403e-03 +/- 1.74e-03 (Nevnt = 346)
#Subprocess 25 (s,U -> Ne,e,b,B)
 Cross section [pb] = 2.1641e-03 +/- 1.54e-03 (Nevnt = 386)
#Subprocess 26 (s,U -> Nm,m,b,B)
 Cross section [pb] = 2.1641e-03 +/- 1.54e-03 (Nevnt = 386)
#Subprocess 27 (s,U -> Nl,l,b,B)
 Cross section [pb] = 2.1626e-03 +/- 1.54e-03 (Nevnt = 386)
#Subprocess 28 (s,C -> Ne,e,b,B)
 Cross section [pb] = 2.5968e-02 +/- 1.50e-03 (Nevnt = 4633)
#Subprocess 29 (s,C -> Nm,m,b,B)
 Cross section [pb] = 2.5967e-02 +/- 1.49e-03 (Nevnt = 4633)
#Subprocess 30 (s,C -> Nl,l,b,B)
 Cross section [pb] = 2.5949e-02 +/- 1.50e-03 (Nevnt = 4630)
#Subprocess 31 (c,D -> ne,E,b,B)
 Cross section [pb] = 1.9438e-03 +/- 1.59e-03 (Nevnt = 347)
#Subprocess 32 (c,D -> nm,M,b,B)
 Cross section [pb] = 1.9438e-03 +/- 1.59e-03 (Nevnt = 347)
#Subprocess 33 (c,D -> nl,L,b,B)
 Cross section [pb] = 1.9422e-03 +/- 1.58e-03 (Nevnt = 347)
#Subprocess 34 (c,S -> ne,E,b,B)
 Cross section [pb] = 2.6022e-02 +/- 1.63e-03 (Nevnt = 4643)
#Subprocess 35 (c,S -> nm,M,b,B)
 Cross section [pb] = 2.6021e-02 +/- 1.63e-03 (Nevnt = 4643)
#Subprocess 36 (c,S -> nl,L,b,B)
 Cross section [pb] = 2.5995e-02 +/- 1.61e-03 (Nevnt = 4638)
#Subprocess 37 (S,u -> ne,E,b,B)
 Cross section [pb] = 1.0523e-02 +/- 1.41e-03 (Nevnt = 1878)
#Subprocess 38 (S,u -> nm,M,b,B)
 Cross section [pb] = 1.0523e-02 +/- 1.41e-03 (Nevnt = 1878)
#Subprocess 39 (S,u -> nl,L,b,B)
 Cross section [pb] = 1.0515e-02 +/- 1.41e-03 (Nevnt = 1876)
#Subprocess 40 (S,c -> ne,E,b,B)
 Cross section [pb] = 2.5968e-02 +/- 1.50e-03 (Nevnt = 4633)
#Subprocess 41 (S,c -> nm,M,b,B)
 Cross section [pb] = 2.5967e-02 +/- 1.49e-03 (Nevnt = 4633)
#Subprocess 42 (S,c -> nl,L,b,B)
 Cross section [pb] = 2.5949e-02 +/- 1.50e-03 (Nevnt = 4630)
#Subprocess 43 (C,d -> Ne,e,b,B)
 Cross section [pb] = 4.9934e-03 +/- 1.61e-03 (Nevnt = 891)
#Subprocess 44 (C,d -> Nm,m,b,B)
 Cross section [pb] = 4.9934e-03 +/- 1.61e-03 (Nevnt = 891)
#Subprocess 45 (C,d -> Nl,l,b,B)
 Cross section [pb] = 4.9898e-03 +/- 1.61e-03 (Nevnt = 890)
#Subprocess 46 (C,s -> Ne,e,b,B)
 Cross section [pb] = 2.6022e-02 +/- 1.63e-03 (Nevnt = 4643)
#Subprocess 47 (C,s -> Nm,m,b,B)
 Cross section [pb] = 2.6021e-02 +/- 1.63e-03 (Nevnt = 4643)
#Subprocess 48 (C,s -> Nl,l,b,B)
 Cross section [pb] = 2.5995e-02 +/- 1.61e-03 (Nevnt = 4638)

 Total cross section [pb]  = 2.8024e+00 +/- 1.08e-02 (Ntotal = 500001)
