#Subprocess 1 (u,D -> ne,E,b,B)
 Cross section [pb] = 5.8310e-01 +/- 1.39e-03 (Nevnt = 49948)
#Subprocess 2 (u,D -> nm,M,b,B)
 Cross section [pb] = 5.8310e-01 +/- 1.39e-03 (Nevnt = 49948)
#Subprocess 3 (u,D -> nl,L,b,B)
 Cross section [pb] = 5.8266e-01 +/- 1.39e-03 (Nevnt = 49911)
#Subprocess 4 (u,S -> ne,E,b,B)
 Cross section [pb] = 2.2164e-02 +/- 1.40e-03 (Nevnt = 1899)
#Subprocess 5 (u,S -> nm,M,b,B)
 Cross section [pb] = 2.2164e-02 +/- 1.40e-03 (Nevnt = 1899)
#Subprocess 6 (u,S -> nl,L,b,B)
 Cross section [pb] = 2.2147e-02 +/- 1.40e-03 (Nevnt = 1897)
#Subprocess 7 (d,U -> Ne,e,b,B)
 Cross section [pb] = 2.8062e-01 +/- 1.34e-03 (Nevnt = 24038)
#Subprocess 8 (d,U -> Nm,m,b,B)
 Cross section [pb] = 2.8062e-01 +/- 1.34e-03 (Nevnt = 24038)
#Subprocess 9 (d,U -> Nl,l,b,B)
 Cross section [pb] = 2.8040e-01 +/- 1.34e-03 (Nevnt = 24019)
#Subprocess 10 (d,C -> Ne,e,b,B)
 Cross section [pb] = 9.0934e-03 +/- 1.80e-03 (Nevnt = 779)
#Subprocess 11 (d,C -> Nm,m,b,B)
 Cross section [pb] = 9.0932e-03 +/- 1.80e-03 (Nevnt = 779)
#Subprocess 12 (d,C -> Nl,l,b,B)
 Cross section [pb] = 9.0815e-03 +/- 1.77e-03 (Nevnt = 778)
#Subprocess 13 (U,d -> Ne,e,b,B)
 Cross section [pb] = 2.8132e-01 +/- 1.36e-03 (Nevnt = 24098)
#Subprocess 14 (U,d -> Nm,m,b,B)
 Cross section [pb] = 2.8132e-01 +/- 1.36e-03 (Nevnt = 24098)
#Subprocess 15 (U,d -> Nl,l,b,B)
 Cross section [pb] = 2.8109e-01 +/- 1.36e-03 (Nevnt = 24078)
#Subprocess 16 (U,s -> Ne,e,b,B)
 Cross section [pb] = 3.3239e-03 +/- 1.47e-03 (Nevnt = 285)
#Subprocess 17 (U,s -> Nm,m,b,B)
 Cross section [pb] = 3.3239e-03 +/- 1.47e-03 (Nevnt = 285)
#Subprocess 18 (U,s -> Nl,l,b,B)
 Cross section [pb] = 3.3215e-03 +/- 1.47e-03 (Nevnt = 285)
#Subprocess 19 (D,u -> ne,E,b,B)
 Cross section [pb] = 5.8240e-01 +/- 1.23e-03 (Nevnt = 49889)
#Subprocess 20 (D,u -> nm,M,b,B)
 Cross section [pb] = 5.8240e-01 +/- 1.23e-03 (Nevnt = 49888)
#Subprocess 21 (D,u -> nl,L,b,B)
 Cross section [pb] = 5.8194e-01 +/- 1.23e-03 (Nevnt = 49849)
#Subprocess 22 (D,c -> ne,E,b,B)
 Cross section [pb] = 2.8608e-03 +/- 1.38e-03 (Nevnt = 245)
#Subprocess 23 (D,c -> nm,M,b,B)
 Cross section [pb] = 2.8608e-03 +/- 1.38e-03 (Nevnt = 245)
#Subprocess 24 (D,c -> nl,L,b,B)
 Cross section [pb] = 2.8585e-03 +/- 1.37e-03 (Nevnt = 245)
#Subprocess 25 (s,U -> Ne,e,b,B)
 Cross section [pb] = 3.3204e-03 +/- 1.37e-03 (Nevnt = 284)
#Subprocess 26 (s,U -> Nm,m,b,B)
 Cross section [pb] = 3.3204e-03 +/- 1.37e-03 (Nevnt = 284)
#Subprocess 27 (s,U -> Nl,l,b,B)
 Cross section [pb] = 3.3178e-03 +/- 1.37e-03 (Nevnt = 284)
#Subprocess 28 (s,C -> Ne,e,b,B)
 Cross section [pb] = 3.5940e-02 +/- 1.31e-03 (Nevnt = 3079)
#Subprocess 29 (s,C -> Nm,m,b,B)
 Cross section [pb] = 3.5939e-02 +/- 1.31e-03 (Nevnt = 3079)
#Subprocess 30 (s,C -> Nl,l,b,B)
 Cross section [pb] = 3.5912e-02 +/- 1.30e-03 (Nevnt = 3076)
#Subprocess 31 (c,D -> ne,E,b,B)
 Cross section [pb] = 2.8612e-03 +/- 1.49e-03 (Nevnt = 245)
#Subprocess 32 (c,D -> nm,M,b,B)
 Cross section [pb] = 2.8612e-03 +/- 1.49e-03 (Nevnt = 245)
#Subprocess 33 (c,D -> nl,L,b,B)
 Cross section [pb] = 2.8591e-03 +/- 1.50e-03 (Nevnt = 245)
#Subprocess 34 (c,S -> ne,E,b,B)
 Cross section [pb] = 3.5992e-02 +/- 1.46e-03 (Nevnt = 3083)
#Subprocess 35 (c,S -> nm,M,b,B)
 Cross section [pb] = 3.5992e-02 +/- 1.46e-03 (Nevnt = 3083)
#Subprocess 36 (c,S -> nl,L,b,B)
 Cross section [pb] = 3.5965e-02 +/- 1.46e-03 (Nevnt = 3081)
#Subprocess 37 (S,u -> ne,E,b,B)
 Cross section [pb] = 2.2136e-02 +/- 1.21e-03 (Nevnt = 1896)
#Subprocess 38 (S,u -> nm,M,b,B)
 Cross section [pb] = 2.2136e-02 +/- 1.21e-03 (Nevnt = 1896)
#Subprocess 39 (S,u -> nl,L,b,B)
 Cross section [pb] = 2.2119e-02 +/- 1.21e-03 (Nevnt = 1895)
#Subprocess 40 (S,c -> ne,E,b,B)
 Cross section [pb] = 3.5940e-02 +/- 1.31e-03 (Nevnt = 3079)
#Subprocess 41 (S,c -> nm,M,b,B)
 Cross section [pb] = 3.5939e-02 +/- 1.31e-03 (Nevnt = 3079)
#Subprocess 42 (S,c -> nl,L,b,B)
 Cross section [pb] = 3.5912e-02 +/- 1.30e-03 (Nevnt = 3076)
#Subprocess 43 (C,d -> Ne,e,b,B)
 Cross section [pb] = 9.1141e-03 +/- 1.35e-03 (Nevnt = 781)
#Subprocess 44 (C,d -> Nm,m,b,B)
 Cross section [pb] = 9.1141e-03 +/- 1.35e-03 (Nevnt = 781)
#Subprocess 45 (C,d -> Nl,l,b,B)
 Cross section [pb] = 9.1073e-03 +/- 1.35e-03 (Nevnt = 780)
#Subprocess 46 (C,s -> Ne,e,b,B)
 Cross section [pb] = 3.5992e-02 +/- 1.46e-03 (Nevnt = 3083)
#Subprocess 47 (C,s -> Nm,m,b,B)
 Cross section [pb] = 3.5992e-02 +/- 1.46e-03 (Nevnt = 3083)
#Subprocess 48 (C,s -> Nl,l,b,B)
 Cross section [pb] = 3.5965e-02 +/- 1.46e-03 (Nevnt = 3081)

 Total cross section [pb]  = 5.8370e+00 +/- 9.70e-03 (Ntotal = 500001)
