# This file was automatically created by FeynRules 2.0.25
# Mathematica version: 8.0 for Mac OS X x86 (64-bit) (February 23, 2011)
# Date: Thu 8 May 2014 12:30:32


# 
# This is the logfile for the model taudecay

# Authors: K. Mawatari, J. Nakamura
# Model version: 2.0
# Checking the Quantum numbers
   * Electric charge defined.
# Checking the Lagrangians
   * All Lagrangians are ok.
#
# Particle definitions
#

   * No particles removed. All particles correspond to GenInt setup.



# Compulsory PDG codes:
   * Class SM leptons complete.
   * Class SM neutrinos complete.
   * Class SM quarks incomplete. 1, 2, 3, 4, 5, 6 missing.
   * Class SM gauge bosons incomplete. 21, 22, 23, 24 missing.
#
# Parameter definitions
#

   * All parameters are ok.


# Vertices
   * Calling FeynmanRules for 1 Lagrangians.
   * Appending manually appended vertices.
   * Number of classes vertices: 12
   * Number of flavored vertices: 12
   * Saved vertices in InterfaceRun[ 1 ].
   * Checked QNumber conservation.
      - Quantum number LeptonNumber conserved in all vertices.
      - Quantum number Q conserved in all vertices.
   * particles.py written.
   * parameters.py written.
#
# Vertex definitions
#

   * 12 vertices written.
   * vertices.py written.
#
# Lorentz structure definitions
#

   * 7 lorentz structures written.
   * lorentz.py written.
#
# Coupling definitions
#

   * 8 couplings written.
   * couplings.py written.
#
# Coupling order definitions
#

   * 0 couplings orders written.
   * coupling_orders.py written.
