==== LHAPDF6 USING DEFAULT-TYPE LHAGLUE INTERFACE ====
LHAPDF 6.2.1 loading /cvmfs/cms.cern.ch/slc7_amd64_gcc700/external/lhapdf/6.2.1-pafccj3/share/LHAPDF/NNPDF31_nnlo_as_0118_nf_4_mc_hessian/NNPDF31_nnlo_as_0118_nf_4_mc_hessian_0000.dat
NNPDF31_nnlo_as_0118_nf_4_mc_hessian PDF set, member #0, version 1; LHAPDF ID = 325500
 Process in group number            1
 A PDF is used, so alpha_s(MZ) is going to be modified
 Old value of alpha_s from param_card:   0.11799999999999999     
 New value of alpha_s from PDF lhapdf :  0.11266013434007299     
 using LHAPDF
 Define smin to   0.0000000000000000     
 Warning: pt or E min of a jet should in general be >0
 Warning: pt or E min of a jet should in general be >0
 *****************************************************
 *               MadGraph/MadEvent                   *
 *        --------------------------------           *
 *          http://madgraph.hep.uiuc.edu             *
 *          http://madgraph.phys.ucl.ac.be           *
 *          http://madgraph.roma2.infn.it            *
 *        --------------------------------           *
 *                                                   *
 *          PARAMETER AND COUPLING VALUES            *
 *                                                   *
 *****************************************************

  External Params
  ---------------------------------
  
 mdl_cabi =   0.22773599999999999     
 aEWM1 =    127.90000000000001     
 mdl_Gf =    1.1663900000000000E-005
 aS =   0.11799999999999999     
 mdl_ymc =    1.4199999999999999     
 mdl_ymb =    4.7000000000000002     
 mdl_ymt =    174.30000000000001     
 mdl_ymtau =    1.7769999999999999     
 mdl_gzpu =    1.0000000000000000E-003
 mdl_gchi =    1.0000000000000000     
 mdl_gvhq =   0.25000000000000000     
 mdl_gvhx =    1.0000000000000000     
 mdl_gahq =    0.0000000000000000     
 mdl_gahx =    0.0000000000000000     
 mdl_Mv3 =    1.0000000000000000     
 mdl_Me =    5.1099999999999995E-004
 mdl_MM =   0.10566000000000000     
 mdl_MTA =    1.7769999999999999     
 mdl_MU =    2.5500000000000002E-003
 mdl_MC =    1.4199999999999999     
 mdl_MT =    174.30000000000001     
 mdl_MD =    5.0400000000000002E-003
 mdl_MS =   0.10400000000000000     
 mdl_MB =    4.7000000000000002     
 mdl_MZ =    91.188000000000002     
 mdl_MH =    120.00000000000000     
 mdl_MZp =    1.0000000000000000     
 mdl_MZh =    1000.0000000000000     
 mdl_WT =    1.5083359999999999     
 mdl_WZ =    2.4414039999999999     
 mdl_WW =    2.0476000000000001     
 mdl_WH =    5.7530880000000000E-003
 mdl_WZp =    1.0000000000000000E-002
 mdl_WZh =    56.338630000000002     
  Internal Params
  ---------------------------------
  
 mdl_ye =    0.0000000000000000     
 mdl_ym =    0.0000000000000000     
 mdl_yu =    0.0000000000000000     
 mdl_yd =    0.0000000000000000     
 mdl_ys =    0.0000000000000000     
 mdl_cos__cabi =   0.97418004031982097     
 mdl_CKM1x1 =               (0.97418004031982097,0.0000000000000000)
 mdl_sin__cabi =   0.22577256042856930     
 mdl_CKM1x2 =               (0.22577256042856930,0.0000000000000000)
 mdl_CKM1x3 =                (0.0000000000000000,0.0000000000000000)
 mdl_CKM2x1 =              (-0.22577256042856930,0.0000000000000000)
 mdl_CKM2x2 =               (0.97418004031982097,0.0000000000000000)
 mdl_CKM2x3 =                (0.0000000000000000,0.0000000000000000)
 mdl_CKM3x1 =                (0.0000000000000000,0.0000000000000000)
 mdl_CKM3x2 =                (0.0000000000000000,0.0000000000000000)
 mdl_CKM3x3 =                (1.0000000000000000,0.0000000000000000)
 mdl_MZ__exp__2 =    8315.2513440000002     
 mdl_MZ__exp__4 =    69143404.913893804     
 mdl_sqrt__2 =    1.4142135623730951     
 mdl_MH__exp__2 =    14400.000000000000     
 mdl_complexi =                (0.0000000000000000,1.0000000000000000)
 mdl_conjg__CKM1x1 =              (0.97418004031982097,-0.0000000000000000)
 mdl_conjg__CKM1x2 =              (0.22577256042856930,-0.0000000000000000)
 mdl_conjg__CKM1x3 =               (0.0000000000000000,-0.0000000000000000)
 mdl_conjg__CKM2x1 =             (-0.22577256042856930,-0.0000000000000000)
 mdl_conjg__CKM2x2 =              (0.97418004031982097,-0.0000000000000000)
 mdl_conjg__CKM2x3 =               (0.0000000000000000,-0.0000000000000000)
 mdl_conjg__CKM3x1 =               (0.0000000000000000,-0.0000000000000000)
 mdl_conjg__CKM3x2 =               (0.0000000000000000,-0.0000000000000000)
 mdl_conjg__CKM3x3 =               (1.0000000000000000,-0.0000000000000000)
 mdl_aEW =    7.8186082877247844E-003
 mdl_MW =    79.825163827442964     
 mdl_sqrt__aEW =    8.8422894590285753E-002
 mdl_ee =   0.31345100004952897     
 mdl_MW__exp__2 =    6372.0567800781082     
 mdl_sw2 =   0.23369041818850544     
 mdl_cw =   0.87539110220032201     
 mdl_sqrt__sw2 =   0.48341536817575986     
 mdl_sw =   0.48341536817575986     
 mdl_g1 =   0.35806966653151989     
 mdl_gw =   0.64840925772050473     
 mdl_v =    246.21845810181634     
 mdl_v__exp__2 =    60623.529110035888     
 mdl_lam =   0.11876576810517750     
 mdl_yb =    2.6995554250465494E-002
 mdl_yc =    8.1561036246087220E-003
 mdl_yt =    1.0011330012459863     
 mdl_ytau =    1.0206617000654717E-002
 mdl_muH =    84.852813742385706     
  Internal Params evaluated point by point
  ----------------------------------------
  
 mdl_sqrt__aS =   0.34351128074635334     
 mdl_G__exp__2 =    1.4828317324943823     
  Couplings of DMEFT2ZpNewV2_UFO
  ---------------------------------
  
         GC_7 =   0.00000E+00   0.00000E+00
         GC_8 =   0.00000E+00   0.00000E+00
         GC_9 =   0.00000E+00   0.10000E+01
        GC_10 =   0.00000E+00   0.25000E+00
        GC_11 =   0.00000E+00   0.10000E+01
        GC_12 =   0.00000E+00   0.10000E-02

 Collider parameters:
 --------------------

 Running at P P   machine @    13000.000000000000       GeV
 PDF set = lhapdf 
 alpha_s(Mz)= 0.1127 running at 3 loops.
 alpha_s(Mz)= 0.1127 running at 3 loops.
 Renormalization scale set on event-by-event basis
 Factorization   scale set on event-by-event basis


 getting user params
Enter number of events and max and min iterations: 
 Number of events and iterations         2000           8           3
Enter desired fractional accuracy: 
 Desired fractional accuracy:    1.0000000000000000E-002
Enter 0 for fixed, 2 for adjustable grid: 
Suppress amplitude (0 no, 1 yes)? 
 Using suppressed amplitude.
Exact helicity sum (0 yes, n = number/event)? 
 Explicitly summing over helicities
Enter Configuration Number: 
Running Configuration Number:    5
 Not subdividing B.W.
 Attempting mappinvarients           1           6
 Completed mapping           6
 about to integrate           10        2000           8           3          10           1
 Using non-zero grid deformation.
 10 dimensions   2000 events 10 invarients  8 iterations  1 config(s),  (0.99)
 Using h-tuple random number sequence.
 Error opening grid
 Using Uniform Grid!          24
 Using uniform alpha   1.0000000000000000     
 Grid defined OK
 Set CM energy to      13000.00
 Mapping Graph           5  to config           5
 Setting BW          -1           1   1.0000000000000000     
 Setting BW          -2           2   1000.0000000000000     
Setting grid   3    0.42751E-08   1
 Transforming s_hat 1/s            9   3.0530890977088902E-003   0.0000000000000000        168999999.99999997     
   5   1   2   3   4   5   6   7   8   9  10
 Masses: 0.255E-02 0.255E-02 0.100E+01 0.100E+01 0.255E-02 0.255E-02
Using random seed offsets     5 :      1
  with seed                   24
 Ranmar initialization seeds       31063        9398
 
 ********************************************
 * You are using the DiscreteSampler module *
 *      part of the MG5_aMC framework       *
 *         Author: Valentin Hirschi         *
 ********************************************
 
  Particle       3       4       5       6
      Et >     0.0     0.0     0.0     0.0
       E >     0.0     0.0     0.0     0.0
     Eta <    -1.0    -1.0    -1.0    -1.0
   xqcut:      0.0     0.0     0.0     0.0
d R # 3  >    -0.0     0.0     0.0     0.0
d R # 4  >    -0.0    -0.0     0.0     0.0
d R # 5  >    -0.0    -0.0    -0.0     0.0
s min # 3>     0.0     0.0     0.0     0.0
s min # 4>     0.0     0.0     0.0     0.0
s min # 5>     0.0     0.0     0.0     0.0
xqcutij # 3>     0.0     0.0     0.0     0.0
xqcutij # 4>     0.0     0.0     0.0     0.0
xqcutij # 5>     0.0     0.0     0.0     0.0
 No cut BW           -1           1
 No cut BW           -2           2
 alpha_s for scale    3704.0528507991430       is    7.1344491316927106E-002
 Added good helicity            1   8.1349288620953502       in event            1 local:           1
 Added good helicity            2   1.5555706013725874E-004  in event            1 local:           1
 Added good helicity            3   5.7432580826603504E-004  in event            1 local:           1
 Added good helicity            4   13.139799671551085       in event            1 local:           1
 Added good helicity            5   2.6857537369431729E-007  in event            1 local:           1
 Added good helicity            8   1.7165787410837358E-006  in event            1 local:           1
 Added good helicity            9   4.7563427044887607E-007  in event            1 local:           1
 Added good helicity           12   1.9535439822152760E-007  in event            1 local:           1
 Added good helicity           13   3.7687417964947456       in event            1 local:           1
 Added good helicity           14   3.2927063094347779E-005  in event            1 local:           1
 Added good helicity           15   4.3306960752299134E-004  in event            1 local:           1
 Added good helicity           16   8.5518573241504345       in event            1 local:           1
 Added good helicity           49   7.1109998338616380       in event            1 local:           1
 Added good helicity           50   3.3763518342401347E-004  in event            1 local:           1
 Added good helicity           51   4.2234083205563041E-005  in event            1 local:           1
 Added good helicity           52   3.5797724231078476       in event            1 local:           1
 Added good helicity           53   8.2563586883568169E-008  in event            1 local:           1
 Added good helicity           56   3.5671081722591048E-007  in event            1 local:           1
 Added good helicity           57   2.0326367177803078E-006  in event            1 local:           1
 Added good helicity           60   5.9611961172360456E-007  in event            1 local:           1
 Added good helicity           61   11.338953571557974       in event            1 local:           1
 Added good helicity           62   4.4776310886403324E-004  in event            1 local:           1
 Added good helicity           63   1.9952613008811931E-004  in event            1 local:           1
 Added good helicity           64   8.3727177546590514       in event            1 local:           1
 Added good helicity            1   8.1349288620955686       in event            1 local:           1
 Added good helicity            2   1.5555706013723199E-004  in event            1 local:           1
 Added good helicity            3   5.7432580826593724E-004  in event            1 local:           1
 Added good helicity            4   13.139799671548920       in event            1 local:           1
 Added good helicity            5   2.6857537369366306E-007  in event            1 local:           1
 Added good helicity            8   1.7165787410868034E-006  in event            1 local:           1
 Added good helicity            9   4.7563427044928603E-007  in event            1 local:           1
 Added good helicity           12   1.9535439822163075E-007  in event            1 local:           1
 Added good helicity           13   3.7687417964883432       in event            1 local:           1
 Added good helicity           14   3.2927063094342168E-005  in event            1 local:           1
 Added good helicity           15   4.3306960752291756E-004  in event            1 local:           1
 Added good helicity           16   8.5518573241515252       in event            1 local:           1
 Added good helicity           49   7.1109998338605820       in event            1 local:           1
 Added good helicity           50   3.3763518342395574E-004  in event            1 local:           1
 Added good helicity           51   4.2234083205555858E-005  in event            1 local:           1
 Added good helicity           52   3.5797724231031776       in event            1 local:           1
 Added good helicity           53   8.2563586883256633E-008  in event            1 local:           1
 Added good helicity           56   3.5671081722639965E-007  in event            1 local:           1
 Added good helicity           57   2.0326367177782034E-006  in event            1 local:           1
 Added good helicity           60   5.9611961172420140E-007  in event            1 local:           1
 Added good helicity           61   11.338953571560870       in event            1 local:           1
 Added good helicity           62   4.4776310886395659E-004  in event            1 local:           1
 Added good helicity           63   1.9952613008808497E-004  in event            1 local:           1
 Added good helicity           64   8.3727177546691429       in event            1 local:           1
 Added good helicity            7   1.9018858066316072E-007  in event           13 local:          13
 Added good helicity           58   1.9036604498026146E-007  in event           13 local:          13
 Added good helicity            7   1.9018858066314161E-007  in event           16 local:          16
 Added good helicity           58   1.9036604498024251E-007  in event           16 local:          16
 RESET CUMULATIVE VARIABLE
 Added good helicity            6   1.2980472742499668E-008  in event           18 local:          18
 Added good helicity           10   4.4158686286329235E-008  in event           18 local:          18
 Added good helicity           11   1.2963699037325815E-008  in event           18 local:          18
 Added good helicity           54   1.2980157018368639E-008  in event           18 local:          18
 Added good helicity           55   4.4154163991055940E-008  in event           18 local:          18
 Added good helicity           59   1.2964015594301231E-008  in event           18 local:          18
 RESET CUMULATIVE VARIABLE
 RESET CUMULATIVE VARIABLE
 Iteration  1   Mean: 0.3419E-10 Abs mean: 0.3419E-10   Fluctuation:  0.309E-10   0.618E-07     9.1%
  1    0.3419E-10 0.3419E-10 +- 0.3091E-10     40.43
 Writing out events   2.3559461510839998E-014   40.429998397616721     
 Relative summed weights:
  0.4855E-01  0.9515E+00
 Relative number of events:
  0.4841E+00  0.5159E+00
 Events:
         989        1054
 Iteration  2   Mean: 0.3883E-11 Abs mean: 0.3883E-11   Fluctuation:  0.111E-11   0.326E-08    52.8%
  2    0.3883E-11 0.3883E-11 +- 0.1108E-11     18.05
 Relative summed weights:
  0.4955E+00  0.5045E+00
 Relative number of events:
  0.5035E+00  0.4965E+00
 Events:
        2014        1986
 Iteration  3   Mean: 0.6799E-11 Abs mean: 0.6799E-11   Fluctuation:  0.375E-11   0.298E-07    50.6%
  3    0.6799E-11 0.6799E-11 +- 0.3746E-11     49.27
 Relative summed weights:
  0.7323E+00  0.2677E+00
 Relative number of events:
  0.4943E+00  0.5058E+00
 Events:
        3954        4046
 Accuracy:    0.828   0.010   0.244  11.514
 Found          576  events.
 Wrote            2  events.
 Actual xsec    6.6621577991641327E-012
 Correct abs xsec    6.6621577991641327E-012
 Event xsec    6.6621577991641335E-012
 Events wgts > 1:            1
 % Cross section > 1:    6.9127859778572258E-019   1.0376196701201729E-005
 Iteration  4   Mean: 0.3742E-11 Abs mean: 0.3742E-11   Fluctuation:  0.612E-12   0.868E-08    52.4%
  4    0.3742E-11 0.3742E-11 +- 0.6119E-12     20.68
 Relative summed weights:
  0.5384E+00  0.4616E+00
 Relative number of events:
  0.4989E+00  0.5011E+00
 Events:
        7983        8017
 Accuracy:    0.565   0.010   0.136  17.301
 Found          798  events.
 Wrote            2  events.
 Actual xsec    3.9649417579598375E-012
 Correct abs xsec    3.9649417579598375E-012
 Event xsec    3.9649417579598375E-012
 Events wgts > 1:            0
 % Cross section > 1:    0.0000000000000000        0.0000000000000000     
 Iteration  5   Mean: 0.6256E-11 Abs mean: 0.6256E-11   Fluctuation:  0.110E-11   0.217E-07    52.9%
  5    0.6256E-11 0.6256E-11 +- 0.1098E-11     31.39
 Relative summed weights:
  0.4553E+00  0.5447E+00
 Relative number of events:
  0.5023E+00  0.4977E+00
 Events:
       16074       15926
Thanks for using LHAPDF 6.2.1. Please make sure to cite the paper:
  Eur.Phys.J. C75 (2015) 3, 132  (http://arxiv.org/abs/1412.7420)
 Accuracy:    0.350   0.010   0.107  10.644
 Found         2840  events.
 Wrote            6  events.
 Actual xsec    4.9953828854109397E-012
 Correct abs xsec    4.9953828854109397E-012
 Event xsec    4.9953828854109397E-012
 Events wgts > 1:            1
 % Cross section > 1:    1.7953549036858005E-019   3.5940286157626684E-006
 Iteration  6   Mean: 0.4990E-11 Abs mean: 0.4990E-11   Fluctuation:  0.752E-12   0.418E-07    52.7%
  6    0.4990E-11 0.4990E-11 +- 0.7524E-12     38.14
 Relative summed weights:
  0.5399E+00  0.4601E+00
 Relative number of events:
  0.4984E+00  0.5016E+00
 Events:
       31895       32105
 Accuracy:    0.260   0.010   0.087   8.821
 Found         4110  events.
 Wrote           11  events.
 Actual xsec    4.9411033209811978E-012
 Correct abs xsec    4.9411033209811978E-012
 Event xsec    4.9411033209811995E-012
 Events wgts > 1:            0
 % Cross section > 1:    0.0000000000000000        0.0000000000000000     
 Iteration  7   Mean: 0.4879E-11 Abs mean: 0.4879E-11   Fluctuation:  0.462E-12   0.344E-07    51.6%
  7    0.4879E-11 0.4879E-11 +- 0.4615E-12     33.85
 Exceeded boost           3          92   128000.000    
 Exceeded boost           3          94   128000.000    
 Exceeded boost           3          95   128000.000    
 Relative summed weights:
  0.5083E+00  0.4917E+00
 Relative number of events:
  0.5009E+00  0.4991E+00
 Events:
       64113       63887
 Accuracy:    0.179   0.010   0.064   7.770
 Found        10210  events.
 Wrote           21  events.
 Actual xsec    5.1422717502816468E-012
 Correct abs xsec    5.1422717502816468E-012
 Event xsec    5.1422717502816468E-012
 Events wgts > 1:            2
 % Cross section > 1:    3.6392807388975716E-014  0.70771847845229985     
 Iteration  8   Mean: 0.4897E-11 Abs mean: 0.4897E-11   Fluctuation:  0.365E-12   0.662E-07    49.2%
  8    0.4897E-11 0.4897E-11 +- 0.3645E-12     37.66
 Exceeded boost           3          96   256000.000    
 Relative summed weights:
  0.4949E+00  0.5051E+00
 Relative number of events:
  0.4987E+00  0.5013E+00
 Events:
      127661      128339
 Accuracy:    0.127   0.010   0.049   6.825
 Found        22623  events.
 Wrote           15  events.
 Actual xsec    4.9032649691594973E-012
 Correct abs xsec    4.9032649691594973E-012
 Event xsec    4.9032649691594957E-012
 Events wgts > 1:            1
 % Cross section > 1:    3.5814231732171420E-020   7.3041599745140009E-007

 -------------------------------------------------------------------------------
 Accumulated results:   Integral =  0.4974E-11
                        Std dev  =  0.2419E-12
                       Cross sec =  0.4974E-11
             Chi**2 per DoF.     =      6.8250
 -------------------------------------------------------------------------------
-------------------------------------------------
---------------------------
 Results Last   3 iters: Integral =   0.4903E-11
                     Abs integral =   0.4903E-11
                          Std dev =   0.2674E-12
                  Chi**2 per DoF. =      0.0082
-------------------------------------------------
---------------------------
 Status   1.0000000000000000E-002           9           8

ls status:
events.lhe
ftn26
input_app.txt
results.dat
run1_app.log
