#Subprocess 1 (u,D -> ne,E,b,B)
 Cross section [pb] = 1.4227e+00 +/- 1.01e-03 (Nevnt = 50707)
#Subprocess 2 (u,D -> nm,M,b,B)
 Cross section [pb] = 1.4227e+00 +/- 1.01e-03 (Nevnt = 50707)
#Subprocess 3 (u,D -> nl,L,b,B)
 Cross section [pb] = 1.4217e+00 +/- 1.01e-03 (Nevnt = 50669)
#Subprocess 4 (u,S -> ne,E,b,B)
 Cross section [pb] = 5.3688e-02 +/- 1.05e-03 (Nevnt = 1913)
#Subprocess 5 (u,S -> nm,M,b,B)
 Cross section [pb] = 5.3688e-02 +/- 1.05e-03 (Nevnt = 1913)
#Subprocess 6 (u,S -> nl,L,b,B)
 Cross section [pb] = 5.3648e-02 +/- 1.05e-03 (Nevnt = 1912)
#Subprocess 7 (d,U -> Ne,e,b,B)
 Cross section [pb] = 6.7694e-01 +/- 1.05e-03 (Nevnt = 24126)
#Subprocess 8 (d,U -> Nm,m,b,B)
 Cross section [pb] = 6.7693e-01 +/- 1.05e-03 (Nevnt = 24126)
#Subprocess 9 (d,U -> Nl,l,b,B)
 Cross section [pb] = 6.7643e-01 +/- 1.05e-03 (Nevnt = 24108)
#Subprocess 10 (d,C -> Ne,e,b,B)
 Cross section [pb] = 2.1415e-02 +/- 1.07e-03 (Nevnt = 763)
#Subprocess 11 (d,C -> Nm,m,b,B)
 Cross section [pb] = 2.1415e-02 +/- 1.07e-03 (Nevnt = 763)
#Subprocess 12 (d,C -> Nl,l,b,B)
 Cross section [pb] = 2.1398e-02 +/- 1.07e-03 (Nevnt = 763)
#Subprocess 13 (U,d -> Ne,e,b,B)
 Cross section [pb] = 6.7710e-01 +/- 1.04e-03 (Nevnt = 24132)
#Subprocess 14 (U,d -> Nm,m,b,B)
 Cross section [pb] = 6.7710e-01 +/- 1.04e-03 (Nevnt = 24132)
#Subprocess 15 (U,d -> Nl,l,b,B)
 Cross section [pb] = 6.7657e-01 +/- 1.04e-03 (Nevnt = 24113)
#Subprocess 16 (U,s -> Ne,e,b,B)
 Cross section [pb] = 7.3373e-03 +/- 1.12e-03 (Nevnt = 262)
#Subprocess 17 (U,s -> Nm,m,b,B)
 Cross section [pb] = 7.3373e-03 +/- 1.12e-03 (Nevnt = 262)
#Subprocess 18 (U,s -> Nl,l,b,B)
 Cross section [pb] = 7.3320e-03 +/- 1.12e-03 (Nevnt = 261)
#Subprocess 19 (D,u -> ne,E,b,B)
 Cross section [pb] = 1.4225e+00 +/- 1.02e-03 (Nevnt = 50700)
#Subprocess 20 (D,u -> nm,M,b,B)
 Cross section [pb] = 1.4225e+00 +/- 1.02e-03 (Nevnt = 50700)
#Subprocess 21 (D,u -> nl,L,b,B)
 Cross section [pb] = 1.4215e+00 +/- 1.02e-03 (Nevnt = 50662)
#Subprocess 22 (D,c -> ne,E,b,B)
 Cross section [pb] = 6.2051e-03 +/- 1.14e-03 (Nevnt = 221)
#Subprocess 23 (D,c -> nm,M,b,B)
 Cross section [pb] = 6.2051e-03 +/- 1.14e-03 (Nevnt = 221)
#Subprocess 24 (D,c -> nl,L,b,B)
 Cross section [pb] = 6.2008e-03 +/- 1.14e-03 (Nevnt = 221)
#Subprocess 25 (s,U -> Ne,e,b,B)
 Cross section [pb] = 7.3352e-03 +/- 1.10e-03 (Nevnt = 261)
#Subprocess 26 (s,U -> Nm,m,b,B)
 Cross section [pb] = 7.3352e-03 +/- 1.10e-03 (Nevnt = 261)
#Subprocess 27 (s,U -> Nl,l,b,B)
 Cross section [pb] = 7.3297e-03 +/- 1.10e-03 (Nevnt = 261)
#Subprocess 28 (s,C -> Ne,e,b,B)
 Cross section [pb] = 7.5188e-02 +/- 1.13e-03 (Nevnt = 2680)
#Subprocess 29 (s,C -> Nm,m,b,B)
 Cross section [pb] = 7.5188e-02 +/- 1.13e-03 (Nevnt = 2680)
#Subprocess 30 (s,C -> Nl,l,b,B)
 Cross section [pb] = 7.5132e-02 +/- 1.13e-03 (Nevnt = 2678)
#Subprocess 31 (c,D -> ne,E,b,B)
 Cross section [pb] = 6.2122e-03 +/- 1.16e-03 (Nevnt = 221)
#Subprocess 32 (c,D -> nm,M,b,B)
 Cross section [pb] = 6.2122e-03 +/- 1.16e-03 (Nevnt = 221)
#Subprocess 33 (c,D -> nl,L,b,B)
 Cross section [pb] = 6.2077e-03 +/- 1.16e-03 (Nevnt = 221)
#Subprocess 34 (c,S -> ne,E,b,B)
 Cross section [pb] = 7.5267e-02 +/- 1.18e-03 (Nevnt = 2683)
#Subprocess 35 (c,S -> nm,M,b,B)
 Cross section [pb] = 7.5267e-02 +/- 1.18e-03 (Nevnt = 2683)
#Subprocess 36 (c,S -> nl,L,b,B)
 Cross section [pb] = 7.5210e-02 +/- 1.18e-03 (Nevnt = 2681)
#Subprocess 37 (S,u -> ne,E,b,B)
 Cross section [pb] = 5.3653e-02 +/- 1.03e-03 (Nevnt = 1912)
#Subprocess 38 (S,u -> nm,M,b,B)
 Cross section [pb] = 5.3652e-02 +/- 1.03e-03 (Nevnt = 1912)
#Subprocess 39 (S,u -> nl,L,b,B)
 Cross section [pb] = 5.3611e-02 +/- 1.03e-03 (Nevnt = 1911)
#Subprocess 40 (S,c -> ne,E,b,B)
 Cross section [pb] = 7.5188e-02 +/- 1.13e-03 (Nevnt = 2680)
#Subprocess 41 (S,c -> nm,M,b,B)
 Cross section [pb] = 7.5188e-02 +/- 1.13e-03 (Nevnt = 2680)
#Subprocess 42 (S,c -> nl,L,b,B)
 Cross section [pb] = 7.5132e-02 +/- 1.13e-03 (Nevnt = 2678)
#Subprocess 43 (C,d -> Ne,e,b,B)
 Cross section [pb] = 2.1436e-02 +/- 1.08e-03 (Nevnt = 764)
#Subprocess 44 (C,d -> Nm,m,b,B)
 Cross section [pb] = 2.1436e-02 +/- 1.08e-03 (Nevnt = 764)
#Subprocess 45 (C,d -> Nl,l,b,B)
 Cross section [pb] = 2.1420e-02 +/- 1.08e-03 (Nevnt = 763)
#Subprocess 46 (C,s -> Ne,e,b,B)
 Cross section [pb] = 7.5267e-02 +/- 1.18e-03 (Nevnt = 2683)
#Subprocess 47 (C,s -> Nm,m,b,B)
 Cross section [pb] = 7.5267e-02 +/- 1.18e-03 (Nevnt = 2683)
#Subprocess 48 (C,s -> Nl,l,b,B)
 Cross section [pb] = 7.5210e-02 +/- 1.18e-03 (Nevnt = 2681)

 Total cross section [pb]  = 1.4029e+01 +/- 7.58e-03 (Ntotal = 499999)
