#Subprocess 1 (u,D -> ne,E,b,B)
 Cross section [pb] = 2.2619e-01 +/- 1.45e-03 (Nevnt = 43850)
#Subprocess 2 (u,D -> nm,M,b,B)
 Cross section [pb] = 2.2619e-01 +/- 1.45e-03 (Nevnt = 43849)
#Subprocess 3 (u,D -> nl,L,b,B)
 Cross section [pb] = 2.2600e-01 +/- 1.47e-03 (Nevnt = 43813)
#Subprocess 4 (u,S -> ne,E,b,B)
 Cross section [pb] = 9.7966e-03 +/- 1.93e-03 (Nevnt = 1899)
#Subprocess 5 (u,S -> nm,M,b,B)
 Cross section [pb] = 9.7965e-03 +/- 1.93e-03 (Nevnt = 1899)
#Subprocess 6 (u,S -> nl,L,b,B)
 Cross section [pb] = 9.7882e-03 +/- 1.92e-03 (Nevnt = 1898)
#Subprocess 7 (d,U -> Ne,e,b,B)
 Cross section [pb] = 1.2924e-01 +/- 1.30e-03 (Nevnt = 25055)
#Subprocess 8 (d,U -> Nm,m,b,B)
 Cross section [pb] = 1.2924e-01 +/- 1.30e-03 (Nevnt = 25055)
#Subprocess 9 (d,U -> Nl,l,b,B)
 Cross section [pb] = 1.2914e-01 +/- 1.29e-03 (Nevnt = 25036)
#Subprocess 10 (d,C -> Ne,e,b,B)
 Cross section [pb] = 4.9808e-03 +/- 1.35e-03 (Nevnt = 966)
#Subprocess 11 (d,C -> Nm,m,b,B)
 Cross section [pb] = 4.9808e-03 +/- 1.35e-03 (Nevnt = 966)
#Subprocess 12 (d,C -> Nl,l,b,B)
 Cross section [pb] = 4.9771e-03 +/- 1.35e-03 (Nevnt = 965)
#Subprocess 13 (U,d -> Ne,e,b,B)
 Cross section [pb] = 1.2935e-01 +/- 1.46e-03 (Nevnt = 25076)
#Subprocess 14 (U,d -> Nm,m,b,B)
 Cross section [pb] = 1.2934e-01 +/- 1.46e-03 (Nevnt = 25074)
#Subprocess 15 (U,d -> Nl,l,b,B)
 Cross section [pb] = 1.2924e-01 +/- 1.46e-03 (Nevnt = 25054)
#Subprocess 16 (U,s -> Ne,e,b,B)
 Cross section [pb] = 2.2461e-03 +/- 1.86e-03 (Nevnt = 435)
#Subprocess 17 (U,s -> Nm,m,b,B)
 Cross section [pb] = 2.2461e-03 +/- 1.86e-03 (Nevnt = 435)
#Subprocess 18 (U,s -> Nl,l,b,B)
 Cross section [pb] = 2.2445e-03 +/- 1.84e-03 (Nevnt = 435)
#Subprocess 19 (D,u -> ne,E,b,B)
 Cross section [pb] = 2.2598e-01 +/- 1.36e-03 (Nevnt = 43810)
#Subprocess 20 (D,u -> nm,M,b,B)
 Cross section [pb] = 2.2598e-01 +/- 1.36e-03 (Nevnt = 43810)
#Subprocess 21 (D,u -> nl,L,b,B)
 Cross section [pb] = 2.2582e-01 +/- 1.36e-03 (Nevnt = 43779)
#Subprocess 22 (D,c -> ne,E,b,B)
 Cross section [pb] = 2.0460e-03 +/- 1.51e-03 (Nevnt = 397)
#Subprocess 23 (D,c -> nm,M,b,B)
 Cross section [pb] = 2.0460e-03 +/- 1.51e-03 (Nevnt = 397)
#Subprocess 24 (D,c -> nl,L,b,B)
 Cross section [pb] = 2.0448e-03 +/- 1.50e-03 (Nevnt = 396)
#Subprocess 25 (s,U -> Ne,e,b,B)
 Cross section [pb] = 2.2473e-03 +/- 1.47e-03 (Nevnt = 436)
#Subprocess 26 (s,U -> Nm,m,b,B)
 Cross section [pb] = 2.2473e-03 +/- 1.47e-03 (Nevnt = 436)
#Subprocess 27 (s,U -> Nl,l,b,B)
 Cross section [pb] = 2.2460e-03 +/- 1.41e-03 (Nevnt = 435)
#Subprocess 28 (s,C -> Ne,e,b,B)
 Cross section [pb] = 2.7766e-02 +/- 1.38e-03 (Nevnt = 5383)
#Subprocess 29 (s,C -> Nm,m,b,B)
 Cross section [pb] = 2.7766e-02 +/- 1.38e-03 (Nevnt = 5383)
#Subprocess 30 (s,C -> Nl,l,b,B)
 Cross section [pb] = 2.7741e-02 +/- 1.37e-03 (Nevnt = 5378)
#Subprocess 31 (c,D -> ne,E,b,B)
 Cross section [pb] = 2.0446e-03 +/- 1.58e-03 (Nevnt = 396)
#Subprocess 32 (c,D -> nm,M,b,B)
 Cross section [pb] = 2.0446e-03 +/- 1.58e-03 (Nevnt = 396)
#Subprocess 33 (c,D -> nl,L,b,B)
 Cross section [pb] = 2.0430e-03 +/- 1.56e-03 (Nevnt = 396)
#Subprocess 34 (c,S -> ne,E,b,B)
 Cross section [pb] = 2.7761e-02 +/- 1.72e-03 (Nevnt = 5382)
#Subprocess 35 (c,S -> nm,M,b,B)
 Cross section [pb] = 2.7761e-02 +/- 1.72e-03 (Nevnt = 5382)
#Subprocess 36 (c,S -> nl,L,b,B)
 Cross section [pb] = 2.7740e-02 +/- 1.71e-03 (Nevnt = 5378)
#Subprocess 37 (S,u -> ne,E,b,B)
 Cross section [pb] = 9.7804e-03 +/- 1.33e-03 (Nevnt = 1896)
#Subprocess 38 (S,u -> nm,M,b,B)
 Cross section [pb] = 9.7804e-03 +/- 1.33e-03 (Nevnt = 1896)
#Subprocess 39 (S,u -> nl,L,b,B)
 Cross section [pb] = 9.7729e-03 +/- 1.33e-03 (Nevnt = 1895)
#Subprocess 40 (S,c -> ne,E,b,B)
 Cross section [pb] = 2.7766e-02 +/- 1.38e-03 (Nevnt = 5383)
#Subprocess 41 (S,c -> nm,M,b,B)
 Cross section [pb] = 2.7766e-02 +/- 1.38e-03 (Nevnt = 5383)
#Subprocess 42 (S,c -> nl,L,b,B)
 Cross section [pb] = 2.7741e-02 +/- 1.37e-03 (Nevnt = 5378)
#Subprocess 43 (C,d -> Ne,e,b,B)
 Cross section [pb] = 4.9858e-03 +/- 1.46e-03 (Nevnt = 967)
#Subprocess 44 (C,d -> Nm,m,b,B)
 Cross section [pb] = 4.9858e-03 +/- 1.46e-03 (Nevnt = 967)
#Subprocess 45 (C,d -> Nl,l,b,B)
 Cross section [pb] = 4.9821e-03 +/- 1.46e-03 (Nevnt = 966)
#Subprocess 46 (C,s -> Ne,e,b,B)
 Cross section [pb] = 2.7761e-02 +/- 1.72e-03 (Nevnt = 5382)
#Subprocess 47 (C,s -> Nm,m,b,B)
 Cross section [pb] = 2.7761e-02 +/- 1.72e-03 (Nevnt = 5382)
#Subprocess 48 (C,s -> Nl,l,b,B)
 Cross section [pb] = 2.7740e-02 +/- 1.71e-03 (Nevnt = 5378)

 Total cross section [pb]  = 2.5791e+00 +/- 1.06e-02 (Ntotal = 500003)
