#Subprocess 1 (u,D -> ne,E,b,B)
 Cross section [pb] = 3.1229e-01 +/- 1.44e-03 (Nevnt = 47659)
#Subprocess 2 (u,D -> nm,M,b,B)
 Cross section [pb] = 3.1229e-01 +/- 1.44e-03 (Nevnt = 47659)
#Subprocess 3 (u,D -> nl,L,b,B)
 Cross section [pb] = 3.1205e-01 +/- 1.44e-03 (Nevnt = 47623)
#Subprocess 4 (u,S -> ne,E,b,B)
 Cross section [pb] = 1.2295e-02 +/- 1.47e-03 (Nevnt = 1876)
#Subprocess 5 (u,S -> nm,M,b,B)
 Cross section [pb] = 1.2295e-02 +/- 1.47e-03 (Nevnt = 1876)
#Subprocess 6 (u,S -> nl,L,b,B)
 Cross section [pb] = 1.2285e-02 +/- 1.47e-03 (Nevnt = 1875)
#Subprocess 7 (d,U -> Ne,e,b,B)
 Cross section [pb] = 1.5764e-01 +/- 1.42e-03 (Nevnt = 24058)
#Subprocess 8 (d,U -> Nm,m,b,B)
 Cross section [pb] = 1.5764e-01 +/- 1.42e-03 (Nevnt = 24058)
#Subprocess 9 (d,U -> Nl,l,b,B)
 Cross section [pb] = 1.5750e-01 +/- 1.42e-03 (Nevnt = 24036)
#Subprocess 10 (d,C -> Ne,e,b,B)
 Cross section [pb] = 5.5220e-03 +/- 1.48e-03 (Nevnt = 843)
#Subprocess 11 (d,C -> Nm,m,b,B)
 Cross section [pb] = 5.5220e-03 +/- 1.48e-03 (Nevnt = 843)
#Subprocess 12 (d,C -> Nl,l,b,B)
 Cross section [pb] = 5.5178e-03 +/- 1.48e-03 (Nevnt = 842)
#Subprocess 13 (U,d -> Ne,e,b,B)
 Cross section [pb] = 1.5766e-01 +/- 1.50e-03 (Nevnt = 24060)
#Subprocess 14 (U,d -> Nm,m,b,B)
 Cross section [pb] = 1.5765e-01 +/- 1.49e-03 (Nevnt = 24059)
#Subprocess 15 (U,d -> Nl,l,b,B)
 Cross section [pb] = 1.5753e-01 +/- 1.49e-03 (Nevnt = 24040)
#Subprocess 16 (U,s -> Ne,e,b,B)
 Cross section [pb] = 2.2998e-03 +/- 1.77e-03 (Nevnt = 351)
#Subprocess 17 (U,s -> Nm,m,b,B)
 Cross section [pb] = 2.2998e-03 +/- 1.77e-03 (Nevnt = 351)
#Subprocess 18 (U,s -> Nl,l,b,B)
 Cross section [pb] = 2.2978e-03 +/- 1.76e-03 (Nevnt = 351)
#Subprocess 19 (D,u -> ne,E,b,B)
 Cross section [pb] = 3.1184e-01 +/- 1.37e-03 (Nevnt = 47589)
#Subprocess 20 (D,u -> nm,M,b,B)
 Cross section [pb] = 3.1183e-01 +/- 1.37e-03 (Nevnt = 47589)
#Subprocess 21 (D,u -> nl,L,b,B)
 Cross section [pb] = 3.1157e-01 +/- 1.37e-03 (Nevnt = 47549)
#Subprocess 22 (D,c -> ne,E,b,B)
 Cross section [pb] = 2.0454e-03 +/- 1.64e-03 (Nevnt = 312)
#Subprocess 23 (D,c -> nm,M,b,B)
 Cross section [pb] = 2.0454e-03 +/- 1.64e-03 (Nevnt = 312)
#Subprocess 24 (D,c -> nl,L,b,B)
 Cross section [pb] = 2.0441e-03 +/- 1.65e-03 (Nevnt = 312)
#Subprocess 25 (s,U -> Ne,e,b,B)
 Cross section [pb] = 2.2956e-03 +/- 1.80e-03 (Nevnt = 350)
#Subprocess 26 (s,U -> Nm,m,b,B)
 Cross section [pb] = 2.2956e-03 +/- 1.81e-03 (Nevnt = 350)
#Subprocess 27 (s,U -> Nl,l,b,B)
 Cross section [pb] = 2.2934e-03 +/- 1.82e-03 (Nevnt = 350)
#Subprocess 28 (s,C -> Ne,e,b,B)
 Cross section [pb] = 2.7156e-02 +/- 1.58e-03 (Nevnt = 4144)
#Subprocess 29 (s,C -> Nm,m,b,B)
 Cross section [pb] = 2.7155e-02 +/- 1.58e-03 (Nevnt = 4144)
#Subprocess 30 (s,C -> Nl,l,b,B)
 Cross section [pb] = 2.7130e-02 +/- 1.58e-03 (Nevnt = 4140)
#Subprocess 31 (c,D -> ne,E,b,B)
 Cross section [pb] = 2.0483e-03 +/- 1.91e-03 (Nevnt = 313)
#Subprocess 32 (c,D -> nm,M,b,B)
 Cross section [pb] = 2.0483e-03 +/- 1.91e-03 (Nevnt = 313)
#Subprocess 33 (c,D -> nl,L,b,B)
 Cross section [pb] = 2.0467e-03 +/- 1.84e-03 (Nevnt = 312)
#Subprocess 34 (c,S -> ne,E,b,B)
 Cross section [pb] = 2.7174e-02 +/- 1.92e-03 (Nevnt = 4147)
#Subprocess 35 (c,S -> nm,M,b,B)
 Cross section [pb] = 2.7174e-02 +/- 1.92e-03 (Nevnt = 4147)
#Subprocess 36 (c,S -> nl,L,b,B)
 Cross section [pb] = 2.7153e-02 +/- 1.91e-03 (Nevnt = 4144)
#Subprocess 37 (S,u -> ne,E,b,B)
 Cross section [pb] = 1.2292e-02 +/- 1.44e-03 (Nevnt = 1876)
#Subprocess 38 (S,u -> nm,M,b,B)
 Cross section [pb] = 1.2292e-02 +/- 1.44e-03 (Nevnt = 1876)
#Subprocess 39 (S,u -> nl,L,b,B)
 Cross section [pb] = 1.2283e-02 +/- 1.44e-03 (Nevnt = 1874)
#Subprocess 40 (S,c -> ne,E,b,B)
 Cross section [pb] = 2.7156e-02 +/- 1.58e-03 (Nevnt = 4144)
#Subprocess 41 (S,c -> nm,M,b,B)
 Cross section [pb] = 2.7155e-02 +/- 1.58e-03 (Nevnt = 4144)
#Subprocess 42 (S,c -> nl,L,b,B)
 Cross section [pb] = 2.7130e-02 +/- 1.58e-03 (Nevnt = 4140)
#Subprocess 43 (C,d -> Ne,e,b,B)
 Cross section [pb] = 5.5278e-03 +/- 1.59e-03 (Nevnt = 844)
#Subprocess 44 (C,d -> Nm,m,b,B)
 Cross section [pb] = 5.5278e-03 +/- 1.59e-03 (Nevnt = 844)
#Subprocess 45 (C,d -> Nl,l,b,B)
 Cross section [pb] = 5.5237e-03 +/- 1.58e-03 (Nevnt = 843)
#Subprocess 46 (C,s -> Ne,e,b,B)
 Cross section [pb] = 2.7174e-02 +/- 1.92e-03 (Nevnt = 4147)
#Subprocess 47 (C,s -> Nm,m,b,B)
 Cross section [pb] = 2.7174e-02 +/- 1.92e-03 (Nevnt = 4147)
#Subprocess 48 (C,s -> Nl,l,b,B)
 Cross section [pb] = 2.7153e-02 +/- 1.91e-03 (Nevnt = 4144)

 Total cross section [pb]  = 3.2763e+00 +/- 1.12e-02 (Ntotal = 500000)
