#Subprocess 1 (u,D -> ne,E,b,B)
 Cross section [pb] = 2.2629e-01 +/- 1.45e-03 (Nevnt = 43822)
#Subprocess 2 (u,D -> nm,M,b,B)
 Cross section [pb] = 2.2629e-01 +/- 1.45e-03 (Nevnt = 43823)
#Subprocess 3 (u,D -> nl,L,b,B)
 Cross section [pb] = 2.2610e-01 +/- 1.46e-03 (Nevnt = 43785)
#Subprocess 4 (u,S -> ne,E,b,B)
 Cross section [pb] = 9.7973e-03 +/- 1.61e-03 (Nevnt = 1897)
#Subprocess 5 (u,S -> nm,M,b,B)
 Cross section [pb] = 9.7972e-03 +/- 1.61e-03 (Nevnt = 1897)
#Subprocess 6 (u,S -> nl,L,b,B)
 Cross section [pb] = 9.7883e-03 +/- 1.61e-03 (Nevnt = 1896)
#Subprocess 7 (d,U -> Ne,e,b,B)
 Cross section [pb] = 1.2934e-01 +/- 1.29e-03 (Nevnt = 25047)
#Subprocess 8 (d,U -> Nm,m,b,B)
 Cross section [pb] = 1.2934e-01 +/- 1.29e-03 (Nevnt = 25047)
#Subprocess 9 (d,U -> Nl,l,b,B)
 Cross section [pb] = 1.2924e-01 +/- 1.29e-03 (Nevnt = 25028)
#Subprocess 10 (d,C -> Ne,e,b,B)
 Cross section [pb] = 4.9879e-03 +/- 1.35e-03 (Nevnt = 966)
#Subprocess 11 (d,C -> Nm,m,b,B)
 Cross section [pb] = 4.9879e-03 +/- 1.35e-03 (Nevnt = 966)
#Subprocess 12 (d,C -> Nl,l,b,B)
 Cross section [pb] = 4.9842e-03 +/- 1.35e-03 (Nevnt = 965)
#Subprocess 13 (U,d -> Ne,e,b,B)
 Cross section [pb] = 1.2951e-01 +/- 1.47e-03 (Nevnt = 25080)
#Subprocess 14 (U,d -> Nm,m,b,B)
 Cross section [pb] = 1.2951e-01 +/- 1.47e-03 (Nevnt = 25080)
#Subprocess 15 (U,d -> Nl,l,b,B)
 Cross section [pb] = 1.2941e-01 +/- 1.46e-03 (Nevnt = 25062)
#Subprocess 16 (U,s -> Ne,e,b,B)
 Cross section [pb] = 2.2487e-03 +/- 1.87e-03 (Nevnt = 435)
#Subprocess 17 (U,s -> Nm,m,b,B)
 Cross section [pb] = 2.2487e-03 +/- 1.87e-03 (Nevnt = 435)
#Subprocess 18 (U,s -> Nl,l,b,B)
 Cross section [pb] = 2.2475e-03 +/- 1.85e-03 (Nevnt = 435)
#Subprocess 19 (D,u -> ne,E,b,B)
 Cross section [pb] = 2.2629e-01 +/- 1.38e-03 (Nevnt = 43823)
#Subprocess 20 (D,u -> nm,M,b,B)
 Cross section [pb] = 2.2629e-01 +/- 1.38e-03 (Nevnt = 43823)
#Subprocess 21 (D,u -> nl,L,b,B)
 Cross section [pb] = 2.2613e-01 +/- 1.37e-03 (Nevnt = 43792)
#Subprocess 22 (D,c -> ne,E,b,B)
 Cross section [pb] = 2.0490e-03 +/- 1.51e-03 (Nevnt = 397)
#Subprocess 23 (D,c -> nm,M,b,B)
 Cross section [pb] = 2.0490e-03 +/- 1.51e-03 (Nevnt = 397)
#Subprocess 24 (D,c -> nl,L,b,B)
 Cross section [pb] = 2.0480e-03 +/- 1.51e-03 (Nevnt = 397)
#Subprocess 25 (s,U -> Ne,e,b,B)
 Cross section [pb] = 2.2502e-03 +/- 1.47e-03 (Nevnt = 436)
#Subprocess 26 (s,U -> Nm,m,b,B)
 Cross section [pb] = 2.2501e-03 +/- 1.47e-03 (Nevnt = 436)
#Subprocess 27 (s,U -> Nl,l,b,B)
 Cross section [pb] = 2.2489e-03 +/- 1.42e-03 (Nevnt = 436)
#Subprocess 28 (s,C -> Ne,e,b,B)
 Cross section [pb] = 2.7815e-02 +/- 1.38e-03 (Nevnt = 5387)
#Subprocess 29 (s,C -> Nm,m,b,B)
 Cross section [pb] = 2.7815e-02 +/- 1.38e-03 (Nevnt = 5387)
#Subprocess 30 (s,C -> Nl,l,b,B)
 Cross section [pb] = 2.7791e-02 +/- 1.37e-03 (Nevnt = 5382)
#Subprocess 31 (c,D -> ne,E,b,B)
 Cross section [pb] = 2.0476e-03 +/- 1.61e-03 (Nevnt = 397)
#Subprocess 32 (c,D -> nm,M,b,B)
 Cross section [pb] = 2.0476e-03 +/- 1.61e-03 (Nevnt = 397)
#Subprocess 33 (c,D -> nl,L,b,B)
 Cross section [pb] = 2.0457e-03 +/- 1.58e-03 (Nevnt = 396)
#Subprocess 34 (c,S -> ne,E,b,B)
 Cross section [pb] = 2.7814e-02 +/- 1.73e-03 (Nevnt = 5386)
#Subprocess 35 (c,S -> nm,M,b,B)
 Cross section [pb] = 2.7814e-02 +/- 1.73e-03 (Nevnt = 5386)
#Subprocess 36 (c,S -> nl,L,b,B)
 Cross section [pb] = 2.7792e-02 +/- 1.73e-03 (Nevnt = 5382)
#Subprocess 37 (S,u -> ne,E,b,B)
 Cross section [pb] = 9.7900e-03 +/- 1.33e-03 (Nevnt = 1896)
#Subprocess 38 (S,u -> nm,M,b,B)
 Cross section [pb] = 9.7899e-03 +/- 1.33e-03 (Nevnt = 1896)
#Subprocess 39 (S,u -> nl,L,b,B)
 Cross section [pb] = 9.7820e-03 +/- 1.33e-03 (Nevnt = 1894)
#Subprocess 40 (S,c -> ne,E,b,B)
 Cross section [pb] = 2.7815e-02 +/- 1.38e-03 (Nevnt = 5387)
#Subprocess 41 (S,c -> nm,M,b,B)
 Cross section [pb] = 2.7815e-02 +/- 1.38e-03 (Nevnt = 5387)
#Subprocess 42 (S,c -> nl,L,b,B)
 Cross section [pb] = 2.7791e-02 +/- 1.37e-03 (Nevnt = 5382)
#Subprocess 43 (C,d -> Ne,e,b,B)
 Cross section [pb] = 4.9929e-03 +/- 1.45e-03 (Nevnt = 967)
#Subprocess 44 (C,d -> Nm,m,b,B)
 Cross section [pb] = 4.9929e-03 +/- 1.45e-03 (Nevnt = 967)
#Subprocess 45 (C,d -> Nl,l,b,B)
 Cross section [pb] = 4.9893e-03 +/- 1.45e-03 (Nevnt = 966)
#Subprocess 46 (C,s -> Ne,e,b,B)
 Cross section [pb] = 2.7814e-02 +/- 1.73e-03 (Nevnt = 5386)
#Subprocess 47 (C,s -> Nm,m,b,B)
 Cross section [pb] = 2.7814e-02 +/- 1.73e-03 (Nevnt = 5386)
#Subprocess 48 (C,s -> Nl,l,b,B)
 Cross section [pb] = 2.7792e-02 +/- 1.73e-03 (Nevnt = 5382)

 Total cross section [pb]  = 2.5819e+00 +/- 1.04e-02 (Ntotal = 499999)
