#Subprocess 1 (u,D -> ne,E,b,B)
 Cross section [pb] = 2.2653e-01 +/- 1.41e-03 (Nevnt = 43799)
#Subprocess 2 (u,D -> nm,M,b,B)
 Cross section [pb] = 2.2653e-01 +/- 1.41e-03 (Nevnt = 43799)
#Subprocess 3 (u,D -> nl,L,b,B)
 Cross section [pb] = 2.2640e-01 +/- 1.42e-03 (Nevnt = 43775)
#Subprocess 4 (u,S -> ne,E,b,B)
 Cross section [pb] = 9.8159e-03 +/- 1.45e-03 (Nevnt = 1898)
#Subprocess 5 (u,S -> nm,M,b,B)
 Cross section [pb] = 9.8159e-03 +/- 1.45e-03 (Nevnt = 1898)
#Subprocess 6 (u,S -> nl,L,b,B)
 Cross section [pb] = 9.8083e-03 +/- 1.45e-03 (Nevnt = 1896)
#Subprocess 7 (d,U -> Ne,e,b,B)
 Cross section [pb] = 1.2953e-01 +/- 1.31e-03 (Nevnt = 25045)
#Subprocess 8 (d,U -> Nm,m,b,B)
 Cross section [pb] = 1.2953e-01 +/- 1.31e-03 (Nevnt = 25045)
#Subprocess 9 (d,U -> Nl,l,b,B)
 Cross section [pb] = 1.2944e-01 +/- 1.31e-03 (Nevnt = 25026)
#Subprocess 10 (d,C -> Ne,e,b,B)
 Cross section [pb] = 5.0032e-03 +/- 1.33e-03 (Nevnt = 967)
#Subprocess 11 (d,C -> Nm,m,b,B)
 Cross section [pb] = 5.0032e-03 +/- 1.33e-03 (Nevnt = 967)
#Subprocess 12 (d,C -> Nl,l,b,B)
 Cross section [pb] = 5.0004e-03 +/- 1.34e-03 (Nevnt = 967)
#Subprocess 13 (U,d -> Ne,e,b,B)
 Cross section [pb] = 1.2962e-01 +/- 1.42e-03 (Nevnt = 25063)
#Subprocess 14 (U,d -> Nm,m,b,B)
 Cross section [pb] = 1.2962e-01 +/- 1.42e-03 (Nevnt = 25062)
#Subprocess 15 (U,d -> Nl,l,b,B)
 Cross section [pb] = 1.2953e-01 +/- 1.42e-03 (Nevnt = 25044)
#Subprocess 16 (U,s -> Ne,e,b,B)
 Cross section [pb] = 2.2566e-03 +/- 1.92e-03 (Nevnt = 436)
#Subprocess 17 (U,s -> Nm,m,b,B)
 Cross section [pb] = 2.2566e-03 +/- 1.92e-03 (Nevnt = 436)
#Subprocess 18 (U,s -> Nl,l,b,B)
 Cross section [pb] = 2.2535e-03 +/- 1.87e-03 (Nevnt = 436)
#Subprocess 19 (D,u -> ne,E,b,B)
 Cross section [pb] = 2.2636e-01 +/- 1.39e-03 (Nevnt = 43767)
#Subprocess 20 (D,u -> nm,M,b,B)
 Cross section [pb] = 2.2636e-01 +/- 1.39e-03 (Nevnt = 43767)
#Subprocess 21 (D,u -> nl,L,b,B)
 Cross section [pb] = 2.2619e-01 +/- 1.39e-03 (Nevnt = 43733)
#Subprocess 22 (D,c -> ne,E,b,B)
 Cross section [pb] = 2.0567e-03 +/- 1.52e-03 (Nevnt = 398)
#Subprocess 23 (D,c -> nm,M,b,B)
 Cross section [pb] = 2.0567e-03 +/- 1.52e-03 (Nevnt = 398)
#Subprocess 24 (D,c -> nl,L,b,B)
 Cross section [pb] = 2.0553e-03 +/- 1.52e-03 (Nevnt = 397)
#Subprocess 25 (s,U -> Ne,e,b,B)
 Cross section [pb] = 2.2590e-03 +/- 1.46e-03 (Nevnt = 437)
#Subprocess 26 (s,U -> Nm,m,b,B)
 Cross section [pb] = 2.2590e-03 +/- 1.46e-03 (Nevnt = 437)
#Subprocess 27 (s,U -> Nl,l,b,B)
 Cross section [pb] = 2.2570e-03 +/- 1.41e-03 (Nevnt = 436)
#Subprocess 28 (s,C -> Ne,e,b,B)
 Cross section [pb] = 2.7967e-02 +/- 1.39e-03 (Nevnt = 5407)
#Subprocess 29 (s,C -> Nm,m,b,B)
 Cross section [pb] = 2.7967e-02 +/- 1.39e-03 (Nevnt = 5407)
#Subprocess 30 (s,C -> Nl,l,b,B)
 Cross section [pb] = 2.7944e-02 +/- 1.38e-03 (Nevnt = 5403)
#Subprocess 31 (c,D -> ne,E,b,B)
 Cross section [pb] = 2.0557e-03 +/- 1.64e-03 (Nevnt = 397)
#Subprocess 32 (c,D -> nm,M,b,B)
 Cross section [pb] = 2.0556e-03 +/- 1.64e-03 (Nevnt = 397)
#Subprocess 33 (c,D -> nl,L,b,B)
 Cross section [pb] = 2.0536e-03 +/- 1.64e-03 (Nevnt = 397)
#Subprocess 34 (c,S -> ne,E,b,B)
 Cross section [pb] = 2.7978e-02 +/- 1.78e-03 (Nevnt = 5409)
#Subprocess 35 (c,S -> nm,M,b,B)
 Cross section [pb] = 2.7978e-02 +/- 1.78e-03 (Nevnt = 5409)
#Subprocess 36 (c,S -> nl,L,b,B)
 Cross section [pb] = 2.7957e-02 +/- 1.76e-03 (Nevnt = 5405)
#Subprocess 37 (S,u -> ne,E,b,B)
 Cross section [pb] = 9.8142e-03 +/- 1.33e-03 (Nevnt = 1898)
#Subprocess 38 (S,u -> nm,M,b,B)
 Cross section [pb] = 9.8142e-03 +/- 1.33e-03 (Nevnt = 1898)
#Subprocess 39 (S,u -> nl,L,b,B)
 Cross section [pb] = 9.8070e-03 +/- 1.33e-03 (Nevnt = 1896)
#Subprocess 40 (S,c -> ne,E,b,B)
 Cross section [pb] = 2.7967e-02 +/- 1.39e-03 (Nevnt = 5407)
#Subprocess 41 (S,c -> nm,M,b,B)
 Cross section [pb] = 2.7967e-02 +/- 1.39e-03 (Nevnt = 5407)
#Subprocess 42 (S,c -> nl,L,b,B)
 Cross section [pb] = 2.7944e-02 +/- 1.38e-03 (Nevnt = 5403)
#Subprocess 43 (C,d -> Ne,e,b,B)
 Cross section [pb] = 5.0068e-03 +/- 1.44e-03 (Nevnt = 968)
#Subprocess 44 (C,d -> Nm,m,b,B)
 Cross section [pb] = 5.0068e-03 +/- 1.44e-03 (Nevnt = 968)
#Subprocess 45 (C,d -> Nl,l,b,B)
 Cross section [pb] = 5.0031e-03 +/- 1.43e-03 (Nevnt = 967)
#Subprocess 46 (C,s -> Ne,e,b,B)
 Cross section [pb] = 2.7978e-02 +/- 1.78e-03 (Nevnt = 5409)
#Subprocess 47 (C,s -> Nm,m,b,B)
 Cross section [pb] = 2.7978e-02 +/- 1.78e-03 (Nevnt = 5409)
#Subprocess 48 (C,s -> Nl,l,b,B)
 Cross section [pb] = 2.7957e-02 +/- 1.76e-03 (Nevnt = 5405)

 Total cross section [pb]  = 2.5860e+00 +/- 1.04e-02 (Ntotal = 499995)
