#Subprocess 1 (u,D -> ne,E,b,B)
 Cross section [pb] = 2.2813e-01 +/- 1.94e-03 (Nevnt = 44201)
#Subprocess 2 (u,D -> nm,M,b,B)
 Cross section [pb] = 2.2813e-01 +/- 1.95e-03 (Nevnt = 44202)
#Subprocess 3 (u,D -> nl,L,b,B)
 Cross section [pb] = 2.2797e-01 +/- 1.97e-03 (Nevnt = 44170)
#Subprocess 4 (u,S -> ne,E,b,B)
 Cross section [pb] = 9.7570e-03 +/- 1.54e-03 (Nevnt = 1890)
#Subprocess 5 (u,S -> nm,M,b,B)
 Cross section [pb] = 9.7569e-03 +/- 1.54e-03 (Nevnt = 1890)
#Subprocess 6 (u,S -> nl,L,b,B)
 Cross section [pb] = 9.7496e-03 +/- 1.54e-03 (Nevnt = 1889)
#Subprocess 7 (d,U -> Ne,e,b,B)
 Cross section [pb] = 1.2883e-01 +/- 1.37e-03 (Nevnt = 24961)
#Subprocess 8 (d,U -> Nm,m,b,B)
 Cross section [pb] = 1.2883e-01 +/- 1.37e-03 (Nevnt = 24961)
#Subprocess 9 (d,U -> Nl,l,b,B)
 Cross section [pb] = 1.2873e-01 +/- 1.37e-03 (Nevnt = 24943)
#Subprocess 10 (d,C -> Ne,e,b,B)
 Cross section [pb] = 4.9167e-03 +/- 1.62e-03 (Nevnt = 953)
#Subprocess 11 (d,C -> Nm,m,b,B)
 Cross section [pb] = 4.9167e-03 +/- 1.62e-03 (Nevnt = 953)
#Subprocess 12 (d,C -> Nl,l,b,B)
 Cross section [pb] = 4.9132e-03 +/- 1.63e-03 (Nevnt = 952)
#Subprocess 13 (U,d -> Ne,e,b,B)
 Cross section [pb] = 1.2914e-01 +/- 1.49e-03 (Nevnt = 25022)
#Subprocess 14 (U,d -> Nm,m,b,B)
 Cross section [pb] = 1.2914e-01 +/- 1.49e-03 (Nevnt = 25022)
#Subprocess 15 (U,d -> Nl,l,b,B)
 Cross section [pb] = 1.2904e-01 +/- 1.48e-03 (Nevnt = 25003)
#Subprocess 16 (U,s -> Ne,e,b,B)
 Cross section [pb] = 2.2143e-03 +/- 1.58e-03 (Nevnt = 429)
#Subprocess 17 (U,s -> Nm,m,b,B)
 Cross section [pb] = 2.2143e-03 +/- 1.58e-03 (Nevnt = 429)
#Subprocess 18 (U,s -> Nl,l,b,B)
 Cross section [pb] = 2.2126e-03 +/- 1.58e-03 (Nevnt = 429)
#Subprocess 19 (D,u -> ne,E,b,B)
 Cross section [pb] = 2.2765e-01 +/- 1.47e-03 (Nevnt = 44109)
#Subprocess 20 (D,u -> nm,M,b,B)
 Cross section [pb] = 2.2765e-01 +/- 1.47e-03 (Nevnt = 44109)
#Subprocess 21 (D,u -> nl,L,b,B)
 Cross section [pb] = 2.2748e-01 +/- 1.47e-03 (Nevnt = 44077)
#Subprocess 22 (D,c -> ne,E,b,B)
 Cross section [pb] = 2.0093e-03 +/- 1.51e-03 (Nevnt = 389)
#Subprocess 23 (D,c -> nm,M,b,B)
 Cross section [pb] = 2.0093e-03 +/- 1.51e-03 (Nevnt = 389)
#Subprocess 24 (D,c -> nl,L,b,B)
 Cross section [pb] = 2.0078e-03 +/- 1.50e-03 (Nevnt = 389)
#Subprocess 25 (s,U -> Ne,e,b,B)
 Cross section [pb] = 2.2147e-03 +/- 1.50e-03 (Nevnt = 429)
#Subprocess 26 (s,U -> Nm,m,b,B)
 Cross section [pb] = 2.2146e-03 +/- 1.50e-03 (Nevnt = 429)
#Subprocess 27 (s,U -> Nl,l,b,B)
 Cross section [pb] = 2.2101e-03 +/- 1.42e-03 (Nevnt = 428)
#Subprocess 28 (s,C -> Ne,e,b,B)
 Cross section [pb] = 2.7187e-02 +/- 1.39e-03 (Nevnt = 5268)
#Subprocess 29 (s,C -> Nm,m,b,B)
 Cross section [pb] = 2.7187e-02 +/- 1.39e-03 (Nevnt = 5268)
#Subprocess 30 (s,C -> Nl,l,b,B)
 Cross section [pb] = 2.7168e-02 +/- 1.37e-03 (Nevnt = 5264)
#Subprocess 31 (c,D -> ne,E,b,B)
 Cross section [pb] = 2.0108e-03 +/- 1.57e-03 (Nevnt = 390)
#Subprocess 32 (c,D -> nm,M,b,B)
 Cross section [pb] = 2.0108e-03 +/- 1.57e-03 (Nevnt = 390)
#Subprocess 33 (c,D -> nl,L,b,B)
 Cross section [pb] = 2.0090e-03 +/- 1.57e-03 (Nevnt = 389)
#Subprocess 34 (c,S -> ne,E,b,B)
 Cross section [pb] = 2.7240e-02 +/- 1.53e-03 (Nevnt = 5278)
#Subprocess 35 (c,S -> nm,M,b,B)
 Cross section [pb] = 2.7240e-02 +/- 1.53e-03 (Nevnt = 5278)
#Subprocess 36 (c,S -> nl,L,b,B)
 Cross section [pb] = 2.7222e-02 +/- 1.54e-03 (Nevnt = 5274)
#Subprocess 37 (S,u -> ne,E,b,B)
 Cross section [pb] = 9.7450e-03 +/- 1.46e-03 (Nevnt = 1888)
#Subprocess 38 (S,u -> nm,M,b,B)
 Cross section [pb] = 9.7449e-03 +/- 1.46e-03 (Nevnt = 1888)
#Subprocess 39 (S,u -> nl,L,b,B)
 Cross section [pb] = 9.7371e-03 +/- 1.46e-03 (Nevnt = 1887)
#Subprocess 40 (S,c -> ne,E,b,B)
 Cross section [pb] = 2.7187e-02 +/- 1.39e-03 (Nevnt = 5268)
#Subprocess 41 (S,c -> nm,M,b,B)
 Cross section [pb] = 2.7187e-02 +/- 1.39e-03 (Nevnt = 5268)
#Subprocess 42 (S,c -> nl,L,b,B)
 Cross section [pb] = 2.7168e-02 +/- 1.37e-03 (Nevnt = 5264)
#Subprocess 43 (C,d -> Ne,e,b,B)
 Cross section [pb] = 4.9229e-03 +/- 1.49e-03 (Nevnt = 954)
#Subprocess 44 (C,d -> Nm,m,b,B)
 Cross section [pb] = 4.9229e-03 +/- 1.49e-03 (Nevnt = 954)
#Subprocess 45 (C,d -> Nl,l,b,B)
 Cross section [pb] = 4.9190e-03 +/- 1.51e-03 (Nevnt = 953)
#Subprocess 46 (C,s -> Ne,e,b,B)
 Cross section [pb] = 2.7240e-02 +/- 1.53e-03 (Nevnt = 5278)
#Subprocess 47 (C,s -> Nm,m,b,B)
 Cross section [pb] = 2.7240e-02 +/- 1.53e-03 (Nevnt = 5278)
#Subprocess 48 (C,s -> Nl,l,b,B)
 Cross section [pb] = 2.7222e-02 +/- 1.54e-03 (Nevnt = 5274)

 Total cross section [pb]  = 2.5805e+00 +/- 1.06e-02 (Ntotal = 500000)
