#Subprocess 1 (u,D -> ne,E,b,B)
 Cross section [pb] = 2.2564e-01 +/- 1.45e-03 (Nevnt = 43809)
#Subprocess 2 (u,D -> nm,M,b,B)
 Cross section [pb] = 2.2564e-01 +/- 1.45e-03 (Nevnt = 43809)
#Subprocess 3 (u,D -> nl,L,b,B)
 Cross section [pb] = 2.2553e-01 +/- 1.45e-03 (Nevnt = 43787)
#Subprocess 4 (u,S -> ne,E,b,B)
 Cross section [pb] = 9.7670e-03 +/- 1.45e-03 (Nevnt = 1896)
#Subprocess 5 (u,S -> nm,M,b,B)
 Cross section [pb] = 9.7669e-03 +/- 1.45e-03 (Nevnt = 1896)
#Subprocess 6 (u,S -> nl,L,b,B)
 Cross section [pb] = 9.7601e-03 +/- 1.45e-03 (Nevnt = 1895)
#Subprocess 7 (d,U -> Ne,e,b,B)
 Cross section [pb] = 1.2903e-01 +/- 1.29e-03 (Nevnt = 25052)
#Subprocess 8 (d,U -> Nm,m,b,B)
 Cross section [pb] = 1.2903e-01 +/- 1.29e-03 (Nevnt = 25052)
#Subprocess 9 (d,U -> Nl,l,b,B)
 Cross section [pb] = 1.2894e-01 +/- 1.29e-03 (Nevnt = 25034)
#Subprocess 10 (d,C -> Ne,e,b,B)
 Cross section [pb] = 4.9780e-03 +/- 1.34e-03 (Nevnt = 966)
#Subprocess 11 (d,C -> Nm,m,b,B)
 Cross section [pb] = 4.9780e-03 +/- 1.34e-03 (Nevnt = 966)
#Subprocess 12 (d,C -> Nl,l,b,B)
 Cross section [pb] = 4.9744e-03 +/- 1.34e-03 (Nevnt = 966)
#Subprocess 13 (U,d -> Ne,e,b,B)
 Cross section [pb] = 1.2917e-01 +/- 1.42e-03 (Nevnt = 25079)
#Subprocess 14 (U,d -> Nm,m,b,B)
 Cross section [pb] = 1.2917e-01 +/- 1.42e-03 (Nevnt = 25079)
#Subprocess 15 (U,d -> Nl,l,b,B)
 Cross section [pb] = 1.2907e-01 +/- 1.42e-03 (Nevnt = 25059)
#Subprocess 16 (U,s -> Ne,e,b,B)
 Cross section [pb] = 2.2454e-03 +/- 1.94e-03 (Nevnt = 436)
#Subprocess 17 (U,s -> Nm,m,b,B)
 Cross section [pb] = 2.2455e-03 +/- 1.94e-03 (Nevnt = 436)
#Subprocess 18 (U,s -> Nl,l,b,B)
 Cross section [pb] = 2.2429e-03 +/- 1.91e-03 (Nevnt = 435)
#Subprocess 19 (D,u -> ne,E,b,B)
 Cross section [pb] = 2.2560e-01 +/- 1.41e-03 (Nevnt = 43800)
#Subprocess 20 (D,u -> nm,M,b,B)
 Cross section [pb] = 2.2560e-01 +/- 1.41e-03 (Nevnt = 43800)
#Subprocess 21 (D,u -> nl,L,b,B)
 Cross section [pb] = 2.2541e-01 +/- 1.41e-03 (Nevnt = 43765)
#Subprocess 22 (D,c -> ne,E,b,B)
 Cross section [pb] = 2.0454e-03 +/- 1.52e-03 (Nevnt = 397)
#Subprocess 23 (D,c -> nm,M,b,B)
 Cross section [pb] = 2.0454e-03 +/- 1.52e-03 (Nevnt = 397)
#Subprocess 24 (D,c -> nl,L,b,B)
 Cross section [pb] = 2.0435e-03 +/- 1.52e-03 (Nevnt = 397)
#Subprocess 25 (s,U -> Ne,e,b,B)
 Cross section [pb] = 2.2479e-03 +/- 1.45e-03 (Nevnt = 436)
#Subprocess 26 (s,U -> Nm,m,b,B)
 Cross section [pb] = 2.2479e-03 +/- 1.45e-03 (Nevnt = 436)
#Subprocess 27 (s,U -> Nl,l,b,B)
 Cross section [pb] = 2.2453e-03 +/- 1.39e-03 (Nevnt = 436)
#Subprocess 28 (s,C -> Ne,e,b,B)
 Cross section [pb] = 2.7773e-02 +/- 1.39e-03 (Nevnt = 5392)
#Subprocess 29 (s,C -> Nm,m,b,B)
 Cross section [pb] = 2.7773e-02 +/- 1.38e-03 (Nevnt = 5392)
#Subprocess 30 (s,C -> Nl,l,b,B)
 Cross section [pb] = 2.7748e-02 +/- 1.37e-03 (Nevnt = 5387)
#Subprocess 31 (c,D -> ne,E,b,B)
 Cross section [pb] = 2.0438e-03 +/- 1.61e-03 (Nevnt = 397)
#Subprocess 32 (c,D -> nm,M,b,B)
 Cross section [pb] = 2.0438e-03 +/- 1.61e-03 (Nevnt = 397)
#Subprocess 33 (c,D -> nl,L,b,B)
 Cross section [pb] = 2.0414e-03 +/- 1.62e-03 (Nevnt = 396)
#Subprocess 34 (c,S -> ne,E,b,B)
 Cross section [pb] = 2.7789e-02 +/- 1.78e-03 (Nevnt = 5395)
#Subprocess 35 (c,S -> nm,M,b,B)
 Cross section [pb] = 2.7789e-02 +/- 1.78e-03 (Nevnt = 5395)
#Subprocess 36 (c,S -> nl,L,b,B)
 Cross section [pb] = 2.7769e-02 +/- 1.76e-03 (Nevnt = 5391)
#Subprocess 37 (S,u -> ne,E,b,B)
 Cross section [pb] = 9.7623e-03 +/- 1.32e-03 (Nevnt = 1895)
#Subprocess 38 (S,u -> nm,M,b,B)
 Cross section [pb] = 9.7622e-03 +/- 1.32e-03 (Nevnt = 1895)
#Subprocess 39 (S,u -> nl,L,b,B)
 Cross section [pb] = 9.7547e-03 +/- 1.32e-03 (Nevnt = 1894)
#Subprocess 40 (S,c -> ne,E,b,B)
 Cross section [pb] = 2.7773e-02 +/- 1.39e-03 (Nevnt = 5392)
#Subprocess 41 (S,c -> nm,M,b,B)
 Cross section [pb] = 2.7773e-02 +/- 1.38e-03 (Nevnt = 5392)
#Subprocess 42 (S,c -> nl,L,b,B)
 Cross section [pb] = 2.7748e-02 +/- 1.37e-03 (Nevnt = 5387)
#Subprocess 43 (C,d -> Ne,e,b,B)
 Cross section [pb] = 4.9810e-03 +/- 1.43e-03 (Nevnt = 967)
#Subprocess 44 (C,d -> Nm,m,b,B)
 Cross section [pb] = 4.9810e-03 +/- 1.43e-03 (Nevnt = 967)
#Subprocess 45 (C,d -> Nl,l,b,B)
 Cross section [pb] = 4.9777e-03 +/- 1.43e-03 (Nevnt = 966)
#Subprocess 46 (C,s -> Ne,e,b,B)
 Cross section [pb] = 2.7789e-02 +/- 1.78e-03 (Nevnt = 5395)
#Subprocess 47 (C,s -> Nm,m,b,B)
 Cross section [pb] = 2.7789e-02 +/- 1.78e-03 (Nevnt = 5395)
#Subprocess 48 (C,s -> Nl,l,b,B)
 Cross section [pb] = 2.7769e-02 +/- 1.76e-03 (Nevnt = 5391)

 Total cross section [pb]  = 2.5753e+00 +/- 1.04e-02 (Ntotal = 499994)
