#Subprocess 1 (u,D -> ne,E,b,B)
 Cross section [pb] = 2.2408e-01 +/- 7.39e-04 (Nevnt = 43932)
#Subprocess 2 (u,D -> nm,M,b,B)
 Cross section [pb] = 2.2405e-01 +/- 7.37e-04 (Nevnt = 43926)
#Subprocess 3 (u,D -> nl,L,b,B)
 Cross section [pb] = 2.2408e-01 +/- 7.45e-04 (Nevnt = 43932)
#Subprocess 4 (u,S -> ne,E,b,B)
 Cross section [pb] = 9.6561e-03 +/- 8.03e-04 (Nevnt = 1893)
#Subprocess 5 (u,S -> nm,M,b,B)
 Cross section [pb] = 9.6506e-03 +/- 7.98e-04 (Nevnt = 1892)
#Subprocess 6 (u,S -> nl,L,b,B)
 Cross section [pb] = 9.6500e-03 +/- 7.93e-04 (Nevnt = 1892)
#Subprocess 7 (d,U -> Ne,e,b,B)
 Cross section [pb] = 1.2768e-01 +/- 6.52e-04 (Nevnt = 25032)
#Subprocess 8 (d,U -> Nm,m,b,B)
 Cross section [pb] = 1.2768e-01 +/- 6.52e-04 (Nevnt = 25032)
#Subprocess 9 (d,U -> Nl,l,b,B)
 Cross section [pb] = 1.2773e-01 +/- 6.51e-04 (Nevnt = 25042)
#Subprocess 10 (d,C -> Ne,e,b,B)
 Cross section [pb] = 4.9062e-03 +/- 6.71e-04 (Nevnt = 962)
#Subprocess 11 (d,C -> Nm,m,b,B)
 Cross section [pb] = 4.9064e-03 +/- 6.69e-04 (Nevnt = 962)
#Subprocess 12 (d,C -> Nl,l,b,B)
 Cross section [pb] = 4.9010e-03 +/- 6.69e-04 (Nevnt = 961)
#Subprocess 13 (U,d -> Ne,e,b,B)
 Cross section [pb] = 1.2789e-01 +/- 9.05e-04 (Nevnt = 25073)
#Subprocess 14 (U,d -> Nm,m,b,B)
 Cross section [pb] = 1.2784e-01 +/- 8.81e-04 (Nevnt = 25063)
#Subprocess 15 (U,d -> Nl,l,b,B)
 Cross section [pb] = 1.2791e-01 +/- 1.02e-03 (Nevnt = 25077)
#Subprocess 16 (U,s -> Ne,e,b,B)
 Cross section [pb] = 2.2128e-03 +/- 7.35e-04 (Nevnt = 434)
#Subprocess 17 (U,s -> Nm,m,b,B)
 Cross section [pb] = 2.2128e-03 +/- 7.36e-04 (Nevnt = 434)
#Subprocess 18 (U,s -> Nl,l,b,B)
 Cross section [pb] = 2.2115e-03 +/- 7.32e-04 (Nevnt = 434)
#Subprocess 19 (D,u -> ne,E,b,B)
 Cross section [pb] = 2.2392e-01 +/- 7.20e-04 (Nevnt = 43900)
#Subprocess 20 (D,u -> nm,M,b,B)
 Cross section [pb] = 2.2389e-01 +/- 7.39e-04 (Nevnt = 43894)
#Subprocess 21 (D,u -> nl,L,b,B)
 Cross section [pb] = 2.2381e-01 +/- 7.01e-04 (Nevnt = 43880)
#Subprocess 22 (D,c -> ne,E,b,B)
 Cross section [pb] = 2.0095e-03 +/- 6.46e-04 (Nevnt = 394)
#Subprocess 23 (D,c -> nm,M,b,B)
 Cross section [pb] = 2.0095e-03 +/- 6.46e-04 (Nevnt = 394)
#Subprocess 24 (D,c -> nl,L,b,B)
 Cross section [pb] = 2.0079e-03 +/- 6.47e-04 (Nevnt = 394)
#Subprocess 25 (s,U -> Ne,e,b,B)
 Cross section [pb] = 2.2134e-03 +/- 6.38e-04 (Nevnt = 434)
#Subprocess 26 (s,U -> Nm,m,b,B)
 Cross section [pb] = 2.2134e-03 +/- 6.37e-04 (Nevnt = 434)
#Subprocess 27 (s,U -> Nl,l,b,B)
 Cross section [pb] = 2.2119e-03 +/- 6.32e-04 (Nevnt = 434)
#Subprocess 28 (s,C -> Ne,e,b,B)
 Cross section [pb] = 2.7259e-02 +/- 6.37e-04 (Nevnt = 5344)
#Subprocess 29 (s,C -> Nm,m,b,B)
 Cross section [pb] = 2.7259e-02 +/- 6.37e-04 (Nevnt = 5344)
#Subprocess 30 (s,C -> Nl,l,b,B)
 Cross section [pb] = 2.7238e-02 +/- 6.39e-04 (Nevnt = 5340)
#Subprocess 31 (c,D -> ne,E,b,B)
 Cross section [pb] = 2.0096e-03 +/- 7.34e-04 (Nevnt = 394)
#Subprocess 32 (c,D -> nm,M,b,B)
 Cross section [pb] = 2.0096e-03 +/- 7.34e-04 (Nevnt = 394)
#Subprocess 33 (c,D -> nl,L,b,B)
 Cross section [pb] = 2.0080e-03 +/- 7.34e-04 (Nevnt = 394)
#Subprocess 34 (c,S -> ne,E,b,B)
 Cross section [pb] = 2.7267e-02 +/- 7.20e-04 (Nevnt = 5346)
#Subprocess 35 (c,S -> nm,M,b,B)
 Cross section [pb] = 2.7267e-02 +/- 7.20e-04 (Nevnt = 5346)
#Subprocess 36 (c,S -> nl,L,b,B)
 Cross section [pb] = 2.7246e-02 +/- 7.19e-04 (Nevnt = 5342)
#Subprocess 37 (S,u -> ne,E,b,B)
 Cross section [pb] = 9.6638e-03 +/- 7.30e-04 (Nevnt = 1895)
#Subprocess 38 (S,u -> nm,M,b,B)
 Cross section [pb] = 9.6628e-03 +/- 7.29e-04 (Nevnt = 1894)
#Subprocess 39 (S,u -> nl,L,b,B)
 Cross section [pb] = 9.6518e-03 +/- 6.97e-04 (Nevnt = 1892)
#Subprocess 40 (S,c -> ne,E,b,B)
 Cross section [pb] = 2.7259e-02 +/- 6.37e-04 (Nevnt = 5344)
#Subprocess 41 (S,c -> nm,M,b,B)
 Cross section [pb] = 2.7259e-02 +/- 6.37e-04 (Nevnt = 5344)
#Subprocess 42 (S,c -> nl,L,b,B)
 Cross section [pb] = 2.7238e-02 +/- 6.39e-04 (Nevnt = 5340)
#Subprocess 43 (C,d -> Ne,e,b,B)
 Cross section [pb] = 4.9032e-03 +/- 7.13e-04 (Nevnt = 961)
#Subprocess 44 (C,d -> Nm,m,b,B)
 Cross section [pb] = 4.9030e-03 +/- 6.89e-04 (Nevnt = 961)
#Subprocess 45 (C,d -> Nl,l,b,B)
 Cross section [pb] = 4.8986e-03 +/- 6.92e-04 (Nevnt = 960)
#Subprocess 46 (C,s -> Ne,e,b,B)
 Cross section [pb] = 2.7267e-02 +/- 7.20e-04 (Nevnt = 5346)
#Subprocess 47 (C,s -> Nm,m,b,B)
 Cross section [pb] = 2.7267e-02 +/- 7.20e-04 (Nevnt = 5346)
#Subprocess 48 (C,s -> Nl,l,b,B)
 Cross section [pb] = 2.7246e-02 +/- 7.19e-04 (Nevnt = 5342)

 Total cross section [pb]  = 2.5503e+00 +/- 4.96e-03 (Ntotal = 500000)
