#Subprocess 1 (u,D -> ne,E,b,B)
 Cross section [pb] = 3.2888e-01 +/- 1.50e-03 (Nevnt = 48008)
#Subprocess 2 (u,D -> nm,M,b,B)
 Cross section [pb] = 3.2888e-01 +/- 1.50e-03 (Nevnt = 48007)
#Subprocess 3 (u,D -> nl,L,b,B)
 Cross section [pb] = 3.2863e-01 +/- 1.50e-03 (Nevnt = 47972)
#Subprocess 4 (u,S -> ne,E,b,B)
 Cross section [pb] = 1.2878e-02 +/- 1.43e-03 (Nevnt = 1880)
#Subprocess 5 (u,S -> nm,M,b,B)
 Cross section [pb] = 1.2878e-02 +/- 1.43e-03 (Nevnt = 1880)
#Subprocess 6 (u,S -> nl,L,b,B)
 Cross section [pb] = 1.2868e-02 +/- 1.42e-03 (Nevnt = 1878)
#Subprocess 7 (d,U -> Ne,e,b,B)
 Cross section [pb] = 1.6539e-01 +/- 1.29e-03 (Nevnt = 24143)
#Subprocess 8 (d,U -> Nm,m,b,B)
 Cross section [pb] = 1.6539e-01 +/- 1.29e-03 (Nevnt = 24143)
#Subprocess 9 (d,U -> Nl,l,b,B)
 Cross section [pb] = 1.6527e-01 +/- 1.29e-03 (Nevnt = 24125)
#Subprocess 10 (d,C -> Ne,e,b,B)
 Cross section [pb] = 5.7029e-03 +/- 1.27e-03 (Nevnt = 832)
#Subprocess 11 (d,C -> Nm,m,b,B)
 Cross section [pb] = 5.7029e-03 +/- 1.27e-03 (Nevnt = 832)
#Subprocess 12 (d,C -> Nl,l,b,B)
 Cross section [pb] = 5.6983e-03 +/- 1.27e-03 (Nevnt = 832)
#Subprocess 13 (U,d -> Ne,e,b,B)
 Cross section [pb] = 1.6559e-01 +/- 1.47e-03 (Nevnt = 24171)
#Subprocess 14 (U,d -> Nm,m,b,B)
 Cross section [pb] = 1.6559e-01 +/- 1.47e-03 (Nevnt = 24171)
#Subprocess 15 (U,d -> Nl,l,b,B)
 Cross section [pb] = 1.6546e-01 +/- 1.47e-03 (Nevnt = 24153)
#Subprocess 16 (U,s -> Ne,e,b,B)
 Cross section [pb] = 2.3203e-03 +/- 1.63e-03 (Nevnt = 339)
#Subprocess 17 (U,s -> Nm,m,b,B)
 Cross section [pb] = 2.3203e-03 +/- 1.63e-03 (Nevnt = 339)
#Subprocess 18 (U,s -> Nl,l,b,B)
 Cross section [pb] = 2.3184e-03 +/- 1.61e-03 (Nevnt = 338)
#Subprocess 19 (D,u -> ne,E,b,B)
 Cross section [pb] = 3.2849e-01 +/- 1.28e-03 (Nevnt = 47951)
#Subprocess 20 (D,u -> nm,M,b,B)
 Cross section [pb] = 3.2849e-01 +/- 1.28e-03 (Nevnt = 47951)
#Subprocess 21 (D,u -> nl,L,b,B)
 Cross section [pb] = 3.2825e-01 +/- 1.28e-03 (Nevnt = 47915)
#Subprocess 22 (D,c -> ne,E,b,B)
 Cross section [pb] = 2.0476e-03 +/- 1.44e-03 (Nevnt = 299)
#Subprocess 23 (D,c -> nm,M,b,B)
 Cross section [pb] = 2.0476e-03 +/- 1.44e-03 (Nevnt = 299)
#Subprocess 24 (D,c -> nl,L,b,B)
 Cross section [pb] = 2.0460e-03 +/- 1.41e-03 (Nevnt = 299)
#Subprocess 25 (s,U -> Ne,e,b,B)
 Cross section [pb] = 2.3179e-03 +/- 1.36e-03 (Nevnt = 338)
#Subprocess 26 (s,U -> Nm,m,b,B)
 Cross section [pb] = 2.3180e-03 +/- 1.36e-03 (Nevnt = 338)
#Subprocess 27 (s,U -> Nl,l,b,B)
 Cross section [pb] = 2.3164e-03 +/- 1.36e-03 (Nevnt = 338)
#Subprocess 28 (s,C -> Ne,e,b,B)
 Cross section [pb] = 2.6895e-02 +/- 1.44e-03 (Nevnt = 3926)
#Subprocess 29 (s,C -> Nm,m,b,B)
 Cross section [pb] = 2.6895e-02 +/- 1.44e-03 (Nevnt = 3926)
#Subprocess 30 (s,C -> Nl,l,b,B)
 Cross section [pb] = 2.6872e-02 +/- 1.44e-03 (Nevnt = 3923)
#Subprocess 31 (c,D -> ne,E,b,B)
 Cross section [pb] = 2.0491e-03 +/- 1.56e-03 (Nevnt = 299)
#Subprocess 32 (c,D -> nm,M,b,B)
 Cross section [pb] = 2.0491e-03 +/- 1.56e-03 (Nevnt = 299)
#Subprocess 33 (c,D -> nl,L,b,B)
 Cross section [pb] = 2.0475e-03 +/- 1.56e-03 (Nevnt = 299)
#Subprocess 34 (c,S -> ne,E,b,B)
 Cross section [pb] = 2.6997e-02 +/- 1.74e-03 (Nevnt = 3941)
#Subprocess 35 (c,S -> nm,M,b,B)
 Cross section [pb] = 2.6997e-02 +/- 1.74e-03 (Nevnt = 3941)
#Subprocess 36 (c,S -> nl,L,b,B)
 Cross section [pb] = 2.6974e-02 +/- 1.73e-03 (Nevnt = 3937)
#Subprocess 37 (S,u -> ne,E,b,B)
 Cross section [pb] = 1.2888e-02 +/- 1.29e-03 (Nevnt = 1881)
#Subprocess 38 (S,u -> nm,M,b,B)
 Cross section [pb] = 1.2888e-02 +/- 1.29e-03 (Nevnt = 1881)
#Subprocess 39 (S,u -> nl,L,b,B)
 Cross section [pb] = 1.2878e-02 +/- 1.29e-03 (Nevnt = 1880)
#Subprocess 40 (S,c -> ne,E,b,B)
 Cross section [pb] = 2.6895e-02 +/- 1.44e-03 (Nevnt = 3926)
#Subprocess 41 (S,c -> nm,M,b,B)
 Cross section [pb] = 2.6895e-02 +/- 1.44e-03 (Nevnt = 3926)
#Subprocess 42 (S,c -> nl,L,b,B)
 Cross section [pb] = 2.6872e-02 +/- 1.44e-03 (Nevnt = 3923)
#Subprocess 43 (C,d -> Ne,e,b,B)
 Cross section [pb] = 5.7121e-03 +/- 1.64e-03 (Nevnt = 834)
#Subprocess 44 (C,d -> Nm,m,b,B)
 Cross section [pb] = 5.7119e-03 +/- 1.64e-03 (Nevnt = 834)
#Subprocess 45 (C,d -> Nl,l,b,B)
 Cross section [pb] = 5.7073e-03 +/- 1.64e-03 (Nevnt = 833)
#Subprocess 46 (C,s -> Ne,e,b,B)
 Cross section [pb] = 2.6997e-02 +/- 1.74e-03 (Nevnt = 3941)
#Subprocess 47 (C,s -> Nm,m,b,B)
 Cross section [pb] = 2.6997e-02 +/- 1.74e-03 (Nevnt = 3941)
#Subprocess 48 (C,s -> Nl,l,b,B)
 Cross section [pb] = 2.6974e-02 +/- 1.73e-03 (Nevnt = 3937)

 Total cross section [pb]  = 3.4253e+00 +/- 1.02e-02 (Ntotal = 499999)
