#Subprocess 1 (u,D -> ne,E,b,B)
 Cross section [pb] = 2.2989e-01 +/- 1.92e-03 (Nevnt = 44319)
#Subprocess 2 (u,D -> nm,M,b,B)
 Cross section [pb] = 2.2990e-01 +/- 1.92e-03 (Nevnt = 44322)
#Subprocess 3 (u,D -> nl,L,b,B)
 Cross section [pb] = 2.2976e-01 +/- 1.89e-03 (Nevnt = 44295)
#Subprocess 4 (u,S -> ne,E,b,B)
 Cross section [pb] = 9.8033e-03 +/- 1.57e-03 (Nevnt = 1890)
#Subprocess 5 (u,S -> nm,M,b,B)
 Cross section [pb] = 9.8033e-03 +/- 1.57e-03 (Nevnt = 1890)
#Subprocess 6 (u,S -> nl,L,b,B)
 Cross section [pb] = 9.7976e-03 +/- 1.58e-03 (Nevnt = 1889)
#Subprocess 7 (d,U -> Ne,e,b,B)
 Cross section [pb] = 1.2922e-01 +/- 1.37e-03 (Nevnt = 24912)
#Subprocess 8 (d,U -> Nm,m,b,B)
 Cross section [pb] = 1.2922e-01 +/- 1.37e-03 (Nevnt = 24912)
#Subprocess 9 (d,U -> Nl,l,b,B)
 Cross section [pb] = 1.2913e-01 +/- 1.37e-03 (Nevnt = 24894)
#Subprocess 10 (d,C -> Ne,e,b,B)
 Cross section [pb] = 4.9123e-03 +/- 1.57e-03 (Nevnt = 947)
#Subprocess 11 (d,C -> Nm,m,b,B)
 Cross section [pb] = 4.9123e-03 +/- 1.57e-03 (Nevnt = 947)
#Subprocess 12 (d,C -> Nl,l,b,B)
 Cross section [pb] = 4.9086e-03 +/- 1.58e-03 (Nevnt = 946)
#Subprocess 13 (U,d -> Ne,e,b,B)
 Cross section [pb] = 1.2941e-01 +/- 1.56e-03 (Nevnt = 24949)
#Subprocess 14 (U,d -> Nm,m,b,B)
 Cross section [pb] = 1.2941e-01 +/- 1.56e-03 (Nevnt = 24949)
#Subprocess 15 (U,d -> Nl,l,b,B)
 Cross section [pb] = 1.2934e-01 +/- 1.56e-03 (Nevnt = 24934)
#Subprocess 16 (U,s -> Ne,e,b,B)
 Cross section [pb] = 2.2049e-03 +/- 1.62e-03 (Nevnt = 425)
#Subprocess 17 (U,s -> Nm,m,b,B)
 Cross section [pb] = 2.2049e-03 +/- 1.62e-03 (Nevnt = 425)
#Subprocess 18 (U,s -> Nl,l,b,B)
 Cross section [pb] = 2.2034e-03 +/- 1.62e-03 (Nevnt = 425)
#Subprocess 19 (D,u -> ne,E,b,B)
 Cross section [pb] = 2.3013e-01 +/- 1.51e-03 (Nevnt = 44365)
#Subprocess 20 (D,u -> nm,M,b,B)
 Cross section [pb] = 2.3012e-01 +/- 1.51e-03 (Nevnt = 44365)
#Subprocess 21 (D,u -> nl,L,b,B)
 Cross section [pb] = 2.2994e-01 +/- 1.49e-03 (Nevnt = 44329)
#Subprocess 22 (D,c -> ne,E,b,B)
 Cross section [pb] = 1.9982e-03 +/- 1.56e-03 (Nevnt = 385)
#Subprocess 23 (D,c -> nm,M,b,B)
 Cross section [pb] = 1.9982e-03 +/- 1.56e-03 (Nevnt = 385)
#Subprocess 24 (D,c -> nl,L,b,B)
 Cross section [pb] = 1.9966e-03 +/- 1.55e-03 (Nevnt = 385)
#Subprocess 25 (s,U -> Ne,e,b,B)
 Cross section [pb] = 2.2050e-03 +/- 1.54e-03 (Nevnt = 425)
#Subprocess 26 (s,U -> Nm,m,b,B)
 Cross section [pb] = 2.2048e-03 +/- 1.53e-03 (Nevnt = 425)
#Subprocess 27 (s,U -> Nl,l,b,B)
 Cross section [pb] = 2.2006e-03 +/- 1.52e-03 (Nevnt = 424)
#Subprocess 28 (s,C -> Ne,e,b,B)
 Cross section [pb] = 2.7017e-02 +/- 1.43e-03 (Nevnt = 5209)
#Subprocess 29 (s,C -> Nm,m,b,B)
 Cross section [pb] = 2.7017e-02 +/- 1.43e-03 (Nevnt = 5209)
#Subprocess 30 (s,C -> Nl,l,b,B)
 Cross section [pb] = 2.6999e-02 +/- 1.44e-03 (Nevnt = 5205)
#Subprocess 31 (c,D -> ne,E,b,B)
 Cross section [pb] = 1.9996e-03 +/- 1.57e-03 (Nevnt = 385)
#Subprocess 32 (c,D -> nm,M,b,B)
 Cross section [pb] = 1.9996e-03 +/- 1.57e-03 (Nevnt = 385)
#Subprocess 33 (c,D -> nl,L,b,B)
 Cross section [pb] = 1.9981e-03 +/- 1.57e-03 (Nevnt = 385)
#Subprocess 34 (c,S -> ne,E,b,B)
 Cross section [pb] = 2.7095e-02 +/- 1.70e-03 (Nevnt = 5224)
#Subprocess 35 (c,S -> nm,M,b,B)
 Cross section [pb] = 2.7095e-02 +/- 1.70e-03 (Nevnt = 5224)
#Subprocess 36 (c,S -> nl,L,b,B)
 Cross section [pb] = 2.7074e-02 +/- 1.69e-03 (Nevnt = 5219)
#Subprocess 37 (S,u -> ne,E,b,B)
 Cross section [pb] = 9.8001e-03 +/- 1.65e-03 (Nevnt = 1889)
#Subprocess 38 (S,u -> nm,M,b,B)
 Cross section [pb] = 9.8001e-03 +/- 1.65e-03 (Nevnt = 1889)
#Subprocess 39 (S,u -> nl,L,b,B)
 Cross section [pb] = 9.7919e-03 +/- 1.65e-03 (Nevnt = 1888)
#Subprocess 40 (S,c -> ne,E,b,B)
 Cross section [pb] = 2.7017e-02 +/- 1.43e-03 (Nevnt = 5209)
#Subprocess 41 (S,c -> nm,M,b,B)
 Cross section [pb] = 2.7017e-02 +/- 1.43e-03 (Nevnt = 5209)
#Subprocess 42 (S,c -> nl,L,b,B)
 Cross section [pb] = 2.6999e-02 +/- 1.44e-03 (Nevnt = 5205)
#Subprocess 43 (C,d -> Ne,e,b,B)
 Cross section [pb] = 4.9154e-03 +/- 1.52e-03 (Nevnt = 948)
#Subprocess 44 (C,d -> Nm,m,b,B)
 Cross section [pb] = 4.9148e-03 +/- 1.52e-03 (Nevnt = 948)
#Subprocess 45 (C,d -> Nl,l,b,B)
 Cross section [pb] = 4.9107e-03 +/- 1.52e-03 (Nevnt = 947)
#Subprocess 46 (C,s -> Ne,e,b,B)
 Cross section [pb] = 2.7095e-02 +/- 1.70e-03 (Nevnt = 5224)
#Subprocess 47 (C,s -> Nm,m,b,B)
 Cross section [pb] = 2.7095e-02 +/- 1.70e-03 (Nevnt = 5224)
#Subprocess 48 (C,s -> Nl,l,b,B)
 Cross section [pb] = 2.7074e-02 +/- 1.69e-03 (Nevnt = 5219)

 Total cross section [pb]  = 2.5936e+00 +/- 1.09e-02 (Ntotal = 500002)
