#Subprocess 1 (u,D -> ne,E,b,B)
 Cross section [pb] = 2.2630e-01 +/- 1.41e-03 (Nevnt = 43796)
#Subprocess 2 (u,D -> nm,M,b,B)
 Cross section [pb] = 2.2631e-01 +/- 1.41e-03 (Nevnt = 43796)
#Subprocess 3 (u,D -> nl,L,b,B)
 Cross section [pb] = 2.2615e-01 +/- 1.41e-03 (Nevnt = 43765)
#Subprocess 4 (u,S -> ne,E,b,B)
 Cross section [pb] = 9.8042e-03 +/- 1.44e-03 (Nevnt = 1897)
#Subprocess 5 (u,S -> nm,M,b,B)
 Cross section [pb] = 9.8041e-03 +/- 1.44e-03 (Nevnt = 1897)
#Subprocess 6 (u,S -> nl,L,b,B)
 Cross section [pb] = 9.7963e-03 +/- 1.44e-03 (Nevnt = 1896)
#Subprocess 7 (d,U -> Ne,e,b,B)
 Cross section [pb] = 1.2942e-01 +/- 1.30e-03 (Nevnt = 25046)
#Subprocess 8 (d,U -> Nm,m,b,B)
 Cross section [pb] = 1.2942e-01 +/- 1.30e-03 (Nevnt = 25046)
#Subprocess 9 (d,U -> Nl,l,b,B)
 Cross section [pb] = 1.2932e-01 +/- 1.30e-03 (Nevnt = 25027)
#Subprocess 10 (d,C -> Ne,e,b,B)
 Cross section [pb] = 4.9971e-03 +/- 1.34e-03 (Nevnt = 967)
#Subprocess 11 (d,C -> Nm,m,b,B)
 Cross section [pb] = 4.9971e-03 +/- 1.34e-03 (Nevnt = 967)
#Subprocess 12 (d,C -> Nl,l,b,B)
 Cross section [pb] = 4.9939e-03 +/- 1.34e-03 (Nevnt = 966)
#Subprocess 13 (U,d -> Ne,e,b,B)
 Cross section [pb] = 1.2958e-01 +/- 1.42e-03 (Nevnt = 25078)
#Subprocess 14 (U,d -> Nm,m,b,B)
 Cross section [pb] = 1.2958e-01 +/- 1.42e-03 (Nevnt = 25077)
#Subprocess 15 (U,d -> Nl,l,b,B)
 Cross section [pb] = 1.2948e-01 +/- 1.42e-03 (Nevnt = 25058)
#Subprocess 16 (U,s -> Ne,e,b,B)
 Cross section [pb] = 2.2542e-03 +/- 1.93e-03 (Nevnt = 436)
#Subprocess 17 (U,s -> Nm,m,b,B)
 Cross section [pb] = 2.2541e-03 +/- 1.93e-03 (Nevnt = 436)
#Subprocess 18 (U,s -> Nl,l,b,B)
 Cross section [pb] = 2.2509e-03 +/- 1.89e-03 (Nevnt = 436)
#Subprocess 19 (D,u -> ne,E,b,B)
 Cross section [pb] = 2.2619e-01 +/- 1.40e-03 (Nevnt = 43774)
#Subprocess 20 (D,u -> nm,M,b,B)
 Cross section [pb] = 2.2619e-01 +/- 1.40e-03 (Nevnt = 43774)
#Subprocess 21 (D,u -> nl,L,b,B)
 Cross section [pb] = 2.2601e-01 +/- 1.39e-03 (Nevnt = 43739)
#Subprocess 22 (D,c -> ne,E,b,B)
 Cross section [pb] = 2.0542e-03 +/- 1.52e-03 (Nevnt = 398)
#Subprocess 23 (D,c -> nm,M,b,B)
 Cross section [pb] = 2.0542e-03 +/- 1.52e-03 (Nevnt = 398)
#Subprocess 24 (D,c -> nl,L,b,B)
 Cross section [pb] = 2.0526e-03 +/- 1.52e-03 (Nevnt = 397)
#Subprocess 25 (s,U -> Ne,e,b,B)
 Cross section [pb] = 2.2563e-03 +/- 1.46e-03 (Nevnt = 437)
#Subprocess 26 (s,U -> Nm,m,b,B)
 Cross section [pb] = 2.2562e-03 +/- 1.46e-03 (Nevnt = 437)
#Subprocess 27 (s,U -> Nl,l,b,B)
 Cross section [pb] = 2.2543e-03 +/- 1.41e-03 (Nevnt = 436)
#Subprocess 28 (s,C -> Ne,e,b,B)
 Cross section [pb] = 2.7921e-02 +/- 1.39e-03 (Nevnt = 5403)
#Subprocess 29 (s,C -> Nm,m,b,B)
 Cross section [pb] = 2.7921e-02 +/- 1.39e-03 (Nevnt = 5403)
#Subprocess 30 (s,C -> Nl,l,b,B)
 Cross section [pb] = 2.7898e-02 +/- 1.38e-03 (Nevnt = 5399)
#Subprocess 31 (c,D -> ne,E,b,B)
 Cross section [pb] = 2.0532e-03 +/- 1.63e-03 (Nevnt = 397)
#Subprocess 32 (c,D -> nm,M,b,B)
 Cross section [pb] = 2.0532e-03 +/- 1.63e-03 (Nevnt = 397)
#Subprocess 33 (c,D -> nl,L,b,B)
 Cross section [pb] = 2.0512e-03 +/- 1.63e-03 (Nevnt = 397)
#Subprocess 34 (c,S -> ne,E,b,B)
 Cross section [pb] = 2.7936e-02 +/- 1.77e-03 (Nevnt = 5406)
#Subprocess 35 (c,S -> nm,M,b,B)
 Cross section [pb] = 2.7936e-02 +/- 1.77e-03 (Nevnt = 5406)
#Subprocess 36 (c,S -> nl,L,b,B)
 Cross section [pb] = 2.7914e-02 +/- 1.76e-03 (Nevnt = 5402)
#Subprocess 37 (S,u -> ne,E,b,B)
 Cross section [pb] = 9.8029e-03 +/- 1.33e-03 (Nevnt = 1897)
#Subprocess 38 (S,u -> nm,M,b,B)
 Cross section [pb] = 9.8028e-03 +/- 1.33e-03 (Nevnt = 1897)
#Subprocess 39 (S,u -> nl,L,b,B)
 Cross section [pb] = 9.7956e-03 +/- 1.33e-03 (Nevnt = 1896)
#Subprocess 40 (S,c -> ne,E,b,B)
 Cross section [pb] = 2.7921e-02 +/- 1.39e-03 (Nevnt = 5403)
#Subprocess 41 (S,c -> nm,M,b,B)
 Cross section [pb] = 2.7921e-02 +/- 1.39e-03 (Nevnt = 5403)
#Subprocess 42 (S,c -> nl,L,b,B)
 Cross section [pb] = 2.7898e-02 +/- 1.38e-03 (Nevnt = 5399)
#Subprocess 43 (C,d -> Ne,e,b,B)
 Cross section [pb] = 5.0005e-03 +/- 1.44e-03 (Nevnt = 968)
#Subprocess 44 (C,d -> Nm,m,b,B)
 Cross section [pb] = 5.0005e-03 +/- 1.44e-03 (Nevnt = 968)
#Subprocess 45 (C,d -> Nl,l,b,B)
 Cross section [pb] = 4.9968e-03 +/- 1.43e-03 (Nevnt = 967)
#Subprocess 46 (C,s -> Ne,e,b,B)
 Cross section [pb] = 2.7936e-02 +/- 1.77e-03 (Nevnt = 5406)
#Subprocess 47 (C,s -> Nm,m,b,B)
 Cross section [pb] = 2.7936e-02 +/- 1.77e-03 (Nevnt = 5406)
#Subprocess 48 (C,s -> Nl,l,b,B)
 Cross section [pb] = 2.7914e-02 +/- 1.76e-03 (Nevnt = 5402)

 Total cross section [pb]  = 2.5836e+00 +/- 1.04e-02 (Ntotal = 499999)
