Starting job on  Wed Feb 19 09:58:21 CST 2025
Running on  Linux cmslpc233.fnal.gov 4.18.0-553.30.1.el8_10.x86_64 #1 SMP Tue Nov 26 02:30:26 EST 2024 x86_64 x86_64 x86_64 GNU/Linux
System release  AlmaLinux release 8.10 (Cerulean Leopard)
name: ewkwpjjjj_5f_LO
carddir: cards/production/13p6TeV/EWKWp2Jets_WToQQ
queue: local
scram_arch: el8_amd64_gcc10
cmssw_version: CMSSW_12_4_8
On branch master
Your branch is up to date with 'origin/master'.

Untracked files:
  (use "git add <file>..." to include in what will be committed)
	ZGammaToJJGamma.log
	ZGammaToJJGamma.log~
	ZGammaToJJGamma/
	ZGammaToJJGamma_el8_amd64_gcc10_CMSSW_12_4_8_tarball.tar.xz
	ZGammaToJJGamma~/
	cards/production/13p6TeV/EWKWp2Jets_WToQQ/
	cards/production/13p6TeV/EWKZ2Jets_ZToQQ/
	cards/production/13p6TeV/ZGammaToJJGamma/
	ewkwpjjjj_5f_LO.log
	ewkzjjjj_5f_LO.log
	ewkzjjjj_5f_LO/
	ewkzjjjj_5f_LO_el8_amd64_gcc10_CMSSW_12_4_8_tarball.tar.xz
	wplustest_4f_LO.log
	wplustest_4f_LO/
	wplustest_4f_LO_el8_amd64_gcc10_CMSSW_12_4_8_tarball.tar.xz


It took 3.07 seconds to enumerate untracked files.
See 'git help status' for information on how to improve this.

nothing added to commit but untracked files present (use "git add" to track)
Current git revision is:
9155f149fc86fcb14439f26606ed931a4d2a8b40
/uscms/home/bweiss/nobackup/mcgen/genproductions/bin/MadGraph5_aMCatNLO
WARNING: In non-interactive mode release checks e.g. deprecated releases, production architectures are disabled.
--2025-02-19 09:58:44--  https://cms-project-generators.web.cern.ch/cms-project-generators/MG5_aMC_v2.9.18.tar.gz
Resolving cms-project-generators.web.cern.ch (cms-project-generators.web.cern.ch)... 2001:1458:d00:65::100:265, 2001:1458:d00:16::41d, 2001:1458:d00:62::100:2e8, ...
Connecting to cms-project-generators.web.cern.ch (cms-project-generators.web.cern.ch)|2001:1458:d00:65::100:265|:443... connected.
HTTP request sent, awaiting response... 200 OK
Length: 26651876 (25M) [application/x-gzip]
Saving to: 'MG5_aMC_v2.9.18.tar.gz'

     0K .......... .......... .......... .......... ..........  0%  233K 1m51s
    50K .......... .......... .......... .......... ..........  0%  493K 82s
   100K .......... .......... .......... .......... ..........  0%  110M 55s
   150K .......... .......... .......... .......... ..........  0%  562K 52s
   200K .......... .......... .......... .......... ..........  0% 3.97M 43s
   250K .......... .......... .......... .......... ..........  1%  168M 36s
   300K .......... .......... .......... .......... ..........  1%  141M 31s
   350K .......... .......... .......... .......... ..........  1%  217M 27s
   400K .......... .......... .......... .......... ..........  1%  564K 29s
   450K .......... .......... .......... .......... ..........  1% 4.04M 26s
   500K .......... .......... .......... .......... ..........  2%  197M 24s
   550K .......... .......... .......... .......... ..........  2%  126M 22s
   600K .......... .......... .......... .......... ..........  2%  128M 20s
   650K .......... .......... .......... .......... ..........  2%  246M 19s
   700K .......... .......... .......... .......... ..........  2%  257M 18s
   750K .......... .......... .......... .......... ..........  3%  232M 16s
   800K .......... .......... .......... .......... ..........  3%  279M 15s
   850K .......... .......... .......... .......... ..........  3%  571K 17s
   900K .......... .......... .......... .......... ..........  3%  189M 16s
   950K .......... .......... .......... .......... ..........  3% 4.11M 16s
  1000K .......... .......... .......... .......... ..........  4%  155M 15s
  1050K .......... .......... .......... .......... ..........  4%  223M 14s
  1100K .......... .......... .......... .......... ..........  4% 94.6M 13s
  1150K .......... .......... .......... .......... ..........  4%  139M 13s
  1200K .......... .......... .......... .......... ..........  4%  170M 12s
  1250K .......... .......... .......... .......... ..........  4%  226M 12s
  1300K .......... .......... .......... .......... ..........  5%  284M 11s
  1350K .......... .......... .......... .......... ..........  5%  182M 11s
  1400K .......... .......... .......... .......... ..........  5%  266M 11s
  1450K .......... .......... .......... .......... ..........  5%  260M 10s
  1500K .......... .......... .......... .......... ..........  5%  239M 10s
  1550K .......... .......... .......... .......... ..........  6%  287M 10s
  1600K .......... .......... .......... .......... ..........  6%  275M 9s
  1650K .......... .......... .......... .......... ..........  6%  254M 9s
  1700K .......... .......... .......... .......... ..........  6%  232M 9s
  1750K .......... .......... .......... .......... ..........  6%  581K 10s
  1800K .......... .......... .......... .......... ..........  7%  120M 9s
  1850K .......... .......... .......... .......... ..........  7%  180M 9s
  1900K .......... .......... .......... .......... ..........  7% 4.40M 9s
  1950K .......... .......... .......... .......... ..........  7%  237M 9s
  2000K .......... .......... .......... .......... ..........  7%  257M 8s
  2050K .......... .......... .......... .......... ..........  8%  265M 8s
  2100K .......... .......... .......... .......... ..........  8%  240M 8s
  2150K .......... .......... .......... .......... ..........  8%  216M 8s
  2200K .......... .......... .......... .......... ..........  8%  236M 8s
  2250K .......... .......... .......... .......... ..........  8% 72.4M 7s
  2300K .......... .......... .......... .......... ..........  9%  192M 7s
  2350K .......... .......... .......... .......... ..........  9%  201M 7s
  2400K .......... .......... .......... .......... ..........  9%  237M 7s
  2450K .......... .......... .......... .......... ..........  9%  162M 7s
  2500K .......... .......... .......... .......... ..........  9%  206M 7s
  2550K .......... .......... .......... .......... ..........  9%  231M 7s
  2600K .......... .......... .......... .......... .......... 10%  267M 6s
  2650K .......... .......... .......... .......... .......... 10%  226M 6s
  2700K .......... .......... .......... .......... .......... 10%  250M 6s
  2750K .......... .......... .......... .......... .......... 10%  267M 6s
  2800K .......... .......... .......... .......... .......... 10%  248M 6s
  2850K .......... .......... .......... .......... .......... 11%  212M 6s
  2900K .......... .......... .......... .......... .......... 11%  259M 6s
  2950K .......... .......... .......... .......... .......... 11%  242M 6s
  3000K .......... .......... .......... .......... .......... 11%  253M 5s
  3050K .......... .......... .......... .......... .......... 11%  208M 5s
  3100K .......... .......... .......... .......... .......... 12%  262M 5s
  3150K .......... .......... .......... .......... .......... 12%  177M 5s
  3200K .......... .......... .......... .......... .......... 12%  219M 5s
  3250K .......... .......... .......... .......... .......... 12%  196M 5s
  3300K .......... .......... .......... .......... .......... 12%  235M 5s
  3350K .......... .......... .......... .......... .......... 13%  234M 5s
  3400K .......... .......... .......... .......... .......... 13%  190M 5s
  3450K .......... .......... .......... .......... .......... 13%  231M 5s
  3500K .......... .......... .......... .......... .......... 13%  608K 5s
  3550K .......... .......... .......... .......... .......... 13%  118M 5s
  3600K .......... .......... .......... .......... .......... 14%  155M 5s
  3650K .......... .......... .......... .......... .......... 14%  233M 5s
  3700K .......... .......... .......... .......... .......... 14%  242M 5s
  3750K .......... .......... .......... .......... .......... 14%  259M 5s
  3800K .......... .......... .......... .......... .......... 14% 4.51M 5s
  3850K .......... .......... .......... .......... .......... 14%  230M 5s
  3900K .......... .......... .......... .......... .......... 15%  204M 5s
  3950K .......... .......... .......... .......... .......... 15%  182M 5s
  4000K .......... .......... .......... .......... .......... 15%  148M 4s
  4050K .......... .......... .......... .......... .......... 15%  227M 4s
  4100K .......... .......... .......... .......... .......... 15%  247M 4s
  4150K .......... .......... .......... .......... .......... 16%  235M 4s
  4200K .......... .......... .......... .......... .......... 16%  203M 4s
  4250K .......... .......... .......... .......... .......... 16%  217M 4s
  4300K .......... .......... .......... .......... .......... 16%  201M 4s
  4350K .......... .......... .......... .......... .......... 16%  219M 4s
  4400K .......... .......... .......... .......... .......... 17%  128M 4s
  4450K .......... .......... .......... .......... .......... 17%  198M 4s
  4500K .......... .......... .......... .......... .......... 17%  229M 4s
  4550K .......... .......... .......... .......... .......... 17%  218M 4s
  4600K .......... .......... .......... .......... .......... 17%  267M 4s
  4650K .......... .......... .......... .......... .......... 18%  270M 4s
  4700K .......... .......... .......... .......... .......... 18%  265M 4s
  4750K .......... .......... .......... .......... .......... 18%  182M 4s
  4800K .......... .......... .......... .......... .......... 18%  252M 4s
  4850K .......... .......... .......... .......... .......... 18%  255M 4s
  4900K .......... .......... .......... .......... .......... 19%  224M 4s
  4950K .......... .......... .......... .......... .......... 19%  187M 3s
  5000K .......... .......... .......... .......... .......... 19%  220M 3s
  5050K .......... .......... .......... .......... .......... 19%  168M 3s
  5100K .......... .......... .......... .......... .......... 19%  206M 3s
  5150K .......... .......... .......... .......... .......... 19%  211M 3s
  5200K .......... .......... .......... .......... .......... 20%  262M 3s
  5250K .......... .......... .......... .......... .......... 20%  248M 3s
  5300K .......... .......... .......... .......... .......... 20%  238M 3s
  5350K .......... .......... .......... .......... .......... 20%  217M 3s
  5400K .......... .......... .......... .......... .......... 20%  256M 3s
  5450K .......... .......... .......... .......... .......... 21%  251M 3s
  5500K .......... .......... .......... .......... .......... 21%  217M 3s
  5550K .......... .......... .......... .......... .......... 21%  266M 3s
  5600K .......... .......... .......... .......... .......... 21%  264M 3s
  5650K .......... .......... .......... .......... .......... 21%  247M 3s
  5700K .......... .......... .......... .......... .......... 22%  211M 3s
  5750K .......... .......... .......... .......... .......... 22%  240M 3s
  5800K .......... .......... .......... .......... .......... 22%  264M 3s
  5850K .......... .......... .......... .......... .......... 22%  266M 3s
  5900K .......... .......... .......... .......... .......... 22%  218M 3s
  5950K .......... .......... .......... .......... .......... 23%  252M 3s
  6000K .......... .......... .......... .......... .......... 23%  625K 3s
  6050K .......... .......... .......... .......... .......... 23%  130M 3s
  6100K .......... .......... .......... .......... .......... 23%  145M 3s
  6150K .......... .......... .......... .......... .......... 23%  195M 3s
  6200K .......... .......... .......... .......... .......... 24%  251M 3s
  6250K .......... .......... .......... .......... .......... 24%  256M 3s
  6300K .......... .......... .......... .......... .......... 24%  224M 3s
  6350K .......... .......... .......... .......... .......... 24%  255M 3s
  6400K .......... .......... .......... .......... .......... 24%  230M 3s
  6450K .......... .......... .......... .......... .......... 24%  201M 3s
  6500K .......... .......... .......... .......... .......... 25%  250M 3s
  6550K .......... .......... .......... .......... .......... 25%  253M 3s
  6600K .......... .......... .......... .......... .......... 25%  253M 3s
  6650K .......... .......... .......... .......... .......... 25%  235M 3s
  6700K .......... .......... .......... .......... .......... 25% 5.36M 3s
  6750K .......... .......... .......... .......... .......... 26%  141M 3s
  6800K .......... .......... .......... .......... .......... 26%  175M 3s
  6850K .......... .......... .......... .......... .......... 26%  139M 3s
  6900K .......... .......... .......... .......... .......... 26%  188M 3s
  6950K .......... .......... .......... .......... .......... 26%  246M 3s
  7000K .......... .......... .......... .......... .......... 27%  250M 2s
  7050K .......... .......... .......... .......... .......... 27%  174M 2s
  7100K .......... .......... .......... .......... .......... 27%  203M 2s
  7150K .......... .......... .......... .......... .......... 27%  203M 2s
  7200K .......... .......... .......... .......... .......... 27%  184M 2s
  7250K .......... .......... .......... .......... .......... 28%  160M 2s
  7300K .......... .......... .......... .......... .......... 28%  174M 2s
  7350K .......... .......... .......... .......... .......... 28%  269M 2s
  7400K .......... .......... .......... .......... .......... 28%  247M 2s
  7450K .......... .......... .......... .......... .......... 28%  195M 2s
  7500K .......... .......... .......... .......... .......... 29%  227M 2s
  7550K .......... .......... .......... .......... .......... 29%  220M 2s
  7600K .......... .......... .......... .......... .......... 29%  209M 2s
  7650K .......... .......... .......... .......... .......... 29%  218M 2s
  7700K .......... .......... .......... .......... .......... 29%  206M 2s
  7750K .......... .......... .......... .......... .......... 29%  200M 2s
  7800K .......... .......... .......... .......... .......... 30%  251M 2s
  7850K .......... .......... .......... .......... .......... 30%  227M 2s
  7900K .......... .......... .......... .......... .......... 30%  182M 2s
  7950K .......... .......... .......... .......... .......... 30%  190M 2s
  8000K .......... .......... .......... .......... .......... 30%  240M 2s
  8050K .......... .......... .......... .......... .......... 31%  601K 2s
  8100K .......... .......... .......... .......... .......... 31%  160M 2s
  8150K .......... .......... .......... .......... .......... 31%  229M 2s
  8200K .......... .......... .......... .......... .......... 31%  228M 2s
  8250K .......... .......... .......... .......... .......... 31%  288M 2s
  8300K .......... .......... .......... .......... .......... 32%  201M 2s
  8350K .......... .......... .......... .......... .......... 32% 44.8M 2s
  8400K .......... .......... .......... .......... .......... 32%  286M 2s
  8450K .......... .......... .......... .......... .......... 32%  239M 2s
  8500K .......... .......... .......... .......... .......... 32%  265M 2s
  8550K .......... .......... .......... .......... .......... 33%  284M 2s
  8600K .......... .......... .......... .......... .......... 33%  258M 2s
  8650K .......... .......... .......... .......... .......... 33%  239M 2s
  8700K .......... .......... .......... .......... .......... 33%  276M 2s
  8750K .......... .......... .......... .......... .......... 33%  247M 2s
  8800K .......... .......... .......... .......... .......... 34%  240M 2s
  8850K .......... .......... .......... .......... .......... 34%  222M 2s
  8900K .......... .......... .......... .......... .......... 34%  267M 2s
  8950K .......... .......... .......... .......... .......... 34%  259M 2s
  9000K .......... .......... .......... .......... .......... 34%  260M 2s
  9050K .......... .......... .......... .......... .......... 34%  238M 2s
  9100K .......... .......... .......... .......... .......... 35%  218M 2s
  9150K .......... .......... .......... .......... .......... 35%  279M 2s
  9200K .......... .......... .......... .......... .......... 35%  224M 2s
  9250K .......... .......... .......... .......... .......... 35%  234M 2s
  9300K .......... .......... .......... .......... .......... 35%  208M 2s
  9350K .......... .......... .......... .......... .......... 36% 7.99M 2s
  9400K .......... .......... .......... .......... .......... 36%  204M 2s
  9450K .......... .......... .......... .......... .......... 36%  141M 2s
  9500K .......... .......... .......... .......... .......... 36%  199M 2s
  9550K .......... .......... .......... .......... .......... 36%  204M 2s
  9600K .......... .......... .......... .......... .......... 37%  256M 2s
  9650K .......... .......... .......... .......... .......... 37%  223M 2s
  9700K .......... .......... .......... .......... .......... 37%  253M 2s
  9750K .......... .......... .......... .......... .......... 37%  221M 2s
  9800K .......... .......... .......... .......... .......... 37%  158M 2s
  9850K .......... .......... .......... .......... .......... 38%  196M 2s
  9900K .......... .......... .......... .......... .......... 38%  242M 2s
  9950K .......... .......... .......... .......... .......... 38%  274M 2s
 10000K .......... .......... .......... .......... .......... 38%  173M 2s
 10050K .......... .......... .......... .......... .......... 38%  233M 2s
 10100K .......... .......... .......... .......... .......... 38%  153M 2s
 10150K .......... .......... .......... .......... .......... 39%  228M 2s
 10200K .......... .......... .......... .......... .......... 39%  184M 2s
 10250K .......... .......... .......... .......... .......... 39%  249M 2s
 10300K .......... .......... .......... .......... .......... 39%  229M 2s
 10350K .......... .......... .......... .......... .......... 39%  251M 2s
 10400K .......... .......... .......... .......... .......... 40%  257M 2s
 10450K .......... .......... .......... .......... .......... 40%  254M 2s
 10500K .......... .......... .......... .......... .......... 40%  252M 2s
 10550K .......... .......... .......... .......... .......... 40%  245M 2s
 10600K .......... .......... .......... .......... .......... 40%  282M 1s
 10650K .......... .......... .......... .......... .......... 41%  591K 2s
 10700K .......... .......... .......... .......... .......... 41%  145M 2s
 10750K .......... .......... .......... .......... .......... 41%  219M 2s
 10800K .......... .......... .......... .......... .......... 41%  188M 2s
 10850K .......... .......... .......... .......... .......... 41%  245M 2s
 10900K .......... .......... .......... .......... .......... 42%  178M 2s
 10950K .......... .......... .......... .......... .......... 42%  249M 2s
 11000K .......... .......... .......... .......... .......... 42%  290M 2s
 11050K .......... .......... .......... .......... .......... 42%  216M 2s
 11100K .......... .......... .......... .......... .......... 42%  271M 1s
 11150K .......... .......... .......... .......... .......... 43%  241M 1s
 11200K .......... .......... .......... .......... .......... 43%  286M 1s
 11250K .......... .......... .......... .......... .......... 43%  231M 1s
 11300K .......... .......... .......... .......... .......... 43%  260M 1s
 11350K .......... .......... .......... .......... .......... 43%  259M 1s
 11400K .......... .......... .......... .......... .......... 43%  261M 1s
 11450K .......... .......... .......... .......... .......... 44%  247M 1s
 11500K .......... .......... .......... .......... .......... 44%  275M 1s
 11550K .......... .......... .......... .......... .......... 44%  260M 1s
 11600K .......... .......... .......... .......... .......... 44%  231M 1s
 11650K .......... .......... .......... .......... .......... 44% 6.12M 1s
 11700K .......... .......... .......... .......... .......... 45%  182M 1s
 11750K .......... .......... .......... .......... .......... 45%  205M 1s
 11800K .......... .......... .......... .......... .......... 45% 67.5M 1s
 11850K .......... .......... .......... .......... .......... 45%  226M 1s
 11900K .......... .......... .......... .......... .......... 45%  282M 1s
 11950K .......... .......... .......... .......... .......... 46%  146M 1s
 12000K .......... .......... .......... .......... .......... 46%  183M 1s
 12050K .......... .......... .......... .......... .......... 46%  223M 1s
 12100K .......... .......... .......... .......... .......... 46%  271M 1s
 12150K .......... .......... .......... .......... .......... 46%  213M 1s
 12200K .......... .......... .......... .......... .......... 47%  207M 1s
 12250K .......... .......... .......... .......... .......... 47%  233M 1s
 12300K .......... .......... .......... .......... .......... 47%  184M 1s
 12350K .......... .......... .......... .......... .......... 47%  252M 1s
 12400K .......... .......... .......... .......... .......... 47%  214M 1s
 12450K .......... .......... .......... .......... .......... 48%  259M 1s
 12500K .......... .......... .......... .......... .......... 48%  294M 1s
 12550K .......... .......... .......... .......... .......... 48%  277M 1s
 12600K .......... .......... .......... .......... .......... 48%  259M 1s
 12650K .......... .......... .......... .......... .......... 48%  234M 1s
 12700K .......... .......... .......... .......... .......... 48%  283M 1s
 12750K .......... .......... .......... .......... .......... 49%  199M 1s
 12800K .......... .......... .......... .......... .......... 49%  276M 1s
 12850K .......... .......... .......... .......... .......... 49%  259M 1s
 12900K .......... .......... .......... .......... .......... 49%  242M 1s
 12950K .......... .......... .......... .......... .......... 49%  255M 1s
 13000K .......... .......... .......... .......... .......... 50%  263M 1s
 13050K .......... .......... .......... .......... .......... 50%  295M 1s
 13100K .......... .......... .......... .......... .......... 50%  311M 1s
 13150K .......... .......... .......... .......... .......... 50%  233M 1s
 13200K .......... .......... .......... .......... .......... 50%  302M 1s
 13250K .......... .......... .......... .......... .......... 51%  267M 1s
 13300K .......... .......... .......... .......... .......... 51%  291M 1s
 13350K .......... .......... .......... .......... .......... 51%  601K 1s
 13400K .......... .......... .......... .......... .......... 51%  194M 1s
 13450K .......... .......... .......... .......... .......... 51%  192M 1s
 13500K .......... .......... .......... .......... .......... 52%  173M 1s
 13550K .......... .......... .......... .......... .......... 52%  184M 1s
 13600K .......... .......... .......... .......... .......... 52%  267M 1s
 13650K .......... .......... .......... .......... .......... 52%  255M 1s
 13700K .......... .......... .......... .......... .......... 52%  256M 1s
 13750K .......... .......... .......... .......... .......... 53%  221M 1s
 13800K .......... .......... .......... .......... .......... 53%  209M 1s
 13850K .......... .......... .......... .......... .......... 53%  264M 1s
 13900K .......... .......... .......... .......... .......... 53%  229M 1s
 13950K .......... .......... .......... .......... .......... 53%  223M 1s
 14000K .......... .......... .......... .......... .......... 53%  241M 1s
 14050K .......... .......... .......... .......... .......... 54%  248M 1s
 14100K .......... .......... .......... .......... .......... 54%  269M 1s
 14150K .......... .......... .......... .......... .......... 54% 5.63M 1s
 14200K .......... .......... .......... .......... .......... 54%  177M 1s
 14250K .......... .......... .......... .......... .......... 54%  177M 1s
 14300K .......... .......... .......... .......... .......... 55%  178M 1s
 14350K .......... .......... .......... .......... .......... 55%  203M 1s
 14400K .......... .......... .......... .......... .......... 55%  183M 1s
 14450K .......... .......... .......... .......... .......... 55%  215M 1s
 14500K .......... .......... .......... .......... .......... 55%  189M 1s
 14550K .......... .......... .......... .......... .......... 56%  223M 1s
 14600K .......... .......... .......... .......... .......... 56%  218M 1s
 14650K .......... .......... .......... .......... .......... 56%  178M 1s
 14700K .......... .......... .......... .......... .......... 56%  208M 1s
 14750K .......... .......... .......... .......... .......... 56%  289M 1s
 14800K .......... .......... .......... .......... .......... 57%  229M 1s
 14850K .......... .......... .......... .......... .......... 57%  241M 1s
 14900K .......... .......... .......... .......... .......... 57%  218M 1s
 14950K .......... .......... .......... .......... .......... 57%  245M 1s
 15000K .......... .......... .......... .......... .......... 57%  232M 1s
 15050K .......... .......... .......... .......... .......... 58%  283M 1s
 15100K .......... .......... .......... .......... .......... 58%  278M 1s
 15150K .......... .......... .......... .......... .......... 58%  244M 1s
 15200K .......... .......... .......... .......... .......... 58%  264M 1s
 15250K .......... .......... .......... .......... .......... 58%  278M 1s
 15300K .......... .......... .......... .......... .......... 58%  299M 1s
 15350K .......... .......... .......... .......... .......... 59%  253M 1s
 15400K .......... .......... .......... .......... .......... 59%  266M 1s
 15450K .......... .......... .......... .......... .......... 59%  305M 1s
 15500K .......... .......... .......... .......... .......... 59%  221M 1s
 15550K .......... .......... .......... .......... .......... 59%  239M 1s
 15600K .......... .......... .......... .......... .......... 60%  592K 1s
 15650K .......... .......... .......... .......... .......... 60%  213M 1s
 15700K .......... .......... .......... .......... .......... 60%  161M 1s
 15750K .......... .......... .......... .......... .......... 60%  231M 1s
 15800K .......... .......... .......... .......... .......... 60%  183M 1s
 15850K .......... .......... .......... .......... .......... 61%  169M 1s
 15900K .......... .......... .......... .......... .......... 61%  162M 1s
 15950K .......... .......... .......... .......... .......... 61%  258M 1s
 16000K .......... .......... .......... .......... .......... 61%  232M 1s
 16050K .......... .......... .......... .......... .......... 61%  225M 1s
 16100K .......... .......... .......... .......... .......... 62%  185M 1s
 16150K .......... .......... .......... .......... .......... 62%  237M 1s
 16200K .......... .......... .......... .......... .......... 62%  232M 1s
 16250K .......... .......... .......... .......... .......... 62%  227M 1s
 16300K .......... .......... .......... .......... .......... 62%  238M 1s
 16350K .......... .......... .......... .......... .......... 63%  270M 1s
 16400K .......... .......... .......... .......... .......... 63%  245M 1s
 16450K .......... .......... .......... .......... .......... 63%  265M 1s
 16500K .......... .......... .......... .......... .......... 63%  224M 1s
 16550K .......... .......... .......... .......... .......... 63%  243M 1s
 16600K .......... .......... .......... .......... .......... 63%  248M 1s
 16650K .......... .......... .......... .......... .......... 64%  203M 1s
 16700K .......... .......... .......... .......... .......... 64%  236M 1s
 16750K .......... .......... .......... .......... .......... 64%  222M 1s
 16800K .......... .......... .......... .......... .......... 64% 7.22M 1s
 16850K .......... .......... .......... .......... .......... 64%  226M 1s
 16900K .......... .......... .......... .......... .......... 65%  147M 1s
 16950K .......... .......... .......... .......... .......... 65%  229M 1s
 17000K .......... .......... .......... .......... .......... 65%  297M 1s
 17050K .......... .......... .......... .......... .......... 65%  191M 1s
 17100K .......... .......... .......... .......... .......... 65%  238M 1s
 17150K .......... .......... .......... .......... .......... 66%  215M 1s
 17200K .......... .......... .......... .......... .......... 66%  213M 1s
 17250K .......... .......... .......... .......... .......... 66%  225M 1s
 17300K .......... .......... .......... .......... .......... 66%  269M 1s
 17350K .......... .......... .......... .......... .......... 66%  258M 1s
 17400K .......... .......... .......... .......... .......... 67%  280M 1s
 17450K .......... .......... .......... .......... .......... 67%  295M 1s
 17500K .......... .......... .......... .......... .......... 67%  270M 1s
 17550K .......... .......... .......... .......... .......... 67%  308M 1s
 17600K .......... .......... .......... .......... .......... 67%  251M 1s
 17650K .......... .......... .......... .......... .......... 68%  267M 1s
 17700K .......... .......... .......... .......... .......... 68%  280M 1s
 17750K .......... .......... .......... .......... .......... 68%  295M 1s
 17800K .......... .......... .......... .......... .......... 68%  271M 1s
 17850K .......... .......... .......... .......... .......... 68%  310M 1s
 17900K .......... .......... .......... .......... .......... 68%  245M 1s
 17950K .......... .......... .......... .......... .......... 69%  301M 1s
 18000K .......... .......... .......... .......... .......... 69%  283M 1s
 18050K .......... .......... .......... .......... .......... 69%  318M 1s
 18100K .......... .......... .......... .......... .......... 69%  584K 1s
 18150K .......... .......... .......... .......... .......... 69%  283M 1s
 18200K .......... .......... .......... .......... .......... 70%  265M 1s
 18250K .......... .......... .......... .......... .......... 70%  236M 1s
 18300K .......... .......... .......... .......... .......... 70%  149M 1s
 18350K .......... .......... .......... .......... .......... 70%  244M 1s
 18400K .......... .......... .......... .......... .......... 70%  273M 1s
 18450K .......... .......... .......... .......... .......... 71%  244M 1s
 18500K .......... .......... .......... .......... .......... 71%  203M 1s
 18550K .......... .......... .......... .......... .......... 71%  271M 1s
 18600K .......... .......... .......... .......... .......... 71%  318M 1s
 18650K .......... .......... .......... .......... .......... 71%  273M 1s
 18700K .......... .......... .......... .......... .......... 72%  324M 1s
 18750K .......... .......... .......... .......... .......... 72%  282M 1s
 18800K .......... .......... .......... .......... .......... 72%  326M 1s
 18850K .......... .......... .......... .......... .......... 72%  264M 1s
 18900K .......... .......... .......... .......... .......... 72%  310M 1s
 18950K .......... .......... .......... .......... .......... 73%  324M 1s
 19000K .......... .......... .......... .......... .......... 73%  298M 1s
 19050K .......... .......... .......... .......... .......... 73%  273M 1s
 19100K .......... .......... .......... .......... .......... 73%  326M 1s
 19150K .......... .......... .......... .......... .......... 73%  305M 1s
 19200K .......... .......... .......... .......... .......... 73% 6.29M 1s
 19250K .......... .......... .......... .......... .......... 74% 89.5M 1s
 19300K .......... .......... .......... .......... .......... 74% 70.6M 0s
 19350K .......... .......... .......... .......... .......... 74%  129M 0s
 19400K .......... .......... .......... .......... .......... 74%  193M 0s
 19450K .......... .......... .......... .......... .......... 74%  267M 0s
 19500K .......... .......... .......... .......... .......... 75%  232M 0s
 19550K .......... .......... .......... .......... .......... 75%  249M 0s
 19600K .......... .......... .......... .......... .......... 75%  192M 0s
 19650K .......... .......... .......... .......... .......... 75%  237M 0s
 19700K .......... .......... .......... .......... .......... 75%  255M 0s
 19750K .......... .......... .......... .......... .......... 76%  270M 0s
 19800K .......... .......... .......... .......... .......... 76%  255M 0s
 19850K .......... .......... .......... .......... .......... 76%  257M 0s
 19900K .......... .......... .......... .......... .......... 76%  231M 0s
 19950K .......... .......... .......... .......... .......... 76%  263M 0s
 20000K .......... .......... .......... .......... .......... 77%  253M 0s
 20050K .......... .......... .......... .......... .......... 77%  322M 0s
 20100K .......... .......... .......... .......... .......... 77%  316M 0s
 20150K .......... .......... .......... .......... .......... 77%  281M 0s
 20200K .......... .......... .......... .......... .......... 77%  260M 0s
 20250K .......... .......... .......... .......... .......... 77%  311M 0s
 20300K .......... .......... .......... .......... .......... 78%  275M 0s
 20350K .......... .......... .......... .......... .......... 78%  268M 0s
 20400K .......... .......... .......... .......... .......... 78%  319M 0s
 20450K .......... .......... .......... .......... .......... 78%  325M 0s
 20500K .......... .......... .......... .......... .......... 78%  286M 0s
 20550K .......... .......... .......... .......... .......... 79%  592K 0s
 20600K .......... .......... .......... .......... .......... 79%  201M 0s
 20650K .......... .......... .......... .......... .......... 79%  248M 0s
 20700K .......... .......... .......... .......... .......... 79%  187M 0s
 20750K .......... .......... .......... .......... .......... 79%  206M 0s
 20800K .......... .......... .......... .......... .......... 80%  276M 0s
 20850K .......... .......... .......... .......... .......... 80%  297M 0s
 20900K .......... .......... .......... .......... .......... 80%  231M 0s
 20950K .......... .......... .......... .......... .......... 80%  201M 0s
 21000K .......... .......... .......... .......... .......... 80%  237M 0s
 21050K .......... .......... .......... .......... .......... 81%  305M 0s
 21100K .......... .......... .......... .......... .......... 81%  309M 0s
 21150K .......... .......... .......... .......... .......... 81%  278M 0s
 21200K .......... .......... .......... .......... .......... 81%  307M 0s
 21250K .......... .......... .......... .......... .......... 81%  295M 0s
 21300K .......... .......... .......... .......... .......... 82%  255M 0s
 21350K .......... .......... .......... .......... .......... 82%  310M 0s
 21400K .......... .......... .......... .......... .......... 82%  294M 0s
 21450K .......... .......... .......... .......... .......... 82%  297M 0s
 21500K .......... .......... .......... .......... .......... 82%  225M 0s
 21550K .......... .......... .......... .......... .......... 82%  222M 0s
 21600K .......... .......... .......... .......... .......... 83%  251M 0s
 21650K .......... .......... .......... .......... .......... 83%  276M 0s
 21700K .......... .......... .......... .......... .......... 83%  269M 0s
 21750K .......... .......... .......... .......... .......... 83% 6.18M 0s
 21800K .......... .......... .......... .......... .......... 83%  139M 0s
 21850K .......... .......... .......... .......... .......... 84%  153M 0s
 21900K .......... .......... .......... .......... .......... 84%  210M 0s
 21950K .......... .......... .......... .......... .......... 84%  277M 0s
 22000K .......... .......... .......... .......... .......... 84%  191M 0s
 22050K .......... .......... .......... .......... .......... 84%  264M 0s
 22100K .......... .......... .......... .......... .......... 85%  244M 0s
 22150K .......... .......... .......... .......... .......... 85%  179M 0s
 22200K .......... .......... .......... .......... .......... 85%  200M 0s
 22250K .......... .......... .......... .......... .......... 85%  262M 0s
 22300K .......... .......... .......... .......... .......... 85%  283M 0s
 22350K .......... .......... .......... .......... .......... 86%  326M 0s
 22400K .......... .......... .......... .......... .......... 86%  243M 0s
 22450K .......... .......... .......... .......... .......... 86%  292M 0s
 22500K .......... .......... .......... .......... .......... 86%  291M 0s
 22550K .......... .......... .......... .......... .......... 86%  308M 0s
 22600K .......... .......... .......... .......... .......... 87%  244M 0s
 22650K .......... .......... .......... .......... .......... 87%  316M 0s
 22700K .......... .......... .......... .......... .......... 87%  296M 0s
 22750K .......... .......... .......... .......... .......... 87%  279M 0s
 22800K .......... .......... .......... .......... .......... 87%  247M 0s
 22850K .......... .......... .......... .......... .......... 87%  585K 0s
 22900K .......... .......... .......... .......... .......... 88%  193M 0s
 22950K .......... .......... .......... .......... .......... 88%  193M 0s
 23000K .......... .......... .......... .......... .......... 88%  221M 0s
 23050K .......... .......... .......... .......... .......... 88%  228M 0s
 23100K .......... .......... .......... .......... .......... 88%  241M 0s
 23150K .......... .......... .......... .......... .......... 89%  247M 0s
 23200K .......... .......... .......... .......... .......... 89%  227M 0s
 23250K .......... .......... .......... .......... .......... 89%  223M 0s
 23300K .......... .......... .......... .......... .......... 89%  240M 0s
 23350K .......... .......... .......... .......... .......... 89%  207M 0s
 23400K .......... .......... .......... .......... .......... 90%  249M 0s
 23450K .......... .......... .......... .......... .......... 90%  221M 0s
 23500K .......... .......... .......... .......... .......... 90%  273M 0s
 23550K .......... .......... .......... .......... .......... 90%  201M 0s
 23600K .......... .......... .......... .......... .......... 90%  266M 0s
 23650K .......... .......... .......... .......... .......... 91%  220M 0s
 23700K .......... .......... .......... .......... .......... 91%  283M 0s
 23750K .......... .......... .......... .......... .......... 91%  238M 0s
 23800K .......... .......... .......... .......... .......... 91%  204M 0s
 23850K .......... .......... .......... .......... .......... 91%  240M 0s
 23900K .......... .......... .......... .......... .......... 92%  212M 0s
 23950K .......... .......... .......... .......... .......... 92%  197M 0s
 24000K .......... .......... .......... .......... .......... 92%  190M 0s
 24050K .......... .......... .......... .......... .......... 92%  252M 0s
 24100K .......... .......... .......... .......... .......... 92%  182M 0s
 24150K .......... .......... .......... .......... .......... 92%  190M 0s
 24200K .......... .......... .......... .......... .......... 93%  213M 0s
 24250K .......... .......... .......... .......... .......... 93% 7.35M 0s
 24300K .......... .......... .......... .......... .......... 93%  219M 0s
 24350K .......... .......... .......... .......... .......... 93%  242M 0s
 24400K .......... .......... .......... .......... .......... 93%  282M 0s
 24450K .......... .......... .......... .......... .......... 94%  200M 0s
 24500K .......... .......... .......... .......... .......... 94%  198M 0s
 24550K .......... .......... .......... .......... .......... 94%  232M 0s
 24600K .......... .......... .......... .......... .......... 94%  236M 0s
 24650K .......... .......... .......... .......... .......... 94%  210M 0s
 24700K .......... .......... .......... .......... .......... 95%  278M 0s
 24750K .......... .......... .......... .......... .......... 95%  282M 0s
 24800K .......... .......... .......... .......... .......... 95%  238M 0s
 24850K .......... .......... .......... .......... .......... 95%  271M 0s
 24900K .......... .......... .......... .......... .......... 95%  266M 0s
 24950K .......... .......... .......... .......... .......... 96%  320M 0s
 25000K .......... .......... .......... .......... .......... 96%  267M 0s
 25050K .......... .......... .......... .......... .......... 96%  298M 0s
 25100K .......... .......... .......... .......... .......... 96%  269M 0s
 25150K .......... .......... .......... .......... .......... 96%  284M 0s
 25200K .......... .......... .......... .......... .......... 97%  257M 0s
 25250K .......... .......... .......... .......... .......... 97%  260M 0s
 25300K .......... .......... .......... .......... .......... 97%  236M 0s
 25350K .......... .......... .......... .......... .......... 97%  253M 0s
 25400K .......... .......... .......... .......... .......... 97%  227M 0s
 25450K .......... .......... .......... .......... .......... 97%  250M 0s
 25500K .......... .......... .......... .......... .......... 98%  597K 0s
 25550K .......... .......... .......... .......... .......... 98% 83.6M 0s
 25600K .......... .......... .......... .......... .......... 98%  117M 0s
 25650K .......... .......... .......... .......... .......... 98%  194M 0s
 25700K .......... .......... .......... .......... .......... 98%  219M 0s
 25750K .......... .......... .......... .......... .......... 99%  229M 0s
 25800K .......... .......... .......... .......... .......... 99%  200M 0s
 25850K .......... .......... .......... .......... .......... 99%  235M 0s
 25900K .......... .......... .......... .......... .......... 99%  250M 0s
 25950K .......... .......... .......... .......... .......... 99%  228M 0s
 26000K .......... .......... .......                         100%  289M=1.7s

2025-02-19 09:58:47 (14.7 MB/s) - 'MG5_aMC_v2.9.18.tar.gz' saved [26651876/26651876]

patching file models/loop_qcd_qed_sm/restrict_lepton_masses_no_lepton_yukawas.dat
patching file models/loop_sm/restrict_ckm_no_b_mass.dat
patching file models/sm/restrict_ckm_lepton_masses.dat
patching file models/sm/restrict_ckm_lepton_masses_no_b_mass.dat
patching file models/sm/restrict_ckm_no_b_mass.dat
patching file models/sm/restrict_lepton_masses_no_b_mass.dat
patching file Template/NLO/SubProcesses/MCmasses_PYTHIA8.inc
patching file madgraph/interface/loop_interface.py
patching file madgraph/various/systematics.py
Hunk #1 succeeded at 342 (offset 3 lines).
Hunk #2 succeeded at 377 (offset 3 lines).
Hunk #3 succeeded at 551 (offset 3 lines).
patching file Template/NLO/Source/make_opts.inc
patching file madgraph/iolibs/export_v4.py
patching file madgraph/iolibs/template_files/pdf_opendata.f
patching file madgraph/iolibs/template_files/pdf_wrap_lhapdf.f
patching file madgraph/iolibs/template_files/pdf_wrap_lhapdf.f
patching file madgraph/interface/reweight_interface.py
patching file madgraph/interface/common_run_interface.py
patching file Template/LO/SubProcesses/refine.sh
patching file Template/LO/SubProcesses/refine_splitted.sh
patching file Template/LO/SubProcesses/survey.sh
patching file Template/NLO/SubProcesses/ajob_template
patching file Template/NLO/SubProcesses/reweight_xsec_events.local
patching file madgraph/various/misc.py
Hunk #1 succeeded at 514 (offset 39 lines).
patching file madgraph/various/cluster.py
************************************************************
*                                                          *
*                     W E L C O M E to                     *
*              M A D G R A P H 5 _ a M C @ N L O           *
*                                                          *
*                                                          *
*                 *                       *                *
*                   *        * *        *                  *
*                     * * * * 5 * * * *                    *
*                   *        * *        *                  *
*                 *                       *                *
*                                                          *
*         VERSION 2.9.18                2023-12-08         *
*                                                          *
*    The MadGraph5_aMC@NLO Development Team - Find us at   *
*    https://server06.fynu.ucl.ac.be/projects/madgraph     *
*                            and                           *
*            http://amcatnlo.web.cern.ch/amcatnlo/         *
*                                                          *
*               Type 'help' for in-line help.              *
*           Type 'tutorial' to learn how MG5 works         *
*    Type 'tutorial aMCatNLO' to learn how aMC@NLO works   *
*    Type 'tutorial MadLoop' to learn how MadLoop works    *
*                                                          *
************************************************************
load MG5 configuration from input/mg5_configuration.txt 
fastjet-config does not seem to correspond to a valid fastjet-config executable (v3+). We will use fjcore instead.
 Please set the 'fastjet'variable to the full (absolute) /PATH/TO/fastjet-config (including fastjet-config).
 MG5_aMC> set fastjet /PATH/TO/fastjet-config

set lhapdf to lhapdf-config
None does not seem to correspond to a valid lhapdf-config executable. 
Please set the 'lhapdf' variable to the (absolute) /PATH/TO/lhapdf-config (including lhapdf-config).
Note that you can still compile and run aMC@NLO with the built-in PDFs
 MG5_aMC> set lhapdf /PATH/TO/lhapdf-config

Using default text editor "vi". Set another one in ./input/mg5_configuration.txt
Using default eps viewer "evince". Set another one in ./input/mg5_configuration.txt
No valid web browser found. Please set in ./input/mg5_configuration.txt
import /uscms_data/d3/bweiss/mcgen/genproductions/bin/MadGraph5_aMCatNLO/ewkwpjjjj_5f_LO/ewkwpjjjj_5f_LO_gridpack/work/MG5_aMC_v2_9_18/mgconfigscript
The import format was not given, so we guess it as command
set auto_update 0
set automatic_html_opening False
This option will be the default in any output that you are going to create in this session.
In order to keep this changes permanent please run 'save options'
set auto_convert_model True
save options auto_convert_model
save configuration file to /uscms_data/d3/bweiss/mcgen/genproductions/bin/MadGraph5_aMCatNLO/ewkwpjjjj_5f_LO/ewkwpjjjj_5f_LO_gridpack/work/MG5_aMC_v2_9_18/input/mg5_configuration.txt
set lhapdf_py3 /cvmfs/cms.cern.ch/el8_amd64_gcc10/external/lhapdf/6.4.0-68defff11ffd434c73727d03802bfb85/share/LHAPDF/../../bin/lhapdf-config
set lhapdf to /cvmfs/cms.cern.ch/el8_amd64_gcc10/external/lhapdf/6.4.0-68defff11ffd434c73727d03802bfb85/share/LHAPDF/../../bin/lhapdf-config
save options lhapdf_py3
save configuration file to /uscms_data/d3/bweiss/mcgen/genproductions/bin/MadGraph5_aMCatNLO/ewkwpjjjj_5f_LO/ewkwpjjjj_5f_LO_gridpack/work/MG5_aMC_v2_9_18/input/mg5_configuration.txt
set run_mode 2
This option will be the default in any output that you are going to create in this session.
In order to keep this changes permanent please run 'save options'
save options --all
save configuration file to /uscms_data/d3/bweiss/mcgen/genproductions/bin/MadGraph5_aMCatNLO/ewkwpjjjj_5f_LO/ewkwpjjjj_5f_LO_gridpack/work/MG5_aMC_v2_9_18/input/mg5_configuration.txt
quit
ls: cannot access '/uscms/home/bweiss/nobackup/mcgen/genproductions/bin/MadGraph5_aMCatNLO/cards/production/13p6TeV/EWKWp2Jets_WToQQ/ewkwpjjjj_5f_LO*.patch': No such file or directory
/uscms/home/bweiss/nobackup/mcgen/genproductions/bin/MadGraph5_aMCatNLO/ewkwpjjjj_5f_LO/ewkwpjjjj_5f_LO_gridpack/work
************************************************************
*                                                          *
*                     W E L C O M E to                     *
*              M A D G R A P H 5 _ a M C @ N L O           *
*                                                          *
*                                                          *
*                 *                       *                *
*                   *        * *        *                  *
*                     * * * * 5 * * * *                    *
*                   *        * *        *                  *
*                 *                       *                *
*                                                          *
*         VERSION 2.9.18                2023-12-08         *
*                                                          *
*    The MadGraph5_aMC@NLO Development Team - Find us at   *
*    https://server06.fynu.ucl.ac.be/projects/madgraph     *
*                            and                           *
*            http://amcatnlo.web.cern.ch/amcatnlo/         *
*                                                          *
*               Type 'help' for in-line help.              *
*           Type 'tutorial' to learn how MG5 works         *
*    Type 'tutorial aMCatNLO' to learn how aMC@NLO works   *
*    Type 'tutorial MadLoop' to learn how MadLoop works    *
*                                                          *
************************************************************
load MG5 configuration from MG5_aMC_v2_9_18/input/mg5_configuration.txt 
None does not seem to correspond to a valid fastjet-config executable (v3+). We will use fjcore instead.
 Please set the 'fastjet'variable to the full (absolute) /PATH/TO/fastjet-config (including fastjet-config).
 MG5_aMC> set fastjet /PATH/TO/fastjet-config

set lhapdf to /cvmfs/cms.cern.ch/el8_amd64_gcc10/external/lhapdf/6.4.0-68defff11ffd434c73727d03802bfb85/share/LHAPDF/../../bin/lhapdf-config
set lhapdf to /cvmfs/cms.cern.ch/el8_amd64_gcc10/external/lhapdf/6.4.0-68defff11ffd434c73727d03802bfb85/share/LHAPDF/../../bin/lhapdf-config
Using default text editor "vi". Set another one in ./input/mg5_configuration.txt
Using default eps viewer "evince". Set another one in ./input/mg5_configuration.txt
No valid web browser found. Please set in ./input/mg5_configuration.txt
import /uscms_data/d3/bweiss/mcgen/genproductions/bin/MadGraph5_aMCatNLO/ewkwpjjjj_5f_LO/ewkwpjjjj_5f_LO_gridpack/work/ewkwpjjjj_5f_LO_proc_card.dat
The import format was not given, so we guess it as command
import model sm-no_b_mass
INFO: load particles 
INFO: load vertices 
INFO: Restrict model sm-no_b_mass with file MG5_aMC_v2_9_18/models/sm/restrict_no_b_mass.dat . 
INFO: Run "set stdout_level DEBUG" before import for more information. 
INFO: Change particles name to pass to MG5 convention 
Defined multiparticle p = g u c d s u~ c~ d~ s~
Defined multiparticle j = g u c d s u~ c~ d~ s~
Defined multiparticle l+ = e+ mu+
Defined multiparticle l- = e- mu-
Defined multiparticle vl = ve vm vt
Defined multiparticle vl~ = ve~ vm~ vt~
[1;34mPass the definition of 'j' and 'p' to 5 flavour scheme.[0m
Defined multiparticle all = g u c d s b u~ c~ d~ s~ b~ a ve vm vt e- mu- ve~ vm~ vt~ e+ mu+ t t~ z w+ h w- ta- ta+
generate p p > w+ j j / t t~ h QED=4 QCD=0, w+ > j j
[1;34mInterpreting 'QED=4' as 'QED<=4'[0m
INFO: Trying process: g g > w+ d u~ QCD=0 QED<=4 / t t h @1  
INFO: Trying process: g g > w+ d c~ QCD=0 QED<=4 / t t h @1  
INFO: Trying process: g g > w+ s u~ QCD=0 QED<=4 / t t h @1  
INFO: Trying process: g g > w+ s c~ QCD=0 QED<=4 / t t h @1  
INFO: Trying process: g g > w+ b u~ QCD=0 QED<=4 / t t h @1  
INFO: Trying process: g g > w+ b c~ QCD=0 QED<=4 / t t h @1  
INFO: Trying process: u u > w+ u d QCD=0 QED<=4 / t t h @1  
INFO: Process has 14 diagrams 
INFO: Trying process: u u > w+ u s QCD=0 QED<=4 / t t h @1  
INFO: Trying process: u u > w+ u b QCD=0 QED<=4 / t t h @1  
INFO: Trying process: u u > w+ c d QCD=0 QED<=4 / t t h @1  
INFO: Trying process: u u > w+ c s QCD=0 QED<=4 / t t h @1  
INFO: Trying process: u u > w+ c b QCD=0 QED<=4 / t t h @1  
INFO: Trying process: u c > w+ u d QCD=0 QED<=4 / t t h @1  
INFO: Trying process: u c > w+ u s QCD=0 QED<=4 / t t h @1  
INFO: Process has 7 diagrams 
INFO: Trying process: u c > w+ u b QCD=0 QED<=4 / t t h @1  
INFO: Trying process: u c > w+ c d QCD=0 QED<=4 / t t h @1  
INFO: Process has 7 diagrams 
INFO: Trying process: u c > w+ c s QCD=0 QED<=4 / t t h @1  
INFO: Trying process: u c > w+ c b QCD=0 QED<=4 / t t h @1  
INFO: Trying process: u d > w+ d d QCD=0 QED<=4 / t t h @1  
INFO: Process has 14 diagrams 
INFO: Trying process: u d > w+ d s QCD=0 QED<=4 / t t h @1  
INFO: Trying process: u d > w+ d b QCD=0 QED<=4 / t t h @1  
INFO: Trying process: u d > w+ s s QCD=0 QED<=4 / t t h @1  
INFO: Trying process: u d > w+ s b QCD=0 QED<=4 / t t h @1  
INFO: Trying process: u d > w+ b b QCD=0 QED<=4 / t t h @1  
INFO: Trying process: u s > w+ d d QCD=0 QED<=4 / t t h @1  
INFO: Trying process: u s > w+ d s QCD=0 QED<=4 / t t h @1  
INFO: Process has 7 diagrams 
INFO: Trying process: u s > w+ d b QCD=0 QED<=4 / t t h @1  
INFO: Trying process: u s > w+ s s QCD=0 QED<=4 / t t h @1  
INFO: Trying process: u s > w+ s b QCD=0 QED<=4 / t t h @1  
INFO: Trying process: u s > w+ b b QCD=0 QED<=4 / t t h @1  
INFO: Crossed process found for u u~ > w+ d u~, reuse diagrams. 
INFO: Crossed process found for u u~ > w+ s c~, reuse diagrams. 
INFO: Crossed process found for u c~ > w+ d c~, reuse diagrams. 
INFO: Crossed process found for u d~ > w+ u u~, reuse diagrams. 
INFO: Crossed process found for u d~ > w+ c c~, reuse diagrams. 
INFO: Crossed process found for u d~ > w+ d d~, reuse diagrams. 
INFO: Trying process: u d~ > w+ d b~ QCD=0 QED<=4 / t t h @1  
INFO: Crossed process found for u d~ > w+ s s~, reuse diagrams. 
INFO: Trying process: u d~ > w+ s b~ QCD=0 QED<=4 / t t h @1  
INFO: Trying process: u d~ > w+ b b~ QCD=0 QED<=4 / t t h @1  
INFO: Process has 6 diagrams 
INFO: Crossed process found for u s~ > w+ u c~, reuse diagrams. 
INFO: Crossed process found for u s~ > w+ d s~, reuse diagrams. 
INFO: Trying process: u s~ > w+ s b~ QCD=0 QED<=4 / t t h @1  
INFO: Trying process: u s~ > w+ b b~ QCD=0 QED<=4 / t t h @1  
INFO: Crossed process found for u b > w+ d b, reuse diagrams. 
INFO: Trying process: u b > w+ b b QCD=0 QED<=4 / t t h @1  
INFO: Crossed process found for u b~ > w+ d b~, reuse diagrams. 
INFO: Process c u > w+ u s added to mirror process u c > w+ u s 
INFO: Process c u > w+ c d added to mirror process u c > w+ c d 
INFO: Trying process: c c > w+ u d QCD=0 QED<=4 / t t h @1  
INFO: Trying process: c c > w+ u s QCD=0 QED<=4 / t t h @1  
INFO: Trying process: c c > w+ u b QCD=0 QED<=4 / t t h @1  
INFO: Trying process: c c > w+ c d QCD=0 QED<=4 / t t h @1  
INFO: Trying process: c c > w+ c s QCD=0 QED<=4 / t t h @1  
INFO: Process has 14 diagrams 
INFO: Trying process: c c > w+ c b QCD=0 QED<=4 / t t h @1  
INFO: Trying process: c d > w+ d d QCD=0 QED<=4 / t t h @1  
INFO: Trying process: c d > w+ d s QCD=0 QED<=4 / t t h @1  
INFO: Process has 7 diagrams 
INFO: Trying process: c d > w+ d b QCD=0 QED<=4 / t t h @1  
INFO: Trying process: c d > w+ s s QCD=0 QED<=4 / t t h @1  
INFO: Trying process: c d > w+ s b QCD=0 QED<=4 / t t h @1  
INFO: Trying process: c d > w+ b b QCD=0 QED<=4 / t t h @1  
INFO: Trying process: c s > w+ d d QCD=0 QED<=4 / t t h @1  
INFO: Trying process: c s > w+ d s QCD=0 QED<=4 / t t h @1  
INFO: Trying process: c s > w+ d b QCD=0 QED<=4 / t t h @1  
INFO: Trying process: c s > w+ s s QCD=0 QED<=4 / t t h @1  
INFO: Process has 14 diagrams 
INFO: Trying process: c s > w+ s b QCD=0 QED<=4 / t t h @1  
INFO: Trying process: c s > w+ b b QCD=0 QED<=4 / t t h @1  
INFO: Crossed process found for c u~ > w+ s u~, reuse diagrams. 
INFO: Crossed process found for c c~ > w+ d u~, reuse diagrams. 
INFO: Crossed process found for c c~ > w+ s c~, reuse diagrams. 
INFO: Crossed process found for c d~ > w+ c u~, reuse diagrams. 
INFO: Trying process: c d~ > w+ d b~ QCD=0 QED<=4 / t t h @1  
INFO: Crossed process found for c d~ > w+ s d~, reuse diagrams. 
INFO: Trying process: c d~ > w+ s b~ QCD=0 QED<=4 / t t h @1  
INFO: Trying process: c d~ > w+ b b~ QCD=0 QED<=4 / t t h @1  
INFO: Crossed process found for c s~ > w+ u u~, reuse diagrams. 
INFO: Crossed process found for c s~ > w+ c c~, reuse diagrams. 
INFO: Crossed process found for c s~ > w+ d d~, reuse diagrams. 
INFO: Crossed process found for c s~ > w+ s s~, reuse diagrams. 
INFO: Trying process: c s~ > w+ s b~ QCD=0 QED<=4 / t t h @1  
INFO: Trying process: c s~ > w+ b b~ QCD=0 QED<=4 / t t h @1  
INFO: Process has 6 diagrams 
INFO: Crossed process found for c b > w+ s b, reuse diagrams. 
INFO: Trying process: c b > w+ b b QCD=0 QED<=4 / t t h @1  
INFO: Crossed process found for c b~ > w+ s b~, reuse diagrams. 
INFO: Process d u > w+ d d added to mirror process u d > w+ d d 
INFO: Process d c > w+ d s added to mirror process c d > w+ d s 
INFO: Crossed process found for d d~ > w+ d u~, reuse diagrams. 
INFO: Crossed process found for d d~ > w+ s c~, reuse diagrams. 
INFO: Crossed process found for d s~ > w+ d c~, reuse diagrams. 
INFO: Process s u > w+ d s added to mirror process u s > w+ d s 
INFO: Process s c > w+ s s added to mirror process c s > w+ s s 
INFO: Crossed process found for s d~ > w+ s u~, reuse diagrams. 
INFO: Crossed process found for s s~ > w+ d u~, reuse diagrams. 
INFO: Crossed process found for s s~ > w+ s c~, reuse diagrams. 
INFO: Process u~ u > w+ d u~ added to mirror process u u~ > w+ d u~ 
INFO: Process u~ u > w+ s c~ added to mirror process u u~ > w+ s c~ 
INFO: Process u~ c > w+ s u~ added to mirror process c u~ > w+ s u~ 
INFO: Crossed process found for u~ d~ > w+ u~ u~, reuse diagrams. 
INFO: Crossed process found for u~ s~ > w+ u~ c~, reuse diagrams. 
INFO: Process c~ u > w+ d c~ added to mirror process u c~ > w+ d c~ 
INFO: Process c~ c > w+ d u~ added to mirror process c c~ > w+ d u~ 
INFO: Process c~ c > w+ s c~ added to mirror process c c~ > w+ s c~ 
INFO: Crossed process found for c~ d~ > w+ u~ c~, reuse diagrams. 
INFO: Crossed process found for c~ s~ > w+ c~ c~, reuse diagrams. 
INFO: Process d~ u > w+ u u~ added to mirror process u d~ > w+ u u~ 
INFO: Process d~ u > w+ c c~ added to mirror process u d~ > w+ c c~ 
INFO: Process d~ u > w+ d d~ added to mirror process u d~ > w+ d d~ 
INFO: Process d~ u > w+ s s~ added to mirror process u d~ > w+ s s~ 
INFO: Process d~ u > w+ b b~ added to mirror process u d~ > w+ b b~ 
INFO: Process d~ c > w+ c u~ added to mirror process c d~ > w+ c u~ 
INFO: Process d~ c > w+ s d~ added to mirror process c d~ > w+ s d~ 
INFO: Process d~ d > w+ d u~ added to mirror process d d~ > w+ d u~ 
INFO: Process d~ d > w+ s c~ added to mirror process d d~ > w+ s c~ 
INFO: Process d~ s > w+ s u~ added to mirror process s d~ > w+ s u~ 
INFO: Process d~ u~ > w+ u~ u~ added to mirror process u~ d~ > w+ u~ u~ 
INFO: Process d~ c~ > w+ u~ c~ added to mirror process c~ d~ > w+ u~ c~ 
INFO: Crossed process found for d~ d~ > w+ u~ d~, reuse diagrams. 
INFO: Crossed process found for d~ s~ > w+ u~ s~, reuse diagrams. 
INFO: Crossed process found for d~ s~ > w+ c~ d~, reuse diagrams. 
INFO: Crossed process found for d~ b > w+ b u~, reuse diagrams. 
INFO: Crossed process found for d~ b~ > w+ u~ b~, reuse diagrams. 
INFO: Process s~ u > w+ u c~ added to mirror process u s~ > w+ u c~ 
INFO: Process s~ u > w+ d s~ added to mirror process u s~ > w+ d s~ 
INFO: Process s~ c > w+ u u~ added to mirror process c s~ > w+ u u~ 
INFO: Process s~ c > w+ c c~ added to mirror process c s~ > w+ c c~ 
INFO: Process s~ c > w+ d d~ added to mirror process c s~ > w+ d d~ 
INFO: Process s~ c > w+ s s~ added to mirror process c s~ > w+ s s~ 
INFO: Process s~ c > w+ b b~ added to mirror process c s~ > w+ b b~ 
INFO: Process s~ d > w+ d c~ added to mirror process d s~ > w+ d c~ 
INFO: Process s~ s > w+ d u~ added to mirror process s s~ > w+ d u~ 
INFO: Process s~ s > w+ s c~ added to mirror process s s~ > w+ s c~ 
INFO: Process s~ u~ > w+ u~ c~ added to mirror process u~ s~ > w+ u~ c~ 
INFO: Process s~ c~ > w+ c~ c~ added to mirror process c~ s~ > w+ c~ c~ 
INFO: Process s~ d~ > w+ u~ s~ added to mirror process d~ s~ > w+ u~ s~ 
INFO: Process s~ d~ > w+ c~ d~ added to mirror process d~ s~ > w+ c~ d~ 
INFO: Crossed process found for s~ s~ > w+ c~ s~, reuse diagrams. 
INFO: Crossed process found for s~ b > w+ b c~, reuse diagrams. 
INFO: Crossed process found for s~ b~ > w+ c~ b~, reuse diagrams. 
INFO: Process b u > w+ d b added to mirror process u b > w+ d b 
INFO: Process b c > w+ s b added to mirror process c b > w+ s b 
INFO: Process b d~ > w+ b u~ added to mirror process d~ b > w+ b u~ 
INFO: Process b s~ > w+ b c~ added to mirror process s~ b > w+ b c~ 
INFO: Crossed process found for b b~ > w+ d u~, reuse diagrams. 
INFO: Crossed process found for b b~ > w+ s c~, reuse diagrams. 
INFO: Process b~ u > w+ d b~ added to mirror process u b~ > w+ d b~ 
INFO: Process b~ c > w+ s b~ added to mirror process c b~ > w+ s b~ 
INFO: Process b~ d~ > w+ u~ b~ added to mirror process d~ b~ > w+ u~ b~ 
INFO: Process b~ s~ > w+ c~ b~ added to mirror process s~ b~ > w+ c~ b~ 
INFO: Process b~ b > w+ d u~ added to mirror process b b~ > w+ d u~ 
INFO: Process b~ b > w+ s c~ added to mirror process b b~ > w+ s c~ 
INFO: Checking for minimal orders which gives processes. 
INFO: Please specify coupling orders to bypass this step. 
INFO: Trying process: w+ > u d~ WEIGHTED<=2  
INFO: Process has 1 diagrams 
INFO: Trying process: w+ > u s~ WEIGHTED<=2  
INFO: Trying process: w+ > u b~ WEIGHTED<=2  
INFO: Trying process: w+ > c d~ WEIGHTED<=2  
INFO: Trying process: w+ > c s~ WEIGHTED<=2  
INFO: Process has 1 diagrams 
INFO: Trying process: w+ > c b~ WEIGHTED<=2  
1 processes with 466 diagrams generated in 0.551 s
Total: 1 processes with 466 diagrams
output ewkwpjjjj_5f_LO -nojpeg
[1;34mPlugin PLUGIN.CMS_CLUSTER has marked as NOT being validated with this version. 
It has been validated for the last time with version: 2.6.0[0m
INFO: initialize a new directory: ewkwpjjjj_5f_LO 
INFO: remove old information in ewkwpjjjj_5f_LO 
INFO: Organizing processes into subprocess groups 
INFO: Organizing processes into subprocess groups 
INFO: Generating Helas calls for process: u u > w+ u d QCD=0 QED<=4 / t t h @1 
INFO: Generating Helas calls for process: u c > w+ u s QCD=0 QED<=4 / t t h @1 
INFO: Generating Helas calls for process: u c > w+ c d QCD=0 QED<=4 / t t h @1 
INFO: Generating Helas calls for process: u d > w+ d d QCD=0 QED<=4 / t t h @1 
INFO: Generating Helas calls for process: u s > w+ d s QCD=0 QED<=4 / t t h @1 
INFO: Generating Helas calls for process: u u~ > w+ d u~ QCD=0 QED<=4 / t t h @1 
INFO: Generating Helas calls for process: u u~ > w+ s c~ QCD=0 QED<=4 / t t h @1 
INFO: Generating Helas calls for process: u c~ > w+ d c~ QCD=0 QED<=4 / t t h @1 
INFO: Generating Helas calls for process: u d~ > w+ u u~ QCD=0 QED<=4 / t t h @1 
INFO: Generating Helas calls for process: u d~ > w+ c c~ QCD=0 QED<=4 / t t h @1 
INFO: Generating Helas calls for process: u d~ > w+ d d~ QCD=0 QED<=4 / t t h @1 
INFO: Generating Helas calls for process: u d~ > w+ s s~ QCD=0 QED<=4 / t t h @1 
INFO: Generating Helas calls for process: u d~ > w+ b b~ QCD=0 QED<=4 / t t h @1 
INFO: Generating Helas calls for process: u s~ > w+ u c~ QCD=0 QED<=4 / t t h @1 
INFO: Generating Helas calls for process: u s~ > w+ d s~ QCD=0 QED<=4 / t t h @1 
INFO: Generating Helas calls for process: u b > w+ d b QCD=0 QED<=4 / t t h @1 
INFO: Generating Helas calls for process: u b~ > w+ d b~ QCD=0 QED<=4 / t t h @1 
INFO: Combined process c c > w+ c s QCD=0 QED<=4 / t t h @1 with process u u > w+ u d QCD=0 QED<=4 / t t h @1 
INFO: Combined process c d > w+ s d QCD=0 QED<=4 / t t h @1 with process u s > w+ d s QCD=0 QED<=4 / t t h @1 
INFO: Combined process c s > w+ s s QCD=0 QED<=4 / t t h @1 with process u d > w+ d d QCD=0 QED<=4 / t t h @1 
INFO: Combined process c u~ > w+ s u~ QCD=0 QED<=4 / t t h @1 with process u c~ > w+ d c~ QCD=0 QED<=4 / t t h @1 
INFO: Combined process c c~ > w+ d u~ QCD=0 QED<=4 / t t h @1 with process u u~ > w+ s c~ QCD=0 QED<=4 / t t h @1 
INFO: Combined process c c~ > w+ s c~ QCD=0 QED<=4 / t t h @1 with process u u~ > w+ d u~ QCD=0 QED<=4 / t t h @1 
INFO: Combined process c d~ > w+ c u~ QCD=0 QED<=4 / t t h @1 with process u s~ > w+ u c~ QCD=0 QED<=4 / t t h @1 
INFO: Combined process c d~ > w+ s d~ QCD=0 QED<=4 / t t h @1 with process u s~ > w+ d s~ QCD=0 QED<=4 / t t h @1 
INFO: Combined process c s~ > w+ u u~ QCD=0 QED<=4 / t t h @1 with process u d~ > w+ c c~ QCD=0 QED<=4 / t t h @1 
INFO: Combined process c s~ > w+ c c~ QCD=0 QED<=4 / t t h @1 with process u d~ > w+ u u~ QCD=0 QED<=4 / t t h @1 
INFO: Combined process c s~ > w+ d d~ QCD=0 QED<=4 / t t h @1 with process u d~ > w+ s s~ QCD=0 QED<=4 / t t h @1 
INFO: Combined process c s~ > w+ s s~ QCD=0 QED<=4 / t t h @1 with process u d~ > w+ d d~ QCD=0 QED<=4 / t t h @1 
INFO: Combined process c s~ > w+ b b~ QCD=0 QED<=4 / t t h @1 with process u d~ > w+ b b~ QCD=0 QED<=4 / t t h @1 
INFO: Combined process c b > w+ s b QCD=0 QED<=4 / t t h @1 with process u b > w+ d b QCD=0 QED<=4 / t t h @1 
INFO: Combined process c b~ > w+ s b~ QCD=0 QED<=4 / t t h @1 with process u b~ > w+ d b~ QCD=0 QED<=4 / t t h @1 
INFO: Generating Helas calls for process: d d~ > w+ d u~ QCD=0 QED<=4 / t t h @1 
INFO: Generating Helas calls for process: d d~ > w+ s c~ QCD=0 QED<=4 / t t h @1 
INFO: Generating Helas calls for process: d s~ > w+ d c~ QCD=0 QED<=4 / t t h @1 
INFO: Combined process s d~ > w+ s u~ QCD=0 QED<=4 / t t h @1 with process d s~ > w+ d c~ QCD=0 QED<=4 / t t h @1 
INFO: Combined process s s~ > w+ d u~ QCD=0 QED<=4 / t t h @1 with process d d~ > w+ s c~ QCD=0 QED<=4 / t t h @1 
INFO: Combined process s s~ > w+ s c~ QCD=0 QED<=4 / t t h @1 with process d d~ > w+ d u~ QCD=0 QED<=4 / t t h @1 
INFO: Generating Helas calls for process: u~ d~ > w+ u~ u~ QCD=0 QED<=4 / t t h @1 
INFO: Generating Helas calls for process: u~ s~ > w+ u~ c~ QCD=0 QED<=4 / t t h @1 
INFO: Combined process c~ d~ > w+ c~ u~ QCD=0 QED<=4 / t t h @1 with process u~ s~ > w+ u~ c~ QCD=0 QED<=4 / t t h @1 
INFO: Combined process c~ s~ > w+ c~ c~ QCD=0 QED<=4 / t t h @1 with process u~ d~ > w+ u~ u~ QCD=0 QED<=4 / t t h @1 
INFO: Generating Helas calls for process: d~ d~ > w+ u~ d~ QCD=0 QED<=4 / t t h @1 
INFO: Generating Helas calls for process: d~ s~ > w+ u~ s~ QCD=0 QED<=4 / t t h @1 
INFO: Generating Helas calls for process: d~ s~ > w+ c~ d~ QCD=0 QED<=4 / t t h @1 
INFO: Generating Helas calls for process: d~ b > w+ b u~ QCD=0 QED<=4 / t t h @1 
INFO: Generating Helas calls for process: d~ b~ > w+ u~ b~ QCD=0 QED<=4 / t t h @1 
INFO: Combined process s~ s~ > w+ c~ s~ QCD=0 QED<=4 / t t h @1 with process d~ d~ > w+ u~ d~ QCD=0 QED<=4 / t t h @1 
INFO: Combined process s~ b > w+ b c~ QCD=0 QED<=4 / t t h @1 with process d~ b > w+ b u~ QCD=0 QED<=4 / t t h @1 
INFO: Combined process s~ b~ > w+ c~ b~ QCD=0 QED<=4 / t t h @1 with process d~ b~ > w+ u~ b~ QCD=0 QED<=4 / t t h @1 
INFO: Generating Helas calls for process: b b~ > w+ d u~ QCD=0 QED<=4 / t t h @1 
INFO: Combined process b b~ > w+ s c~ QCD=0 QED<=4 / t t h @1 with process b b~ > w+ d u~ QCD=0 QED<=4 / t t h @1 
INFO: Generating Helas calls for process: w+ > u d~ WEIGHTED<=2 
INFO: Generating Helas calls for process: w+ > c s~ WEIGHTED<=2 
INFO: Combine u u > w+ u d QCD=0 QED<=4 / t t h @1 with decays w+ > u d~ WEIGHTED<=2 
INFO: Combine u u > w+ u d QCD=0 QED<=4 / t t h @1 with decays w+ > c s~ WEIGHTED<=2 
INFO: Combine u c > w+ u s QCD=0 QED<=4 / t t h @1 with decays w+ > u d~ WEIGHTED<=2 
INFO: Combine u c > w+ u s QCD=0 QED<=4 / t t h @1 with decays w+ > c s~ WEIGHTED<=2 
INFO: Combine u c > w+ c d QCD=0 QED<=4 / t t h @1 with decays w+ > u d~ WEIGHTED<=2 
INFO: Combine u c > w+ c d QCD=0 QED<=4 / t t h @1 with decays w+ > c s~ WEIGHTED<=2 
INFO: Combine u d > w+ d d QCD=0 QED<=4 / t t h @1 with decays w+ > u d~ WEIGHTED<=2 
INFO: Combine u d > w+ d d QCD=0 QED<=4 / t t h @1 with decays w+ > c s~ WEIGHTED<=2 
INFO: Combining process with u d > w+ d d QCD=0 QED<=4 / t t h @1
  Decay: w+ > u d~ WEIGHTED<=2 
INFO: Combine u s > w+ d s QCD=0 QED<=4 / t t h @1 with decays w+ > u d~ WEIGHTED<=2 
INFO: Combine u s > w+ d s QCD=0 QED<=4 / t t h @1 with decays w+ > c s~ WEIGHTED<=2 
INFO: Combining process with u s > w+ d s QCD=0 QED<=4 / t t h @1
  Decay: w+ > u d~ WEIGHTED<=2 
INFO: Combine u u~ > w+ d u~ QCD=0 QED<=4 / t t h @1 with decays w+ > u d~ WEIGHTED<=2 
INFO: Combine u u~ > w+ d u~ QCD=0 QED<=4 / t t h @1 with decays w+ > c s~ WEIGHTED<=2 
INFO: Combining process with u u~ > w+ d u~ QCD=0 QED<=4 / t t h @1
  Decay: w+ > u d~ WEIGHTED<=2 
INFO: Combine u u~ > w+ s c~ QCD=0 QED<=4 / t t h @1 with decays w+ > u d~ WEIGHTED<=2 
INFO: Combine u u~ > w+ s c~ QCD=0 QED<=4 / t t h @1 with decays w+ > c s~ WEIGHTED<=2 
INFO: Combining process with u u~ > w+ s c~ QCD=0 QED<=4 / t t h @1
  Decay: w+ > u d~ WEIGHTED<=2 
INFO: Combine u c~ > w+ d c~ QCD=0 QED<=4 / t t h @1 with decays w+ > u d~ WEIGHTED<=2 
INFO: Combine u c~ > w+ d c~ QCD=0 QED<=4 / t t h @1 with decays w+ > c s~ WEIGHTED<=2 
INFO: Combining process with u c~ > w+ d c~ QCD=0 QED<=4 / t t h @1
  Decay: w+ > u d~ WEIGHTED<=2 
INFO: Combine u d~ > w+ u u~ QCD=0 QED<=4 / t t h @1 with decays w+ > u d~ WEIGHTED<=2 
INFO: Combine u d~ > w+ u u~ QCD=0 QED<=4 / t t h @1 with decays w+ > c s~ WEIGHTED<=2 
INFO: Combine u d~ > w+ c c~ QCD=0 QED<=4 / t t h @1 with decays w+ > u d~ WEIGHTED<=2 
INFO: Combine u d~ > w+ c c~ QCD=0 QED<=4 / t t h @1 with decays w+ > c s~ WEIGHTED<=2 
INFO: Combine u d~ > w+ d d~ QCD=0 QED<=4 / t t h @1 with decays w+ > u d~ WEIGHTED<=2 
INFO: Combine u d~ > w+ d d~ QCD=0 QED<=4 / t t h @1 with decays w+ > c s~ WEIGHTED<=2 
INFO: Combine u d~ > w+ s s~ QCD=0 QED<=4 / t t h @1 with decays w+ > u d~ WEIGHTED<=2 
INFO: Combine u d~ > w+ s s~ QCD=0 QED<=4 / t t h @1 with decays w+ > c s~ WEIGHTED<=2 
INFO: Combine u d~ > w+ b b~ QCD=0 QED<=4 / t t h @1 with decays w+ > u d~ WEIGHTED<=2 
INFO: Combine u d~ > w+ b b~ QCD=0 QED<=4 / t t h @1 with decays w+ > c s~ WEIGHTED<=2 
INFO: Combining process with u d~ > w+ b b~ QCD=0 QED<=4 / t t h @1
  Decay: w+ > u d~ WEIGHTED<=2 
INFO: Combine u s~ > w+ u c~ QCD=0 QED<=4 / t t h @1 with decays w+ > u d~ WEIGHTED<=2 
INFO: Combine u s~ > w+ u c~ QCD=0 QED<=4 / t t h @1 with decays w+ > c s~ WEIGHTED<=2 
INFO: Combine u s~ > w+ d s~ QCD=0 QED<=4 / t t h @1 with decays w+ > u d~ WEIGHTED<=2 
INFO: Combine u s~ > w+ d s~ QCD=0 QED<=4 / t t h @1 with decays w+ > c s~ WEIGHTED<=2 
INFO: Combine u b > w+ d b QCD=0 QED<=4 / t t h @1 with decays w+ > u d~ WEIGHTED<=2 
INFO: Combine u b > w+ d b QCD=0 QED<=4 / t t h @1 with decays w+ > c s~ WEIGHTED<=2 
INFO: Combining process with u b > w+ d b QCD=0 QED<=4 / t t h @1
  Decay: w+ > u d~ WEIGHTED<=2 
INFO: Combine u b~ > w+ d b~ QCD=0 QED<=4 / t t h @1 with decays w+ > u d~ WEIGHTED<=2 
INFO: Combine u b~ > w+ d b~ QCD=0 QED<=4 / t t h @1 with decays w+ > c s~ WEIGHTED<=2 
INFO: Combining process with u b~ > w+ d b~ QCD=0 QED<=4 / t t h @1
  Decay: w+ > u d~ WEIGHTED<=2 
INFO: Combine d d~ > w+ d u~ QCD=0 QED<=4 / t t h @1 with decays w+ > u d~ WEIGHTED<=2 
INFO: Combine d d~ > w+ d u~ QCD=0 QED<=4 / t t h @1 with decays w+ > c s~ WEIGHTED<=2 
INFO: Combining process with d d~ > w+ d u~ QCD=0 QED<=4 / t t h @1
  Decay: w+ > u d~ WEIGHTED<=2 
INFO: Combine d d~ > w+ s c~ QCD=0 QED<=4 / t t h @1 with decays w+ > u d~ WEIGHTED<=2 
INFO: Combine d d~ > w+ s c~ QCD=0 QED<=4 / t t h @1 with decays w+ > c s~ WEIGHTED<=2 
INFO: Combining process with d d~ > w+ s c~ QCD=0 QED<=4 / t t h @1
  Decay: w+ > u d~ WEIGHTED<=2 
INFO: Combine d s~ > w+ d c~ QCD=0 QED<=4 / t t h @1 with decays w+ > u d~ WEIGHTED<=2 
INFO: Combine d s~ > w+ d c~ QCD=0 QED<=4 / t t h @1 with decays w+ > c s~ WEIGHTED<=2 
INFO: Combining process with d s~ > w+ d c~ QCD=0 QED<=4 / t t h @1
  Decay: w+ > u d~ WEIGHTED<=2 
INFO: Combine u~ d~ > w+ u~ u~ QCD=0 QED<=4 / t t h @1 with decays w+ > u d~ WEIGHTED<=2 
INFO: Combine u~ d~ > w+ u~ u~ QCD=0 QED<=4 / t t h @1 with decays w+ > c s~ WEIGHTED<=2 
INFO: Combining process with u~ d~ > w+ u~ u~ QCD=0 QED<=4 / t t h @1
  Decay: w+ > u d~ WEIGHTED<=2 
INFO: Combine u~ s~ > w+ u~ c~ QCD=0 QED<=4 / t t h @1 with decays w+ > u d~ WEIGHTED<=2 
INFO: Combine u~ s~ > w+ u~ c~ QCD=0 QED<=4 / t t h @1 with decays w+ > c s~ WEIGHTED<=2 
INFO: Combining process with u~ s~ > w+ u~ c~ QCD=0 QED<=4 / t t h @1
  Decay: w+ > u d~ WEIGHTED<=2 
INFO: Combine d~ d~ > w+ u~ d~ QCD=0 QED<=4 / t t h @1 with decays w+ > u d~ WEIGHTED<=2 
INFO: Combine d~ d~ > w+ u~ d~ QCD=0 QED<=4 / t t h @1 with decays w+ > c s~ WEIGHTED<=2 
INFO: Combine d~ s~ > w+ u~ s~ QCD=0 QED<=4 / t t h @1 with decays w+ > u d~ WEIGHTED<=2 
INFO: Combine d~ s~ > w+ u~ s~ QCD=0 QED<=4 / t t h @1 with decays w+ > c s~ WEIGHTED<=2 
INFO: Combine d~ s~ > w+ c~ d~ QCD=0 QED<=4 / t t h @1 with decays w+ > u d~ WEIGHTED<=2 
INFO: Combine d~ s~ > w+ c~ d~ QCD=0 QED<=4 / t t h @1 with decays w+ > c s~ WEIGHTED<=2 
INFO: Combine d~ b > w+ b u~ QCD=0 QED<=4 / t t h @1 with decays w+ > u d~ WEIGHTED<=2 
INFO: Combine d~ b > w+ b u~ QCD=0 QED<=4 / t t h @1 with decays w+ > c s~ WEIGHTED<=2 
INFO: Combining process with d~ b > w+ b u~ QCD=0 QED<=4 / t t h @1
  Decay: w+ > u d~ WEIGHTED<=2 
INFO: Combine d~ b~ > w+ u~ b~ QCD=0 QED<=4 / t t h @1 with decays w+ > u d~ WEIGHTED<=2 
INFO: Combine d~ b~ > w+ u~ b~ QCD=0 QED<=4 / t t h @1 with decays w+ > c s~ WEIGHTED<=2 
INFO: Combining process with d~ b~ > w+ u~ b~ QCD=0 QED<=4 / t t h @1
  Decay: w+ > u d~ WEIGHTED<=2 
INFO: Combine b b~ > w+ d u~ QCD=0 QED<=4 / t t h @1 with decays w+ > u d~ WEIGHTED<=2 
INFO: Combine b b~ > w+ d u~ QCD=0 QED<=4 / t t h @1 with decays w+ > c s~ WEIGHTED<=2 
INFO: Combining process with b b~ > w+ d u~ QCD=0 QED<=4 / t t h @1
  Decay: w+ > u d~ WEIGHTED<=2 
INFO: Processing color information for process: u u > w+ u d QCD=0 QED<=4 / t t h @1
  Decay: w+ > u d~ WEIGHTED<=2 
INFO: Reusing existing color information for process: u u > w+ u d QCD=0 QED<=4 / t t h @1
  Decay: w+ > c s~ WEIGHTED<=2 
INFO: Processing color information for process: u c > w+ u s QCD=0 QED<=4 / t t h @1
  Decay: w+ > u d~ WEIGHTED<=2 
INFO: Reusing existing color information for process: u c > w+ u s QCD=0 QED<=4 / t t h @1
  Decay: w+ > c s~ WEIGHTED<=2 
INFO: Processing color information for process: u c > w+ c d QCD=0 QED<=4 / t t h @1
  Decay: w+ > u d~ WEIGHTED<=2 
INFO: Reusing existing color information for process: u c > w+ c d QCD=0 QED<=4 / t t h @1
  Decay: w+ > c s~ WEIGHTED<=2 
INFO: Processing color information for process: u d > w+ d d QCD=0 QED<=4 / t t h @1
  Decay: w+ > u d~ WEIGHTED<=2 
INFO: Processing color information for process: u s > w+ d s QCD=0 QED<=4 / t t h @1
  Decay: w+ > u d~ WEIGHTED<=2 
INFO: Processing color information for process: u u~ > w+ d u~ QCD=0 QED<=4 / t t h @1
  Decay: w+ > u d~ WEIGHTED<=2 
INFO: Processing color information for process: u u~ > w+ s c~ QCD=0 QED<=4 / t t h @1
  Decay: w+ > u d~ WEIGHTED<=2 
INFO: Processing color information for process: u c~ > w+ d c~ QCD=0 QED<=4 / t t h @1
  Decay: w+ > u d~ WEIGHTED<=2 
INFO: Processing color information for process: u d~ > w+ u u~ QCD=0 QED<=4 / t t h @1
  Decay: w+ > u d~ WEIGHTED<=2 
INFO: Reusing existing color information for process: u d~ > w+ u u~ QCD=0 QED<=4 / t t h @1
  Decay: w+ > c s~ WEIGHTED<=2 
INFO: Processing color information for process: u d~ > w+ c c~ QCD=0 QED<=4 / t t h @1
  Decay: w+ > u d~ WEIGHTED<=2 
INFO: Reusing existing color information for process: u d~ > w+ c c~ QCD=0 QED<=4 / t t h @1
  Decay: w+ > c s~ WEIGHTED<=2 
INFO: Processing color information for process: u d~ > w+ d d~ QCD=0 QED<=4 / t t h @1
  Decay: w+ > u d~ WEIGHTED<=2 
INFO: Reusing existing color information for process: u d~ > w+ d d~ QCD=0 QED<=4 / t t h @1
  Decay: w+ > c s~ WEIGHTED<=2 
INFO: Processing color information for process: u d~ > w+ s s~ QCD=0 QED<=4 / t t h @1
  Decay: w+ > u d~ WEIGHTED<=2 
INFO: Reusing existing color information for process: u d~ > w+ s s~ QCD=0 QED<=4 / t t h @1
  Decay: w+ > c s~ WEIGHTED<=2 
INFO: Processing color information for process: u d~ > w+ b b~ QCD=0 QED<=4 / t t h @1
  Decay: w+ > u d~ WEIGHTED<=2 
INFO: Processing color information for process: u s~ > w+ u c~ QCD=0 QED<=4 / t t h @1
  Decay: w+ > u d~ WEIGHTED<=2 
INFO: Reusing existing color information for process: u s~ > w+ u c~ QCD=0 QED<=4 / t t h @1
  Decay: w+ > c s~ WEIGHTED<=2 
INFO: Processing color information for process: u s~ > w+ d s~ QCD=0 QED<=4 / t t h @1
  Decay: w+ > u d~ WEIGHTED<=2 
INFO: Reusing existing color information for process: u s~ > w+ d s~ QCD=0 QED<=4 / t t h @1
  Decay: w+ > c s~ WEIGHTED<=2 
INFO: Processing color information for process: u b > w+ d b QCD=0 QED<=4 / t t h @1
  Decay: w+ > u d~ WEIGHTED<=2 
INFO: Processing color information for process: u b~ > w+ d b~ QCD=0 QED<=4 / t t h @1
  Decay: w+ > u d~ WEIGHTED<=2 
INFO: Processing color information for process: d d~ > w+ d u~ QCD=0 QED<=4 / t t h @1
  Decay: w+ > u d~ WEIGHTED<=2 
INFO: Processing color information for process: d d~ > w+ s c~ QCD=0 QED<=4 / t t h @1
  Decay: w+ > u d~ WEIGHTED<=2 
INFO: Processing color information for process: d s~ > w+ d c~ QCD=0 QED<=4 / t t h @1
  Decay: w+ > u d~ WEIGHTED<=2 
INFO: Processing color information for process: u~ d~ > w+ u~ u~ QCD=0 QED<=4 / t t h @1
  Decay: w+ > u d~ WEIGHTED<=2 
INFO: Processing color information for process: u~ s~ > w+ u~ c~ QCD=0 QED<=4 / t t h @1
  Decay: w+ > u d~ WEIGHTED<=2 
INFO: Processing color information for process: d~ d~ > w+ u~ d~ QCD=0 QED<=4 / t t h @1
  Decay: w+ > u d~ WEIGHTED<=2 
INFO: Reusing existing color information for process: d~ d~ > w+ u~ d~ QCD=0 QED<=4 / t t h @1
  Decay: w+ > c s~ WEIGHTED<=2 
INFO: Processing color information for process: d~ s~ > w+ u~ s~ QCD=0 QED<=4 / t t h @1
  Decay: w+ > u d~ WEIGHTED<=2 
INFO: Reusing existing color information for process: d~ s~ > w+ u~ s~ QCD=0 QED<=4 / t t h @1
  Decay: w+ > c s~ WEIGHTED<=2 
INFO: Processing color information for process: d~ s~ > w+ c~ d~ QCD=0 QED<=4 / t t h @1
  Decay: w+ > u d~ WEIGHTED<=2 
INFO: Reusing existing color information for process: d~ s~ > w+ c~ d~ QCD=0 QED<=4 / t t h @1
  Decay: w+ > c s~ WEIGHTED<=2 
INFO: Processing color information for process: d~ b > w+ b u~ QCD=0 QED<=4 / t t h @1
  Decay: w+ > u d~ WEIGHTED<=2 
INFO: Processing color information for process: d~ b~ > w+ u~ b~ QCD=0 QED<=4 / t t h @1
  Decay: w+ > u d~ WEIGHTED<=2 
INFO: Processing color information for process: b b~ > w+ d u~ QCD=0 QED<=4 / t t h @1
  Decay: w+ > u d~ WEIGHTED<=2 
INFO: Creating files in directory P1_qq_wpqq_wp_qq 
[1mINFO: Some T-channel width have been set to zero [new since 2.8.0]
 if you want to keep this width please set "zerowidth_tchannel" to False [0m
INFO: Generating Feynman diagrams for Process: u u > w+ u d QCD=0 QED<=4 / t t h @1
  Decay: w+ > u d~ WEIGHTED<=2 
INFO: Generating Feynman diagrams for Process: u u > w+ u d QCD=0 QED<=4 / t t h @1
  Decay: w+ > c s~ WEIGHTED<=2 
INFO: Generating Feynman diagrams for Process: u c > w+ u s QCD=0 QED<=4 / t t h @1
  Decay: w+ > u d~ WEIGHTED<=2 
INFO: Generating Feynman diagrams for Process: u c > w+ u s QCD=0 QED<=4 / t t h @1
  Decay: w+ > c s~ WEIGHTED<=2 
INFO: Generating Feynman diagrams for Process: u c > w+ c d QCD=0 QED<=4 / t t h @1
  Decay: w+ > u d~ WEIGHTED<=2 
INFO: Generating Feynman diagrams for Process: u c > w+ c d QCD=0 QED<=4 / t t h @1
  Decay: w+ > c s~ WEIGHTED<=2 
INFO: Generating Feynman diagrams for Process: u d > w+ d d QCD=0 QED<=4 / t t h @1
  Decay: w+ > u d~ WEIGHTED<=2 
INFO: Generating Feynman diagrams for Process: u s > w+ d s QCD=0 QED<=4 / t t h @1
  Decay: w+ > u d~ WEIGHTED<=2 
INFO: Generating Feynman diagrams for Process: u u~ > w+ d u~ QCD=0 QED<=4 / t t h @1
  Decay: w+ > u d~ WEIGHTED<=2 
INFO: Generating Feynman diagrams for Process: u u~ > w+ s c~ QCD=0 QED<=4 / t t h @1
  Decay: w+ > u d~ WEIGHTED<=2 
INFO: Generating Feynman diagrams for Process: u c~ > w+ d c~ QCD=0 QED<=4 / t t h @1
  Decay: w+ > u d~ WEIGHTED<=2 
INFO: Generating Feynman diagrams for Process: u d~ > w+ u u~ QCD=0 QED<=4 / t t h @1
  Decay: w+ > u d~ WEIGHTED<=2 
INFO: Generating Feynman diagrams for Process: u d~ > w+ u u~ QCD=0 QED<=4 / t t h @1
  Decay: w+ > c s~ WEIGHTED<=2 
INFO: Generating Feynman diagrams for Process: u d~ > w+ c c~ QCD=0 QED<=4 / t t h @1
  Decay: w+ > u d~ WEIGHTED<=2 
INFO: Generating Feynman diagrams for Process: u d~ > w+ c c~ QCD=0 QED<=4 / t t h @1
  Decay: w+ > c s~ WEIGHTED<=2 
INFO: Generating Feynman diagrams for Process: u d~ > w+ d d~ QCD=0 QED<=4 / t t h @1
  Decay: w+ > u d~ WEIGHTED<=2 
INFO: Generating Feynman diagrams for Process: u d~ > w+ d d~ QCD=0 QED<=4 / t t h @1
  Decay: w+ > c s~ WEIGHTED<=2 
INFO: Generating Feynman diagrams for Process: u d~ > w+ s s~ QCD=0 QED<=4 / t t h @1
  Decay: w+ > u d~ WEIGHTED<=2 
INFO: Generating Feynman diagrams for Process: u d~ > w+ s s~ QCD=0 QED<=4 / t t h @1
  Decay: w+ > c s~ WEIGHTED<=2 
INFO: Generating Feynman diagrams for Process: u d~ > w+ b b~ QCD=0 QED<=4 / t t h @1
  Decay: w+ > u d~ WEIGHTED<=2 
INFO: Generating Feynman diagrams for Process: u s~ > w+ u c~ QCD=0 QED<=4 / t t h @1
  Decay: w+ > u d~ WEIGHTED<=2 
INFO: Generating Feynman diagrams for Process: u s~ > w+ u c~ QCD=0 QED<=4 / t t h @1
  Decay: w+ > c s~ WEIGHTED<=2 
INFO: Generating Feynman diagrams for Process: u s~ > w+ d s~ QCD=0 QED<=4 / t t h @1
  Decay: w+ > u d~ WEIGHTED<=2 
INFO: Generating Feynman diagrams for Process: u s~ > w+ d s~ QCD=0 QED<=4 / t t h @1
  Decay: w+ > c s~ WEIGHTED<=2 
INFO: Generating Feynman diagrams for Process: u b > w+ d b QCD=0 QED<=4 / t t h @1
  Decay: w+ > u d~ WEIGHTED<=2 
INFO: Generating Feynman diagrams for Process: u b~ > w+ d b~ QCD=0 QED<=4 / t t h @1
  Decay: w+ > u d~ WEIGHTED<=2 
INFO: Generating Feynman diagrams for Process: d d~ > w+ d u~ QCD=0 QED<=4 / t t h @1
  Decay: w+ > u d~ WEIGHTED<=2 
INFO: Generating Feynman diagrams for Process: d d~ > w+ s c~ QCD=0 QED<=4 / t t h @1
  Decay: w+ > u d~ WEIGHTED<=2 
INFO: Generating Feynman diagrams for Process: d s~ > w+ d c~ QCD=0 QED<=4 / t t h @1
  Decay: w+ > u d~ WEIGHTED<=2 
INFO: Generating Feynman diagrams for Process: u~ d~ > w+ u~ u~ QCD=0 QED<=4 / t t h @1
  Decay: w+ > u d~ WEIGHTED<=2 
INFO: Generating Feynman diagrams for Process: u~ s~ > w+ u~ c~ QCD=0 QED<=4 / t t h @1
  Decay: w+ > u d~ WEIGHTED<=2 
INFO: Generating Feynman diagrams for Process: d~ d~ > w+ u~ d~ QCD=0 QED<=4 / t t h @1
  Decay: w+ > u d~ WEIGHTED<=2 
INFO: Generating Feynman diagrams for Process: d~ d~ > w+ u~ d~ QCD=0 QED<=4 / t t h @1
  Decay: w+ > c s~ WEIGHTED<=2 
INFO: Generating Feynman diagrams for Process: d~ s~ > w+ u~ s~ QCD=0 QED<=4 / t t h @1
  Decay: w+ > u d~ WEIGHTED<=2 
INFO: Generating Feynman diagrams for Process: d~ s~ > w+ u~ s~ QCD=0 QED<=4 / t t h @1
  Decay: w+ > c s~ WEIGHTED<=2 
INFO: Generating Feynman diagrams for Process: d~ s~ > w+ c~ d~ QCD=0 QED<=4 / t t h @1
  Decay: w+ > u d~ WEIGHTED<=2 
INFO: Generating Feynman diagrams for Process: d~ s~ > w+ c~ d~ QCD=0 QED<=4 / t t h @1
  Decay: w+ > c s~ WEIGHTED<=2 
INFO: Generating Feynman diagrams for Process: d~ b > w+ b u~ QCD=0 QED<=4 / t t h @1
  Decay: w+ > u d~ WEIGHTED<=2 
INFO: Generating Feynman diagrams for Process: d~ b~ > w+ u~ b~ QCD=0 QED<=4 / t t h @1
  Decay: w+ > u d~ WEIGHTED<=2 
INFO: Generating Feynman diagrams for Process: b b~ > w+ d u~ QCD=0 QED<=4 / t t h @1
  Decay: w+ > u d~ WEIGHTED<=2 
INFO: Finding symmetric diagrams for subprocess group qq_wpqq_wp_qq 
Generated helas calls for 40 subprocesses (358 diagrams) in 0.889 s
Wrote files for 908 helas calls in 1.942 s
ALOHA: aloha creates FFV2 routines
ALOHA: aloha creates VVV1 routines
ALOHA: aloha creates FFV5 routines
ALOHA: aloha creates FFV3 routines
ALOHA: aloha creates FFV1 routines
The option auto_update is modified [7] but will not be written in the configuration files.
If you want to make this value the default for future session, you can run 'save options --all'
save configuration file to /uscms_data/d3/bweiss/mcgen/genproductions/bin/MadGraph5_aMCatNLO/ewkwpjjjj_5f_LO/ewkwpjjjj_5f_LO_gridpack/work/ewkwpjjjj_5f_LO/Cards/me5_configuration.txt
INFO: Use Fortran compiler gfortran 
INFO: Use c++ compiler g++ 
INFO: Generate web pages 
Output to directory /uscms_data/d3/bweiss/mcgen/genproductions/bin/MadGraph5_aMCatNLO/ewkwpjjjj_5f_LO/ewkwpjjjj_5f_LO_gridpack/work/ewkwpjjjj_5f_LO done.
Type "launch" to generate events from this process, or see
/uscms_data/d3/bweiss/mcgen/genproductions/bin/MadGraph5_aMCatNLO/ewkwpjjjj_5f_LO/ewkwpjjjj_5f_LO_gridpack/work/ewkwpjjjj_5f_LO/README
Run "open index.html" to see more information about this process.
display multiparticles
Multiparticle labels:
p = g u c d s u~ c~ d~ s~ b b~
j = g u c d s b u~ c~ d~ s~ b~
l+ = e+ mu+
l- = e- mu-
vl = ve vm vt
vl~ = ve~ vm~ vt~
all = g u c d s b u~ c~ d~ s~ b~ a ve vm vt e- mu- ve~ vm~ vt~ e+ mu+ t t~ z w+ h w- ta- ta+
quit
copying generated process to working directory
INFO: Using default PDF sets for run3 production
starting LO mode
************************************************************
*                                                          *
*                      W E L C O M E to                    *
*             M A D G R A P H 5 _ a M C @ N L O            *
*                      M A D E V E N T                     *
*                                                          *
*                 *                       *                *
*                   *        * *        *                  *
*                     * * * * 5 * * * *                    *
*                   *        * *        *                  *
*                 *                       *                *
*                                                          *
*         VERSION 2.9.18                                   *
*                                                          *
*    The MadGraph5_aMC@NLO Development Team - Find us at   *
*    https://server06.fynu.ucl.ac.be/projects/madgraph     *
*                                                          *
*               Type 'help' for in-line help.              *
*                                                          *
************************************************************
INFO: load configuration from /uscms_data/d3/bweiss/mcgen/genproductions/bin/MadGraph5_aMCatNLO/ewkwpjjjj_5f_LO/ewkwpjjjj_5f_LO_gridpack/work/processtmp/Cards/me5_configuration.txt  
INFO: load configuration from /uscms_data/d3/bweiss/mcgen/genproductions/bin/MadGraph5_aMCatNLO/ewkwpjjjj_5f_LO/ewkwpjjjj_5f_LO_gridpack/work/MG5_aMC_v2_9_18/input/mg5_configuration.txt  
INFO: load configuration from /uscms_data/d3/bweiss/mcgen/genproductions/bin/MadGraph5_aMCatNLO/ewkwpjjjj_5f_LO/ewkwpjjjj_5f_LO_gridpack/work/processtmp/Cards/me5_configuration.txt  
Using default text editor "vi". Set another one in ./input/mg5_configuration.txt
Using default eps viewer "evince". Set another one in ./input/mg5_configuration.txt
No valid web browser found. Please set in ./input/mg5_configuration.txt
generate_events pilotrun
stty: 'standard input': Inappropriate ioctl for device
The following switches determine which programs are run:
/===========================================================================\
| 1. Choose the shower/hadronization program   [1m  shower[0m = [01mNot Avail.[0m        |
| 2. Choose the detector simulation program    [1mdetector[0m = [01mNot Avail.[0m        |
| 3. Choose an analysis package (plot/convert) [1manalysis[0m = [01mNot Avail.[0m        |
| 4. Decay onshell particles                   [1m madspin[0m = [31mOFF[0m               |
| 5. Add weights to events for new hypp.       [1mreweight[0m = [01mNot Avail.[0m        |
\===========================================================================/
Either type the switch number (1 to 5) to change its setting,
Set any switch explicitly (e.g. type 'madspin=ON' at the prompt)
Type 'help' for the list of all valid option
Type '0', 'auto', 'done' or just press enter when you are done.[60s to answer] 
>stty: 'standard input': Inappropriate ioctl for device
[1;34mrun_card missed argument time_of_flight. Takes default: -1.0[0m
[1;34mrun_card missed argument bias_module. Takes default: None[0m
[1;34mrun_card missed argument pt_min_pdg. Takes default: {}[0m
[1;34mrun_card missed argument pt_max_pdg. Takes default: {}[0m
[1;34mrun_card missed argument eta_min_pdg. Takes default: {}[0m
[1;34mrun_card missed argument eta_max_pdg. Takes default: {}[0m
[1;34mrun_card missed argument mxx_min_pdg. Takes default: {}[0m
[1;34mrun_card missed argument mxx_only_part_antipart. Takes default: {'default': False}[0m
Do you want to edit a card (press enter to bypass editing)?
/------------------------------------------------------------\
|  [31m1[0m. param : [32mparam_card.dat[0m                                 |
|  [31m2[0m. run   : [32mrun_card.dat[0m                                   |
\------------------------------------------------------------/
 you can also
   - enter the path to a valid card or banner.
   - use the 'set' command to modify a parameter directly.
     The set option works only for param_card and run_card.
     Type 'help set' for more information on this command.
   - call an external program (ASperGE/MadWidth/...).
     Type 'help' for the list of available command
 [[4m0[0m, done, 1, param, 2, run, enter path][90s to answer] 
>[1mINFO: modify parameter gridpack of the run_card.dat to True [0m
Do you want to edit a card (press enter to bypass editing)?
/------------------------------------------------------------\
|  [31m1[0m. param : [32mparam_card.dat[0m                                 |
|  [31m2[0m. run   : [32mrun_card.dat[0m                                   |
\------------------------------------------------------------/
 you can also
   - enter the path to a valid card or banner.
   - use the 'set' command to modify a parameter directly.
     The set option works only for param_card and run_card.
     Type 'help set' for more information on this command.
   - call an external program (ASperGE/MadWidth/...).
     Type 'help' for the list of available command
 [[4m0[0m, done, 1, param, 2, run, enter path] 
>INFO: Update the dependent parameter of the param_card.dat 
Generating gridpack with run name pilotrun
survey  pilotrun --accuracy=0.01 --points=2000 --iterations=8 --gridpack=.true.
INFO: compile directory 
INFO: Using LHAPDF v6.4.0 interface for PDFs 
compile Source Directory
Using random number seed offset = 21
INFO: Running Survey 
Creating Jobs
Working on SubProcesses
INFO: Compiling for process 1/1. 
INFO:     P1_qq_wpqq_wp_qq  
  0%|          | 0/817 [00:00<?, ?it/s]100%|| 817/817 [00:00<00:00, 37256.15it/s]
  0%|          | 0/817 [00:00<?, ?it/s]100%|| 817/817 [00:00<00:00, 75781.12it/s]
  0%|          | 0/783 [00:00<?, ?it/s]100%|| 783/783 [00:00<00:00, 119510.19it/s]
  0%|          | 0/783 [00:00<?, ?it/s]100%|| 783/783 [00:00<00:00, 122159.65it/s]
  0%|          | 0/786 [00:00<?, ?it/s]100%|| 786/786 [00:00<00:00, 120296.40it/s]
  0%|          | 0/786 [00:00<?, ?it/s]100%|| 786/786 [00:00<00:00, 123094.73it/s]
  0%|          | 0/825 [00:00<?, ?it/s]100%|| 825/825 [00:00<00:00, 80071.75it/s]
  0%|          | 0/795 [00:00<?, ?it/s]100%|| 795/795 [00:00<00:00, 124184.26it/s]
  0%|          | 0/829 [00:00<?, ?it/s]100%|| 829/829 [00:00<00:00, 79492.42it/s]
  0%|          | 0/800 [00:00<?, ?it/s]100%|| 800/800 [00:00<00:00, 124788.69it/s]
  0%|          | 0/799 [00:00<?, ?it/s]100%|| 799/799 [00:00<00:00, 123977.98it/s]
  0%|          | 0/821 [00:00<?, ?it/s]100%|| 821/821 [00:00<00:00, 78443.75it/s]
  0%|          | 0/821 [00:00<?, ?it/s]100%|| 821/821 [00:00<00:00, 79829.46it/s]
  0%|          | 0/792 [00:00<?, ?it/s]100%|| 792/792 [00:00<00:00, 125217.26it/s]
  0%|          | 0/792 [00:00<?, ?it/s]100%|| 792/792 [00:00<00:00, 124812.65it/s]
  0%|          | 0/822 [00:00<?, ?it/s]100%|| 822/822 [00:00<00:00, 77800.25it/s]
  0%|          | 0/822 [00:00<?, ?it/s]100%|| 822/822 [00:00<00:00, 80765.51it/s]
  0%|          | 0/791 [00:00<?, ?it/s]100%|| 791/791 [00:00<00:00, 121947.16it/s]
  0%|          | 0/791 [00:00<?, ?it/s]100%|| 791/791 [00:00<00:00, 123564.04it/s]
  0%|          | 0/795 [00:00<?, ?it/s]100%|| 795/795 [00:00<00:00, 130380.12it/s]
  0%|          | 0/791 [00:00<?, ?it/s]100%|| 791/791 [00:00<00:00, 125423.20it/s]
  0%|          | 0/791 [00:00<?, ?it/s]100%|| 791/791 [00:00<00:00, 121844.15it/s]
  0%|          | 0/791 [00:00<?, ?it/s]100%|| 791/791 [00:00<00:00, 123338.95it/s]
  0%|          | 0/791 [00:00<?, ?it/s]100%|| 791/791 [00:00<00:00, 124444.65it/s]
  0%|          | 0/792 [00:00<?, ?it/s]100%|| 792/792 [00:00<00:00, 132631.51it/s]
  0%|          | 0/795 [00:00<?, ?it/s]100%|| 795/795 [00:00<00:00, 133091.39it/s]
  0%|          | 0/829 [00:00<?, ?it/s]100%|| 829/829 [00:00<00:00, 80751.48it/s]
  0%|          | 0/799 [00:00<?, ?it/s]100%|| 799/799 [00:00<00:00, 122873.39it/s]
  0%|          | 0/799 [00:00<?, ?it/s]100%|| 799/799 [00:00<00:00, 125252.24it/s]
  0%|          | 0/826 [00:00<?, ?it/s]100%|| 826/826 [00:00<00:00, 78869.38it/s]
  0%|          | 0/796 [00:00<?, ?it/s]100%|| 796/796 [00:00<00:00, 126001.66it/s]
  0%|          | 0/818 [00:00<?, ?it/s]100%|| 818/818 [00:00<00:00, 78473.52it/s]
  0%|          | 0/818 [00:00<?, ?it/s]100%|| 818/818 [00:00<00:00, 78473.52it/s]
  0%|          | 0/784 [00:00<?, ?it/s]100%|| 784/784 [00:00<00:00, 124965.20it/s]
  0%|          | 0/784 [00:00<?, ?it/s]100%|| 784/784 [00:00<00:00, 122685.31it/s]
  0%|          | 0/787 [00:00<?, ?it/s]100%|| 787/787 [00:00<00:00, 122962.09it/s]
  0%|          | 0/787 [00:00<?, ?it/s]100%|| 787/787 [00:00<00:00, 124309.60it/s]
  0%|          | 0/792 [00:00<?, ?it/s]100%|| 792/792 [00:00<00:00, 132009.57it/s]
  0%|          | 0/792 [00:00<?, ?it/s]100%|| 792/792 [00:00<00:00, 133893.14it/s]
  0%|          | 0/795 [00:00<?, ?it/s]100%|| 795/795 [00:00<00:00, 121891.79it/s]
INFO:     P1_qq_wpqq_wp_qq  
INFO:  Idle: 12,  Running: 8,  Completed: 0 [ current time: 09h59 ] 
INFO:  Idle: 11,  Running: 8,  Completed: 1 [  0.32s  ] 
INFO:  Idle: 9,  Running: 8,  Completed: 3 [  4.2s  ] 
INFO:  Idle: 5,  Running: 8,  Completed: 7 [  7.3s  ] 
INFO:  Idle: 0,  Running: 6,  Completed: 14 [  10.7s  ] 
INFO:  Idle: 0,  Running: 3,  Completed: 17 [  16.9s  ] 
INFO:  Idle: 0,  Running: 0,  Completed: 20 [  24.7s  ] 
INFO:  Idle: 0,  Running: 0,  Completed: 20 [  24.7s  ] 
sum of cpu time of last step: 1m59s
  === Results Summary for run: pilotrun tag: tag_1 ===

     Cross-section :   31.11 +- 0.1717 pb
     Nb of events :  0
 
INFO: End survey 
combine_events
INFO: Combining Events 
combination of events done in 0.061234235763549805 s 
store_events
INFO: Storing parton level results 
INFO: End Parton 
decay_events -from_cards
create_gridpack
INFO: Creating gridpack 
P1_qq_wpqq_wp_qq
Cleaning  SubProcesses. 
INFO: gridpack created 
quit
INFO: storing files of previous run 
INFO: Done 
INFO:  
finished pilot run
cleaning temporary output
unpacking temporary gridpack
cleaning temporary gridpack
Now generating 1000 events with random seed 234567 and granularity 1
************************************************************
*                                                          *
*                      W E L C O M E to                    *
*             M A D G R A P H 5 _ a M C @ N L O            *
*                      M A D E V E N T                     *
*                                                          *
*                 *                       *                *
*                   *        * *        *                  *
*                     * * * * 5 * * * *                    *
*                   *        * *        *                  *
*                 *                       *                *
*                                                          *
*         VERSION 2.9.18                                   *
*                                                          *
*    The MadGraph5_aMC@NLO Development Team - Find us at   *
*    https://server06.fynu.ucl.ac.be/projects/madgraph     *
*                                                          *
*               Type 'help' for in-line help.              *
*                                                          *
************************************************************
INFO: load configuration from /uscms_data/d3/bweiss/mcgen/genproductions/bin/MadGraph5_aMCatNLO/ewkwpjjjj_5f_LO/ewkwpjjjj_5f_LO_gridpack/work/process/madevent/Cards/me5_configuration.txt  
INFO: load configuration from /uscms_data/d3/bweiss/mcgen/genproductions/bin/MadGraph5_aMCatNLO/ewkwpjjjj_5f_LO/ewkwpjjjj_5f_LO_gridpack/work/MG5_aMC_v2_9_18/input/mg5_configuration.txt  
INFO: load configuration from /uscms_data/d3/bweiss/mcgen/genproductions/bin/MadGraph5_aMCatNLO/ewkwpjjjj_5f_LO/ewkwpjjjj_5f_LO_gridpack/work/process/madevent/Cards/me5_configuration.txt  
Using default text editor "vi". Set another one in ./input/mg5_configuration.txt
Using default eps viewer "evince". Set another one in ./input/mg5_configuration.txt
No valid web browser found. Please set in ./input/mg5_configuration.txt
WRITE GRIDCARD /uscms_data/d3/bweiss/mcgen/genproductions/bin/MadGraph5_aMCatNLO/ewkwpjjjj_5f_LO/ewkwpjjjj_5f_LO_gridpack/work/process/madevent
generate 1000 events
P1_qq_wpqq_wp_qq
Using random number seed offset = 234567
INFO: Generating 1000.0 unweighted events. 
sum of cpu time of last step: 1m59s
INFO: need to improve 13 channels 
combine_events
store_events
  === Results Summary for run: GridRun_234567 tag: tag_1 ===

     Cross-section :   0 +- 0 pb
     Nb of events :  1000
 
decay_events -from_cards
DONE
write ./events.lhe.gz
preparing final gridpack
cleaning unneeded files from gridpack
rm: cannot remove 'mgbasedir/doc': No such file or directory
