Starting job on  Sun Aug 7 19:14:28 CEST 2022
Running on  Linux lxplus740.cern.ch 3.10.0-1160.66.1.el7.x86_64 #1 SMP Wed May 18 16:02:34 UTC 2022 x86_64 x86_64 x86_64 GNU/Linux
System release  CentOS Linux release 7.9.2009 (Core)
name: WprimeToENu_M-1000_kR-0p01_LO_NNPDF31nnlo
carddir: cards/production/13p6TeV/WprimeToENu_LO/final_cards/WprimeToENu_M-1000_kR-0p01_LO_NNPDF31nnlo/
queue: local
scram_arch: slc7_amd64_gcc700
cmssw_version: CMSSW_10_6_19
# On branch master
# Changes not staged for commit:
#   (use "git add <file>..." to update what will be committed)
#   (use "git checkout -- <file>..." to discard changes in working directory)
#
#	modified:   cards/production/13p6TeV/WprimeToENu_LO/WprimeToENu_M-1000_kR-0p01_LO_NNPDF31nnlo/WprimeToENu_M-1000_kR-0p01_LO_NNPDF31nnlo_run_card.dat
#
# Untracked files:
#   (use "git add <file>..." to include in what will be committed)
#
#	.__afs5DBB
#	WprimeToENu_M-1000_kR-0p01_LO_NNPDF31nnlo.log
#	cards/production/13p6TeV/WprimeToENu_LO/final_cards/
#	cards/production/13p6TeV/WprimeToMuNu_LO/final_cards/
#	cards/production/13p6TeV/WprimeToTauNu_LO/final_cards/
#	test_ele.sh
#	test_mu.sh
#	test_tau.sh
#	testing_1p0/
#
# It took 5.42 seconds to enumerate untracked files. 'status -uno'
# may speed it up, but you have to be careful not to forget to add
# new files yourself (see 'git help status').
no changes added to commit (use "git add" and/or "git commit -a")
Current git revision is:
324ef0dafa0dabd2ec5b4671985405007ab6bd49
diff --git a/bin/MadGraph5_aMCatNLO/cards/production/13p6TeV/WprimeToENu_LO/WprimeToENu_M-1000_kR-0p01_LO_NNPDF31nnlo/WprimeToENu_M-1000_kR-0p01_LO_NNPDF31nnlo_run_card.dat b/bin/MadGraph5_aMCatNLO/cards/production/13p6TeV/WprimeToENu_LO/WprimeToENu_M-1000_kR-0p01_LO_NNPDF31nnlo/WprimeToENu_M-1000_kR-0p01_LO_NNPDF31nnlo_run_card.dat
index 0a84f13..faaf041 100644
--- a/bin/MadGraph5_aMCatNLO/cards/production/13p6TeV/WprimeToENu_LO/WprimeToENu_M-1000_kR-0p01_LO_NNPDF31nnlo/WprimeToENu_M-1000_kR-0p01_LO_NNPDF31nnlo_run_card.dat
+++ b/bin/MadGraph5_aMCatNLO/cards/production/13p6TeV/WprimeToENu_LO/WprimeToENu_M-1000_kR-0p01_LO_NNPDF31nnlo/WprimeToENu_M-1000_kR-0p01_LO_NNPDF31nnlo_run_card.dat
@@ -68,17 +68,7 @@
   average =  event_norm       ! average/sum. Normalization of the weight in the LHEF
 # To see MLM/CKKW  merging options: type "update MLM" or "update CKKW"
 
-#*********************************************************************
-#
-#*********************************************************************
-# Phase-Space Optimization strategy (basic options)
-#*********************************************************************
-   0  = nhel          ! using helicities importance sampling or not.
-                             ! 0: sum over helicity, 1: importance sampling
-   2  = sde_strategy  ! default integration strategy (hep-ph/2021.00773)
-                             ! 1 is old strategy (using amp square)
-			     ! 2 is new strategy (using only the denominator)
-# To see advanced option for Phase-Space optimization: type "update psoptim"			     
+    
 #*********************************************************************
 # Generation bias, check the wiki page below for more information:   *
 #  'cp3.irmp.ucl.ac.be/projects/madgraph/wiki/LOEventGenerationBias' *
@@ -89,7 +79,6 @@
 #*******************************                                                 
 # Parton level cuts definition *
 #*******************************
-  0.0  = dsqrt_shat ! minimal shat for full process
 #                                                                    
 #
 #*********************************************************************
/afs/cern.ch/user/v/vasarkis/genproductions/bin/MadGraph5_aMCatNLO
WARNING: In non-interactive mode release checks e.g. deprecated releases, production architectures are disabled.
--2022-08-07 19:15:25--  https://cms-project-generators.web.cern.ch/cms-project-generators/MG5_aMC_v2.6.5.tar.gz
Resolving cms-project-generators.web.cern.ch (cms-project-generators.web.cern.ch)... 2001:1458:d00:35::100:23d, 188.184.101.152
Connecting to cms-project-generators.web.cern.ch (cms-project-generators.web.cern.ch)|2001:1458:d00:35::100:23d|:443... connected.
HTTP request sent, awaiting response... 200 OK
Length: 34635867 (33M) [application/gzip]
Saving to: 'MG5_aMC_v2.6.5.tar.gz'

     0K .......... .......... .......... .......... ..........  0% 38.5M 1s
    50K .......... .......... .......... .......... ..........  0% 47.5M 1s
   100K .......... .......... .......... .......... ..........  0% 43.4M 1s
   150K .......... .......... .......... .......... ..........  0% 45.6M 1s
   200K .......... .......... .......... .......... ..........  0% 41.2M 1s
   250K .......... .......... .......... .......... ..........  0% 52.2M 1s
   300K .......... .......... .......... .......... ..........  1% 46.1M 1s
   350K .......... .......... .......... .......... ..........  1% 56.8M 1s
   400K .......... .......... .......... .......... ..........  1% 41.6M 1s
   450K .......... .......... .......... .......... ..........  1% 47.4M 1s
   500K .......... .......... .......... .......... ..........  1% 52.6M 1s
   550K .......... .......... .......... .......... ..........  1% 46.2M 1s
   600K .......... .......... .......... .......... ..........  1% 58.2M 1s
   650K .......... .......... .......... .......... ..........  2% 45.5M 1s
   700K .......... .......... .......... .......... ..........  2% 57.9M 1s
   750K .......... .......... .......... .......... ..........  2% 49.5M 1s
   800K .......... .......... .......... .......... ..........  2% 51.7M 1s
   850K .......... .......... .......... .......... ..........  2% 31.3M 1s
   900K .......... .......... .......... .......... ..........  2% 43.2M 1s
   950K .......... .......... .......... .......... ..........  2% 56.6M 1s
  1000K .......... .......... .......... .......... ..........  3% 48.0M 1s
  1050K .......... .......... .......... .......... ..........  3% 52.6M 1s
  1100K .......... .......... .......... .......... ..........  3% 40.3M 1s
  1150K .......... .......... .......... .......... ..........  3% 51.0M 1s
  1200K .......... .......... .......... .......... ..........  3% 52.6M 1s
  1250K .......... .......... .......... .......... ..........  3% 48.7M 1s
  1300K .......... .......... .......... .......... ..........  3% 41.5M 1s
  1350K .......... .......... .......... .......... ..........  4% 43.7M 1s
  1400K .......... .......... .......... .......... ..........  4% 43.4M 1s
  1450K .......... .......... .......... .......... ..........  4% 50.3M 1s
  1500K .......... .......... .......... .......... ..........  4% 45.2M 1s
  1550K .......... .......... .......... .......... ..........  4% 36.2M 1s
  1600K .......... .......... .......... .......... ..........  4% 48.9M 1s
  1650K .......... .......... .......... .......... ..........  5% 38.6M 1s
  1700K .......... .......... .......... .......... ..........  5% 39.7M 1s
  1750K .......... .......... .......... .......... ..........  5% 32.9M 1s
  1800K .......... .......... .......... .......... ..........  5% 44.2M 1s
  1850K .......... .......... .......... .......... ..........  5% 40.9M 1s
  1900K .......... .......... .......... .......... ..........  5% 43.9M 1s
  1950K .......... .......... .......... .......... ..........  5% 36.0M 1s
  2000K .......... .......... .......... .......... ..........  6% 43.6M 1s
  2050K .......... .......... .......... .......... ..........  6% 44.8M 1s
  2100K .......... .......... .......... .......... ..........  6% 46.6M 1s
  2150K .......... .......... .......... .......... ..........  6% 50.3M 1s
  2200K .......... .......... .......... .......... ..........  6% 36.0M 1s
  2250K .......... .......... .......... .......... ..........  6% 46.9M 1s
  2300K .......... .......... .......... .......... ..........  6% 33.6M 1s
  2350K .......... .......... .......... .......... ..........  7% 48.1M 1s
  2400K .......... .......... .......... .......... ..........  7% 44.7M 1s
  2450K .......... .......... .......... .......... ..........  7% 56.6M 1s
  2500K .......... .......... .......... .......... ..........  7% 56.2M 1s
  2550K .......... .......... .......... .......... ..........  7% 49.8M 1s
  2600K .......... .......... .......... .......... ..........  7% 49.2M 1s
  2650K .......... .......... .......... .......... ..........  7% 46.4M 1s
  2700K .......... .......... .......... .......... ..........  8% 50.6M 1s
  2750K .......... .......... .......... .......... ..........  8% 56.0M 1s
  2800K .......... .......... .......... .......... ..........  8% 59.0M 1s
  2850K .......... .......... .......... .......... ..........  8% 44.2M 1s
  2900K .......... .......... .......... .......... ..........  8% 50.2M 1s
  2950K .......... .......... .......... .......... ..........  8% 52.8M 1s
  3000K .......... .......... .......... .......... ..........  9% 50.1M 1s
  3050K .......... .......... .......... .......... ..........  9% 42.4M 1s
  3100K .......... .......... .......... .......... ..........  9% 34.2M 1s
  3150K .......... .......... .......... .......... ..........  9% 52.3M 1s
  3200K .......... .......... .......... .......... ..........  9% 48.5M 1s
  3250K .......... .......... .......... .......... ..........  9% 48.7M 1s
  3300K .......... .......... .......... .......... ..........  9% 44.4M 1s
  3350K .......... .......... .......... .......... .......... 10% 48.3M 1s
  3400K .......... .......... .......... .......... .......... 10% 52.0M 1s
  3450K .......... .......... .......... .......... .......... 10% 57.9M 1s
  3500K .......... .......... .......... .......... .......... 10% 46.5M 1s
  3550K .......... .......... .......... .......... .......... 10% 50.5M 1s
  3600K .......... .......... .......... .......... .......... 10% 52.3M 1s
  3650K .......... .......... .......... .......... .......... 10% 41.7M 1s
  3700K .......... .......... .......... .......... .......... 11% 52.0M 1s
  3750K .......... .......... .......... .......... .......... 11% 40.9M 1s
  3800K .......... .......... .......... .......... .......... 11% 53.4M 1s
  3850K .......... .......... .......... .......... .......... 11% 46.8M 1s
  3900K .......... .......... .......... .......... .......... 11% 50.2M 1s
  3950K .......... .......... .......... .......... .......... 11% 43.6M 1s
  4000K .......... .......... .......... .......... .......... 11% 46.8M 1s
  4050K .......... .......... .......... .......... .......... 12% 49.0M 1s
  4100K .......... .......... .......... .......... .......... 12% 52.9M 1s
  4150K .......... .......... .......... .......... .......... 12% 52.6M 1s
  4200K .......... .......... .......... .......... .......... 12% 57.1M 1s
  4250K .......... .......... .......... .......... .......... 12% 39.1M 1s
  4300K .......... .......... .......... .......... .......... 12% 50.3M 1s
  4350K .......... .......... .......... .......... .......... 13% 52.3M 1s
  4400K .......... .......... .......... .......... .......... 13% 32.7M 1s
  4450K .......... .......... .......... .......... .......... 13% 39.6M 1s
  4500K .......... .......... .......... .......... .......... 13% 53.8M 1s
  4550K .......... .......... .......... .......... .......... 13% 57.0M 1s
  4600K .......... .......... .......... .......... .......... 13% 47.2M 1s
  4650K .......... .......... .......... .......... .......... 13% 52.0M 1s
  4700K .......... .......... .......... .......... .......... 14% 41.9M 1s
  4750K .......... .......... .......... .......... .......... 14% 53.2M 1s
  4800K .......... .......... .......... .......... .......... 14% 48.0M 1s
  4850K .......... .......... .......... .......... .......... 14% 59.5M 1s
  4900K .......... .......... .......... .......... .......... 14% 43.6M 1s
  4950K .......... .......... .......... .......... .......... 14% 60.9M 1s
  5000K .......... .......... .......... .......... .......... 14% 52.1M 1s
  5050K .......... .......... .......... .......... .......... 15% 56.6M 1s
  5100K .......... .......... .......... .......... .......... 15% 55.5M 1s
  5150K .......... .......... .......... .......... .......... 15% 39.1M 1s
  5200K .......... .......... .......... .......... .......... 15% 48.8M 1s
  5250K .......... .......... .......... .......... .......... 15% 48.6M 1s
  5300K .......... .......... .......... .......... .......... 15% 59.5M 1s
  5350K .......... .......... .......... .......... .......... 15% 42.1M 1s
  5400K .......... .......... .......... .......... .......... 16% 50.7M 1s
  5450K .......... .......... .......... .......... .......... 16% 49.2M 1s
  5500K .......... .......... .......... .......... .......... 16% 59.8M 1s
  5550K .......... .......... .......... .......... .......... 16% 43.2M 1s
  5600K .......... .......... .......... .......... .......... 16% 54.0M 1s
  5650K .......... .......... .......... .......... .......... 16% 51.8M 1s
  5700K .......... .......... .......... .......... .......... 16% 51.8M 1s
  5750K .......... .......... .......... .......... .......... 17% 48.3M 1s
  5800K .......... .......... .......... .......... .......... 17% 37.6M 1s
  5850K .......... .......... .......... .......... .......... 17% 47.2M 1s
  5900K .......... .......... .......... .......... .......... 17% 48.7M 1s
  5950K .......... .......... .......... .......... .......... 17% 56.6M 1s
  6000K .......... .......... .......... .......... .......... 17% 40.9M 1s
  6050K .......... .......... .......... .......... .......... 18% 53.3M 1s
  6100K .......... .......... .......... .......... .......... 18% 50.9M 1s
  6150K .......... .......... .......... .......... .......... 18% 50.1M 1s
  6200K .......... .......... .......... .......... .......... 18% 53.9M 1s
  6250K .......... .......... .......... .......... .......... 18% 42.4M 1s
  6300K .......... .......... .......... .......... .......... 18% 52.4M 1s
  6350K .......... .......... .......... .......... .......... 18% 47.6M 1s
  6400K .......... .......... .......... .......... .......... 19% 54.2M 1s
  6450K .......... .......... .......... .......... .......... 19% 45.3M 1s
  6500K .......... .......... .......... .......... .......... 19% 57.1M 1s
  6550K .......... .......... .......... .......... .......... 19% 57.3M 1s
  6600K .......... .......... .......... .......... .......... 19% 58.0M 1s
  6650K .......... .......... .......... .......... .......... 19% 62.0M 1s
  6700K .......... .......... .......... .......... .......... 19% 46.6M 1s
  6750K .......... .......... .......... .......... .......... 20% 51.1M 1s
  6800K .......... .......... .......... .......... .......... 20% 55.5M 1s
  6850K .......... .......... .......... .......... .......... 20% 51.4M 1s
  6900K .......... .......... .......... .......... .......... 20% 46.7M 1s
  6950K .......... .......... .......... .......... .......... 20% 45.5M 1s
  7000K .......... .......... .......... .......... .......... 20% 47.0M 1s
  7050K .......... .......... .......... .......... .......... 20% 54.2M 1s
  7100K .......... .......... .......... .......... .......... 21% 43.5M 1s
  7150K .......... .......... .......... .......... .......... 21% 61.6M 1s
  7200K .......... .......... .......... .......... .......... 21% 58.4M 1s
  7250K .......... .......... .......... .......... .......... 21% 50.4M 1s
  7300K .......... .......... .......... .......... .......... 21% 49.9M 1s
  7350K .......... .......... .......... .......... .......... 21% 40.2M 1s
  7400K .......... .......... .......... .......... .......... 22% 49.3M 1s
  7450K .......... .......... .......... .......... .......... 22% 47.7M 1s
  7500K .......... .......... .......... .......... .......... 22% 46.7M 1s
  7550K .......... .......... .......... .......... .......... 22% 43.1M 1s
  7600K .......... .......... .......... .......... .......... 22% 55.9M 1s
  7650K .......... .......... .......... .......... .......... 22% 47.1M 1s
  7700K .......... .......... .......... .......... .......... 22% 52.2M 1s
  7750K .......... .......... .......... .......... .......... 23% 49.1M 1s
  7800K .......... .......... .......... .......... .......... 23% 33.6M 1s
  7850K .......... .......... .......... .......... .......... 23% 51.8M 1s
  7900K .......... .......... .......... .......... .......... 23% 49.3M 1s
  7950K .......... .......... .......... .......... .......... 23% 59.1M 1s
  8000K .......... .......... .......... .......... .......... 23% 41.6M 1s
  8050K .......... .......... .......... .......... .......... 23% 52.1M 1s
  8100K .......... .......... .......... .......... .......... 24% 50.8M 1s
  8150K .......... .......... .......... .......... .......... 24% 48.7M 1s
  8200K .......... .......... .......... .......... .......... 24% 46.6M 1s
  8250K .......... .......... .......... .......... .......... 24% 47.1M 1s
  8300K .......... .......... .......... .......... .......... 24% 40.2M 1s
  8350K .......... .......... .......... .......... .......... 24% 50.7M 1s
  8400K .......... .......... .......... .......... .......... 24% 52.8M 1s
  8450K .......... .......... .......... .......... .......... 25% 6.81M 1s
  8500K .......... .......... .......... .......... .......... 25% 42.1M 1s
  8550K .......... .......... .......... .......... .......... 25% 45.3M 1s
  8600K .......... .......... .......... .......... .......... 25% 50.3M 1s
  8650K .......... .......... .......... .......... .......... 25% 48.5M 1s
  8700K .......... .......... .......... .......... .......... 25% 47.7M 1s
  8750K .......... .......... .......... .......... .......... 26% 33.9M 1s
  8800K .......... .......... .......... .......... .......... 26% 49.9M 1s
  8850K .......... .......... .......... .......... .......... 26% 46.0M 1s
  8900K .......... .......... .......... .......... .......... 26% 48.6M 1s
  8950K .......... .......... .......... .......... .......... 26% 39.3M 1s
  9000K .......... .......... .......... .......... .......... 26% 41.1M 1s
  9050K .......... .......... .......... .......... .......... 26% 44.5M 1s
  9100K .......... .......... .......... .......... .......... 27% 45.3M 1s
  9150K .......... .......... .......... .......... .......... 27% 44.9M 1s
  9200K .......... .......... .......... .......... .......... 27% 47.7M 1s
  9250K .......... .......... .......... .......... .......... 27% 45.2M 1s
  9300K .......... .......... .......... .......... .......... 27% 47.7M 1s
  9350K .......... .......... .......... .......... .......... 27% 49.0M 1s
  9400K .......... .......... .......... .......... .......... 27% 42.2M 1s
  9450K .......... .......... .......... .......... .......... 28% 40.4M 1s
  9500K .......... .......... .......... .......... .......... 28% 47.6M 1s
  9550K .......... .......... .......... .......... .......... 28% 53.4M 1s
  9600K .......... .......... .......... .......... .......... 28% 40.3M 1s
  9650K .......... .......... .......... .......... .......... 28% 53.5M 1s
  9700K .......... .......... .......... .......... .......... 28% 54.7M 1s
  9750K .......... .......... .......... .......... .......... 28% 47.6M 1s
  9800K .......... .......... .......... .......... .......... 29% 56.6M 1s
  9850K .......... .......... .......... .......... .......... 29% 39.7M 1s
  9900K .......... .......... .......... .......... .......... 29% 54.7M 1s
  9950K .......... .......... .......... .......... .......... 29% 53.8M 1s
 10000K .......... .......... .......... .......... .......... 29% 59.2M 1s
 10050K .......... .......... .......... .......... .......... 29% 43.4M 1s
 10100K .......... .......... .......... .......... .......... 30% 58.9M 1s
 10150K .......... .......... .......... .......... .......... 30% 51.9M 1s
 10200K .......... .......... .......... .......... .......... 30% 61.8M 0s
 10250K .......... .......... .......... .......... .......... 30% 59.8M 0s
 10300K .......... .......... .......... .......... .......... 30% 39.4M 0s
 10350K .......... .......... .......... .......... .......... 30% 46.8M 0s
 10400K .......... .......... .......... .......... .......... 30% 48.2M 0s
 10450K .......... .......... .......... .......... .......... 31% 46.5M 0s
 10500K .......... .......... .......... .......... .......... 31% 40.6M 0s
 10550K .......... .......... .......... .......... .......... 31% 47.3M 0s
 10600K .......... .......... .......... .......... .......... 31% 47.8M 0s
 10650K .......... .......... .......... .......... .......... 31% 47.0M 0s
 10700K .......... .......... .......... .......... .......... 31% 35.7M 0s
 10750K .......... .......... .......... .......... .......... 31% 50.4M 0s
 10800K .......... .......... .......... .......... .......... 32% 52.1M 0s
 10850K .......... .......... .......... .......... .......... 32% 47.1M 0s
 10900K .......... .......... .......... .......... .......... 32% 52.4M 0s
 10950K .......... .......... .......... .......... .......... 32% 43.4M 0s
 11000K .......... .......... .......... .......... .......... 32% 56.4M 0s
 11050K .......... .......... .......... .......... .......... 32% 50.3M 0s
 11100K .......... .......... .......... .......... .......... 32% 51.7M 0s
 11150K .......... .......... .......... .......... .......... 33% 41.0M 0s
 11200K .......... .......... .......... .......... .......... 33% 57.2M 0s
 11250K .......... .......... .......... .......... .......... 33% 44.9M 0s
 11300K .......... .......... .......... .......... .......... 33% 47.9M 0s
 11350K .......... .......... .......... .......... .......... 33% 52.4M 0s
 11400K .......... .......... .......... .......... .......... 33% 41.0M 0s
 11450K .......... .......... .......... .......... .......... 33% 50.2M 0s
 11500K .......... .......... .......... .......... .......... 34% 44.7M 0s
 11550K .......... .......... .......... .......... .......... 34% 55.2M 0s
 11600K .......... .......... .......... .......... .......... 34% 44.7M 0s
 11650K .......... .......... .......... .......... .......... 34% 52.3M 0s
 11700K .......... .......... .......... .......... .......... 34% 47.3M 0s
 11750K .......... .......... .......... .......... .......... 34% 47.0M 0s
 11800K .......... .......... .......... .......... .......... 35% 56.7M 0s
 11850K .......... .......... .......... .......... .......... 35% 47.5M 0s
 11900K .......... .......... .......... .......... .......... 35% 58.7M 0s
 11950K .......... .......... .......... .......... .......... 35% 53.3M 0s
 12000K .......... .......... .......... .......... .......... 35% 49.5M 0s
 12050K .......... .......... .......... .......... .......... 35% 40.2M 0s
 12100K .......... .......... .......... .......... .......... 35% 51.5M 0s
 12150K .......... .......... .......... .......... .......... 36% 56.6M 0s
 12200K .......... .......... .......... .......... .......... 36% 51.9M 0s
 12250K .......... .......... .......... .......... .......... 36% 47.8M 0s
 12300K .......... .......... .......... .......... .......... 36% 54.2M 0s
 12350K .......... .......... .......... .......... .......... 36% 39.3M 0s
 12400K .......... .......... .......... .......... .......... 36% 51.0M 0s
 12450K .......... .......... .......... .......... .......... 36% 45.7M 0s
 12500K .......... .......... .......... .......... .......... 37% 56.4M 0s
 12550K .......... .......... .......... .......... .......... 37% 45.0M 0s
 12600K .......... .......... .......... .......... .......... 37% 50.8M 0s
 12650K .......... .......... .......... .......... .......... 37% 51.8M 0s
 12700K .......... .......... .......... .......... .......... 37% 56.0M 0s
 12750K .......... .......... .......... .......... .......... 37% 44.8M 0s
 12800K .......... .......... .......... .......... .......... 37% 52.2M 0s
 12850K .......... .......... .......... .......... .......... 38% 45.3M 0s
 12900K .......... .......... .......... .......... .......... 38% 48.1M 0s
 12950K .......... .......... .......... .......... .......... 38% 48.8M 0s
 13000K .......... .......... .......... .......... .......... 38% 38.4M 0s
 13050K .......... .......... .......... .......... .......... 38% 46.0M 0s
 13100K .......... .......... .......... .......... .......... 38% 46.8M 0s
 13150K .......... .......... .......... .......... .......... 39% 46.6M 0s
 13200K .......... .......... .......... .......... .......... 39% 41.2M 0s
 13250K .......... .......... .......... .......... .......... 39% 41.5M 0s
 13300K .......... .......... .......... .......... .......... 39% 43.4M 0s
 13350K .......... .......... .......... .......... .......... 39% 43.8M 0s
 13400K .......... .......... .......... .......... .......... 39% 42.6M 0s
 13450K .......... .......... .......... .......... .......... 39% 38.2M 0s
 13500K .......... .......... .......... .......... .......... 40% 51.0M 0s
 13550K .......... .......... .......... .......... .......... 40% 50.2M 0s
 13600K .......... .......... .......... .......... .......... 40% 52.2M 0s
 13650K .......... .......... .......... .......... .......... 40% 41.6M 0s
 13700K .......... .......... .......... .......... .......... 40% 57.5M 0s
 13750K .......... .......... .......... .......... .......... 40% 50.2M 0s
 13800K .......... .......... .......... .......... .......... 40% 52.2M 0s
 13850K .......... .......... .......... .......... .......... 41% 55.7M 0s
 13900K .......... .......... .......... .......... .......... 41% 42.6M 0s
 13950K .......... .......... .......... .......... .......... 41% 53.3M 0s
 14000K .......... .......... .......... .......... .......... 41% 54.4M 0s
 14050K .......... .......... .......... .......... .......... 41% 61.4M 0s
 14100K .......... .......... .......... .......... .......... 41% 46.2M 0s
 14150K .......... .......... .......... .......... .......... 41% 47.3M 0s
 14200K .......... .......... .......... .......... .......... 42% 54.0M 0s
 14250K .......... .......... .......... .......... .......... 42% 51.9M 0s
 14300K .......... .......... .......... .......... .......... 42% 35.9M 0s
 14350K .......... .......... .......... .......... .......... 42% 47.6M 0s
 14400K .......... .......... .......... .......... .......... 42% 55.1M 0s
 14450K .......... .......... .......... .......... .......... 42% 45.9M 0s
 14500K .......... .......... .......... .......... .......... 43% 49.7M 0s
 14550K .......... .......... .......... .......... .......... 43% 39.1M 0s
 14600K .......... .......... .......... .......... .......... 43% 50.3M 0s
 14650K .......... .......... .......... .......... .......... 43% 50.3M 0s
 14700K .......... .......... .......... .......... .......... 43% 46.6M 0s
 14750K .......... .......... .......... .......... .......... 43% 39.3M 0s
 14800K .......... .......... .......... .......... .......... 43% 53.2M 0s
 14850K .......... .......... .......... .......... .......... 44% 52.9M 0s
 14900K .......... .......... .......... .......... .......... 44% 49.2M 0s
 14950K .......... .......... .......... .......... .......... 44% 50.7M 0s
 15000K .......... .......... .......... .......... .......... 44% 43.6M 0s
 15050K .......... .......... .......... .......... .......... 44% 52.8M 0s
 15100K .......... .......... .......... .......... .......... 44% 49.5M 0s
 15150K .......... .......... .......... .......... .......... 44% 55.1M 0s
 15200K .......... .......... .......... .......... .......... 45% 39.2M 0s
 15250K .......... .......... .......... .......... .......... 45% 50.1M 0s
 15300K .......... .......... .......... .......... .......... 45% 44.5M 0s
 15350K .......... .......... .......... .......... .......... 45% 51.2M 0s
 15400K .......... .......... .......... .......... .......... 45% 53.3M 0s
 15450K .......... .......... .......... .......... .......... 45% 41.0M 0s
 15500K .......... .......... .......... .......... .......... 45% 53.6M 0s
 15550K .......... .......... .......... .......... .......... 46% 49.9M 0s
 15600K .......... .......... .......... .......... .......... 46% 49.9M 0s
 15650K .......... .......... .......... .......... .......... 46% 43.5M 0s
 15700K .......... .......... .......... .......... .......... 46% 46.5M 0s
 15750K .......... .......... .......... .......... .......... 46% 44.3M 0s
 15800K .......... .......... .......... .......... .......... 46% 52.9M 0s
 15850K .......... .......... .......... .......... .......... 47% 41.2M 0s
 15900K .......... .......... .......... .......... .......... 47% 52.5M 0s
 15950K .......... .......... .......... .......... .......... 47% 49.2M 0s
 16000K .......... .......... .......... .......... .......... 47% 43.3M 0s
 16050K .......... .......... .......... .......... .......... 47% 54.2M 0s
 16100K .......... .......... .......... .......... .......... 47% 40.7M 0s
 16150K .......... .......... .......... .......... .......... 47% 49.4M 0s
 16200K .......... .......... .......... .......... .......... 48% 47.6M 0s
 16250K .......... .......... .......... .......... .......... 48% 50.4M 0s
 16300K .......... .......... .......... .......... .......... 48% 38.7M 0s
 16350K .......... .......... .......... .......... .......... 48% 44.5M 0s
 16400K .......... .......... .......... .......... .......... 48% 47.0M 0s
 16450K .......... .......... .......... .......... .......... 48% 49.1M 0s
 16500K .......... .......... .......... .......... .......... 48% 39.8M 0s
 16550K .......... .......... .......... .......... .......... 49% 44.7M 0s
 16600K .......... .......... .......... .......... .......... 49% 37.3M 0s
 16650K .......... .......... .......... .......... .......... 49% 48.7M 0s
 16700K .......... .......... .......... .......... .......... 49% 39.2M 0s
 16750K .......... .......... .......... .......... .......... 49% 49.3M 0s
 16800K .......... .......... .......... .......... .......... 49% 36.3M 0s
 16850K .......... .......... .......... .......... .......... 49% 45.5M 0s
 16900K .......... .......... .......... .......... .......... 50% 45.2M 0s
 16950K .......... .......... .......... .......... .......... 50% 41.4M 0s
 17000K .......... .......... .......... .......... .......... 50% 51.5M 0s
 17050K .......... .......... .......... .......... .......... 50% 36.6M 0s
 17100K .......... .......... .......... .......... .......... 50% 42.6M 0s
 17150K .......... .......... .......... .......... .......... 50% 36.8M 0s
 17200K .......... .......... .......... .......... .......... 50% 48.0M 0s
 17250K .......... .......... .......... .......... .......... 51% 40.5M 0s
 17300K .......... .......... .......... .......... .......... 51% 48.6M 0s
 17350K .......... .......... .......... .......... .......... 51% 48.2M 0s
 17400K .......... .......... .......... .......... .......... 51% 50.0M 0s
 17450K .......... .......... .......... .......... .......... 51% 50.1M 0s
 17500K .......... .......... .......... .......... .......... 51% 38.6M 0s
 17550K .......... .......... .......... .......... .......... 52% 49.0M 0s
 17600K .......... .......... .......... .......... .......... 52% 48.6M 0s
 17650K .......... .......... .......... .......... .......... 52% 52.1M 0s
 17700K .......... .......... .......... .......... .......... 52% 40.6M 0s
 17750K .......... .......... .......... .......... .......... 52% 55.4M 0s
 17800K .......... .......... .......... .......... .......... 52% 45.4M 0s
 17850K .......... .......... .......... .......... .......... 52% 50.0M 0s
 17900K .......... .......... .......... .......... .......... 53% 37.7M 0s
 17950K .......... .......... .......... .......... .......... 53% 46.2M 0s
 18000K .......... .......... .......... .......... .......... 53% 45.8M 0s
 18050K .......... .......... .......... .......... .......... 53% 40.3M 0s
 18100K .......... .......... .......... .......... .......... 53% 46.8M 0s
 18150K .......... .......... .......... .......... .......... 53% 37.8M 0s
 18200K .......... .......... .......... .......... .......... 53% 47.9M 0s
 18250K .......... .......... .......... .......... .......... 54% 45.6M 0s
 18300K .......... .......... .......... .......... .......... 54% 40.0M 0s
 18350K .......... .......... .......... .......... .......... 54% 33.5M 0s
 18400K .......... .......... .......... .......... .......... 54% 49.3M 0s
 18450K .......... .......... .......... .......... .......... 54% 48.0M 0s
 18500K .......... .......... .......... .......... .......... 54% 42.6M 0s
 18550K .......... .......... .......... .......... .......... 54% 46.4M 0s
 18600K .......... .......... .......... .......... .......... 55% 34.7M 0s
 18650K .......... .......... .......... .......... .......... 55% 48.7M 0s
 18700K .......... .......... .......... .......... .......... 55% 45.3M 0s
 18750K .......... .......... .......... .......... .......... 55% 47.7M 0s
 18800K .......... .......... .......... .......... .......... 55% 38.4M 0s
 18850K .......... .......... .......... .......... .......... 55% 47.5M 0s
 18900K .......... .......... .......... .......... .......... 56% 41.9M 0s
 18950K .......... .......... .......... .......... .......... 56% 48.6M 0s
 19000K .......... .......... .......... .......... .......... 56% 44.4M 0s
 19050K .......... .......... .......... .......... .......... 56% 38.1M 0s
 19100K .......... .......... .......... .......... .......... 56% 53.8M 0s
 19150K .......... .......... .......... .......... .......... 56% 41.9M 0s
 19200K .......... .......... .......... .......... .......... 56% 49.9M 0s
 19250K .......... .......... .......... .......... .......... 57% 39.0M 0s
 19300K .......... .......... .......... .......... .......... 57% 48.9M 0s
 19350K .......... .......... .......... .......... .......... 57% 50.0M 0s
 19400K .......... .......... .......... .......... .......... 57% 49.7M 0s
 19450K .......... .......... .......... .......... .......... 57% 41.7M 0s
 19500K .......... .......... .......... .......... .......... 57% 44.3M 0s
 19550K .......... .......... .......... .......... .......... 57% 49.1M 0s
 19600K .......... .......... .......... .......... .......... 58% 48.9M 0s
 19650K .......... .......... .......... .......... .......... 58% 47.5M 0s
 19700K .......... .......... .......... .......... .......... 58% 41.4M 0s
 19750K .......... .......... .......... .......... .......... 58% 46.9M 0s
 19800K .......... .......... .......... .......... .......... 58% 53.6M 0s
 19850K .......... .......... .......... .......... .......... 58% 51.4M 0s
 19900K .......... .......... .......... .......... .......... 58% 36.3M 0s
 19950K .......... .......... .......... .......... .......... 59% 47.5M 0s
 20000K .......... .......... .......... .......... .......... 59% 47.8M 0s
 20050K .......... .......... .......... .......... .......... 59% 48.8M 0s
 20100K .......... .......... .......... .......... .......... 59% 53.8M 0s
 20150K .......... .......... .......... .......... .......... 59% 38.3M 0s
 20200K .......... .......... .......... .......... .......... 59% 49.2M 0s
 20250K .......... .......... .......... .......... .......... 60% 50.5M 0s
 20300K .......... .......... .......... .......... .......... 60% 49.3M 0s
 20350K .......... .......... .......... .......... .......... 60% 35.6M 0s
 20400K .......... .......... .......... .......... .......... 60% 44.7M 0s
 20450K .......... .......... .......... .......... .......... 60% 49.3M 0s
 20500K .......... .......... .......... .......... .......... 60% 48.9M 0s
 20550K .......... .......... .......... .......... .......... 60% 48.7M 0s
 20600K .......... .......... .......... .......... .......... 61% 49.1M 0s
 20650K .......... .......... .......... .......... .......... 61% 37.6M 0s
 20700K .......... .......... .......... .......... .......... 61% 45.3M 0s
 20750K .......... .......... .......... .......... .......... 61% 49.8M 0s
 20800K .......... .......... .......... .......... .......... 61% 46.5M 0s
 20850K .......... .......... .......... .......... .......... 61% 41.5M 0s
 20900K .......... .......... .......... .......... .......... 61% 47.8M 0s
 20950K .......... .......... .......... .......... .......... 62% 52.6M 0s
 21000K .......... .......... .......... .......... .......... 62% 45.1M 0s
 21050K .......... .......... .......... .......... .......... 62% 50.5M 0s
 21100K .......... .......... .......... .......... .......... 62% 39.9M 0s
 21150K .......... .......... .......... .......... .......... 62% 48.6M 0s
 21200K .......... .......... .......... .......... .......... 62% 48.2M 0s
 21250K .......... .......... .......... .......... .......... 62% 45.1M 0s
 21300K .......... .......... .......... .......... .......... 63% 39.1M 0s
 21350K .......... .......... .......... .......... .......... 63% 54.2M 0s
 21400K .......... .......... .......... .......... .......... 63% 46.6M 0s
 21450K .......... .......... .......... .......... .......... 63% 54.0M 0s
 21500K .......... .......... .......... .......... .......... 63% 38.9M 0s
 21550K .......... .......... .......... .......... .......... 63% 54.9M 0s
 21600K .......... .......... .......... .......... .......... 64% 46.3M 0s
 21650K .......... .......... .......... .......... .......... 64% 44.7M 0s
 21700K .......... .......... .......... .......... .......... 64% 47.7M 0s
 21750K .......... .......... .......... .......... .......... 64% 38.8M 0s
 21800K .......... .......... .......... .......... .......... 64% 53.3M 0s
 21850K .......... .......... .......... .......... .......... 64% 44.2M 0s
 21900K .......... .......... .......... .......... .......... 64% 44.4M 0s
 21950K .......... .......... .......... .......... .......... 65% 38.7M 0s
 22000K .......... .......... .......... .......... .......... 65% 41.6M 0s
 22050K .......... .......... .......... .......... .......... 65% 42.2M 0s
 22100K .......... .......... .......... .......... .......... 65% 46.2M 0s
 22150K .......... .......... .......... .......... .......... 65% 50.6M 0s
 22200K .......... .......... .......... .......... .......... 65% 38.0M 0s
 22250K .......... .......... .......... .......... .......... 65% 46.1M 0s
 22300K .......... .......... .......... .......... .......... 66% 38.7M 0s
 22350K .......... .......... .......... .......... .......... 66% 51.6M 0s
 22400K .......... .......... .......... .......... .......... 66% 38.9M 0s
 22450K .......... .......... .......... .......... .......... 66% 48.1M 0s
 22500K .......... .......... .......... .......... .......... 66% 46.3M 0s
 22550K .......... .......... .......... .......... .......... 66% 54.6M 0s
 22600K .......... .......... .......... .......... .......... 66% 53.9M 0s
 22650K .......... .......... .......... .......... .......... 67% 39.1M 0s
 22700K .......... .......... .......... .......... .......... 67% 56.5M 0s
 22750K .......... .......... .......... .......... .......... 67% 40.9M 0s
 22800K .......... .......... .......... .......... .......... 67% 55.1M 0s
 22850K .......... .......... .......... .......... .......... 67% 43.6M 0s
 22900K .......... .......... .......... .......... .......... 67% 62.7M 0s
 22950K .......... .......... .......... .......... .......... 67% 49.5M 0s
 23000K .......... .......... .......... .......... .......... 68% 42.5M 0s
 23050K .......... .......... .......... .......... .......... 68% 45.5M 0s
 23100K .......... .......... .......... .......... .......... 68% 44.1M 0s
 23150K .......... .......... .......... .......... .......... 68% 45.9M 0s
 23200K .......... .......... .......... .......... .......... 68% 46.8M 0s
 23250K .......... .......... .......... .......... .......... 68% 43.0M 0s
 23300K .......... .......... .......... .......... .......... 69% 40.9M 0s
 23350K .......... .......... .......... .......... .......... 69% 40.5M 0s
 23400K .......... .......... .......... .......... .......... 69% 43.5M 0s
 23450K .......... .......... .......... .......... .......... 69% 49.0M 0s
 23500K .......... .......... .......... .......... .......... 69% 38.3M 0s
 23550K .......... .......... .......... .......... .......... 69% 49.2M 0s
 23600K .......... .......... .......... .......... .......... 69% 47.8M 0s
 23650K .......... .......... .......... .......... .......... 70% 44.0M 0s
 23700K .......... .......... .......... .......... .......... 70% 53.1M 0s
 23750K .......... .......... .......... .......... .......... 70% 38.7M 0s
 23800K .......... .......... .......... .......... .......... 70% 50.8M 0s
 23850K .......... .......... .......... .......... .......... 70% 43.1M 0s
 23900K .......... .......... .......... .......... .......... 70% 46.6M 0s
 23950K .......... .......... .......... .......... .......... 70% 35.9M 0s
 24000K .......... .......... .......... .......... .......... 71% 48.0M 0s
 24050K .......... .......... .......... .......... .......... 71% 48.1M 0s
 24100K .......... .......... .......... .......... .......... 71% 49.7M 0s
 24150K .......... .......... .......... .......... .......... 71% 50.2M 0s
 24200K .......... .......... .......... .......... .......... 71% 40.0M 0s
 24250K .......... .......... .......... .......... .......... 71% 49.3M 0s
 24300K .......... .......... .......... .......... .......... 71% 46.0M 0s
 24350K .......... .......... .......... .......... .......... 72% 51.6M 0s
 24400K .......... .......... .......... .......... .......... 72% 38.8M 0s
 24450K .......... .......... .......... .......... .......... 72% 50.4M 0s
 24500K .......... .......... .......... .......... .......... 72% 43.0M 0s
 24550K .......... .......... .......... .......... .......... 72% 43.3M 0s
 24600K .......... .......... .......... .......... .......... 72% 49.3M 0s
 24650K .......... .......... .......... .......... .......... 73% 48.9M 0s
 24700K .......... .......... .......... .......... .......... 73% 39.0M 0s
 24750K .......... .......... .......... .......... .......... 73% 50.4M 0s
 24800K .......... .......... .......... .......... .......... 73% 45.2M 0s
 24850K .......... .......... .......... .......... .......... 73% 46.2M 0s
 24900K .......... .......... .......... .......... .......... 73% 36.3M 0s
 24950K .......... .......... .......... .......... .......... 73% 45.2M 0s
 25000K .......... .......... .......... .......... .......... 74% 42.4M 0s
 25050K .......... .......... .......... .......... .......... 74% 44.6M 0s
 25100K .......... .......... .......... .......... .......... 74% 36.4M 0s
 25150K .......... .......... .......... .......... .......... 74% 42.3M 0s
 25200K .......... .......... .......... .......... .......... 74% 50.0M 0s
 25250K .......... .......... .......... .......... .......... 74% 43.5M 0s
 25300K .......... .......... .......... .......... .......... 74% 51.4M 0s
 25350K .......... .......... .......... .......... .......... 75% 36.5M 0s
 25400K .......... .......... .......... .......... .......... 75% 49.5M 0s
 25450K .......... .......... .......... .......... .......... 75% 46.2M 0s
 25500K .......... .......... .......... .......... .......... 75% 49.9M 0s
 25550K .......... .......... .......... .......... .......... 75% 37.3M 0s
 25600K .......... .......... .......... .......... .......... 75% 41.0M 0s
 25650K .......... .......... .......... .......... .......... 75% 48.0M 0s
 25700K .......... .......... .......... .......... .......... 76% 43.5M 0s
 25750K .......... .......... .......... .......... .......... 76% 42.0M 0s
 25800K .......... .......... .......... .......... .......... 76% 40.2M 0s
 25850K .......... .......... .......... .......... .......... 76% 50.4M 0s
 25900K .......... .......... .......... .......... .......... 76% 45.5M 0s
 25950K .......... .......... .......... .......... .......... 76% 49.6M 0s
 26000K .......... .......... .......... .......... .......... 77% 37.7M 0s
 26050K .......... .......... .......... .......... .......... 77% 48.1M 0s
 26100K .......... .......... .......... .......... .......... 77% 40.6M 0s
 26150K .......... .......... .......... .......... .......... 77% 52.7M 0s
 26200K .......... .......... .......... .......... .......... 77% 43.6M 0s
 26250K .......... .......... .......... .......... .......... 77% 37.6M 0s
 26300K .......... .......... .......... .......... .......... 77% 47.0M 0s
 26350K .......... .......... .......... .......... .......... 78% 42.8M 0s
 26400K .......... .......... .......... .......... .......... 78% 40.9M 0s
 26450K .......... .......... .......... .......... .......... 78% 40.1M 0s
 26500K .......... .......... .......... .......... .......... 78% 39.4M 0s
 26550K .......... .......... .......... .......... .......... 78% 38.5M 0s
 26600K .......... .......... .......... .......... .......... 78% 43.0M 0s
 26650K .......... .......... .......... .......... .......... 78% 36.0M 0s
 26700K .......... .......... .......... .......... .......... 79% 48.1M 0s
 26750K .......... .......... .......... .......... .......... 79% 39.9M 0s
 26800K .......... .......... .......... .......... .......... 79% 39.6M 0s
 26850K .......... .......... .......... .......... .......... 79% 49.0M 0s
 26900K .......... .......... .......... .......... .......... 79% 41.4M 0s
 26950K .......... .......... .......... .......... .......... 79% 50.5M 0s
 27000K .......... .......... .......... .......... .......... 79% 47.9M 0s
 27050K .......... .......... .......... .......... .......... 80% 58.4M 0s
 27100K .......... .......... .......... .......... .......... 80% 40.0M 0s
 27150K .......... .......... .......... .......... .......... 80% 50.3M 0s
 27200K .......... .......... .......... .......... .......... 80% 49.4M 0s
 27250K .......... .......... .......... .......... .......... 80% 46.5M 0s
 27300K .......... .......... .......... .......... .......... 80% 53.3M 0s
 27350K .......... .......... .......... .......... .......... 81% 35.2M 0s
 27400K .......... .......... .......... .......... .......... 81% 50.6M 0s
 27450K .......... .......... .......... .......... .......... 81% 49.2M 0s
 27500K .......... .......... .......... .......... .......... 81% 52.7M 0s
 27550K .......... .......... .......... .......... .......... 81% 43.2M 0s
 27600K .......... .......... .......... .......... .......... 81% 48.9M 0s
 27650K .......... .......... .......... .......... .......... 81% 43.1M 0s
 27700K .......... .......... .......... .......... .......... 82% 47.0M 0s
 27750K .......... .......... .......... .......... .......... 82% 49.9M 0s
 27800K .......... .......... .......... .......... .......... 82% 41.6M 0s
 27850K .......... .......... .......... .......... .......... 82% 49.1M 0s
 27900K .......... .......... .......... .......... .......... 82% 53.2M 0s
 27950K .......... .......... .......... .......... .......... 82% 46.0M 0s
 28000K .......... .......... .......... .......... .......... 82% 37.1M 0s
 28050K .......... .......... .......... .......... .......... 83% 53.2M 0s
 28100K .......... .......... .......... .......... .......... 83% 45.7M 0s
 28150K .......... .......... .......... .......... .......... 83% 46.0M 0s
 28200K .......... .......... .......... .......... .......... 83% 35.1M 0s
 28250K .......... .......... .......... .......... .......... 83% 49.5M 0s
 28300K .......... .......... .......... .......... .......... 83% 54.4M 0s
 28350K .......... .......... .......... .......... .......... 83% 48.6M 0s
 28400K .......... .......... .......... .......... .......... 84% 51.8M 0s
 28450K .......... .......... .......... .......... .......... 84% 42.9M 0s
 28500K .......... .......... .......... .......... .......... 84% 45.2M 0s
 28550K .......... .......... .......... .......... .......... 84% 48.8M 0s
 28600K .......... .......... .......... .......... .......... 84% 45.6M 0s
 28650K .......... .......... .......... .......... .......... 84% 36.7M 0s
 28700K .......... .......... .......... .......... .......... 84% 36.4M 0s
 28750K .......... .......... .......... .......... .......... 85% 48.9M 0s
 28800K .......... .......... .......... .......... .......... 85% 45.0M 0s
 28850K .......... .......... .......... .......... .......... 85% 48.3M 0s
 28900K .......... .......... .......... .......... .......... 85% 45.5M 0s
 28950K .......... .......... .......... .......... .......... 85% 36.6M 0s
 29000K .......... .......... .......... .......... .......... 85% 50.5M 0s
 29050K .......... .......... .......... .......... .......... 86% 38.1M 0s
 29100K .......... .......... .......... .......... .......... 86% 45.9M 0s
 29150K .......... .......... .......... .......... .......... 86% 30.5M 0s
 29200K .......... .......... .......... .......... .......... 86% 46.0M 0s
 29250K .......... .......... .......... .......... .......... 86% 47.1M 0s
 29300K .......... .......... .......... .......... .......... 86% 40.1M 0s
 29350K .......... .......... .......... .......... .......... 86% 41.1M 0s
 29400K .......... .......... .......... .......... .......... 87% 34.2M 0s
 29450K .......... .......... .......... .......... .......... 87% 45.1M 0s
 29500K .......... .......... .......... .......... .......... 87% 40.7M 0s
 29550K .......... .......... .......... .......... .......... 87% 46.5M 0s
 29600K .......... .......... .......... .......... .......... 87% 39.1M 0s
 29650K .......... .......... .......... .......... .......... 87% 42.4M 0s
 29700K .......... .......... .......... .......... .......... 87% 49.1M 0s
 29750K .......... .......... .......... .......... .......... 88% 55.2M 0s
 29800K .......... .......... .......... .......... .......... 88% 58.1M 0s
 29850K .......... .......... .......... .......... .......... 88% 36.9M 0s
 29900K .......... .......... .......... .......... .......... 88% 47.1M 0s
 29950K .......... .......... .......... .......... .......... 88% 42.6M 0s
 30000K .......... .......... .......... .......... .......... 88% 40.7M 0s
 30050K .......... .......... .......... .......... .......... 88% 35.9M 0s
 30100K .......... .......... .......... .......... .......... 89% 45.5M 0s
 30150K .......... .......... .......... .......... .......... 89% 45.3M 0s
 30200K .......... .......... .......... .......... .......... 89% 50.6M 0s
 30250K .......... .......... .......... .......... .......... 89% 35.9M 0s
 30300K .......... .......... .......... .......... .......... 89% 42.6M 0s
 30350K .......... .......... .......... .......... .......... 89% 46.2M 0s
 30400K .......... .......... .......... .......... .......... 90% 44.9M 0s
 30450K .......... .......... .......... .......... .......... 90% 44.5M 0s
 30500K .......... .......... .......... .......... .......... 90% 40.9M 0s
 30550K .......... .......... .......... .......... .......... 90% 49.8M 0s
 30600K .......... .......... .......... .......... .......... 90% 46.7M 0s
 30650K .......... .......... .......... .......... .......... 90% 47.9M 0s
 30700K .......... .......... .......... .......... .......... 90% 39.4M 0s
 30750K .......... .......... .......... .......... .......... 91% 52.6M 0s
 30800K .......... .......... .......... .......... .......... 91% 48.9M 0s
 30850K .......... .......... .......... .......... .......... 91% 45.8M 0s
 30900K .......... .......... .......... .......... .......... 91% 47.2M 0s
 30950K .......... .......... .......... .......... .......... 91% 37.1M 0s
 31000K .......... .......... .......... .......... .......... 91% 55.9M 0s
 31050K .......... .......... .......... .......... .......... 91% 47.2M 0s
 31100K .......... .......... .......... .......... .......... 92% 50.8M 0s
 31150K .......... .......... .......... .......... .......... 92% 38.1M 0s
 31200K .......... .......... .......... .......... .......... 92% 41.4M 0s
 31250K .......... .......... .......... .......... .......... 92% 48.9M 0s
 31300K .......... .......... .......... .......... .......... 92% 49.0M 0s
 31350K .......... .......... .......... .......... .......... 92% 45.7M 0s
 31400K .......... .......... .......... .......... .......... 92% 36.6M 0s
 31450K .......... .......... .......... .......... .......... 93% 48.5M 0s
 31500K .......... .......... .......... .......... .......... 93% 42.9M 0s
 31550K .......... .......... .......... .......... .......... 93% 48.8M 0s
 31600K .......... .......... .......... .......... .......... 93% 40.5M 0s
 31650K .......... .......... .......... .......... .......... 93% 49.6M 0s
 31700K .......... .......... .......... .......... .......... 93% 45.2M 0s
 31750K .......... .......... .......... .......... .......... 94% 48.5M 0s
 31800K .......... .......... .......... .......... .......... 94% 35.8M 0s
 31850K .......... .......... .......... .......... .......... 94% 46.0M 0s
 31900K .......... .......... .......... .......... .......... 94% 47.6M 0s
 31950K .......... .......... .......... .......... .......... 94% 41.1M 0s
 32000K .......... .......... .......... .......... .......... 94% 48.3M 0s
 32050K .......... .......... .......... .......... .......... 94% 36.0M 0s
 32100K .......... .......... .......... .......... .......... 95% 50.6M 0s
 32150K .......... .......... .......... .......... .......... 95% 44.7M 0s
 32200K .......... .......... .......... .......... .......... 95% 42.4M 0s
 32250K .......... .......... .......... .......... .......... 95% 36.2M 0s
 32300K .......... .......... .......... .......... .......... 95% 31.7M 0s
 32350K .......... .......... .......... .......... .......... 95% 37.3M 0s
 32400K .......... .......... .......... .......... .......... 95% 48.4M 0s
 32450K .......... .......... .......... .......... .......... 96% 44.7M 0s
 32500K .......... .......... .......... .......... .......... 96% 39.8M 0s
 32550K .......... .......... .......... .......... .......... 96% 53.6M 0s
 32600K .......... .......... .......... .......... .......... 96% 42.5M 0s
 32650K .......... .......... .......... .......... .......... 96% 44.2M 0s
 32700K .......... .......... .......... .......... .......... 96% 37.8M 0s
 32750K .......... .......... .......... .......... .......... 96% 44.1M 0s
 32800K .......... .......... .......... .......... .......... 97% 50.6M 0s
 32850K .......... .......... .......... .......... .......... 97% 55.3M 0s
 32900K .......... .......... .......... .......... .......... 97% 45.6M 0s
 32950K .......... .......... .......... .......... .......... 97% 46.2M 0s
 33000K .......... .......... .......... .......... .......... 97% 30.7M 0s
 33050K .......... .......... .......... .......... .......... 97% 49.9M 0s
 33100K .......... .......... .......... .......... .......... 98% 38.4M 0s
 33150K .......... .......... .......... .......... .......... 98% 46.8M 0s
 33200K .......... .......... .......... .......... .......... 98% 40.5M 0s
 33250K .......... .......... .......... .......... .......... 98% 43.6M 0s
 33300K .......... .......... .......... .......... .......... 98% 42.8M 0s
 33350K .......... .......... .......... .......... .......... 98% 47.4M 0s
 33400K .......... .......... .......... .......... .......... 98% 46.6M 0s
 33450K .......... .......... .......... .......... .......... 99% 43.2M 0s
 33500K .......... .......... .......... .......... .......... 99% 61.9M 0s
 33550K .......... .......... .......... .......... .......... 99% 47.3M 0s
 33600K .......... .......... .......... .......... .......... 99% 49.9M 0s
 33650K .......... .......... .......... .......... .......... 99% 39.6M 0s
 33700K .......... .......... .......... .......... .......... 99% 62.9M 0s
 33750K .......... .......... .......... .......... .......... 99% 59.7M 0s
 33800K .......... .......... ....                            100% 54.3M=0.7s

2022-08-07 19:15:27 (45.6 MB/s) - 'MG5_aMC_v2.6.5.tar.gz' saved [34635867/34635867]

patching file models/loop_qcd_qed_sm/restrict_lepton_masses_no_lepton_yukawas.dat
patching file models/loop_sm/restrict_ckm_no_b_mass.dat
patching file models/sm/restrict_ckm_lepton_masses.dat
patching file models/sm/restrict_ckm_lepton_masses_no_b_mass.dat
patching file models/sm/restrict_ckm_no_b_mass.dat
patching file models/sm/restrict_lepton_masses_no_b_mass.dat
patching file Template/NLO/SubProcesses/MCmasses_PYTHIA8.inc
patching file madgraph/interface/reweight_interface.py
patching file madgraph/interface/loop_interface.py
patching file madgraph/various/systematics.py
patching file Template/LO/Source/.make_opts
Hunk #1 succeeded at 118 (offset 4 lines).
patching file Template/NLO/Source/make_opts.inc
patching file madgraph/iolibs/export_v4.py
Hunk #1 succeeded at 521 (offset 23 lines).
patching file madgraph/iolibs/template_files/pdf_opendata.f
patching file madgraph/iolibs/template_files/pdf_wrap_lhapdf.f
Hunk #2 succeeded at 38 with fuzz 1.
patching file Template/LO/SubProcesses/refine.sh
patching file Template/LO/SubProcesses/refine_splitted.sh
patching file Template/LO/SubProcesses/survey.sh
patching file Template/NLO/SubProcesses/ajob_template
patching file Template/NLO/SubProcesses/reweight_xsec_events.local
patching file Template/LO/Source/.make_opts
Hunk #1 succeeded at 100 (offset 4 lines).
patching file Template/LO/Source/PDF/pdf_lhapdf6.cc
Hunk #1 succeeded at 16 with fuzz 2 (offset 4 lines).
patching file Template/NLO/Source/PDF/pdf_lhapdf6.cc
Hunk #1 succeeded at 16 with fuzz 2 (offset 4 lines).
patching file Template/NLO/Source/make_opts.inc
patching file madgraph/iolibs/template_files/pdf_wrap_lhapdf.f
patching file Template/LO/SubProcesses/refine.sh
Hunk #3 succeeded at 113 with fuzz 2.
patching file Template/LO/SubProcesses/refine_splitted.sh
patching file Template/LO/SubProcesses/survey.sh
patching file Template/NLO/SubProcesses/ajob_template
patching file Template/NLO/SubProcesses/reweight_xsec_events.local
patching file madgraph/interface/reweight_interface.py
Hunk #1 succeeded at 1885 (offset 37 lines).
patching file madgraph/interface/common_run_interface.py
Hunk #1 succeeded at 1701 (offset 101 lines).
patching file Template/LO/SubProcesses/refine.sh
patching file Template/LO/SubProcesses/refine_splitted.sh
patching file Template/LO/SubProcesses/survey.sh
patching file Template/NLO/SubProcesses/ajob_template
patching file Template/NLO/SubProcesses/reweight_xsec_events.local
patching file madgraph/various/misc.py
Hunk #1 succeeded at 450 (offset 48 lines).
patching file madgraph/interface/amcatnlo_run_interface.py
patching file madgraph/interface/madevent_interface.py
Hunk #1 succeeded at 6598 (offset 17 lines).
Hunk #2 succeeded at 6614 (offset 17 lines).
patching file madgraph/interface/reweight_interface.py
Hunk #2 succeeded at 1696 (offset 25 lines).
patching file MadSpin/decay.py
patching file Template/NLO/SubProcesses/handling_lhe_events.f
patching file madgraph/interface/amcatnlo_run_interface.py
patching file madgraph/interface/reweight_interface.py
Hunk #1 succeeded at 644 (offset 1 line).
Hunk #2 succeeded at 1788 (offset 7 lines).
patching file Template/NLO/SubProcesses/driver_mintFO.f
patching file Template/NLO/SubProcesses/driver_mintMC.f
patching file madgraph/core/helas_objects.py
patching file MadSpin/interface_madspin.py
patching file Template/LO/Source/PDF/PhotonFlux.f
patching file madgraph/interface/madevent_interface.py
patching file madgraph/interface/madgraph_interface.py
patching file Template/LO/bin/internal/restore_data
patching file madgraph/interface/madevent_interface.py
patching file madgraph/interface/madevent_interface.py
patching file Template/loop_material/StandAlone/SubProcesses/MadLoopCommons.inc
patching file MadSpin/interface_madspin.py
patching file madgraph/interface/common_run_interface.py
patching file MadSpin/interface_madspin.py
patching file madgraph/interface/amcatnlo_run_interface.py
Hunk #5 succeeded at 4324 (offset 1 line).
Hunk #6 succeeded at 5105 (offset 1 line).
Hunk #7 succeeded at 5440 (offset 1 line).
patching file madgraph/various/cluster.py
patching file madgraph/interface/reweight_interface.py
Hunk #1 succeeded at 751 with fuzz 1 (offset 1 line).
patching file madgraph/interface/madgraph_interface.py
ls: cannot access /afs/cern.ch/user/v/vasarkis/genproductions/bin/MadGraph5_aMCatNLO/cards/production/13p6TeV/WprimeToENu_LO/final_cards/WprimeToENu_M-1000_kR-0p01_LO_NNPDF31nnlo//WprimeToENu_M-1000_kR-0p01_LO_NNPDF31nnlo*.patch: No such file or directory
************************************************************
*                                                          *
*                     W E L C O M E to                     *
*              M A D G R A P H 5 _ a M C @ N L O           *
*                                                          *
*                                                          *
*                 *                       *                *
*                   *        * *        *                  *
*                     * * * * 5 * * * *                    *
*                   *        * *        *                  *
*                 *                       *                *
*                                                          *
*         VERSION 2.6.5                 2018-02-03         *
*                                                          *
*    The MadGraph5_aMC@NLO Development Team - Find us at   *
*    https://server06.fynu.ucl.ac.be/projects/madgraph     *
*                            and                           *
*            http://amcatnlo.web.cern.ch/amcatnlo/         *
*                                                          *
*               Type 'help' for in-line help.              *
*           Type 'tutorial' to learn how MG5 works         *
*    Type 'tutorial aMCatNLO' to learn how aMC@NLO works   *
*    Type 'tutorial MadLoop' to learn how MadLoop works    *
*                                                          *
************************************************************
load MG5 configuration from input/mg5_configuration.txt 
fastjet-config does not seem to correspond to a valid fastjet-config executable (v3+). We will use fjcore instead.
 Please set the 'fastjet'variable to the full (absolute) /PATH/TO/fastjet-config (including fastjet-config).
 MG5_aMC> set fastjet /PATH/TO/fastjet-config

set lhapdf to lhapdf-config
Using default eps viewer "evince". Set another one in ./input/mg5_configuration.txt
Using default web browser "firefox". Set another one in ./input/mg5_configuration.txt
import /afs/cern.ch/user/v/vasarkis/genproductions/bin/MadGraph5_aMCatNLO/WprimeToENu_M-1000_kR-0p01_LO_NNPDF31nnlo/WprimeToENu_M-1000_kR-0p01_LO_NNPDF31nnlo_gridpack/work/MG5_aMC_v2_6_5/mgconfigscript
The import format was not given, so we guess it as command
set auto_update 0
save options auto_update
save configuration file to /afs/cern.ch/user/v/vasarkis/genproductions/bin/MadGraph5_aMCatNLO/WprimeToENu_M-1000_kR-0p01_LO_NNPDF31nnlo/WprimeToENu_M-1000_kR-0p01_LO_NNPDF31nnlo_gridpack/work/MG5_aMC_v2_6_5/input/mg5_configuration.txt
set automatic_html_opening False
This option will be the default in any output that you are going to create in this session.
In order to keep this changes permanent please run 'save options'
set lhapdf /cvmfs/cms.cern.ch/slc7_amd64_gcc700/external/lhapdf/6.2.1-pafccj3/share/LHAPDF/../../bin/lhapdf-config
set lhapdf to /cvmfs/cms.cern.ch/slc7_amd64_gcc700/external/lhapdf/6.2.1-pafccj3/share/LHAPDF/../../bin/lhapdf-config
save options lhapdf
save configuration file to /afs/cern.ch/user/v/vasarkis/genproductions/bin/MadGraph5_aMCatNLO/WprimeToENu_M-1000_kR-0p01_LO_NNPDF31nnlo/WprimeToENu_M-1000_kR-0p01_LO_NNPDF31nnlo_gridpack/work/MG5_aMC_v2_6_5/input/mg5_configuration.txt
set run_mode 2
This option will be the default in any output that you are going to create in this session.
In order to keep this changes permanent please run 'save options'
save options
save configuration file to /afs/cern.ch/user/v/vasarkis/genproductions/bin/MadGraph5_aMCatNLO/WprimeToENu_M-1000_kR-0p01_LO_NNPDF31nnlo/WprimeToENu_M-1000_kR-0p01_LO_NNPDF31nnlo_gridpack/work/MG5_aMC_v2_6_5/input/mg5_configuration.txt
quit
Loading extra models specified in /afs/cern.ch/user/v/vasarkis/genproductions/bin/MadGraph5_aMCatNLO/cards/production/13p6TeV/WprimeToENu_LO/final_cards/WprimeToENu_M-1000_kR-0p01_LO_NNPDF31nnlo//WprimeToENu_M-1000_kR-0p01_LO_NNPDF31nnlo_extramodels.dat
Loading extra model weff_ufo.tar.gz
--2022-08-07 19:15:55--  https://cms-project-generators.web.cern.ch/cms-project-generators/weff_ufo.tar.gz
Resolving cms-project-generators.web.cern.ch (cms-project-generators.web.cern.ch)... 2001:1458:d00:35::100:23d, 188.184.101.152
Connecting to cms-project-generators.web.cern.ch (cms-project-generators.web.cern.ch)|2001:1458:d00:35::100:23d|:443... connected.
HTTP request sent, awaiting response... 200 OK
Length: 66203 (65K) [application/gzip]
Saving to: 'weff_ufo.tar.gz'

     0K .......... .......... .......... .......... .......... 77% 49.1M 0s
    50K .......... ....                                       100% 78.8M=0.001s

2022-08-07 19:15:55 (53.7 MB/s) - 'weff_ufo.tar.gz' saved [66203/66203]

WEff_UFO/
WEff_UFO/function_library.pyo
WEff_UFO/__init__.py
WEff_UFO/object_library.py
WEff_UFO/particles.pyo
WEff_UFO/propagators.py
WEff_UFO/WEff_UFO.log
WEff_UFO/object_library.pyo
WEff_UFO/coupling_orders.py
WEff_UFO/vertices.pyo
WEff_UFO/parameters.pyo
WEff_UFO/vertices.py
WEff_UFO/write_param_card.pyo
WEff_UFO/coupling_orders.pyo
WEff_UFO/__init__.pyo
WEff_UFO/decays.pyo
WEff_UFO/particles.py
WEff_UFO/propagators.pyo
WEff_UFO/lorentz.pyo
WEff_UFO/parameters.py
WEff_UFO/write_param_card.py
WEff_UFO/CT_couplings.py
WEff_UFO/model.pkl
WEff_UFO/decays.py
WEff_UFO/couplings.pyo
WEff_UFO/function_library.py
WEff_UFO/lorentz.py
WEff_UFO/couplings.py
/afs/cern.ch/user/v/vasarkis/genproductions/bin/MadGraph5_aMCatNLO/WprimeToENu_M-1000_kR-0p01_LO_NNPDF31nnlo/WprimeToENu_M-1000_kR-0p01_LO_NNPDF31nnlo_gridpack/work
************************************************************
*                                                          *
*                     W E L C O M E to                     *
*              M A D G R A P H 5 _ a M C @ N L O           *
*                                                          *
*                                                          *
*                 *                       *                *
*                   *        * *        *                  *
*                     * * * * 5 * * * *                    *
*                   *        * *        *                  *
*                 *                       *                *
*                                                          *
*         VERSION 2.6.5                 2018-02-03         *
*                                                          *
*    The MadGraph5_aMC@NLO Development Team - Find us at   *
*    https://server06.fynu.ucl.ac.be/projects/madgraph     *
*                            and                           *
*            http://amcatnlo.web.cern.ch/amcatnlo/         *
*                                                          *
*               Type 'help' for in-line help.              *
*           Type 'tutorial' to learn how MG5 works         *
*    Type 'tutorial aMCatNLO' to learn how aMC@NLO works   *
*    Type 'tutorial MadLoop' to learn how MadLoop works    *
*                                                          *
************************************************************
load MG5 configuration from MG5_aMC_v2_6_5/input/mg5_configuration.txt 
None does not seem to correspond to a valid fastjet-config executable (v3+). We will use fjcore instead.
 Please set the 'fastjet'variable to the full (absolute) /PATH/TO/fastjet-config (including fastjet-config).
 MG5_aMC> set fastjet /PATH/TO/fastjet-config

set lhapdf to /cvmfs/cms.cern.ch/slc7_amd64_gcc700/external/lhapdf/6.2.1-pafccj3/share/LHAPDF/../../bin/lhapdf-config
Using default eps viewer "evince". Set another one in ./input/mg5_configuration.txt
Using default web browser "firefox". Set another one in ./input/mg5_configuration.txt
import /afs/cern.ch/user/v/vasarkis/genproductions/bin/MadGraph5_aMCatNLO/WprimeToENu_M-1000_kR-0p01_LO_NNPDF31nnlo/WprimeToENu_M-1000_kR-0p01_LO_NNPDF31nnlo_gridpack/work/WprimeToENu_M-1000_kR-0p01_LO_NNPDF31nnlo_proc_card.dat
The import format was not given, so we guess it as command
import model WEff_UFO
INFO: reload from .py file 
INFO: load particles 
INFO: load vertices 
INFO: Change particles name to pass to MG5 convention 
Defined multiparticle p = g u c d s u~ c~ d~ s~
Defined multiparticle j = g u c d s u~ c~ d~ s~
Defined multiparticle l+ = e+ mu+
Defined multiparticle l- = e- mu-
Defined multiparticle vl = ve vm vt
Defined multiparticle vl~ = ve~ vm~ vt~
Defined multiparticle all = g a ve vm vt ve~ vm~ vt~ u c t d s b u~ c~ t~ d~ s~ b~ z w+ h wp+ w- wp- e- mu- ta- e+ mu+ ta+
generate p p > wp+ > e+ ve
INFO: Checking for minimal orders which gives processes. 
INFO: Please specify coupling orders to bypass this step. 
INFO: Trying coupling order WEIGHTED<=4: WEIGTHED IS NP+2*QED+QCD 
INFO: Trying coupling order WEIGHTED<=5: WEIGTHED IS NP+2*QED+QCD 
INFO: Trying process: u d~ > wp+ > e+ ve WEIGHTED<=6 @1  
INFO: Process has 1 diagrams 
INFO: Trying process: u s~ > wp+ > e+ ve WEIGHTED<=6 @1  
INFO: Process has 1 diagrams 
INFO: Trying process: c d~ > wp+ > e+ ve WEIGHTED<=6 @1  
INFO: Process has 1 diagrams 
INFO: Trying process: c s~ > wp+ > e+ ve WEIGHTED<=6 @1  
INFO: Process has 1 diagrams 
INFO: Process d~ u > e+ ve added to mirror process u d~ > e+ ve 
INFO: Process d~ c > e+ ve added to mirror process c d~ > e+ ve 
INFO: Process s~ u > e+ ve added to mirror process u s~ > e+ ve 
INFO: Process s~ c > e+ ve added to mirror process c s~ > e+ ve 
4 processes with 4 diagrams generated in 0.084 s
Total: 4 processes with 4 diagrams
add process p p > wp- > e- ve~
INFO: Checking for minimal orders which gives processes. 
INFO: Please specify coupling orders to bypass this step. 
INFO: Trying coupling order WEIGHTED<=4: WEIGTHED IS NP+2*QED+QCD 
INFO: Trying coupling order WEIGHTED<=5: WEIGTHED IS NP+2*QED+QCD 
INFO: Trying process: d u~ > wp- > e- ve~ WEIGHTED<=6 @2  
INFO: Process has 1 diagrams 
INFO: Trying process: d c~ > wp- > e- ve~ WEIGHTED<=6 @2  
INFO: Process has 1 diagrams 
INFO: Trying process: s u~ > wp- > e- ve~ WEIGHTED<=6 @2  
INFO: Process has 1 diagrams 
INFO: Trying process: s c~ > wp- > e- ve~ WEIGHTED<=6 @2  
INFO: Process has 1 diagrams 
INFO: Process u~ d > e- ve~ added to mirror process d u~ > e- ve~ 
INFO: Process u~ s > e- ve~ added to mirror process s u~ > e- ve~ 
INFO: Process c~ d > e- ve~ added to mirror process d c~ > e- ve~ 
INFO: Process c~ s > e- ve~ added to mirror process s c~ > e- ve~ 
4 processes with 4 diagrams generated in 0.074 s
Total: 8 processes with 8 diagrams
output WprimeToENu_M-1000_kR-0p01_LO_NNPDF31nnlo  -nojpeg
[1;34mPlugin PLUGIN.CMS_CLUSTER has marked as NOT being validated with this version. 
It has been validated for the last time with version: 2.6.0[0m
INFO: initialize a new directory: WprimeToENu_M-1000_kR-0p01_LO_NNPDF31nnlo 
INFO: remove old information in WprimeToENu_M-1000_kR-0p01_LO_NNPDF31nnlo 
INFO: Organizing processes into subprocess groups 
INFO: Generating Helas calls for process: u d~ > wp+ > e+ ve WEIGHTED<=6 @1 
INFO: Processing color information for process: u d~ > wp+ > e+ ve @1 
INFO: Generating Helas calls for process: u s~ > wp+ > e+ ve WEIGHTED<=6 @1 
INFO: Processing color information for process: u s~ > wp+ > e+ ve @1 
INFO: Generating Helas calls for process: c d~ > wp+ > e+ ve WEIGHTED<=6 @1 
INFO: Processing color information for process: c d~ > wp+ > e+ ve @1 
INFO: Generating Helas calls for process: c s~ > wp+ > e+ ve WEIGHTED<=6 @1 
INFO: Processing color information for process: c s~ > wp+ > e+ ve @1 
INFO: Generating Helas calls for process: d u~ > wp- > e- ve~ WEIGHTED<=6 @2 
INFO: Processing color information for process: d u~ > wp- > e- ve~ @2 
INFO: Generating Helas calls for process: d c~ > wp- > e- ve~ WEIGHTED<=6 @2 
INFO: Processing color information for process: d c~ > wp- > e- ve~ @2 
INFO: Generating Helas calls for process: s u~ > wp- > e- ve~ WEIGHTED<=6 @2 
INFO: Processing color information for process: s u~ > wp- > e- ve~ @2 
INFO: Generating Helas calls for process: s c~ > wp- > e- ve~ WEIGHTED<=6 @2 
INFO: Processing color information for process: s c~ > wp- > e- ve~ @2 
INFO: Creating files in directory P1_udx_epvl 
INFO: Generating Feynman diagrams for Process: u d~ > wp+ > e+ ve WEIGHTED<=6 @1 
INFO: Finding symmetric diagrams for subprocess group udx_epvl 
INFO: Creating files in directory P1_usx_epvl 
INFO: Generating Feynman diagrams for Process: u s~ > wp+ > e+ ve WEIGHTED<=6 @1 
INFO: Finding symmetric diagrams for subprocess group usx_epvl 
INFO: Creating files in directory P1_cdx_epvl 
INFO: Generating Feynman diagrams for Process: c d~ > wp+ > e+ ve WEIGHTED<=6 @1 
INFO: Finding symmetric diagrams for subprocess group cdx_epvl 
INFO: Creating files in directory P1_csx_epvl 
INFO: Generating Feynman diagrams for Process: c s~ > wp+ > e+ ve WEIGHTED<=6 @1 
INFO: Finding symmetric diagrams for subprocess group csx_epvl 
INFO: Creating files in directory P2_dux_emvl 
INFO: Generating Feynman diagrams for Process: d u~ > wp- > e- ve~ WEIGHTED<=6 @2 
INFO: Finding symmetric diagrams for subprocess group dux_emvl 
INFO: Creating files in directory P2_dcx_emvl 
INFO: Generating Feynman diagrams for Process: d c~ > wp- > e- ve~ WEIGHTED<=6 @2 
INFO: Finding symmetric diagrams for subprocess group dcx_emvl 
INFO: Creating files in directory P2_sux_emvl 
INFO: Generating Feynman diagrams for Process: s u~ > wp- > e- ve~ WEIGHTED<=6 @2 
INFO: Finding symmetric diagrams for subprocess group sux_emvl 
INFO: Creating files in directory P2_scx_emvl 
INFO: Generating Feynman diagrams for Process: s c~ > wp- > e- ve~ WEIGHTED<=6 @2 
INFO: Finding symmetric diagrams for subprocess group scx_emvl 
Generated helas calls for 8 subprocesses (8 diagrams) in 0.026 s
Wrote files for 48 helas calls in 1.107 s
ALOHA: aloha creates FFV2 routines
ALOHA: aloha creates FFV3 routines
save configuration file to /afs/cern.ch/user/v/vasarkis/genproductions/bin/MadGraph5_aMCatNLO/WprimeToENu_M-1000_kR-0p01_LO_NNPDF31nnlo/WprimeToENu_M-1000_kR-0p01_LO_NNPDF31nnlo_gridpack/work/WprimeToENu_M-1000_kR-0p01_LO_NNPDF31nnlo/Cards/me5_configuration.txt
INFO: Use Fortran compiler gfortran 
INFO: Use c++ compiler g++ 
INFO: Generate web pages 
Output to directory /afs/cern.ch/user/v/vasarkis/genproductions/bin/MadGraph5_aMCatNLO/WprimeToENu_M-1000_kR-0p01_LO_NNPDF31nnlo/WprimeToENu_M-1000_kR-0p01_LO_NNPDF31nnlo_gridpack/work/WprimeToENu_M-1000_kR-0p01_LO_NNPDF31nnlo done.
Type "launch" to generate events from this process, or see
/afs/cern.ch/user/v/vasarkis/genproductions/bin/MadGraph5_aMCatNLO/WprimeToENu_M-1000_kR-0p01_LO_NNPDF31nnlo/WprimeToENu_M-1000_kR-0p01_LO_NNPDF31nnlo_gridpack/work/WprimeToENu_M-1000_kR-0p01_LO_NNPDF31nnlo/README
Run "open index.html" to see more information about this process.
display multiparticles
Multiparticle labels:
all = g a ve vm vt ve~ vm~ vt~ u c t d s b u~ c~ t~ d~ s~ b~ z w+ h wp+ w- wp- e- mu- ta- e+ mu+ ta+
l- = e- mu-
j = g u c d s u~ c~ d~ s~
vl = ve vm vt
l+ = e+ mu+
p = g u c d s u~ c~ d~ s~
vl~ = ve~ vm~ vt~
quit
copying generated process to working directory
INFO: Using default PDF sets for 2017 production
starting LO mode
************************************************************
*                                                          *
*                      W E L C O M E to                    *
*             M A D G R A P H 5 _ a M C @ N L O            *
*                      M A D E V E N T                     *
*                                                          *
*                 *                       *                *
*                   *        * *        *                  *
*                     * * * * 5 * * * *                    *
*                   *        * *        *                  *
*                 *                       *                *
*                                                          *
*         VERSION 2.6.5                 20xx-xx-xx         *
*                                                          *
*    The MadGraph5_aMC@NLO Development Team - Find us at   *
*    https://server06.fynu.ucl.ac.be/projects/madgraph     *
*                                                          *
*               Type 'help' for in-line help.              *
*                                                          *
************************************************************
INFO: load configuration from /afs/cern.ch/user/v/vasarkis/genproductions/bin/MadGraph5_aMCatNLO/WprimeToENu_M-1000_kR-0p01_LO_NNPDF31nnlo/WprimeToENu_M-1000_kR-0p01_LO_NNPDF31nnlo_gridpack/work/processtmp/Cards/me5_configuration.txt  
INFO: load configuration from /afs/cern.ch/user/v/vasarkis/genproductions/bin/MadGraph5_aMCatNLO/WprimeToENu_M-1000_kR-0p01_LO_NNPDF31nnlo/WprimeToENu_M-1000_kR-0p01_LO_NNPDF31nnlo_gridpack/work/MG5_aMC_v2_6_5/input/mg5_configuration.txt  
INFO: load configuration from /afs/cern.ch/user/v/vasarkis/genproductions/bin/MadGraph5_aMCatNLO/WprimeToENu_M-1000_kR-0p01_LO_NNPDF31nnlo/WprimeToENu_M-1000_kR-0p01_LO_NNPDF31nnlo_gridpack/work/processtmp/Cards/me5_configuration.txt  
Using default eps viewer "evince". Set another one in ./input/mg5_configuration.txt
Using default web browser "firefox". Set another one in ./input/mg5_configuration.txt
generate_events pilotrun
stty: standard input: Inappropriate ioctl for device
stty: standard input: Inappropriate ioctl for device
The following switches determine which programs are run:
/===========================================================================\
| 1. Choose the shower/hadronization program   [1m  shower[0m = [01mNot Avail.[0m        |
| 2. Choose the detector simulation program    [1mdetector[0m = [01mNot Avail.[0m        |
| 3. Choose an analysis package (plot/convert) [1manalysis[0m = [01mNot Avail.[0m        |
| 4. Decay onshell particles                   [1m madspin[0m = [31mOFF[0m               |
| 5. Add weights to events for new hypp.       [1mreweight[0m = [31mOFF[0m               |
\===========================================================================/
Either type the switch number (1 to 5) to change its setting,
Set any switch explicitly (e.g. type 'madspin=ON' at the prompt)
Type 'help' for the list of all valid option
Type '0', 'auto', 'done' or just press enter when you are done.[60s to answer] 
>[1;34mrun_card missed argument nhel. Takes default: 0[0m
[1;34mrun_card missed argument e_min_pdg. Takes default: {}[0m
[1;34mrun_card missed argument e_max_pdg. Takes default: {}[0m
[1;34mParameter nhel is not defined in the run_card.[0m
Do you want to edit a card (press enter to bypass editing)?
/------------------------------------------------------------\
|  [31m1[0m. param : [32mparam_card.dat[0m                                 |
|  [31m2[0m. run   : [32mrun_card.dat[0m                                   |
\------------------------------------------------------------/
 you can also
   - enter the path to a valid card or banner.
   - use the 'set' command to modify a parameter directly.
     The set option works only for param_card and run_card.
     Type 'help set' for more information on this command.
   - call an external program (ASperGE/MadWidth/...).
     Type 'help' for the list of available command
 [[4m0[0m, done, 1, param, 2, run, enter path][90s to answer] 
>[1mINFO: modify parameter gridpack of the run_card.dat to True [0m
Do you want to edit a card (press enter to bypass editing)?
/------------------------------------------------------------\
|  [31m1[0m. param : [32mparam_card.dat[0m                                 |
|  [31m2[0m. run   : [32mrun_card.dat[0m                                   |
\------------------------------------------------------------/
 you can also
   - enter the path to a valid card or banner.
   - use the 'set' command to modify a parameter directly.
     The set option works only for param_card and run_card.
     Type 'help set' for more information on this command.
   - call an external program (ASperGE/MadWidth/...).
     Type 'help' for the list of available command
 [[4m0[0m, done, 1, param, 2, run, enter path] 
>[1mINFO: modify param_card information BLOCK mass with id (34,) set to 1000.0 [0m
Do you want to edit a card (press enter to bypass editing)?
/------------------------------------------------------------\
|  [31m1[0m. param : [32mparam_card.dat[0m                                 |
|  [31m2[0m. run   : [32mrun_card.dat[0m                                   |
\------------------------------------------------------------/
 you can also
   - enter the path to a valid card or banner.
   - use the 'set' command to modify a parameter directly.
     The set option works only for param_card and run_card.
     Type 'help set' for more information on this command.
   - call an external program (ASperGE/MadWidth/...).
     Type 'help' for the list of available command
 [[4m0[0m, done, 1, param, 2, run, enter path] 
>[1mINFO: modify param_card information BLOCK decay with id (34,) set to 0.00335458935265 [0m
Do you want to edit a card (press enter to bypass editing)?
/------------------------------------------------------------\
|  [31m1[0m. param : [32mparam_card.dat[0m                                 |
|  [31m2[0m. run   : [32mrun_card.dat[0m                                   |
\------------------------------------------------------------/
 you can also
   - enter the path to a valid card or banner.
   - use the 'set' command to modify a parameter directly.
     The set option works only for param_card and run_card.
     Type 'help set' for more information on this command.
   - call an external program (ASperGE/MadWidth/...).
     Type 'help' for the list of available command
 [[4m0[0m, done, 1, param, 2, run, enter path] 
>[1mINFO: modify param_card information BLOCK wpcoup with id (2,) set to 0.01 [0m
Do you want to edit a card (press enter to bypass editing)?
/------------------------------------------------------------\
|  [31m1[0m. param : [32mparam_card.dat[0m                                 |
|  [31m2[0m. run   : [32mrun_card.dat[0m                                   |
\------------------------------------------------------------/
 you can also
   - enter the path to a valid card or banner.
   - use the 'set' command to modify a parameter directly.
     The set option works only for param_card and run_card.
     Type 'help set' for more information on this command.
   - call an external program (ASperGE/MadWidth/...).
     Type 'help' for the list of available command
 [[4m0[0m, done, 1, param, 2, run, enter path] 
>INFO: Update the dependent parameter of the param_card.dat 
Generating gridpack with run name pilotrun
survey  pilotrun --accuracy=0.01 --points=2000 --iterations=8 --gridpack=.true.
INFO: compile directory 
INFO: Using LHAPDF v6.2.1 interface for PDFs 
compile Source Directory
Using random number seed offset = 21
INFO: Running Survey 
Creating Jobs
Working on SubProcesses
INFO:     P1_udx_epvl  
INFO:     P1_usx_epvl  
INFO:     P1_cdx_epvl  
INFO:     P1_csx_epvl  
INFO:     P2_dux_emvl  
INFO:     P2_dcx_emvl  
INFO:     P2_sux_emvl  
INFO:     P2_scx_emvl  
INFO:  Idle: 1,  Running: 2,  Completed: 5 [ current time: 19h16 ] 
INFO:  Idle: 0,  Running: 3,  Completed: 5 [ current time: 19h16 ] 
INFO:  Idle: 0,  Running: 1,  Completed: 7 [  26.4s  ] 
INFO:  Idle: 0,  Running: 0,  Completed: 8 [  32.3s  ] 
INFO:  Idle: 0,  Running: 0,  Completed: 8 [  32.3s  ] 
  === Results Summary for run: pilotrun tag: tag_1 ===

     Cross-section :   0.0003259 +- 1.317e-06 pb
     Nb of events :  0
 
INFO: End survey 
combine_events
INFO: Combining Events 
INFO: fail to reach target 10000 
store_events
INFO: Storing parton level results 
INFO: End Parton 
decay_events -from_cards
create_gridpack
INFO: Creating gridpack 
P1_udx_epvl
P1_usx_epvl
P1_cdx_epvl
P1_csx_epvl
P2_dux_emvl
P2_dcx_emvl
P2_sux_emvl
P2_scx_emvl
Cleaning  SubProcesses........ 
INFO: gridpack created 
quit
INFO: storing files of previous run 
INFO: Done 
INFO:  
finished pilot run
cleaning temporary output
unpacking temporary gridpack
cleaning temporary gridpack
preparing final gridpack
cleaning unneeded files from gridpack
