Starting job on  Fri Jan 10 17:02:57 CET 2025
Running on  Linux lxplus809.cern.ch 4.18.0-553.30.1.el8_10.x86_64 #1 SMP Fri Nov 15 03:46:25 EST 2024 x86_64 x86_64 x86_64 GNU/Linux
System release  Red Hat Enterprise Linux release 8.10 (Ootpa)
name: WprimetoENu_Par-kR-0p01-M-1000_NNPDF31nnlo
carddir: cards/production/13p6TeV/WprimetoENu_2024/WprimetoENu_Par-kR-0p01-M-1000_NNPDF31nnlo
queue: local
scram_arch: el8_amd64_gcc10
cmssw_version: CMSSW_12_4_8
On branch master
Your branch is up to date with 'origin/master'.

Untracked files:
  (use "git add <file>..." to include in what will be committed)
	WprimetoENu_Par-kR-0p01-M-1000_NNPDF31nnlo.log
	gridpack_submitter.py


It took 19.05 seconds to enumerate untracked files.
See 'git help status' for information on how to improve this.

nothing added to commit but untracked files present (use "git add" to track)
Current git revision is:
eeb9aa152a3e09a76444be9ac5de876620c78445
/eos/user/m/miozdemi/genproductions/bin/MadGraph5_aMCatNLO
WARNING: In non-interactive mode release checks e.g. deprecated releases, production architectures are disabled.
--2025-01-10 17:18:55--  https://cms-project-generators.web.cern.ch/cms-project-generators/MG5_aMC_v2.9.18.tar.gz
Resolving cms-project-generators.web.cern.ch (cms-project-generators.web.cern.ch)... 2001:1458:d00:16::41d, 2001:1458:d00:62::100:2e8, 2001:1458:d00:65::100:265, ...
Connecting to cms-project-generators.web.cern.ch (cms-project-generators.web.cern.ch)|2001:1458:d00:16::41d|:443... connected.
HTTP request sent, awaiting response... 200 OK
Length: 26651876 (25M) [application/x-gzip]
Saving to: 'MG5_aMC_v2.9.18.tar.gz'

     0K .......... .......... .......... .......... ..........  0% 21.4M 1s
    50K .......... .......... .......... .......... ..........  0% 20.0M 1s
   100K .......... .......... .......... .......... ..........  0% 14.2M 1s
   150K .......... .......... .......... .......... ..........  0% 17.9M 1s
   200K .......... .......... .......... .......... ..........  0% 18.5M 1s
   250K .......... .......... .......... .......... ..........  1% 18.1M 1s
   300K .......... .......... .......... .......... ..........  1% 18.1M 1s
   350K .......... .......... .......... .......... ..........  1% 12.7M 1s
   400K .......... .......... .......... .......... ..........  1% 18.0M 1s
   450K .......... .......... .......... .......... ..........  1% 5.62M 2s
   500K .......... .......... .......... .......... ..........  2% 22.0M 2s
   550K .......... .......... .......... .......... ..........  2% 19.0M 2s
   600K .......... .......... .......... .......... ..........  2% 18.7M 2s
   650K .......... .......... .......... .......... ..........  2% 23.5M 2s
   700K .......... .......... .......... .......... ..........  2% 18.5M 2s
   750K .......... .......... .......... .......... ..........  3% 20.5M 2s
   800K .......... .......... .......... .......... ..........  3% 16.2M 2s
   850K .......... .......... .......... .......... ..........  3% 19.9M 2s
   900K .......... .......... .......... .......... ..........  3% 20.0M 1s
   950K .......... .......... .......... .......... ..........  3% 21.4M 1s
  1000K .......... .......... .......... .......... ..........  4% 18.8M 1s
  1050K .......... .......... .......... .......... ..........  4% 19.3M 1s
  1100K .......... .......... .......... .......... ..........  4% 22.9M 1s
  1150K .......... .......... .......... .......... ..........  4% 19.4M 1s
  1200K .......... .......... .......... .......... ..........  4% 21.2M 1s
  1250K .......... .......... .......... .......... ..........  4% 19.7M 1s
  1300K .......... .......... .......... .......... ..........  5% 20.4M 1s
  1350K .......... .......... .......... .......... ..........  5% 18.9M 1s
  1400K .......... .......... .......... .......... ..........  5% 19.8M 1s
  1450K .......... .......... .......... .......... ..........  5% 21.6M 1s
  1500K .......... .......... .......... .......... ..........  5% 1.10M 2s
  1550K .......... .......... .......... .......... ..........  6% 17.5M 2s
  1600K .......... .......... .......... .......... ..........  6% 16.8M 2s
  1650K .......... .......... .......... .......... ..........  6% 23.4M 2s
  1700K .......... .......... .......... .......... ..........  6% 20.9M 2s
  1750K .......... .......... .......... .......... ..........  6% 20.9M 2s
  1800K .......... .......... .......... .......... ..........  7% 22.1M 2s
  1850K .......... .......... .......... .......... ..........  7% 11.7M 2s
  1900K .......... .......... .......... .......... ..........  7% 20.0M 2s
  1950K .......... .......... .......... .......... ..........  7% 19.8M 2s
  2000K .......... .......... .......... .......... ..........  7% 20.0M 2s
  2050K .......... .......... .......... .......... ..........  8% 24.0M 2s
  2100K .......... .......... .......... .......... ..........  8% 22.4M 2s
  2150K .......... .......... .......... .......... ..........  8% 22.1M 2s
  2200K .......... .......... .......... .......... ..........  8% 20.6M 2s
  2250K .......... .......... .......... .......... ..........  8% 22.7M 2s
  2300K .......... .......... .......... .......... ..........  9% 18.8M 2s
  2350K .......... .......... .......... .......... ..........  9% 20.3M 2s
  2400K .......... .......... .......... .......... ..........  9% 20.8M 2s
  2450K .......... .......... .......... .......... ..........  9% 19.7M 2s
  2500K .......... .......... .......... .......... ..........  9% 20.4M 2s
  2550K .......... .......... .......... .......... ..........  9% 22.9M 2s
  2600K .......... .......... .......... .......... .......... 10% 17.0M 2s
  2650K .......... .......... .......... .......... .......... 10% 18.8M 2s
  2700K .......... .......... .......... .......... .......... 10% 15.5M 2s
  2750K .......... .......... .......... .......... .......... 10% 19.2M 2s
  2800K .......... .......... .......... .......... .......... 10% 19.5M 2s
  2850K .......... .......... .......... .......... .......... 11% 20.2M 2s
  2900K .......... .......... .......... .......... .......... 11% 21.4M 2s
  2950K .......... .......... .......... .......... .......... 11% 20.7M 2s
  3000K .......... .......... .......... .......... .......... 11% 25.0M 2s
  3050K .......... .......... .......... .......... .......... 11% 20.7M 2s
  3100K .......... .......... .......... .......... .......... 12% 19.4M 1s
  3150K .......... .......... .......... .......... .......... 12% 20.8M 1s
  3200K .......... .......... .......... .......... .......... 12% 19.9M 1s
  3250K .......... .......... .......... .......... .......... 12% 20.5M 1s
  3300K .......... .......... .......... .......... .......... 12% 17.1M 1s
  3350K .......... .......... .......... .......... .......... 13% 19.3M 1s
  3400K .......... .......... .......... .......... .......... 13% 19.4M 1s
  3450K .......... .......... .......... .......... .......... 13% 20.3M 1s
  3500K .......... .......... .......... .......... .......... 13% 20.0M 1s
  3550K .......... .......... .......... .......... .......... 13% 22.6M 1s
  3600K .......... .......... .......... .......... .......... 14% 21.9M 1s
  3650K .......... .......... .......... .......... .......... 14% 20.7M 1s
  3700K .......... .......... .......... .......... .......... 14% 19.3M 1s
  3750K .......... .......... .......... .......... .......... 14% 26.0M 1s
  3800K .......... .......... .......... .......... .......... 14% 6.48M 1s
  3850K .......... .......... .......... .......... .......... 14% 19.0M 1s
  3900K .......... .......... .......... .......... .......... 15% 6.53M 1s
  3950K .......... .......... .......... .......... .......... 15% 22.1M 1s
  4000K .......... .......... .......... .......... .......... 15% 6.58M 1s
  4050K .......... .......... .......... .......... .......... 15% 6.44M 1s
  4100K .......... .......... .......... .......... .......... 15% 23.9M 1s
  4150K .......... .......... .......... .......... .......... 16% 6.59M 1s
  4200K .......... .......... .......... .......... .......... 16% 21.4M 1s
  4250K .......... .......... .......... .......... .......... 16% 6.68M 1s
  4300K .......... .......... .......... .......... .......... 16% 24.8M 1s
  4350K .......... .......... .......... .......... .......... 16% 6.20M 1s
  4400K .......... .......... .......... .......... .......... 17% 21.1M 1s
  4450K .......... .......... .......... .......... .......... 17% 6.32M 1s
  4500K .......... .......... .......... .......... .......... 17% 16.6M 1s
  4550K .......... .......... .......... .......... .......... 17% 6.03M 2s
  4600K .......... .......... .......... .......... .......... 17% 20.8M 1s
  4650K .......... .......... .......... .......... .......... 18% 6.74M 2s
  4700K .......... .......... .......... .......... .......... 18% 6.69M 2s
  4750K .......... .......... .......... .......... .......... 18% 18.8M 2s
  4800K .......... .......... .......... .......... .......... 18% 6.63M 2s
  4850K .......... .......... .......... .......... .......... 18% 16.9M 2s
  4900K .......... .......... .......... .......... .......... 19% 6.58M 2s
  4950K .......... .......... .......... .......... .......... 19% 19.6M 2s
  5000K .......... .......... .......... .......... .......... 19% 6.64M 2s
  5050K .......... .......... .......... .......... .......... 19% 6.40M 2s
  5100K .......... .......... .......... .......... .......... 19% 16.7M 2s
  5150K .......... .......... .......... .......... .......... 19% 6.58M 2s
  5200K .......... .......... .......... .......... .......... 20% 24.3M 2s
  5250K .......... .......... .......... .......... .......... 20% 6.32M 2s
  5300K .......... .......... .......... .......... .......... 20% 6.68M 2s
  5350K .......... .......... .......... .......... .......... 20% 20.0M 2s
  5400K .......... .......... .......... .......... .......... 20% 6.52M 2s
  5450K .......... .......... .......... .......... .......... 21% 22.4M 2s
  5500K .......... .......... .......... .......... .......... 21% 6.33M 2s
  5550K .......... .......... .......... .......... .......... 21% 21.1M 2s
  5600K .......... .......... .......... .......... .......... 21% 5.86M 2s
  5650K .......... .......... .......... .......... .......... 21% 22.2M 2s
  5700K .......... .......... .......... .......... .......... 22% 6.40M 2s
  5750K .......... .......... .......... .......... .......... 22% 9.20M 2s
  5800K .......... .......... .......... .......... .......... 22% 6.40M 2s
  5850K .......... .......... .......... .......... .......... 22% 20.5M 2s
  5900K .......... .......... .......... .......... .......... 22% 6.62M 2s
  5950K .......... .......... .......... .......... .......... 23% 17.8M 2s
  6000K .......... .......... .......... .......... .......... 23% 6.49M 2s
  6050K .......... .......... .......... .......... .......... 23% 6.43M 2s
  6100K .......... .......... .......... .......... .......... 23% 13.3M 2s
  6150K .......... .......... .......... .......... .......... 23% 5.93M 2s
  6200K .......... .......... .......... .......... .......... 24% 17.3M 2s
  6250K .......... .......... .......... .......... .......... 24% 6.58M 2s
  6300K .......... .......... .......... .......... .......... 24% 17.7M 2s
  6350K .......... .......... .......... .......... .......... 24% 5.62M 2s
  6400K .......... .......... .......... .......... .......... 24% 21.3M 2s
  6450K .......... .......... .......... .......... .......... 24% 6.21M 2s
  6500K .......... .......... .......... .......... .......... 25% 18.5M 2s
  6550K .......... .......... .......... .......... .......... 25% 4.13M 2s
  6600K .......... .......... .......... .......... .......... 25% 15.1M 2s
  6650K .......... .......... .......... .......... .......... 25% 18.3M 2s
  6700K .......... .......... .......... .......... .......... 25% 6.24M 2s
  6750K .......... .......... .......... .......... .......... 26% 20.3M 2s
  6800K .......... .......... .......... .......... .......... 26% 6.59M 2s
  6850K .......... .......... .......... .......... .......... 26% 21.7M 2s
  6900K .......... .......... .......... .......... .......... 26% 6.26M 2s
  6950K .......... .......... .......... .......... .......... 26% 21.3M 2s
  7000K .......... .......... .......... .......... .......... 27% 5.74M 2s
  7050K .......... .......... .......... .......... .......... 27% 17.1M 2s
  7100K .......... .......... .......... .......... .......... 27% 5.99M 2s
  7150K .......... .......... .......... .......... .......... 27% 22.4M 2s
  7200K .......... .......... .......... .......... .......... 27% 6.63M 2s
  7250K .......... .......... .......... .......... .......... 28% 22.3M 2s
  7300K .......... .......... .......... .......... .......... 28% 6.20M 2s
  7350K .......... .......... .......... .......... .......... 28% 20.5M 2s
  7400K .......... .......... .......... .......... .......... 28% 6.26M 2s
  7450K .......... .......... .......... .......... .......... 28% 13.9M 2s
  7500K .......... .......... .......... .......... .......... 29% 6.69M 2s
  7550K .......... .......... .......... .......... .......... 29% 24.5M 2s
  7600K .......... .......... .......... .......... .......... 29% 6.76M 2s
  7650K .......... .......... .......... .......... .......... 29% 6.25M 2s
  7700K .......... .......... .......... .......... .......... 29% 18.9M 2s
  7750K .......... .......... .......... .......... .......... 29% 6.70M 2s
  7800K .......... .......... .......... .......... .......... 30% 6.66M 2s
  7850K .......... .......... .......... .......... .......... 30% 5.98M 2s
  7900K .......... .......... .......... .......... .......... 30% 6.37M 2s
  7950K .......... .......... .......... .......... .......... 30% 22.4M 2s
  8000K .......... .......... .......... .......... .......... 30% 6.65M 2s
  8050K .......... .......... .......... .......... .......... 31% 19.3M 2s
  8100K .......... .......... .......... .......... .......... 31% 6.53M 2s
  8150K .......... .......... .......... .......... .......... 31% 21.8M 2s
  8200K .......... .......... .......... .......... .......... 31% 2.83M 2s
  8250K .......... .......... .......... .......... .......... 31% 17.0M 2s
  8300K .......... .......... .......... .......... .......... 32% 20.3M 2s
  8350K .......... .......... .......... .......... .......... 32% 20.3M 2s
  8400K .......... .......... .......... .......... .......... 32% 18.3M 2s
  8450K .......... .......... .......... .......... .......... 32% 20.3M 2s
  8500K .......... .......... .......... .......... .......... 32% 6.53M 2s
  8550K .......... .......... .......... .......... .......... 33% 22.8M 2s
  8600K .......... .......... .......... .......... .......... 33% 6.12M 2s
  8650K .......... .......... .......... .......... .......... 33% 21.1M 2s
  8700K .......... .......... .......... .......... .......... 33% 5.71M 2s
  8750K .......... .......... .......... .......... .......... 33% 21.1M 2s
  8800K .......... .......... .......... .......... .......... 34% 6.50M 2s
  8850K .......... .......... .......... .......... .......... 34% 6.52M 2s
  8900K .......... .......... .......... .......... .......... 34% 20.8M 2s
  8950K .......... .......... .......... .......... .......... 34% 6.47M 2s
  9000K .......... .......... .......... .......... .......... 34% 6.14M 2s
  9050K .......... .......... .......... .......... .......... 34% 22.7M 2s
  9100K .......... .......... .......... .......... .......... 35% 6.28M 2s
  9150K .......... .......... .......... .......... .......... 35% 6.49M 2s
  9200K .......... .......... .......... .......... .......... 35% 18.3M 1s
  9250K .......... .......... .......... .......... .......... 35% 6.41M 1s
  9300K .......... .......... .......... .......... .......... 35% 5.99M 1s
  9350K .......... .......... .......... .......... .......... 36% 16.6M 1s
  9400K .......... .......... .......... .......... .......... 36% 17.7M 1s
  9450K .......... .......... .......... .......... .......... 36% 2.85M 2s
  9500K .......... .......... .......... .......... .......... 36% 19.3M 1s
  9550K .......... .......... .......... .......... .......... 36% 19.9M 1s
  9600K .......... .......... .......... .......... .......... 37% 21.9M 1s
  9650K .......... .......... .......... .......... .......... 37% 21.1M 1s
  9700K .......... .......... .......... .......... .......... 37% 6.63M 1s
  9750K .......... .......... .......... .......... .......... 37% 18.0M 1s
  9800K .......... .......... .......... .......... .......... 37% 6.02M 1s
  9850K .......... .......... .......... .......... .......... 38% 21.3M 1s
  9900K .......... .......... .......... .......... .......... 38% 6.47M 1s
  9950K .......... .......... .......... .......... .......... 38% 19.4M 1s
 10000K .......... .......... .......... .......... .......... 38% 6.67M 1s
 10050K .......... .......... .......... .......... .......... 38% 20.9M 1s
 10100K .......... .......... .......... .......... .......... 38% 6.79M 1s
 10150K .......... .......... .......... .......... .......... 39% 21.5M 1s
 10200K .......... .......... .......... .......... .......... 39% 6.87M 1s
 10250K .......... .......... .......... .......... .......... 39% 6.61M 1s
 10300K .......... .......... .......... .......... .......... 39% 24.0M 1s
 10350K .......... .......... .......... .......... .......... 39% 7.29M 1s
 10400K .......... .......... .......... .......... .......... 40% 6.50M 1s
 10450K .......... .......... .......... .......... .......... 40% 21.9M 1s
 10500K .......... .......... .......... .......... .......... 40% 6.38M 1s
 10550K .......... .......... .......... .......... .......... 40% 24.9M 1s
 10600K .......... .......... .......... .......... .......... 40% 6.01M 1s
 10650K .......... .......... .......... .......... .......... 41% 22.0M 1s
 10700K .......... .......... .......... .......... .......... 41% 6.06M 1s
 10750K .......... .......... .......... .......... .......... 41% 20.6M 1s
 10800K .......... .......... .......... .......... .......... 41% 6.82M 1s
 10850K .......... .......... .......... .......... .......... 41% 22.0M 1s
 10900K .......... .......... .......... .......... .......... 42% 6.22M 1s
 10950K .......... .......... .......... .......... .......... 42% 16.2M 1s
 11000K .......... .......... .......... .......... .......... 42% 5.93M 1s
 11050K .......... .......... .......... .......... .......... 42% 24.0M 1s
 11100K .......... .......... .......... .......... .......... 42% 5.98M 1s
 11150K .......... .......... .......... .......... .......... 43% 20.0M 1s
 11200K .......... .......... .......... .......... .......... 43% 6.41M 1s
 11250K .......... .......... .......... .......... .......... 43% 16.8M 1s
 11300K .......... .......... .......... .......... .......... 43% 6.37M 1s
 11350K .......... .......... .......... .......... .......... 43% 21.7M 1s
 11400K .......... .......... .......... .......... .......... 43% 6.56M 1s
 11450K .......... .......... .......... .......... .......... 44% 20.3M 1s
 11500K .......... .......... .......... .......... .......... 44% 5.89M 1s
 11550K .......... .......... .......... .......... .......... 44% 14.0M 1s
 11600K .......... .......... .......... .......... .......... 44% 6.58M 1s
 11650K .......... .......... .......... .......... .......... 44% 17.6M 1s
 11700K .......... .......... .......... .......... .......... 45% 6.70M 1s
 11750K .......... .......... .......... .......... .......... 45% 6.86M 1s
 11800K .......... .......... .......... .......... .......... 45% 12.8M 1s
 11850K .......... .......... .......... .......... .......... 45% 13.5M 1s
 11900K .......... .......... .......... .......... .......... 45% 6.66M 1s
 11950K .......... .......... .......... .......... .......... 46% 6.61M 1s
 12000K .......... .......... .......... .......... .......... 46% 20.5M 1s
 12050K .......... .......... .......... .......... .......... 46% 6.26M 1s
 12100K .......... .......... .......... .......... .......... 46% 17.7M 1s
 12150K .......... .......... .......... .......... .......... 46% 6.49M 1s
 12200K .......... .......... .......... .......... .......... 47% 6.67M 1s
 12250K .......... .......... .......... .......... .......... 47% 16.0M 1s
 12300K .......... .......... .......... .......... .......... 47% 6.64M 1s
 12350K .......... .......... .......... .......... .......... 47% 17.4M 1s
 12400K .......... .......... .......... .......... .......... 47% 6.05M 1s
 12450K .......... .......... .......... .......... .......... 48% 5.87M 1s
 12500K .......... .......... .......... .......... .......... 48% 22.7M 1s
 12550K .......... .......... .......... .......... .......... 48% 6.19M 1s
 12600K .......... .......... .......... .......... .......... 48% 14.7M 1s
 12650K .......... .......... .......... .......... .......... 48% 6.51M 1s
 12700K .......... .......... .......... .......... .......... 48% 5.80M 1s
 12750K .......... .......... .......... .......... .......... 49% 25.8M 1s
 12800K .......... .......... .......... .......... .......... 49% 17.5M 1s
 12850K .......... .......... .......... .......... .......... 49% 6.70M 1s
 12900K .......... .......... .......... .......... .......... 49% 18.7M 1s
 12950K .......... .......... .......... .......... .......... 49% 6.73M 1s
 13000K .......... .......... .......... .......... .......... 50% 20.0M 1s
 13050K .......... .......... .......... .......... .......... 50% 6.58M 1s
 13100K .......... .......... .......... .......... .......... 50% 21.8M 1s
 13150K .......... .......... .......... .......... .......... 50% 6.46M 1s
 13200K .......... .......... .......... .......... .......... 50% 14.9M 1s
 13250K .......... .......... .......... .......... .......... 51% 6.66M 1s
 13300K .......... .......... .......... .......... .......... 51% 22.0M 1s
 13350K .......... .......... .......... .......... .......... 51% 6.88M 1s
 13400K .......... .......... .......... .......... .......... 51% 6.35M 1s
 13450K .......... .......... .......... .......... .......... 51% 21.8M 1s
 13500K .......... .......... .......... .......... .......... 52% 6.76M 1s
 13550K .......... .......... .......... .......... .......... 52% 6.41M 1s
 13600K .......... .......... .......... .......... .......... 52% 23.5M 1s
 13650K .......... .......... .......... .......... .......... 52% 6.58M 1s
 13700K .......... .......... .......... .......... .......... 52% 18.7M 1s
 13750K .......... .......... .......... .......... .......... 53% 6.30M 1s
 13800K .......... .......... .......... .......... .......... 53% 6.34M 1s
 13850K .......... .......... .......... .......... .......... 53% 4.80M 1s
 13900K .......... .......... .......... .......... .......... 53% 19.5M 1s
 13950K .......... .......... .......... .......... .......... 53% 20.9M 1s
 14000K .......... .......... .......... .......... .......... 53% 6.70M 1s
 14050K .......... .......... .......... .......... .......... 54% 19.9M 1s
 14100K .......... .......... .......... .......... .......... 54% 6.44M 1s
 14150K .......... .......... .......... .......... .......... 54% 9.22M 1s
 14200K .......... .......... .......... .......... .......... 54% 15.3M 1s
 14250K .......... .......... .......... .......... .......... 54% 6.61M 1s
 14300K .......... .......... .......... .......... .......... 55% 5.98M 1s
 14350K .......... .......... .......... .......... .......... 55% 18.8M 1s
 14400K .......... .......... .......... .......... .......... 55% 6.62M 1s
 14450K .......... .......... .......... .......... .......... 55% 6.54M 1s
 14500K .......... .......... .......... .......... .......... 55% 22.6M 1s
 14550K .......... .......... .......... .......... .......... 56% 6.33M 1s
 14600K .......... .......... .......... .......... .......... 56% 24.1M 1s
 14650K .......... .......... .......... .......... .......... 56% 6.69M 1s
 14700K .......... .......... .......... .......... .......... 56% 6.09M 1s
 14750K .......... .......... .......... .......... .......... 56% 22.9M 1s
 14800K .......... .......... .......... .......... .......... 57% 6.49M 1s
 14850K .......... .......... .......... .......... .......... 57% 6.76M 1s
 14900K .......... .......... .......... .......... .......... 57% 19.8M 1s
 14950K .......... .......... .......... .......... .......... 57% 6.62M 1s
 15000K .......... .......... .......... .......... .......... 57% 24.3M 1s
 15050K .......... .......... .......... .......... .......... 58% 6.26M 1s
 15100K .......... .......... .......... .......... .......... 58% 19.6M 1s
 15150K .......... .......... .......... .......... .......... 58% 6.59M 1s
 15200K .......... .......... .......... .......... .......... 58% 5.42M 1s
 15250K .......... .......... .......... .......... .......... 58% 22.8M 1s
 15300K .......... .......... .......... .......... .......... 58% 6.32M 1s
 15350K .......... .......... .......... .......... .......... 59% 24.0M 1s
 15400K .......... .......... .......... .......... .......... 59% 6.74M 1s
 15450K .......... .......... .......... .......... .......... 59% 6.04M 1s
 15500K .......... .......... .......... .......... .......... 59% 21.2M 1s
 15550K .......... .......... .......... .......... .......... 59% 6.24M 1s
 15600K .......... .......... .......... .......... .......... 60% 25.1M 1s
 15650K .......... .......... .......... .......... .......... 60% 6.14M 1s
 15700K .......... .......... .......... .......... .......... 60% 21.1M 1s
 15750K .......... .......... .......... .......... .......... 60% 6.67M 1s
 15800K .......... .......... .......... .......... .......... 60% 6.89M 1s
 15850K .......... .......... .......... .......... .......... 61% 20.3M 1s
 15900K .......... .......... .......... .......... .......... 61% 4.28M 1s
 15950K .......... .......... .......... .......... .......... 61% 17.3M 1s
 16000K .......... .......... .......... .......... .......... 61% 18.2M 1s
 16050K .......... .......... .......... .......... .......... 61% 20.7M 1s
 16100K .......... .......... .......... .......... .......... 62% 6.66M 1s
 16150K .......... .......... .......... .......... .......... 62% 6.89M 1s
 16200K .......... .......... .......... .......... .......... 62% 21.4M 1s
 16250K .......... .......... .......... .......... .......... 62% 6.45M 1s
 16300K .......... .......... .......... .......... .......... 62% 6.79M 1s
 16350K .......... .......... .......... .......... .......... 63% 6.36M 1s
 16400K .......... .......... .......... .......... .......... 63% 6.96M 1s
 16450K .......... .......... .......... .......... .......... 63% 20.5M 1s
 16500K .......... .......... .......... .......... .......... 63% 6.68M 1s
 16550K .......... .......... .......... .......... .......... 63% 6.75M 1s
 16600K .......... .......... .......... .......... .......... 63% 20.8M 1s
 16650K .......... .......... .......... .......... .......... 64% 6.97M 1s
 16700K .......... .......... .......... .......... .......... 64% 23.5M 1s
 16750K .......... .......... .......... .......... .......... 64% 6.70M 1s
 16800K .......... .......... .......... .......... .......... 64% 20.3M 1s
 16850K .......... .......... .......... .......... .......... 64% 6.01M 1s
 16900K .......... .......... .......... .......... .......... 65% 23.3M 1s
 16950K .......... .......... .......... .......... .......... 65% 6.65M 1s
 17000K .......... .......... .......... .......... .......... 65% 19.3M 1s
 17050K .......... .......... .......... .......... .......... 65% 6.74M 1s
 17100K .......... .......... .......... .......... .......... 65% 23.3M 1s
 17150K .......... .......... .......... .......... .......... 66% 6.67M 1s
 17200K .......... .......... .......... .......... .......... 66% 20.8M 1s
 17250K .......... .......... .......... .......... .......... 66% 6.94M 1s
 17300K .......... .......... .......... .......... .......... 66% 6.94M 1s
 17350K .......... .......... .......... .......... .......... 66% 20.4M 1s
 17400K .......... .......... .......... .......... .......... 67% 6.59M 1s
 17450K .......... .......... .......... .......... .......... 67% 23.8M 1s
 17500K .......... .......... .......... .......... .......... 67% 6.84M 1s
 17550K .......... .......... .......... .......... .......... 67% 26.9M 1s
 17600K .......... .......... .......... .......... .......... 67% 6.56M 1s
 17650K .......... .......... .......... .......... .......... 68% 6.85M 1s
 17700K .......... .......... .......... .......... .......... 68% 25.0M 1s
 17750K .......... .......... .......... .......... .......... 68% 6.38M 1s
 17800K .......... .......... .......... .......... .......... 68% 22.2M 1s
 17850K .......... .......... .......... .......... .......... 68% 6.60M 1s
 17900K .......... .......... .......... .......... .......... 68% 22.2M 1s
 17950K .......... .......... .......... .......... .......... 69% 6.29M 1s
 18000K .......... .......... .......... .......... .......... 69% 6.69M 1s
 18050K .......... .......... .......... .......... .......... 69% 20.7M 1s
 18100K .......... .......... .......... .......... .......... 69% 6.65M 1s
 18150K .......... .......... .......... .......... .......... 69% 17.9M 1s
 18200K .......... .......... .......... .......... .......... 70% 6.45M 1s
 18250K .......... .......... .......... .......... .......... 70% 21.8M 1s
 18300K .......... .......... .......... .......... .......... 70% 6.75M 1s
 18350K .......... .......... .......... .......... .......... 70% 6.39M 1s
 18400K .......... .......... .......... .......... .......... 70% 21.7M 1s
 18450K .......... .......... .......... .......... .......... 71% 6.68M 1s
 18500K .......... .......... .......... .......... .......... 71% 6.82M 1s
 18550K .......... .......... .......... .......... .......... 71% 19.4M 1s
 18600K .......... .......... .......... .......... .......... 71% 6.65M 1s
 18650K .......... .......... .......... .......... .......... 71% 15.3M 1s
 18700K .......... .......... .......... .......... .......... 72% 3.81M 1s
 18750K .......... .......... .......... .......... .......... 72% 19.2M 1s
 18800K .......... .......... .......... .......... .......... 72% 6.54M 1s
 18850K .......... .......... .......... .......... .......... 72% 6.89M 1s
 18900K .......... .......... .......... .......... .......... 72% 18.5M 1s
 18950K .......... .......... .......... .......... .......... 73% 6.66M 1s
 19000K .......... .......... .......... .......... .......... 73% 6.84M 1s
 19050K .......... .......... .......... .......... .......... 73% 21.9M 1s
 19100K .......... .......... .......... .......... .......... 73% 6.39M 1s
 19150K .......... .......... .......... .......... .......... 73% 21.2M 1s
 19200K .......... .......... .......... .......... .......... 73% 6.14M 1s
 19250K .......... .......... .......... .......... .......... 74% 21.5M 1s
 19300K .......... .......... .......... .......... .......... 74% 6.30M 1s
 19350K .......... .......... .......... .......... .......... 74% 22.2M 1s
 19400K .......... .......... .......... .......... .......... 74% 6.58M 1s
 19450K .......... .......... .......... .......... .......... 74% 24.3M 1s
 19500K .......... .......... .......... .......... .......... 75% 6.23M 1s
 19550K .......... .......... .......... .......... .......... 75% 21.1M 1s
 19600K .......... .......... .......... .......... .......... 75% 6.31M 1s
 19650K .......... .......... .......... .......... .......... 75% 21.5M 1s
 19700K .......... .......... .......... .......... .......... 75% 6.36M 1s
 19750K .......... .......... .......... .......... .......... 76% 22.7M 1s
 19800K .......... .......... .......... .......... .......... 76% 6.86M 1s
 19850K .......... .......... .......... .......... .......... 76% 17.5M 1s
 19900K .......... .......... .......... .......... .......... 76% 21.7M 1s
 19950K .......... .......... .......... .......... .......... 76% 6.71M 1s
 20000K .......... .......... .......... .......... .......... 77% 20.7M 1s
 20050K .......... .......... .......... .......... .......... 77% 6.26M 1s
 20100K .......... .......... .......... .......... .......... 77% 22.8M 1s
 20150K .......... .......... .......... .......... .......... 77% 6.74M 1s
 20200K .......... .......... .......... .......... .......... 77% 20.7M 1s
 20250K .......... .......... .......... .......... .......... 77% 6.44M 1s
 20300K .......... .......... .......... .......... .......... 78% 6.58M 1s
 20350K .......... .......... .......... .......... .......... 78% 24.2M 1s
 20400K .......... .......... .......... .......... .......... 78% 6.75M 1s
 20450K .......... .......... .......... .......... .......... 78% 17.8M 1s
 20500K .......... .......... .......... .......... .......... 78% 6.61M 1s
 20550K .......... .......... .......... .......... .......... 79% 23.0M 1s
 20600K .......... .......... .......... .......... .......... 79% 6.71M 1s
 20650K .......... .......... .......... .......... .......... 79% 19.6M 1s
 20700K .......... .......... .......... .......... .......... 79% 23.7M 1s
 20750K .......... .......... .......... .......... .......... 79% 6.48M 1s
 20800K .......... .......... .......... .......... .......... 80% 20.0M 1s
 20850K .......... .......... .......... .......... .......... 80% 6.44M 1s
 20900K .......... .......... .......... .......... .......... 80% 6.93M 1s
 20950K .......... .......... .......... .......... .......... 80% 20.8M 0s
 21000K .......... .......... .......... .......... .......... 80% 6.50M 0s
 21050K .......... .......... .......... .......... .......... 81% 23.6M 0s
 21100K .......... .......... .......... .......... .......... 81% 6.72M 0s
 21150K .......... .......... .......... .......... .......... 81% 19.5M 0s
 21200K .......... .......... .......... .......... .......... 81% 6.21M 0s
 21250K .......... .......... .......... .......... .......... 81% 20.5M 0s
 21300K .......... .......... .......... .......... .......... 82% 6.80M 0s
 21350K .......... .......... .......... .......... .......... 82% 23.6M 0s
 21400K .......... .......... .......... .......... .......... 82% 6.27M 0s
 21450K .......... .......... .......... .......... .......... 82% 19.9M 0s
 21500K .......... .......... .......... .......... .......... 82% 6.56M 0s
 21550K .......... .......... .......... .......... .......... 82% 6.18M 0s
 21600K .......... .......... .......... .......... .......... 83% 18.2M 0s
 21650K .......... .......... .......... .......... .......... 83% 6.78M 0s
 21700K .......... .......... .......... .......... .......... 83% 6.52M 0s
 21750K .......... .......... .......... .......... .......... 83% 21.1M 0s
 21800K .......... .......... .......... .......... .......... 83% 6.50M 0s
 21850K .......... .......... .......... .......... .......... 84% 6.71M 0s
 21900K .......... .......... .......... .......... .......... 84% 22.0M 0s
 21950K .......... .......... .......... .......... .......... 84% 6.47M 0s
 22000K .......... .......... .......... .......... .......... 84% 23.6M 0s
 22050K .......... .......... .......... .......... .......... 84% 6.45M 0s
 22100K .......... .......... .......... .......... .......... 85% 21.3M 0s
 22150K .......... .......... .......... .......... .......... 85% 6.39M 0s
 22200K .......... .......... .......... .......... .......... 85% 6.68M 0s
 22250K .......... .......... .......... .......... .......... 85% 6.74M 0s
 22300K .......... .......... .......... .......... .......... 85% 23.4M 0s
 22350K .......... .......... .......... .......... .......... 86% 5.93M 0s
 22400K .......... .......... .......... .......... .......... 86% 6.90M 0s
 22450K .......... .......... .......... .......... .......... 86% 22.3M 0s
 22500K .......... .......... .......... .......... .......... 86% 6.68M 0s
 22550K .......... .......... .......... .......... .......... 86% 19.8M 0s
 22600K .......... .......... .......... .......... .......... 87% 6.66M 0s
 22650K .......... .......... .......... .......... .......... 87% 6.70M 0s
 22700K .......... .......... .......... .......... .......... 87% 7.02M 0s
 22750K .......... .......... .......... .......... .......... 87% 17.8M 0s
 22800K .......... .......... .......... .......... .......... 87% 6.59M 0s
 22850K .......... .......... .......... .......... .......... 87% 21.1M 0s
 22900K .......... .......... .......... .......... .......... 88% 6.19M 0s
 22950K .......... .......... .......... .......... .......... 88% 18.4M 0s
 23000K .......... .......... .......... .......... .......... 88% 6.54M 0s
 23050K .......... .......... .......... .......... .......... 88% 6.78M 0s
 23100K .......... .......... .......... .......... .......... 88% 21.2M 0s
 23150K .......... .......... .......... .......... .......... 89% 5.58M 0s
 23200K .......... .......... .......... .......... .......... 89% 23.7M 0s
 23250K .......... .......... .......... .......... .......... 89% 6.81M 0s
 23300K .......... .......... .......... .......... .......... 89% 6.47M 0s
 23350K .......... .......... .......... .......... .......... 89% 21.5M 0s
 23400K .......... .......... .......... .......... .......... 90% 6.66M 0s
 23450K .......... .......... .......... .......... .......... 90% 22.8M 0s
 23500K .......... .......... .......... .......... .......... 90% 5.79M 0s
 23550K .......... .......... .......... .......... .......... 90% 22.5M 0s
 23600K .......... .......... .......... .......... .......... 90% 6.65M 0s
 23650K .......... .......... .......... .......... .......... 91% 6.86M 0s
 23700K .......... .......... .......... .......... .......... 91% 15.4M 0s
 23750K .......... .......... .......... .......... .......... 91% 6.10M 0s
 23800K .......... .......... .......... .......... .......... 91% 24.2M 0s
 23850K .......... .......... .......... .......... .......... 91% 6.35M 0s
 23900K .......... .......... .......... .......... .......... 92% 16.4M 0s
 23950K .......... .......... .......... .......... .......... 92% 5.76M 0s
 24000K .......... .......... .......... .......... .......... 92% 21.5M 0s
 24050K .......... .......... .......... .......... .......... 92% 6.10M 0s
 24100K .......... .......... .......... .......... .......... 92% 23.1M 0s
 24150K .......... .......... .......... .......... .......... 92% 5.94M 0s
 24200K .......... .......... .......... .......... .......... 93% 19.2M 0s
 24250K .......... .......... .......... .......... .......... 93% 6.21M 0s
 24300K .......... .......... .......... .......... .......... 93% 22.7M 0s
 24350K .......... .......... .......... .......... .......... 93% 6.59M 0s
 24400K .......... .......... .......... .......... .......... 93% 19.6M 0s
 24450K .......... .......... .......... .......... .......... 94% 6.12M 0s
 24500K .......... .......... .......... .......... .......... 94% 6.61M 0s
 24550K .......... .......... .......... .......... .......... 94% 18.3M 0s
 24600K .......... .......... .......... .......... .......... 94% 6.10M 0s
 24650K .......... .......... .......... .......... .......... 94% 16.2M 0s
 24700K .......... .......... .......... .......... .......... 95% 6.29M 0s
 24750K .......... .......... .......... .......... .......... 95% 19.0M 0s
 24800K .......... .......... .......... .......... .......... 95% 18.5M 0s
 24850K .......... .......... .......... .......... .......... 95% 5.96M 0s
 24900K .......... .......... .......... .......... .......... 95% 6.47M 0s
 24950K .......... .......... .......... .......... .......... 96% 19.1M 0s
 25000K .......... .......... .......... .......... .......... 96% 5.81M 0s
 25050K .......... .......... .......... .......... .......... 96% 17.2M 0s
 25100K .......... .......... .......... .......... .......... 96% 6.45M 0s
 25150K .......... .......... .......... .......... .......... 96% 6.30M 0s
 25200K .......... .......... .......... .......... .......... 97% 6.19M 0s
 25250K .......... .......... .......... .......... .......... 97% 6.65M 0s
 25300K .......... .......... .......... .......... .......... 97% 20.6M 0s
 25350K .......... .......... .......... .......... .......... 97% 3.60M 0s
 25400K .......... .......... .......... .......... .......... 97% 15.8M 0s
 25450K .......... .......... .......... .......... .......... 97% 22.4M 0s
 25500K .......... .......... .......... .......... .......... 98% 6.54M 0s
 25550K .......... .......... .......... .......... .......... 98% 23.4M 0s
 25600K .......... .......... .......... .......... .......... 98% 6.30M 0s
 25650K .......... .......... .......... .......... .......... 98% 6.55M 0s
 25700K .......... .......... .......... .......... .......... 98% 19.9M 0s
 25750K .......... .......... .......... .......... .......... 99% 6.61M 0s
 25800K .......... .......... .......... .......... .......... 99% 18.8M 0s
 25850K .......... .......... .......... .......... .......... 99% 6.48M 0s
 25900K .......... .......... .......... .......... .......... 99% 6.90M 0s
 25950K .......... .......... .......... .......... .......... 99% 18.4M 0s
 26000K .......... .......... .......                         100% 24.8M=2.6s

2025-01-10 17:18:57 (9.70 MB/s) - 'MG5_aMC_v2.9.18.tar.gz' saved [26651876/26651876]

patching file models/loop_qcd_qed_sm/restrict_lepton_masses_no_lepton_yukawas.dat
patching file models/loop_sm/restrict_ckm_no_b_mass.dat
patching file models/sm/restrict_ckm_lepton_masses.dat
patching file models/sm/restrict_ckm_lepton_masses_no_b_mass.dat
patching file models/sm/restrict_ckm_no_b_mass.dat
patching file models/sm/restrict_lepton_masses_no_b_mass.dat
patching file Template/NLO/SubProcesses/MCmasses_PYTHIA8.inc
patching file madgraph/interface/loop_interface.py
patching file madgraph/various/systematics.py
Hunk #1 succeeded at 342 (offset 3 lines).
Hunk #2 succeeded at 377 (offset 3 lines).
Hunk #3 succeeded at 551 (offset 3 lines).
patching file Template/NLO/Source/make_opts.inc
patching file madgraph/iolibs/export_v4.py
patching file madgraph/iolibs/template_files/pdf_opendata.f
patching file madgraph/iolibs/template_files/pdf_wrap_lhapdf.f
patching file madgraph/iolibs/template_files/pdf_wrap_lhapdf.f
patching file madgraph/interface/reweight_interface.py
patching file madgraph/interface/common_run_interface.py
patching file Template/LO/SubProcesses/refine.sh
patching file Template/LO/SubProcesses/refine_splitted.sh
patching file Template/LO/SubProcesses/survey.sh
patching file Template/NLO/SubProcesses/ajob_template
patching file Template/NLO/SubProcesses/reweight_xsec_events.local
patching file madgraph/various/misc.py
Hunk #1 succeeded at 514 (offset 39 lines).
patching file madgraph/various/cluster.py
************************************************************
*                                                          *
*                     W E L C O M E to                     *
*              M A D G R A P H 5 _ a M C @ N L O           *
*                                                          *
*                                                          *
*                 *                       *                *
*                   *        * *        *                  *
*                     * * * * 5 * * * *                    *
*                   *        * *        *                  *
*                 *                       *                *
*                                                          *
*         VERSION 2.9.18                2023-12-08         *
*                                                          *
*    The MadGraph5_aMC@NLO Development Team - Find us at   *
*    https://server06.fynu.ucl.ac.be/projects/madgraph     *
*                            and                           *
*            http://amcatnlo.web.cern.ch/amcatnlo/         *
*                                                          *
*               Type 'help' for in-line help.              *
*           Type 'tutorial' to learn how MG5 works         *
*    Type 'tutorial aMCatNLO' to learn how aMC@NLO works   *
*    Type 'tutorial MadLoop' to learn how MadLoop works    *
*                                                          *
************************************************************
load MG5 configuration from input/mg5_configuration.txt 
fastjet-config does not seem to correspond to a valid fastjet-config executable (v3+). We will use fjcore instead.
 Please set the 'fastjet'variable to the full (absolute) /PATH/TO/fastjet-config (including fastjet-config).
 MG5_aMC> set fastjet /PATH/TO/fastjet-config

set lhapdf to lhapdf-config
None does not seem to correspond to a valid lhapdf-config executable. 
Please set the 'lhapdf' variable to the (absolute) /PATH/TO/lhapdf-config (including lhapdf-config).
Note that you can still compile and run aMC@NLO with the built-in PDFs
 MG5_aMC> set lhapdf /PATH/TO/lhapdf-config

Using default eps viewer "evince". Set another one in ./input/mg5_configuration.txt
Using default web browser "firefox". Set another one in ./input/mg5_configuration.txt
import /eos/home-m/miozdemi/genproductions/bin/MadGraph5_aMCatNLO/WprimetoENu_Par-kR-0p01-M-1000_NNPDF31nnlo/WprimetoENu_Par-kR-0p01-M-1000_NNPDF31nnlo_gridpack/work/MG5_aMC_v2_9_18/mgconfigscript
The import format was not given, so we guess it as command
set auto_update 0
set automatic_html_opening False
This option will be the default in any output that you are going to create in this session.
In order to keep this changes permanent please run 'save options'
set auto_convert_model True
save options auto_convert_model
save configuration file to /eos/home-m/miozdemi/genproductions/bin/MadGraph5_aMCatNLO/WprimetoENu_Par-kR-0p01-M-1000_NNPDF31nnlo/WprimetoENu_Par-kR-0p01-M-1000_NNPDF31nnlo_gridpack/work/MG5_aMC_v2_9_18/input/mg5_configuration.txt
set lhapdf_py3 /cvmfs/cms.cern.ch/el8_amd64_gcc10/external/lhapdf/6.4.0-68defff11ffd434c73727d03802bfb85/share/LHAPDF/../../bin/lhapdf-config
set lhapdf to /cvmfs/cms.cern.ch/el8_amd64_gcc10/external/lhapdf/6.4.0-68defff11ffd434c73727d03802bfb85/share/LHAPDF/../../bin/lhapdf-config
save options lhapdf_py3
save configuration file to /eos/home-m/miozdemi/genproductions/bin/MadGraph5_aMCatNLO/WprimetoENu_Par-kR-0p01-M-1000_NNPDF31nnlo/WprimetoENu_Par-kR-0p01-M-1000_NNPDF31nnlo_gridpack/work/MG5_aMC_v2_9_18/input/mg5_configuration.txt
set run_mode 2
This option will be the default in any output that you are going to create in this session.
In order to keep this changes permanent please run 'save options'
save options --all
save configuration file to /eos/home-m/miozdemi/genproductions/bin/MadGraph5_aMCatNLO/WprimetoENu_Par-kR-0p01-M-1000_NNPDF31nnlo/WprimetoENu_Par-kR-0p01-M-1000_NNPDF31nnlo_gridpack/work/MG5_aMC_v2_9_18/input/mg5_configuration.txt
quit
Loading extra models specified in /eos/user/m/miozdemi/genproductions/bin/MadGraph5_aMCatNLO/cards/production/13p6TeV/WprimetoENu_2024/WprimetoENu_Par-kR-0p01-M-1000_NNPDF31nnlo/WprimetoENu_Par-kR-0p01-M-1000_NNPDF31nnlo_extramodels.dat
Loading extra model weff_ufo.tar.gz
--2025-01-10 17:19:27--  https://cms-project-generators.web.cern.ch/cms-project-generators/weff_ufo.tar.gz
Resolving cms-project-generators.web.cern.ch (cms-project-generators.web.cern.ch)... 2001:1458:d00:16::41d, 2001:1458:d00:65::100:265, 2001:1458:d00:62::100:2e8, ...
Connecting to cms-project-generators.web.cern.ch (cms-project-generators.web.cern.ch)|2001:1458:d00:16::41d|:443... connected.
HTTP request sent, awaiting response... 200 OK
Length: 66203 (65K) [application/x-gzip]
Saving to: 'weff_ufo.tar.gz'

     0K .......... .......... .......... .......... .......... 77% 22.2M 0s
    50K .......... ....                                       100% 29.9M=0.003s

2025-01-10 17:19:27 (23.6 MB/s) - 'weff_ufo.tar.gz' saved [66203/66203]

WEff_UFO/
WEff_UFO/function_library.pyo
WEff_UFO/__init__.py
WEff_UFO/object_library.py
WEff_UFO/particles.pyo
WEff_UFO/propagators.py
WEff_UFO/WEff_UFO.log
WEff_UFO/object_library.pyo
WEff_UFO/coupling_orders.py
WEff_UFO/vertices.pyo
WEff_UFO/parameters.pyo
WEff_UFO/vertices.py
WEff_UFO/write_param_card.pyo
WEff_UFO/coupling_orders.pyo
WEff_UFO/__init__.pyo
WEff_UFO/decays.pyo
WEff_UFO/particles.py
WEff_UFO/propagators.pyo
WEff_UFO/lorentz.pyo
WEff_UFO/parameters.py
WEff_UFO/write_param_card.py
WEff_UFO/CT_couplings.py
WEff_UFO/model.pkl
WEff_UFO/decays.py
WEff_UFO/couplings.pyo
WEff_UFO/function_library.py
WEff_UFO/lorentz.py
WEff_UFO/couplings.py
ls: cannot access '/eos/user/m/miozdemi/genproductions/bin/MadGraph5_aMCatNLO/cards/production/13p6TeV/WprimetoENu_2024/WprimetoENu_Par-kR-0p01-M-1000_NNPDF31nnlo/WprimetoENu_Par-kR-0p01-M-1000_NNPDF31nnlo*.patch': No such file or directory
/eos/user/m/miozdemi/genproductions/bin/MadGraph5_aMCatNLO/WprimetoENu_Par-kR-0p01-M-1000_NNPDF31nnlo/WprimetoENu_Par-kR-0p01-M-1000_NNPDF31nnlo_gridpack/work
************************************************************
*                                                          *
*                     W E L C O M E to                     *
*              M A D G R A P H 5 _ a M C @ N L O           *
*                                                          *
*                                                          *
*                 *                       *                *
*                   *        * *        *                  *
*                     * * * * 5 * * * *                    *
*                   *        * *        *                  *
*                 *                       *                *
*                                                          *
*         VERSION 2.9.18                2023-12-08         *
*                                                          *
*    The MadGraph5_aMC@NLO Development Team - Find us at   *
*    https://server06.fynu.ucl.ac.be/projects/madgraph     *
*                            and                           *
*            http://amcatnlo.web.cern.ch/amcatnlo/         *
*                                                          *
*               Type 'help' for in-line help.              *
*           Type 'tutorial' to learn how MG5 works         *
*    Type 'tutorial aMCatNLO' to learn how aMC@NLO works   *
*    Type 'tutorial MadLoop' to learn how MadLoop works    *
*                                                          *
************************************************************
load MG5 configuration from MG5_aMC_v2_9_18/input/mg5_configuration.txt 
None does not seem to correspond to a valid fastjet-config executable (v3+). We will use fjcore instead.
 Please set the 'fastjet'variable to the full (absolute) /PATH/TO/fastjet-config (including fastjet-config).
 MG5_aMC> set fastjet /PATH/TO/fastjet-config

set lhapdf to /cvmfs/cms.cern.ch/el8_amd64_gcc10/external/lhapdf/6.4.0-68defff11ffd434c73727d03802bfb85/share/LHAPDF/../../bin/lhapdf-config
set lhapdf to /cvmfs/cms.cern.ch/el8_amd64_gcc10/external/lhapdf/6.4.0-68defff11ffd434c73727d03802bfb85/share/LHAPDF/../../bin/lhapdf-config
Using default eps viewer "evince". Set another one in ./input/mg5_configuration.txt
Using default web browser "firefox". Set another one in ./input/mg5_configuration.txt
import /eos/home-m/miozdemi/genproductions/bin/MadGraph5_aMCatNLO/WprimetoENu_Par-kR-0p01-M-1000_NNPDF31nnlo/WprimetoENu_Par-kR-0p01-M-1000_NNPDF31nnlo_gridpack/work/WprimetoENu_Par-kR-0p01-M-1000_NNPDF31nnlo_proc_card.dat
The import format was not given, so we guess it as command
import model WEff_UFO
fail to load model but auto_convert_model is on True. Trying to convert the model
convert model /eos/home-m/miozdemi/genproductions/bin/MadGraph5_aMCatNLO/WprimetoENu_Par-kR-0p01-M-1000_NNPDF31nnlo/WprimetoENu_Par-kR-0p01-M-1000_NNPDF31nnlo_gridpack/work/MG5_aMC_v2_9_18/models/WEff_UFO
retry the load of the model
import model WEff_UFO
INFO: load particles 
INFO: load vertices 
INFO: Change particles name to pass to MG5 convention 
Defined multiparticle p = g u c d s u~ c~ d~ s~
Defined multiparticle j = g u c d s u~ c~ d~ s~
Defined multiparticle l+ = e+ mu+
Defined multiparticle l- = e- mu-
Defined multiparticle vl = ve vm vt
Defined multiparticle vl~ = ve~ vm~ vt~
Defined multiparticle all = g a ve vm vt ve~ vm~ vt~ u c t d s b u~ c~ t~ d~ s~ b~ z w+ h wp+ w- wp- e- mu- ta- e+ mu+ ta+
INFO: Change particles name to pass to MG5 convention 
Kept definitions of multiparticles p / j / l+ / l- / vl / vl~ unchanged
Defined multiparticle all = g a ve vm vt ve~ vm~ vt~ u c t d s b u~ c~ t~ d~ s~ b~ z w+ h wp+ w- wp- e- mu- ta- e+ mu+ ta+
generate p p > wp+ > e+ ve
INFO: Checking for minimal orders which gives processes. 
INFO: Please specify coupling orders to bypass this step. 
INFO: Trying coupling order WEIGHTED<=4: WEIGTHED IS QCD+2*QED+NP 
INFO: Trying coupling order WEIGHTED<=5: WEIGTHED IS QCD+2*QED+NP 
INFO: Trying process: u d~ > wp+ > e+ ve WEIGHTED<=6 @1  
INFO: Process has 1 diagrams 
INFO: Trying process: u s~ > wp+ > e+ ve WEIGHTED<=6 @1  
INFO: Process has 1 diagrams 
INFO: Trying process: c d~ > wp+ > e+ ve WEIGHTED<=6 @1  
INFO: Process has 1 diagrams 
INFO: Trying process: c s~ > wp+ > e+ ve WEIGHTED<=6 @1  
INFO: Process has 1 diagrams 
INFO: Process d~ u > e+ ve added to mirror process u d~ > e+ ve 
INFO: Process d~ c > e+ ve added to mirror process c d~ > e+ ve 
INFO: Process s~ u > e+ ve added to mirror process u s~ > e+ ve 
INFO: Process s~ c > e+ ve added to mirror process c s~ > e+ ve 
4 processes with 4 diagrams generated in 0.025 s
Total: 4 processes with 4 diagrams
add process p p > wp- > e- ve~
INFO: Checking for minimal orders which gives processes. 
INFO: Please specify coupling orders to bypass this step. 
INFO: Trying coupling order WEIGHTED<=4: WEIGTHED IS QCD+2*QED+NP 
INFO: Trying coupling order WEIGHTED<=5: WEIGTHED IS QCD+2*QED+NP 
INFO: Trying process: d u~ > wp- > e- ve~ WEIGHTED<=6 @2  
INFO: Process has 1 diagrams 
INFO: Trying process: d c~ > wp- > e- ve~ WEIGHTED<=6 @2  
INFO: Process has 1 diagrams 
INFO: Trying process: s u~ > wp- > e- ve~ WEIGHTED<=6 @2  
INFO: Process has 1 diagrams 
INFO: Trying process: s c~ > wp- > e- ve~ WEIGHTED<=6 @2  
INFO: Process has 1 diagrams 
INFO: Process u~ d > e- ve~ added to mirror process d u~ > e- ve~ 
INFO: Process u~ s > e- ve~ added to mirror process s u~ > e- ve~ 
INFO: Process c~ d > e- ve~ added to mirror process d c~ > e- ve~ 
INFO: Process c~ s > e- ve~ added to mirror process s c~ > e- ve~ 
4 processes with 4 diagrams generated in 0.025 s
Total: 8 processes with 8 diagrams
output WprimeToENu_M-1000_kR-0p01_LO_NNPDF31nnlo  -nojpeg
[1;34mPlugin PLUGIN.CMS_CLUSTER has marked as NOT being validated with this version. 
It has been validated for the last time with version: 2.6.0[0m
INFO: initialize a new directory: WprimeToENu_M-1000_kR-0p01_LO_NNPDF31nnlo 
INFO: remove old information in WprimeToENu_M-1000_kR-0p01_LO_NNPDF31nnlo 
INFO: Organizing processes into subprocess groups 
INFO: Generating Helas calls for process: u d~ > wp+ > e+ ve WEIGHTED<=6 @1 
INFO: Processing color information for process: u d~ > wp+ > e+ ve @1 
INFO: Generating Helas calls for process: u s~ > wp+ > e+ ve WEIGHTED<=6 @1 
INFO: Processing color information for process: u s~ > wp+ > e+ ve @1 
INFO: Generating Helas calls for process: c d~ > wp+ > e+ ve WEIGHTED<=6 @1 
INFO: Processing color information for process: c d~ > wp+ > e+ ve @1 
INFO: Generating Helas calls for process: c s~ > wp+ > e+ ve WEIGHTED<=6 @1 
INFO: Processing color information for process: c s~ > wp+ > e+ ve @1 
INFO: Generating Helas calls for process: d u~ > wp- > e- ve~ WEIGHTED<=6 @2 
INFO: Processing color information for process: d u~ > wp- > e- ve~ @2 
INFO: Generating Helas calls for process: d c~ > wp- > e- ve~ WEIGHTED<=6 @2 
INFO: Processing color information for process: d c~ > wp- > e- ve~ @2 
INFO: Generating Helas calls for process: s u~ > wp- > e- ve~ WEIGHTED<=6 @2 
INFO: Processing color information for process: s u~ > wp- > e- ve~ @2 
INFO: Generating Helas calls for process: s c~ > wp- > e- ve~ WEIGHTED<=6 @2 
INFO: Processing color information for process: s c~ > wp- > e- ve~ @2 
INFO: Creating files in directory P1_udx_epvl 
INFO: Generating Feynman diagrams for Process: u d~ > wp+ > e+ ve WEIGHTED<=6 @1 
INFO: Finding symmetric diagrams for subprocess group udx_epvl 
INFO: Creating files in directory P1_usx_epvl 
INFO: Generating Feynman diagrams for Process: u s~ > wp+ > e+ ve WEIGHTED<=6 @1 
INFO: Finding symmetric diagrams for subprocess group usx_epvl 
INFO: Creating files in directory P1_cdx_epvl 
INFO: Generating Feynman diagrams for Process: c d~ > wp+ > e+ ve WEIGHTED<=6 @1 
INFO: Finding symmetric diagrams for subprocess group cdx_epvl 
INFO: Creating files in directory P1_csx_epvl 
INFO: Generating Feynman diagrams for Process: c s~ > wp+ > e+ ve WEIGHTED<=6 @1 
INFO: Finding symmetric diagrams for subprocess group csx_epvl 
INFO: Creating files in directory P2_dux_emvl 
INFO: Generating Feynman diagrams for Process: d u~ > wp- > e- ve~ WEIGHTED<=6 @2 
INFO: Finding symmetric diagrams for subprocess group dux_emvl 
INFO: Creating files in directory P2_dcx_emvl 
INFO: Generating Feynman diagrams for Process: d c~ > wp- > e- ve~ WEIGHTED<=6 @2 
INFO: Finding symmetric diagrams for subprocess group dcx_emvl 
INFO: Creating files in directory P2_sux_emvl 
INFO: Generating Feynman diagrams for Process: s u~ > wp- > e- ve~ WEIGHTED<=6 @2 
INFO: Finding symmetric diagrams for subprocess group sux_emvl 
INFO: Creating files in directory P2_scx_emvl 
INFO: Generating Feynman diagrams for Process: s c~ > wp- > e- ve~ WEIGHTED<=6 @2 
INFO: Finding symmetric diagrams for subprocess group scx_emvl 
Generated helas calls for 8 subprocesses (8 diagrams) in 0.010 s
Wrote files for 48 helas calls in 7.078 s
ALOHA: aloha creates FFV2 routines
ALOHA: aloha creates FFV3 routines
The option auto_update is modified [7] but will not be written in the configuration files.
If you want to make this value the default for future session, you can run 'save options --all'
save configuration file to /eos/home-m/miozdemi/genproductions/bin/MadGraph5_aMCatNLO/WprimetoENu_Par-kR-0p01-M-1000_NNPDF31nnlo/WprimetoENu_Par-kR-0p01-M-1000_NNPDF31nnlo_gridpack/work/WprimeToENu_M-1000_kR-0p01_LO_NNPDF31nnlo/Cards/me5_configuration.txt
INFO: Use Fortran compiler gfortran 
INFO: Use c++ compiler g++ 
INFO: Generate web pages 
tar: Cards: file changed as we read it
tar: SubProcesses/P1_cdx_epvl: file changed as we read it
tar: SubProcesses/P1_csx_epvl: file changed as we read it
tar: SubProcesses/P1_udx_epvl: file changed as we read it
tar: SubProcesses/P1_usx_epvl: file changed as we read it
tar: SubProcesses/P2_dcx_emvl: file changed as we read it
tar: SubProcesses/P2_dux_emvl: file changed as we read it
tar: SubProcesses/P2_scx_emvl: file changed as we read it
tar: SubProcesses/P2_sux_emvl: file changed as we read it
tar: bin: file changed as we read it
tar: Events: file changed as we read it
Output to directory /eos/home-m/miozdemi/genproductions/bin/MadGraph5_aMCatNLO/WprimetoENu_Par-kR-0p01-M-1000_NNPDF31nnlo/WprimetoENu_Par-kR-0p01-M-1000_NNPDF31nnlo_gridpack/work/WprimeToENu_M-1000_kR-0p01_LO_NNPDF31nnlo done.
Type "launch" to generate events from this process, or see
/eos/home-m/miozdemi/genproductions/bin/MadGraph5_aMCatNLO/WprimetoENu_Par-kR-0p01-M-1000_NNPDF31nnlo/WprimetoENu_Par-kR-0p01-M-1000_NNPDF31nnlo_gridpack/work/WprimeToENu_M-1000_kR-0p01_LO_NNPDF31nnlo/README
Run "open index.html" to see more information about this process.
display multiparticles
Multiparticle labels:
p = g u c d s u~ c~ d~ s~
j = g u c d s u~ c~ d~ s~
l+ = e+ mu+
l- = e- mu-
vl = ve vm vt
vl~ = ve~ vm~ vt~
all = g a ve vm vt ve~ vm~ vt~ u c t d s b u~ c~ t~ d~ s~ b~ z w+ h wp+ w- wp- e- mu- ta- e+ mu+ ta+
quit
Process output directory WprimetoENu_Par-kR-0p01-M-1000_NNPDF31nnlo not found.  Either process generation failed, or the name of the output did not match the process name WprimetoENu_Par-kR-0p01-M-1000_NNPDF31nnlo provided to the script.
