#Subprocess 1 (u,D -> ne,E,b,B)
 Cross section [pb] = 2.3448e-01 +/- 1.60e-03 (Nevnt = 44663)
#Subprocess 2 (u,D -> nm,M,b,B)
 Cross section [pb] = 2.3448e-01 +/- 1.60e-03 (Nevnt = 44663)
#Subprocess 3 (u,D -> nl,L,b,B)
 Cross section [pb] = 2.3433e-01 +/- 1.57e-03 (Nevnt = 44634)
#Subprocess 4 (u,S -> ne,E,b,B)
 Cross section [pb] = 9.9176e-03 +/- 1.60e-03 (Nevnt = 1889)
#Subprocess 5 (u,S -> nm,M,b,B)
 Cross section [pb] = 9.9177e-03 +/- 1.60e-03 (Nevnt = 1889)
#Subprocess 6 (u,S -> nl,L,b,B)
 Cross section [pb] = 9.9129e-03 +/- 1.58e-03 (Nevnt = 1888)
#Subprocess 7 (d,U -> Ne,e,b,B)
 Cross section [pb] = 1.3034e-01 +/- 1.45e-03 (Nevnt = 24826)
#Subprocess 8 (d,U -> Nm,m,b,B)
 Cross section [pb] = 1.3034e-01 +/- 1.45e-03 (Nevnt = 24826)
#Subprocess 9 (d,U -> Nl,l,b,B)
 Cross section [pb] = 1.3024e-01 +/- 1.45e-03 (Nevnt = 24807)
#Subprocess 10 (d,C -> Ne,e,b,B)
 Cross section [pb] = 4.9174e-03 +/- 1.50e-03 (Nevnt = 937)
#Subprocess 11 (d,C -> Nm,m,b,B)
 Cross section [pb] = 4.9174e-03 +/- 1.50e-03 (Nevnt = 937)
#Subprocess 12 (d,C -> Nl,l,b,B)
 Cross section [pb] = 4.9139e-03 +/- 1.50e-03 (Nevnt = 936)
#Subprocess 13 (U,d -> Ne,e,b,B)
 Cross section [pb] = 1.3044e-01 +/- 1.58e-03 (Nevnt = 24845)
#Subprocess 14 (U,d -> Nm,m,b,B)
 Cross section [pb] = 1.3044e-01 +/- 1.58e-03 (Nevnt = 24845)
#Subprocess 15 (U,d -> Nl,l,b,B)
 Cross section [pb] = 1.3032e-01 +/- 1.58e-03 (Nevnt = 24823)
#Subprocess 16 (U,s -> Ne,e,b,B)
 Cross section [pb] = 2.1994e-03 +/- 1.69e-03 (Nevnt = 419)
#Subprocess 17 (U,s -> Nm,m,b,B)
 Cross section [pb] = 2.1994e-03 +/- 1.69e-03 (Nevnt = 419)
#Subprocess 18 (U,s -> Nl,l,b,B)
 Cross section [pb] = 2.1973e-03 +/- 1.66e-03 (Nevnt = 419)
#Subprocess 19 (D,u -> ne,E,b,B)
 Cross section [pb] = 2.3436e-01 +/- 1.53e-03 (Nevnt = 44640)
#Subprocess 20 (D,u -> nm,M,b,B)
 Cross section [pb] = 2.3436e-01 +/- 1.53e-03 (Nevnt = 44640)
#Subprocess 21 (D,u -> nl,L,b,B)
 Cross section [pb] = 2.3420e-01 +/- 1.52e-03 (Nevnt = 44608)
#Subprocess 22 (D,c -> ne,E,b,B)
 Cross section [pb] = 1.9877e-03 +/- 1.71e-03 (Nevnt = 379)
#Subprocess 23 (D,c -> nm,M,b,B)
 Cross section [pb] = 1.9877e-03 +/- 1.71e-03 (Nevnt = 379)
#Subprocess 24 (D,c -> nl,L,b,B)
 Cross section [pb] = 1.9862e-03 +/- 1.71e-03 (Nevnt = 378)
#Subprocess 25 (s,U -> Ne,e,b,B)
 Cross section [pb] = 2.1986e-03 +/- 1.90e-03 (Nevnt = 419)
#Subprocess 26 (s,U -> Nm,m,b,B)
 Cross section [pb] = 2.1985e-03 +/- 1.89e-03 (Nevnt = 419)
#Subprocess 27 (s,U -> Nl,l,b,B)
 Cross section [pb] = 2.1932e-03 +/- 1.95e-03 (Nevnt = 418)
#Subprocess 28 (s,C -> Ne,e,b,B)
 Cross section [pb] = 2.6857e-02 +/- 1.56e-03 (Nevnt = 5116)
#Subprocess 29 (s,C -> Nm,m,b,B)
 Cross section [pb] = 2.6857e-02 +/- 1.56e-03 (Nevnt = 5116)
#Subprocess 30 (s,C -> Nl,l,b,B)
 Cross section [pb] = 2.6843e-02 +/- 1.60e-03 (Nevnt = 5113)
#Subprocess 31 (c,D -> ne,E,b,B)
 Cross section [pb] = 1.9931e-03 +/- 1.55e-03 (Nevnt = 380)
#Subprocess 32 (c,D -> nm,M,b,B)
 Cross section [pb] = 1.9931e-03 +/- 1.55e-03 (Nevnt = 380)
#Subprocess 33 (c,D -> nl,L,b,B)
 Cross section [pb] = 1.9906e-03 +/- 1.74e-03 (Nevnt = 379)
#Subprocess 34 (c,S -> ne,E,b,B)
 Cross section [pb] = 2.6927e-02 +/- 1.78e-03 (Nevnt = 5129)
#Subprocess 35 (c,S -> nm,M,b,B)
 Cross section [pb] = 2.6927e-02 +/- 1.79e-03 (Nevnt = 5129)
#Subprocess 36 (c,S -> nl,L,b,B)
 Cross section [pb] = 2.6909e-02 +/- 1.82e-03 (Nevnt = 5125)
#Subprocess 37 (S,u -> ne,E,b,B)
 Cross section [pb] = 9.8935e-03 +/- 1.60e-03 (Nevnt = 1884)
#Subprocess 38 (S,u -> nm,M,b,B)
 Cross section [pb] = 9.8934e-03 +/- 1.60e-03 (Nevnt = 1884)
#Subprocess 39 (S,u -> nl,L,b,B)
 Cross section [pb] = 9.8850e-03 +/- 1.61e-03 (Nevnt = 1883)
#Subprocess 40 (S,c -> ne,E,b,B)
 Cross section [pb] = 2.6857e-02 +/- 1.56e-03 (Nevnt = 5116)
#Subprocess 41 (S,c -> nm,M,b,B)
 Cross section [pb] = 2.6857e-02 +/- 1.56e-03 (Nevnt = 5116)
#Subprocess 42 (S,c -> nl,L,b,B)
 Cross section [pb] = 2.6843e-02 +/- 1.60e-03 (Nevnt = 5113)
#Subprocess 43 (C,d -> Ne,e,b,B)
 Cross section [pb] = 4.9249e-03 +/- 2.10e-03 (Nevnt = 938)
#Subprocess 44 (C,d -> Nm,m,b,B)
 Cross section [pb] = 4.9259e-03 +/- 2.10e-03 (Nevnt = 938)
#Subprocess 45 (C,d -> Nl,l,b,B)
 Cross section [pb] = 4.9176e-03 +/- 2.14e-03 (Nevnt = 937)
#Subprocess 46 (C,s -> Ne,e,b,B)
 Cross section [pb] = 2.6927e-02 +/- 1.78e-03 (Nevnt = 5129)
#Subprocess 47 (C,s -> Nm,m,b,B)
 Cross section [pb] = 2.6927e-02 +/- 1.79e-03 (Nevnt = 5129)
#Subprocess 48 (C,s -> Nl,l,b,B)
 Cross section [pb] = 2.6909e-02 +/- 1.82e-03 (Nevnt = 5125)

 Total cross section [pb]  = 2.6250e+00 +/- 1.16e-02 (Ntotal = 500004)
